#
# There is insufficient memory for the Java Runtime Environment to continue.
# Native memory allocation (mmap) failed to map 13631488 bytes for Failed to commit area from 0x000000008e400000 to 0x000000008f100000 of length 13631488.
# Possible reasons:
#   The system is out of physical RAM or swap space
#   The process is running with CompressedOops enabled, and the Java Heap may be blocking the growth of the native heap
# Possible solutions:
#   Reduce memory load on the system
#   Increase physical memory or swap space
#   Check if swap backing store is full
#   Decrease Java heap size (-Xmx/-Xms)
#   Decrease number of Java threads
#   Decrease Java thread stack sizes (-Xss)
#   Set larger code cache with -XX:ReservedCodeCacheSize=
#   JVM is running with Unscaled Compressed Oops mode in which the Java heap is
#     placed in the first 4GB address space. The Java Heap base address is the
#     maximum limit for the native heap growth. Please use -XX:HeapBaseMinAddress
#     to set the Java Heap base and to place the Java Heap above 4GB virtual address.
# This output file may be truncated or incomplete.
#
#  Out of Memory Error (./src/hotspot/os/windows/os_windows.cpp:3521), pid=2000, tid=10476
#
# JRE version: OpenJDK Runtime Environment (11.0.12+7) (build 11.0.12+7-b1504.28-7817840)
# Java VM: OpenJDK 64-Bit Server VM (11.0.12+7-b1504.28-7817840, mixed mode, tiered, compressed oops, g1 gc, windows-amd64)
# No core dump will be written. Minidumps are not enabled by default on client versions of Windows
#

---------------  S U M M A R Y ------------

Command Line: --add-opens=java.base/java.util=ALL-UNNAMED --add-opens=java.base/java.lang=ALL-UNNAMED --add-opens=java.base/java.lang.invoke=ALL-UNNAMED --add-opens=java.base/java.util=ALL-UNNAMED --add-opens=java.prefs/java.util.prefs=ALL-UNNAMED --add-opens=java.prefs/java.util.prefs=ALL-UNNAMED --add-opens=java.base/java.nio.charset=ALL-UNNAMED --add-opens=java.base/java.net=ALL-UNNAMED --add-opens=java.base/java.util.concurrent.atomic=ALL-UNNAMED -Xmx2048m -Dfile.encoding=UTF-8 -Duser.country=ID -Duser.language=en -Duser.variant org.gradle.launcher.daemon.bootstrap.GradleDaemon 7.3.3

Host: 11th Gen Intel(R) Core(TM) i5-1135G7 @ 2.40GHz, 8 cores, 7G,  Windows 10 , 64 bit Build 19041 (10.0.19041.1706)
Time: Wed Jun 15 16:12:02 2022 SE Asia Standard Time elapsed time: 10.619545 seconds (0d 0h 0m 10s)

---------------  T H R E A D  ---------------

Current thread (0x000002626ba18800):  JavaThread "WorkerExecutor Queue Thread 6" [_thread_in_vm, id=10476, stack(0x000000db27600000,0x000000db27700000)]

Stack: [0x000000db27600000,0x000000db27700000]
Native frames: (J=compiled Java code, j=interpreted, Vv=VM code, C=native code)
V  [jvm.dll+0x5fbcea]
V  [jvm.dll+0x731905]
V  [jvm.dll+0x732f1d]
V  [jvm.dll+0x7335d3]
V  [jvm.dll+0x247bf8]
V  [jvm.dll+0x5f90b4]
V  [jvm.dll+0x5edc85]
V  [jvm.dll+0x305aeb]
V  [jvm.dll+0x305a5a]
V  [jvm.dll+0x305932]
V  [jvm.dll+0x30a896]
V  [jvm.dll+0x353803]
V  [jvm.dll+0x353f06]
V  [jvm.dll+0x353903]
V  [jvm.dll+0x2e0e55]
V  [jvm.dll+0x2dd252]
V  [jvm.dll+0x5943e2]
V  [jvm.dll+0x593c6c]
V  [jvm.dll+0x1ed8ad]
V  [jvm.dll+0x70eabf]
V  [jvm.dll+0x17ee28]
C  0x000002624edd35f7

Java frames: (J=compiled Java code, j=interpreted, Vv=VM code)
v  ~RuntimeStub::new_type_array Runtime1 stub
J 4935 c1 java.io.ByteArrayOutputStream.toByteArray()[B java.base@11.0.12 (12 bytes) @ 0x000002624fc21011 [0x000002624fc20c60+0x00000000000003b1]
j  kotlin.io.ByteStreamsKt.readBytes(Ljava/io/InputStream;)[B+44
j  com.android.aaptcompiler.Container.addFileEntry(Ljava/io/InputStream;Lcom/android/aaptcompiler/ResourceFile;)V+14
j  com.android.aaptcompiler.ResourceCompiler.compileFile(Lcom/android/aaptcompiler/ResourcePathData;Ljava/io/File;Lcom/android/aaptcompiler/ResourceCompilerOptions;Lcom/android/aaptcompiler/BlameLogger;)V+203
j  com.android.aaptcompiler.ResourceCompiler.compilePng(Lcom/android/aaptcompiler/ResourcePathData;Ljava/io/File;Lcom/android/aaptcompiler/ResourceCompilerOptions;Lcom/android/aaptcompiler/BlameLogger;)V+103
j  com.android.aaptcompiler.ResourceCompiler.access$compilePng(Lcom/android/aaptcompiler/ResourcePathData;Ljava/io/File;Lcom/android/aaptcompiler/ResourceCompilerOptions;Lcom/android/aaptcompiler/BlameLogger;)V+4
j  com.android.aaptcompiler.ResourceCompiler$getCompileMethod$3.invoke(Lcom/android/aaptcompiler/ResourcePathData;Ljava/io/File;Lcom/android/aaptcompiler/ResourceCompilerOptions;Lcom/android/aaptcompiler/BlameLogger;)V+23
j  com.android.aaptcompiler.ResourceCompiler$getCompileMethod$3.invoke(Ljava/lang/Object;Ljava/lang/Object;Ljava/lang/Object;Ljava/lang/Object;)Ljava/lang/Object;+18
j  com.android.aaptcompiler.ResourceCompiler.compileResource(Ljava/io/File;Ljava/io/File;Lcom/android/aaptcompiler/ResourceCompilerOptions;Lcom/android/aaptcompiler/BlameLogger;)V+123
j  com.android.build.gradle.internal.res.ResourceCompilerRunnable$Companion.compileSingleResource(Lcom/android/ide/common/resources/CompileResourceRequest;)V+67
j  com.android.build.gradle.internal.res.ResourceCompilerRunnable.run()V+75
j  com.android.build.gradle.internal.profile.ProfileAwareWorkAction.execute()V+74
j  org.gradle.workers.internal.DefaultWorkerServer.execute(Lorg/gradle/workers/internal/SimpleActionExecutionSpec;)Lorg/gradle/workers/internal/DefaultWorkResult;+128
j  org.gradle.workers.internal.NoIsolationWorkerFactory$1$1.create()Lorg/gradle/workers/internal/DefaultWorkResult;+29
j  org.gradle.workers.internal.NoIsolationWorkerFactory$1$1.create()Ljava/lang/Object;+1
j  org.gradle.internal.classloader.ClassLoaderUtils.executeInClassloader(Ljava/lang/ClassLoader;Lorg/gradle/internal/Factory;)Ljava/lang/Object;+15
j  org.gradle.workers.internal.NoIsolationWorkerFactory$1.lambda$execute$0(Ljava/lang/ClassLoader;Lorg/gradle/workers/WorkerExecutor;Lorg/gradle/workers/internal/IsolatedParametersActionExecutionSpec;)Lorg/gradle/workers/internal/DefaultWorkResult;+10
j  org.gradle.workers.internal.NoIsolationWorkerFactory$1$$Lambda$1147.execute(Lorg/gradle/workers/internal/IsolatedParametersActionExecutionSpec;)Lorg/gradle/workers/internal/DefaultWorkResult;+13
j  org.gradle.workers.internal.AbstractWorker$1.call(Lorg/gradle/internal/operations/BuildOperationContext;)Lorg/gradle/workers/internal/DefaultWorkResult;+8
j  org.gradle.workers.internal.AbstractWorker$1.call(Lorg/gradle/internal/operations/BuildOperationContext;)Ljava/lang/Object;+2
J 8555 c1 org.gradle.internal.operations.DefaultBuildOperationRunner$CallableBuildOperationWorker.execute(Lorg/gradle/internal/operations/BuildOperation;Lorg/gradle/internal/operations/BuildOperationContext;)V (10 bytes) @ 0x00000262504604b4 [0x0000026250460260+0x0000000000000254]
J 6609 c1 org.gradle.internal.operations.DefaultBuildOperationRunner$2.execute(Lorg/gradle/internal/operations/BuildOperationDescriptor;Lorg/gradle/internal/operations/BuildOperationState;Lorg/gradle/internal/operations/BuildOperationState;Lorg/gradle/internal/operations/DefaultBuildOperationRunner$ReadableBuildOperationContext;Lorg/gradle/internal/operations/DefaultBuildOperationRunner$BuildOperationExecutionListener;)Lorg/gradle/internal/operations/BuildOperation; (110 bytes) @ 0x0000026250023da4 [0x0000026250023bc0+0x00000000000001e4]
J 6481 c1 org.gradle.internal.operations.DefaultBuildOperationRunner.execute(Lorg/gradle/internal/operations/BuildOperationDescriptor$Builder;Lorg/gradle/internal/operations/BuildOperationState;Lorg/gradle/internal/operations/DefaultBuildOperationRunner$BuildOperationExecution;)Ljava/lang/Object; (147 bytes) @ 0x000002624ffedab4 [0x000002624ffecdc0+0x0000000000000cf4]
J 6662 c1 org.gradle.internal.operations.DefaultBuildOperationRunner.call(Lorg/gradle/internal/operations/CallableBuildOperation;)Ljava/lang/Object; (24 bytes) @ 0x0000026250044a6c [0x0000026250044360+0x000000000000070c]
J 6661 c1 org.gradle.internal.operations.DefaultBuildOperationExecutor.call(Lorg/gradle/internal/operations/CallableBuildOperation;)Ljava/lang/Object; (11 bytes) @ 0x0000026250043f3c [0x0000026250043e40+0x00000000000000fc]
j  org.gradle.workers.internal.AbstractWorker.executeWrappedInBuildOperation(Lorg/gradle/workers/internal/IsolatedParametersActionExecutionSpec;Lorg/gradle/internal/operations/BuildOperationRef;Lorg/gradle/workers/internal/AbstractWorker$Work;)Lorg/gradle/workers/internal/DefaultWorkResult;+15
j  org.gradle.workers.internal.NoIsolationWorkerFactory$1.execute(Lorg/gradle/workers/internal/IsolatedParametersActionExecutionSpec;Lorg/gradle/internal/operations/BuildOperationRef;)Lorg/gradle/workers/internal/DefaultWorkResult;+17
j  org.gradle.workers.internal.DefaultWorkerExecutor.lambda$submitWork$2(Lorg/gradle/workers/internal/WorkerFactory;Lorg/gradle/workers/internal/WorkerRequirement;Lorg/gradle/workers/internal/IsolatedParametersActionExecutionSpec;Lorg/gradle/internal/operations/BuildOperationRef;)Lorg/gradle/workers/internal/DefaultWorkResult;+13
j  org.gradle.workers.internal.DefaultWorkerExecutor$$Lambda$1146.call()Ljava/lang/Object;+16
J 4990 c1 java.util.concurrent.FutureTask.run()V java.base@11.0.12 (123 bytes) @ 0x000002624fc457c4 [0x000002624fc45120+0x00000000000006a4]
j  org.gradle.internal.work.DefaultConditionalExecutionQueue$ExecutionRunner.runExecution(Lorg/gradle/internal/work/ConditionalExecution;)V+6
j  org.gradle.internal.work.DefaultConditionalExecutionQueue$ExecutionRunner.runBatch(Lorg/gradle/internal/work/ConditionalExecution;)V+8
j  org.gradle.internal.work.DefaultConditionalExecutionQueue$ExecutionRunner.run()V+11
j  java.util.concurrent.Executors$RunnableAdapter.call()Ljava/lang/Object;+4 java.base@11.0.12
J 4990 c1 java.util.concurrent.FutureTask.run()V java.base@11.0.12 (123 bytes) @ 0x000002624fc457c4 [0x000002624fc45120+0x00000000000006a4]
J 4864 c1 org.gradle.internal.concurrent.ExecutorPolicy$CatchAndRecordFailures.onExecute(Ljava/lang/Runnable;)V (29 bytes) @ 0x000002624fbf954c [0x000002624fbf9440+0x000000000000010c]
j  org.gradle.internal.concurrent.ManagedExecutorImpl$1.run()V+25
j  java.util.concurrent.ThreadPoolExecutor.runWorker(Ljava/util/concurrent/ThreadPoolExecutor$Worker;)V+92 java.base@11.0.12
j  java.util.concurrent.ThreadPoolExecutor$Worker.run()V+5 java.base@11.0.12
j  org.gradle.internal.concurrent.ThreadFactoryImpl$ManagedThreadRunnable.run()V+7
j  java.lang.Thread.run()V+11 java.base@11.0.12
v  ~StubRoutines::call_stub

---------------  P R O C E S S  ---------------

Threads class SMR info:
_java_thread_list=0x000002626cc55770, length=144, elements={
0x000002624b1ca000, 0x0000026265667800, 0x0000026265671000, 0x000002626567f800,
0x0000026265682800, 0x0000026265684800, 0x0000026265687800, 0x0000026265688800,
0x0000026265689800, 0x000002626613f000, 0x0000026266240000, 0x0000026267af8800,
0x00000262686bb000, 0x0000026268f40800, 0x000002626806b000, 0x0000026268852800,
0x0000026268bf0000, 0x0000026266b83800, 0x0000026267ec2800, 0x0000026267970800,
0x0000026268048000, 0x0000026268681800, 0x000002626867f800, 0x0000026268683000,
0x0000026268680800, 0x0000026268682000, 0x000002626867e000, 0x000002626867d000,
0x0000026268683800, 0x000002626867f000, 0x000002626b2c0000, 0x000002626b2c2800,
0x000002626b2c4000, 0x000002626b2c5000, 0x000002626b2c1000, 0x000002626b2bf000,
0x000002626b2c8000, 0x000002626b2c5800, 0x000002626b2c9000, 0x000002626b2ca800,
0x000002626b2cc800, 0x000002626b2c6800, 0x000002626b2cd000, 0x000002626b2ca000,
0x000002626b2c7800, 0x000002626b2cb800, 0x000002626b2ce000, 0x000002626b287000,
0x000002626b283800, 0x000002626b286000, 0x000002626b283000, 0x000002626b287800,
0x000002626b288800, 0x000002626b285000, 0x000002626b289800, 0x000002626b28a000,
0x000002626b284800, 0x000002626b290800, 0x000002626b28b000, 0x000002626b291800,
0x000002626b28c000, 0x000002626b28c800, 0x000002626b28d800, 0x000002626b28e000,
0x000002626b28f000, 0x000002626b290000, 0x000002626b4a9800, 0x000002626b4aa000,
0x000002626b4ab000, 0x000002626b4a8800, 0x000002626b4ac000, 0x000002626b4a6000,
0x000002626b4ac800, 0x000002626b4a7800, 0x000002626b4a7000, 0x000002626b4b3000,
0x000002626b4b2800, 0x000002626b4ae800, 0x000002626b4ad800, 0x000002626b4b0800,
0x000002626b4b1800, 0x000002626b4b4000, 0x000002626b4b5000, 0x000002626b4af000,
0x000002626b4b0000, 0x000002626cf82000, 0x000002626cf83000, 0x000002626cf7e800,
0x000002626cf80800, 0x000002626cf83800, 0x000002626cf84800, 0x000002626cf7f800,
0x000002626cf86000, 0x000002626cf81000, 0x000002626cf85800, 0x000002626cf8c000,
0x000002626cf89800, 0x000002626cf8a000, 0x000002626cf8b000, 0x000002626cf8c800,
0x000002626cf87000, 0x000002626cf8d800, 0x000002626cf87800, 0x000002626cf88800,
0x000002626d4ae800, 0x000002626d4ad000, 0x000002626d4aa800, 0x000002626d4a9800,
0x000002626d4af800, 0x000002626d4b0000, 0x000002626d4ac000, 0x000002626d4b1000,
0x000002626d4ab800, 0x000002626d4b3800, 0x000002626d4b2000, 0x000002626d4b2800,
0x000002626d4ad800, 0x000002626d4b6800, 0x000002626d4b8800, 0x000002626d4b7800,
0x000002626d4b4800, 0x000002626d4b5000, 0x000002626d4b6000, 0x000002626ba0b800,
0x000002626ba0f000, 0x000002626ba0e000, 0x000002626ba0d000, 0x000002626ba0b000,
0x000002626ba0a000, 0x000002626ba13000, 0x000002626ba15800, 0x000002626ba0f800,
0x000002626ba12000, 0x000002626ba14800, 0x000002626ba14000, 0x000002626ba16000,
0x000002626ba10800, 0x000002626ba11800, 0x000002626ba17000, 0x000002626ba18000,
0x000002626ba18800, 0x000002627196a800, 0x000002627196e000, 0x0000026271971000
}

Java Threads: ( => current thread )
  0x000002624b1ca000 JavaThread "main" [_thread_blocked, id=11492, stack(0x000000db1da00000,0x000000db1db00000)]
  0x0000026265667800 JavaThread "Reference Handler" daemon [_thread_blocked, id=9512, stack(0x000000db1e100000,0x000000db1e200000)]
  0x0000026265671000 JavaThread "Finalizer" daemon [_thread_blocked, id=3364, stack(0x000000db1e200000,0x000000db1e300000)]
  0x000002626567f800 JavaThread "Signal Dispatcher" daemon [_thread_blocked, id=2796, stack(0x000000db1e300000,0x000000db1e400000)]
  0x0000026265682800 JavaThread "Attach Listener" daemon [_thread_blocked, id=2788, stack(0x000000db1e400000,0x000000db1e500000)]
  0x0000026265684800 JavaThread "Service Thread" daemon [_thread_blocked, id=3688, stack(0x000000db1e500000,0x000000db1e600000)]
  0x0000026265687800 JavaThread "C2 CompilerThread0" daemon [_thread_in_native, id=2832, stack(0x000000db1e600000,0x000000db1e700000)]
  0x0000026265688800 JavaThread "C1 CompilerThread0" daemon [_thread_blocked, id=10976, stack(0x000000db1e700000,0x000000db1e800000)]
  0x0000026265689800 JavaThread "Sweeper thread" daemon [_thread_blocked, id=1204, stack(0x000000db1e800000,0x000000db1e900000)]
  0x000002626613f000 JavaThread "Common-Cleaner" daemon [_thread_blocked, id=2348, stack(0x000000db1e900000,0x000000db1ea00000)]
  0x0000026266240000 JavaThread "C2 CompilerThread1" daemon [_thread_in_native, id=1096, stack(0x000000db1eb00000,0x000000db1ec00000)]
  0x0000026267af8800 JavaThread "C2 CompilerThread2" daemon [_thread_in_native, id=14008, stack(0x000000db1ed00000,0x000000db1ee00000)]
  0x00000262686bb000 JavaThread "Daemon health stats" [_thread_blocked, id=6148, stack(0x000000db1ee00000,0x000000db1ef00000)]
  0x0000026268f40800 JavaThread "Incoming local TCP Connector on port 49996" [_thread_in_native, id=6648, stack(0x000000db1ef00000,0x000000db1f000000)]
  0x000002626806b000 JavaThread "Daemon periodic checks" [_thread_blocked, id=14836, stack(0x000000db1f000000,0x000000db1f100000)]
  0x0000026268852800 JavaThread "Daemon" [_thread_blocked, id=1544, stack(0x000000db1f100000,0x000000db1f200000)]
  0x0000026268bf0000 JavaThread "Handler for socket connection from /127.0.0.1:49996 to /127.0.0.1:49997" [_thread_in_native, id=10020, stack(0x000000db1f200000,0x000000db1f300000)]
  0x0000026266b83800 JavaThread "Cancel handler" [_thread_blocked, id=11052, stack(0x000000db1f300000,0x000000db1f400000)]
  0x0000026267ec2800 JavaThread "Daemon worker" [_thread_blocked, id=14952, stack(0x000000db1f400000,0x000000db1f500000)]
  0x0000026267970800 JavaThread "Asynchronous log dispatcher for DefaultDaemonConnection: socket connection from /127.0.0.1:49996 to /127.0.0.1:49997" [_thread_blocked, id=9808, stack(0x000000db1f500000,0x000000db1f600000)]
  0x0000026268048000 JavaThread "Stdin handler" [_thread_blocked, id=13936, stack(0x000000db1f600000,0x000000db1f700000)]
  0x0000026268681800 JavaThread "Daemon client event forwarder" [_thread_blocked, id=13848, stack(0x000000db1f700000,0x000000db1f800000)]
  0x000002626867f800 JavaThread "Cache worker for journal cache (C:\Users\ASUS\.gradle\caches\journal-1)" [_thread_blocked, id=9124, stack(0x000000db1ff00000,0x000000db20000000)]
  0x0000026268683000 JavaThread "File lock request listener" [_thread_in_native, id=13748, stack(0x000000db20000000,0x000000db20100000)]
  0x0000026268680800 JavaThread "Cache worker for file hash cache (C:\Users\ASUS\.gradle\caches\7.3.3\fileHashes)" [_thread_blocked, id=3604, stack(0x000000db20100000,0x000000db20200000)]
  0x0000026268682000 JavaThread "Cache worker for file hash cache (E:\MyApplication\Mobile Programming\MobileHotelGroup2\.gradle\7.3.3\fileHashes)" [_thread_blocked, id=12788, stack(0x000000db20300000,0x000000db20400000)]
  0x000002626867e000 JavaThread "File watcher server" daemon [_thread_in_native, id=8516, stack(0x000000db20400000,0x000000db20500000)]
  0x000002626867d000 JavaThread "File watcher consumer" daemon [_thread_blocked, id=9944, stack(0x000000db20500000,0x000000db20600000)]
  0x0000026268683800 JavaThread "Cache worker for checksums cache (E:\MyApplication\Mobile Programming\MobileHotelGroup2\.gradle\7.3.3\checksums)" [_thread_blocked, id=12080, stack(0x000000db20600000,0x000000db20700000)]
  0x000002626867f000 JavaThread "Cache worker for cache directory md-supplier (C:\Users\ASUS\.gradle\caches\7.3.3\md-supplier)" [_thread_blocked, id=7464, stack(0x000000db20700000,0x000000db20800000)]
  0x000002626b2c0000 JavaThread "Cache worker for cache directory md-rule (C:\Users\ASUS\.gradle\caches\7.3.3\md-rule)" [_thread_blocked, id=10592, stack(0x000000db20800000,0x000000db20900000)]
  0x000002626b2c2800 JavaThread "Cache worker for execution history cache (C:\Users\ASUS\.gradle\caches\7.3.3\executionHistory)" [_thread_blocked, id=8296, stack(0x000000db20900000,0x000000db20a00000)]
  0x000002626b2c4000 JavaThread "jar transforms" [_thread_blocked, id=4932, stack(0x000000db20a00000,0x000000db20b00000)]
  0x000002626b2c5000 JavaThread "jar transforms Thread 2" [_thread_blocked, id=13056, stack(0x000000db20b00000,0x000000db20c00000)]
  0x000002626b2c1000 JavaThread "Cache worker for file content cache (C:\Users\ASUS\.gradle\caches\7.3.3\fileContent)" [_thread_blocked, id=14116, stack(0x000000db20c00000,0x000000db20d00000)]
  0x000002626b2bf000 JavaThread "Cache worker for dependencies-accessors (E:\MyApplication\Mobile Programming\MobileHotelGroup2\.gradle\7.3.3\dependencies-accessors)" [_thread_blocked, id=11484, stack(0x000000db20d00000,0x000000db20e00000)]
  0x000002626b2c8000 JavaThread "jar transforms Thread 3" [_thread_blocked, id=14132, stack(0x000000db20e00000,0x000000db20f00000)]
  0x000002626b2c5800 JavaThread "Cache worker for Build Output Cleanup Cache (E:\MyApplication\Mobile Programming\MobileHotelGroup2\.gradle\buildOutputCleanup)" [_thread_blocked, id=13104, stack(0x000000db20f00000,0x000000db21000000)]
  0x000002626b2c9000 JavaThread "Unconstrained build operations" [_thread_blocked, id=11576, stack(0x000000db21000000,0x000000db21100000)]
  0x000002626b2ca800 JavaThread "Unconstrained build operations Thread 2" [_thread_blocked, id=13488, stack(0x000000db21100000,0x000000db21200000)]
  0x000002626b2cc800 JavaThread "Unconstrained build operations Thread 3" [_thread_blocked, id=14012, stack(0x000000db21200000,0x000000db21300000)]
  0x000002626b2c6800 JavaThread "Unconstrained build operations Thread 4" [_thread_blocked, id=14828, stack(0x000000db21300000,0x000000db21400000)]
  0x000002626b2cd000 JavaThread "Unconstrained build operations Thread 5" [_thread_blocked, id=7296, stack(0x000000db21400000,0x000000db21500000)]
  0x000002626b2ca000 JavaThread "Unconstrained build operations Thread 6" [_thread_blocked, id=12256, stack(0x000000db21500000,0x000000db21600000)]
  0x000002626b2c7800 JavaThread "Unconstrained build operations Thread 7" [_thread_blocked, id=10840, stack(0x000000db21600000,0x000000db21700000)]
  0x000002626b2cb800 JavaThread "Unconstrained build operations Thread 8" [_thread_blocked, id=1928, stack(0x000000db21700000,0x000000db21800000)]
  0x000002626b2ce000 JavaThread "Unconstrained build operations Thread 9" [_thread_blocked, id=15004, stack(0x000000db21800000,0x000000db21900000)]
  0x000002626b287000 JavaThread "Unconstrained build operations Thread 10" [_thread_blocked, id=2812, stack(0x000000db21900000,0x000000db21a00000)]
  0x000002626b283800 JavaThread "Unconstrained build operations Thread 11" [_thread_blocked, id=1468, stack(0x000000db21a00000,0x000000db21b00000)]
  0x000002626b286000 JavaThread "Unconstrained build operations Thread 12" [_thread_blocked, id=12276, stack(0x000000db21b00000,0x000000db21c00000)]
  0x000002626b283000 JavaThread "Unconstrained build operations Thread 13" [_thread_blocked, id=12252, stack(0x000000db21c00000,0x000000db21d00000)]
  0x000002626b287800 JavaThread "Unconstrained build operations Thread 14" [_thread_blocked, id=6748, stack(0x000000db21d00000,0x000000db21e00000)]
  0x000002626b288800 JavaThread "Unconstrained build operations Thread 15" [_thread_blocked, id=5680, stack(0x000000db21e00000,0x000000db21f00000)]
  0x000002626b285000 JavaThread "Unconstrained build operations Thread 16" [_thread_blocked, id=2980, stack(0x000000db21f00000,0x000000db22000000)]
  0x000002626b289800 JavaThread "Unconstrained build operations Thread 17" [_thread_blocked, id=13168, stack(0x000000db22000000,0x000000db22100000)]
  0x000002626b28a000 JavaThread "Unconstrained build operations Thread 18" [_thread_blocked, id=5232, stack(0x000000db22100000,0x000000db22200000)]
  0x000002626b284800 JavaThread "Unconstrained build operations Thread 19" [_thread_blocked, id=13828, stack(0x000000db22200000,0x000000db22300000)]
  0x000002626b290800 JavaThread "Unconstrained build operations Thread 20" [_thread_blocked, id=13232, stack(0x000000db22300000,0x000000db22400000)]
  0x000002626b28b000 JavaThread "Unconstrained build operations Thread 21" [_thread_blocked, id=9664, stack(0x000000db22400000,0x000000db22500000)]
  0x000002626b291800 JavaThread "Unconstrained build operations Thread 22" [_thread_blocked, id=13384, stack(0x000000db22500000,0x000000db22600000)]
  0x000002626b28c000 JavaThread "Unconstrained build operations Thread 23" [_thread_blocked, id=6280, stack(0x000000db22600000,0x000000db22700000)]
  0x000002626b28c800 JavaThread "Unconstrained build operations Thread 24" [_thread_blocked, id=11268, stack(0x000000db22700000,0x000000db22800000)]
  0x000002626b28d800 JavaThread "Unconstrained build operations Thread 25" [_thread_blocked, id=3272, stack(0x000000db22800000,0x000000db22900000)]
  0x000002626b28e000 JavaThread "Unconstrained build operations Thread 26" [_thread_blocked, id=6736, stack(0x000000db22900000,0x000000db22a00000)]
  0x000002626b28f000 JavaThread "Unconstrained build operations Thread 27" [_thread_blocked, id=4284, stack(0x000000db22a00000,0x000000db22b00000)]
  0x000002626b290000 JavaThread "Unconstrained build operations Thread 28" [_thread_blocked, id=532, stack(0x000000db22b00000,0x000000db22c00000)]
  0x000002626b4a9800 JavaThread "Unconstrained build operations Thread 29" [_thread_blocked, id=15236, stack(0x000000db22c00000,0x000000db22d00000)]
  0x000002626b4aa000 JavaThread "Unconstrained build operations Thread 30" [_thread_blocked, id=11752, stack(0x000000db22d00000,0x000000db22e00000)]
  0x000002626b4ab000 JavaThread "Unconstrained build operations Thread 31" [_thread_blocked, id=1196, stack(0x000000db22e00000,0x000000db22f00000)]
  0x000002626b4a8800 JavaThread "Unconstrained build operations Thread 32" [_thread_blocked, id=9448, stack(0x000000db22f00000,0x000000db23000000)]
  0x000002626b4ac000 JavaThread "Unconstrained build operations Thread 33" [_thread_blocked, id=3932, stack(0x000000db23000000,0x000000db23100000)]
  0x000002626b4a6000 JavaThread "Unconstrained build operations Thread 34" [_thread_blocked, id=13860, stack(0x000000db23100000,0x000000db23200000)]
  0x000002626b4ac800 JavaThread "Unconstrained build operations Thread 35" [_thread_blocked, id=14484, stack(0x000000db23200000,0x000000db23300000)]
  0x000002626b4a7800 JavaThread "Unconstrained build operations Thread 36" [_thread_blocked, id=8876, stack(0x000000db23300000,0x000000db23400000)]
  0x000002626b4a7000 JavaThread "Unconstrained build operations Thread 37" [_thread_blocked, id=1640, stack(0x000000db23400000,0x000000db23500000)]
  0x000002626b4b3000 JavaThread "Unconstrained build operations Thread 38" [_thread_blocked, id=9828, stack(0x000000db23500000,0x000000db23600000)]
  0x000002626b4b2800 JavaThread "Unconstrained build operations Thread 39" [_thread_blocked, id=4956, stack(0x000000db23600000,0x000000db23700000)]
  0x000002626b4ae800 JavaThread "Unconstrained build operations Thread 40" [_thread_blocked, id=5876, stack(0x000000db23700000,0x000000db23800000)]
  0x000002626b4ad800 JavaThread "Unconstrained build operations Thread 41" [_thread_blocked, id=10864, stack(0x000000db23800000,0x000000db23900000)]
  0x000002626b4b0800 JavaThread "Unconstrained build operations Thread 42" [_thread_blocked, id=13280, stack(0x000000db23900000,0x000000db23a00000)]
  0x000002626b4b1800 JavaThread "Unconstrained build operations Thread 43" [_thread_blocked, id=8752, stack(0x000000db23a00000,0x000000db23b00000)]
  0x000002626b4b4000 JavaThread "Unconstrained build operations Thread 44" [_thread_blocked, id=11904, stack(0x000000db23b00000,0x000000db23c00000)]
  0x000002626b4b5000 JavaThread "Unconstrained build operations Thread 45" [_thread_blocked, id=14844, stack(0x000000db23c00000,0x000000db23d00000)]
  0x000002626b4af000 JavaThread "Unconstrained build operations Thread 46" [_thread_blocked, id=11836, stack(0x000000db23d00000,0x000000db23e00000)]
  0x000002626b4b0000 JavaThread "Unconstrained build operations Thread 47" [_thread_blocked, id=9356, stack(0x000000db23e00000,0x000000db23f00000)]
  0x000002626cf82000 JavaThread "Unconstrained build operations Thread 48" [_thread_blocked, id=14344, stack(0x000000db23f00000,0x000000db24000000)]
  0x000002626cf83000 JavaThread "Unconstrained build operations Thread 49" [_thread_blocked, id=4776, stack(0x000000db24000000,0x000000db24100000)]
  0x000002626cf7e800 JavaThread "Unconstrained build operations Thread 50" [_thread_blocked, id=4376, stack(0x000000db24100000,0x000000db24200000)]
  0x000002626cf80800 JavaThread "Unconstrained build operations Thread 51" [_thread_blocked, id=8920, stack(0x000000db24200000,0x000000db24300000)]
  0x000002626cf83800 JavaThread "Unconstrained build operations Thread 52" [_thread_blocked, id=8696, stack(0x000000db24300000,0x000000db24400000)]
  0x000002626cf84800 JavaThread "Unconstrained build operations Thread 53" [_thread_blocked, id=1656, stack(0x000000db24400000,0x000000db24500000)]
  0x000002626cf7f800 JavaThread "Unconstrained build operations Thread 54" [_thread_blocked, id=15280, stack(0x000000db24500000,0x000000db24600000)]
  0x000002626cf86000 JavaThread "Unconstrained build operations Thread 55" [_thread_blocked, id=9204, stack(0x000000db24600000,0x000000db24700000)]
  0x000002626cf81000 JavaThread "Unconstrained build operations Thread 56" [_thread_blocked, id=1796, stack(0x000000db24700000,0x000000db24800000)]
  0x000002626cf85800 JavaThread "Unconstrained build operations Thread 57" [_thread_blocked, id=9304, stack(0x000000db24800000,0x000000db24900000)]
  0x000002626cf8c000 JavaThread "Unconstrained build operations Thread 58" [_thread_blocked, id=10280, stack(0x000000db24900000,0x000000db24a00000)]
  0x000002626cf89800 JavaThread "Unconstrained build operations Thread 59" [_thread_blocked, id=14656, stack(0x000000db24a00000,0x000000db24b00000)]
  0x000002626cf8a000 JavaThread "Unconstrained build operations Thread 60" [_thread_blocked, id=7988, stack(0x000000db24b00000,0x000000db24c00000)]
  0x000002626cf8b000 JavaThread "Unconstrained build operations Thread 61" [_thread_blocked, id=15332, stack(0x000000db24c00000,0x000000db24d00000)]
  0x000002626cf8c800 JavaThread "Unconstrained build operations Thread 62" [_thread_blocked, id=6956, stack(0x000000db24d00000,0x000000db24e00000)]
  0x000002626cf87000 JavaThread "Unconstrained build operations Thread 63" [_thread_blocked, id=1872, stack(0x000000db24e00000,0x000000db24f00000)]
  0x000002626cf8d800 JavaThread "Unconstrained build operations Thread 64" [_thread_blocked, id=9648, stack(0x000000db24f00000,0x000000db25000000)]
  0x000002626cf87800 JavaThread "Unconstrained build operations Thread 65" [_thread_blocked, id=11404, stack(0x000000db25000000,0x000000db25100000)]
  0x000002626cf88800 JavaThread "Unconstrained build operations Thread 66" [_thread_blocked, id=2248, stack(0x000000db25100000,0x000000db25200000)]
  0x000002626d4ae800 JavaThread "Unconstrained build operations Thread 67" [_thread_blocked, id=10248, stack(0x000000db25200000,0x000000db25300000)]
  0x000002626d4ad000 JavaThread "Unconstrained build operations Thread 68" [_thread_blocked, id=8964, stack(0x000000db25300000,0x000000db25400000)]
  0x000002626d4aa800 JavaThread "Unconstrained build operations Thread 69" [_thread_blocked, id=9040, stack(0x000000db25400000,0x000000db25500000)]
  0x000002626d4a9800 JavaThread "Unconstrained build operations Thread 70" [_thread_blocked, id=7736, stack(0x000000db25500000,0x000000db25600000)]
  0x000002626d4af800 JavaThread "Unconstrained build operations Thread 71" [_thread_blocked, id=13392, stack(0x000000db25600000,0x000000db25700000)]
  0x000002626d4b0000 JavaThread "Unconstrained build operations Thread 72" [_thread_blocked, id=300, stack(0x000000db25700000,0x000000db25800000)]
  0x000002626d4ac000 JavaThread "Unconstrained build operations Thread 73" [_thread_blocked, id=2240, stack(0x000000db25800000,0x000000db25900000)]
  0x000002626d4b1000 JavaThread "Unconstrained build operations Thread 74" [_thread_blocked, id=14596, stack(0x000000db25900000,0x000000db25a00000)]
  0x000002626d4ab800 JavaThread "Unconstrained build operations Thread 75" [_thread_blocked, id=2268, stack(0x000000db25a00000,0x000000db25b00000)]
  0x000002626d4b3800 JavaThread "Unconstrained build operations Thread 76" [_thread_blocked, id=11124, stack(0x000000db25b00000,0x000000db25c00000)]
  0x000002626d4b2000 JavaThread "Unconstrained build operations Thread 77" [_thread_blocked, id=10180, stack(0x000000db25c00000,0x000000db25d00000)]
  0x000002626d4b2800 JavaThread "Unconstrained build operations Thread 78" [_thread_blocked, id=1840, stack(0x000000db25d00000,0x000000db25e00000)]
  0x000002626d4ad800 JavaThread "Unconstrained build operations Thread 79" [_thread_blocked, id=14692, stack(0x000000db25e00000,0x000000db25f00000)]
  0x000002626d4b6800 JavaThread "Unconstrained build operations Thread 80" [_thread_blocked, id=2792, stack(0x000000db25f00000,0x000000db26000000)]
  0x000002626d4b8800 JavaThread "jar transforms Thread 4" [_thread_blocked, id=14860, stack(0x000000db26000000,0x000000db26100000)]
  0x000002626d4b7800 JavaThread "jar transforms Thread 5" [_thread_blocked, id=14368, stack(0x000000db26100000,0x000000db26200000)]
  0x000002626d4b4800 JavaThread "jar transforms Thread 6" [_thread_blocked, id=9748, stack(0x000000db26200000,0x000000db26300000)]
  0x000002626d4b5000 JavaThread "jar transforms Thread 7" [_thread_blocked, id=9532, stack(0x000000db26300000,0x000000db26400000)]
  0x000002626d4b6000 JavaThread "jar transforms Thread 8" [_thread_blocked, id=3524, stack(0x000000db26400000,0x000000db26500000)]
  0x000002626ba0b800 JavaThread "Memory manager" [_thread_blocked, id=2524, stack(0x000000db26500000,0x000000db26600000)]
  0x000002626ba0f000 JavaThread "build event listener" [_thread_blocked, id=14956, stack(0x000000db26600000,0x000000db26700000)]
  0x000002626ba0e000 JavaThread "pool-3-thread-1" [_thread_blocked, id=3632, stack(0x000000db26700000,0x000000db26800000)]
  0x000002626ba0d000 JavaThread "build event listener" [_thread_blocked, id=14516, stack(0x000000db26800000,0x000000db26900000)]
  0x000002626ba0b000 JavaThread "Execution worker for ':'" [_thread_blocked, id=7300, stack(0x000000db26900000,0x000000db26a00000)]
  0x000002626ba0a000 JavaThread "Execution worker for ':' Thread 2" [_thread_blocked, id=4220, stack(0x000000db26a00000,0x000000db26b00000)]
  0x000002626ba13000 JavaThread "Execution worker for ':' Thread 3" [_thread_blocked, id=11884, stack(0x000000db26b00000,0x000000db26c00000)]
  0x000002626ba15800 JavaThread "Execution worker for ':' Thread 4" [_thread_in_Java, id=11588, stack(0x000000db26c00000,0x000000db26d00000)]
  0x000002626ba0f800 JavaThread "Execution worker for ':' Thread 5" [_thread_blocked, id=9136, stack(0x000000db26d00000,0x000000db26e00000)]
  0x000002626ba12000 JavaThread "Execution worker for ':' Thread 6" [_thread_blocked, id=14716, stack(0x000000db26e00000,0x000000db26f00000)]
  0x000002626ba14800 JavaThread "Execution worker for ':' Thread 7" [_thread_blocked, id=488, stack(0x000000db26f00000,0x000000db27000000)]
  0x000002626ba14000 JavaThread "Cache worker for execution history cache (E:\MyApplication\Mobile Programming\MobileHotelGroup2\.gradle\7.3.3\executionHistory)" [_thread_blocked, id=12060, stack(0x000000db27000000,0x000000db27100000)]
  0x000002626ba16000 JavaThread "WorkerExecutor Queue" [_thread_blocked, id=13948, stack(0x000000db27100000,0x000000db27200000)]
  0x000002626ba10800 JavaThread "WorkerExecutor Queue Thread 2" [_thread_blocked, id=9704, stack(0x000000db27200000,0x000000db27300000)]
  0x000002626ba11800 JavaThread "WorkerExecutor Queue Thread 3" [_thread_blocked, id=508, stack(0x000000db27300000,0x000000db27400000)]
  0x000002626ba17000 JavaThread "WorkerExecutor Queue Thread 4" [_thread_blocked, id=4828, stack(0x000000db27400000,0x000000db27500000)]
  0x000002626ba18000 JavaThread "WorkerExecutor Queue Thread 5" [_thread_blocked, id=14100, stack(0x000000db27500000,0x000000db27600000)]
=>0x000002626ba18800 JavaThread "WorkerExecutor Queue Thread 6" [_thread_in_vm, id=10476, stack(0x000000db27600000,0x000000db27700000)]
  0x000002627196a800 JavaThread "WorkerExecutor Queue Thread 7" [_thread_blocked, id=12492, stack(0x000000db27700000,0x000000db27800000)]
  0x000002627196e000 JavaThread "WorkerExecutor Queue Thread 8" [_thread_blocked, id=4224, stack(0x000000db27800000,0x000000db27900000)]
  0x0000026271971000 JavaThread "Java2D Disposer" daemon [_thread_blocked, id=12284, stack(0x000000db27900000,0x000000db27a00000)]

Other Threads:
  0x0000026265662000 VMThread "VM Thread" [stack: 0x000000db1e000000,0x000000db1e100000] [id=14292]
  0x0000026266171800 WatcherThread [stack: 0x000000db1ea00000,0x000000db1eb00000] [id=6080]
  0x000002624b1e5800 GCTaskThread "GC Thread#0" [stack: 0x000000db1db00000,0x000000db1dc00000] [id=11388]
  0x0000026266c9d800 GCTaskThread "GC Thread#1" [stack: 0x000000db1ec00000,0x000000db1ed00000] [id=3556]
  0x0000026268817000 GCTaskThread "GC Thread#2" [stack: 0x000000db1f800000,0x000000db1f900000] [id=3176]
  0x000002626745f000 GCTaskThread "GC Thread#3" [stack: 0x000000db1f900000,0x000000db1fa00000] [id=10256]
  0x000002626745f800 GCTaskThread "GC Thread#4" [stack: 0x000000db1fa00000,0x000000db1fb00000] [id=9212]
  0x0000026268966800 GCTaskThread "GC Thread#5" [stack: 0x000000db1fb00000,0x000000db1fc00000] [id=8572]
  0x0000026268967800 GCTaskThread "GC Thread#6" [stack: 0x000000db1fc00000,0x000000db1fd00000] [id=2896]
  0x00000262670bd800 GCTaskThread "GC Thread#7" [stack: 0x000000db1fd00000,0x000000db1fe00000] [id=14688]
  0x000002624b216800 ConcurrentGCThread "G1 Main Marker" [stack: 0x000000db1dc00000,0x000000db1dd00000] [id=14040]
  0x000002624b218000 ConcurrentGCThread "G1 Conc#0" [stack: 0x000000db1dd00000,0x000000db1de00000] [id=1084]
  0x0000026268494800 ConcurrentGCThread "G1 Conc#1" [stack: 0x000000db20200000,0x000000db20300000] [id=7684]
  0x00000262654b0800 ConcurrentGCThread "G1 Refine#0" [stack: 0x000000db1de00000,0x000000db1df00000] [id=13884]
  0x0000026266d32000 ConcurrentGCThread "G1 Refine#1" [stack: 0x000000db1fe00000,0x000000db1ff00000] [id=12712]
  0x00000262654b1800 ConcurrentGCThread "G1 Young RemSet Sampling" [stack: 0x000000db1df00000,0x000000db1e000000] [id=2948]

Threads with active compile tasks:
C2 CompilerThread0  10649 11316       4       java.io.ObjectInputStream::defaultReadFields (188 bytes)
C2 CompilerThread1  10649 11312   !   4       java.io.ObjectInputStream::readSerialData (563 bytes)
C2 CompilerThread2  10649 10319   !   4       java.io.ObjectOutputStream::writeObject0 (619 bytes)

VM state:not at safepoint (normal execution)

VM Mutex/Monitor currently owned by a thread:  ([mutex/lock_event])
[0x000002624b1c7f90] Heap_lock - owner thread: 0x000002626ba18800

Heap address: 0x0000000080000000, size: 2048 MB, Compressed Oops mode: 32-bit
Narrow klass base: 0x0000000000000000, Narrow klass shift: 3
Compressed class space size: 1073741824 Address: 0x0000000100000000

Heap:
 garbage-first heap   total 246784K, used 220153K [0x0000000080000000, 0x0000000100000000)
  region size 1024K, 17 young (17408K), 4 survivors (4096K)
 Metaspace       used 94770K, capacity 97079K, committed 97656K, reserved 1134592K
  class space    used 11899K, capacity 12734K, committed 12920K, reserved 1048576K
Heap Regions: E=young(eden), S=young(survivor), O=old, HS=humongous(starts), HC=humongous(continues), CS=collection set, F=free, A=archive, TAMS=top-at-mark-start (previous, next)
|   0|0x0000000080000000, 0x0000000080100000, 0x0000000080100000|100%| O|  |TAMS 0x0000000080100000, 0x0000000080000000| Untracked 
|   1|0x0000000080100000, 0x0000000080200000, 0x0000000080200000|100%| O|  |TAMS 0x0000000080200000, 0x0000000080100000| Untracked 
|   2|0x0000000080200000, 0x0000000080300000, 0x0000000080300000|100%| O|  |TAMS 0x0000000080300000, 0x0000000080200000| Untracked 
|   3|0x0000000080300000, 0x0000000080400000, 0x0000000080400000|100%|HS|  |TAMS 0x0000000080400000, 0x0000000080300000| Complete 
|   4|0x0000000080400000, 0x0000000080500000, 0x0000000080500000|100%|HC|  |TAMS 0x0000000080500000, 0x0000000080400000| Complete 
|   5|0x0000000080500000, 0x0000000080600000, 0x0000000080600000|100%|HC|  |TAMS 0x0000000080600000, 0x0000000080500000| Complete 
|   6|0x0000000080600000, 0x0000000080700000, 0x0000000080700000|100%| O|  |TAMS 0x0000000080700000, 0x0000000080600000| Untracked 
|   7|0x0000000080700000, 0x0000000080800000, 0x0000000080800000|100%| O|  |TAMS 0x0000000080800000, 0x0000000080700000| Complete 
|   8|0x0000000080800000, 0x0000000080900000, 0x0000000080900000|100%| O|  |TAMS 0x0000000080900000, 0x0000000080800000| Untracked 
|   9|0x0000000080900000, 0x0000000080a00000, 0x0000000080a00000|100%| O|  |TAMS 0x0000000080a00000, 0x0000000080900000| Untracked 
|  10|0x0000000080a00000, 0x0000000080b00000, 0x0000000080b00000|100%| O|  |TAMS 0x0000000080b00000, 0x0000000080a00000| Untracked 
|  11|0x0000000080b00000, 0x0000000080c00000, 0x0000000080c00000|100%| O|  |TAMS 0x0000000080c00000, 0x0000000080b00000| Untracked 
|  12|0x0000000080c00000, 0x0000000080d00000, 0x0000000080d00000|100%| O|  |TAMS 0x0000000080d00000, 0x0000000080c00000| Untracked 
|  13|0x0000000080d00000, 0x0000000080e00000, 0x0000000080e00000|100%| O|  |TAMS 0x0000000080e00000, 0x0000000080d00000| Untracked 
|  14|0x0000000080e00000, 0x0000000080f00000, 0x0000000080f00000|100%| O|  |TAMS 0x0000000080f00000, 0x0000000080e00000| Untracked 
|  15|0x0000000080f00000, 0x0000000081000000, 0x0000000081000000|100%| O|  |TAMS 0x0000000081000000, 0x0000000080f00000| Untracked 
|  16|0x0000000081000000, 0x0000000081100000, 0x0000000081100000|100%|HS|  |TAMS 0x0000000081100000, 0x0000000081000000| Complete 
|  17|0x0000000081100000, 0x0000000081200000, 0x0000000081200000|100%| O|  |TAMS 0x0000000081200000, 0x0000000081100000| Untracked 
|  18|0x0000000081200000, 0x0000000081300000, 0x0000000081300000|100%| O|  |TAMS 0x0000000081300000, 0x0000000081200000| Untracked 
|  19|0x0000000081300000, 0x0000000081400000, 0x0000000081400000|100%| O|  |TAMS 0x0000000081400000, 0x0000000081300000| Untracked 
|  20|0x0000000081400000, 0x0000000081500000, 0x0000000081500000|100%| O|  |TAMS 0x0000000081500000, 0x0000000081400000| Untracked 
|  21|0x0000000081500000, 0x0000000081600000, 0x0000000081600000|100%| O|  |TAMS 0x0000000081600000, 0x0000000081500000| Untracked 
|  22|0x0000000081600000, 0x0000000081700000, 0x0000000081700000|100%| O|  |TAMS 0x0000000081700000, 0x0000000081600000| Complete 
|  23|0x0000000081700000, 0x0000000081800000, 0x0000000081800000|100%|HS|  |TAMS 0x0000000081800000, 0x0000000081700000| Complete 
|  24|0x0000000081800000, 0x0000000081900000, 0x0000000081900000|100%|HS|  |TAMS 0x0000000081900000, 0x0000000081800000| Complete 
|  25|0x0000000081900000, 0x0000000081a00000, 0x0000000081a00000|100%|HC|  |TAMS 0x0000000081a00000, 0x0000000081900000| Complete 
|  26|0x0000000081a00000, 0x0000000081b00000, 0x0000000081b00000|100%| O|  |TAMS 0x0000000081b00000, 0x0000000081a00000| Untracked 
|  27|0x0000000081b00000, 0x0000000081c00000, 0x0000000081c00000|100%| O|  |TAMS 0x0000000081c00000, 0x0000000081b00000| Untracked 
|  28|0x0000000081c00000, 0x0000000081d00000, 0x0000000081d00000|100%| O|  |TAMS 0x0000000081d00000, 0x0000000081c00000| Untracked 
|  29|0x0000000081d00000, 0x0000000081e00000, 0x0000000081e00000|100%| O|  |TAMS 0x0000000081e00000, 0x0000000081d00000| Untracked 
|  30|0x0000000081e00000, 0x0000000081f00000, 0x0000000081f00000|100%| O|  |TAMS 0x0000000081f00000, 0x0000000081e00000| Complete 
|  31|0x0000000081f00000, 0x0000000082000000, 0x0000000082000000|100%| O|  |TAMS 0x0000000082000000, 0x0000000081f00000| Untracked 
|  32|0x0000000082000000, 0x0000000082100000, 0x0000000082100000|100%| O|  |TAMS 0x0000000082100000, 0x0000000082000000| Untracked 
|  33|0x0000000082100000, 0x0000000082200000, 0x0000000082200000|100%| O|  |TAMS 0x0000000082200000, 0x0000000082100000| Complete 
|  34|0x0000000082200000, 0x0000000082300000, 0x0000000082300000|100%| O|  |TAMS 0x0000000082300000, 0x0000000082200000| Untracked 
|  35|0x0000000082300000, 0x0000000082400000, 0x0000000082400000|100%| O|  |TAMS 0x0000000082400000, 0x0000000082300000| Untracked 
|  36|0x0000000082400000, 0x0000000082500000, 0x0000000082500000|100%| O|  |TAMS 0x0000000082500000, 0x0000000082400000| Untracked 
|  37|0x0000000082500000, 0x0000000082600000, 0x0000000082600000|100%| O|  |TAMS 0x0000000082600000, 0x0000000082500000| Untracked 
|  38|0x0000000082600000, 0x0000000082700000, 0x0000000082700000|100%| O|  |TAMS 0x0000000082700000, 0x0000000082600000| Untracked 
|  39|0x0000000082700000, 0x0000000082800000, 0x0000000082800000|100%| O|  |TAMS 0x0000000082800000, 0x0000000082700000| Untracked 
|  40|0x0000000082800000, 0x0000000082900000, 0x0000000082900000|100%| O|  |TAMS 0x0000000082900000, 0x0000000082800000| Untracked 
|  41|0x0000000082900000, 0x0000000082a00000, 0x0000000082a00000|100%| O|  |TAMS 0x0000000082a00000, 0x0000000082900000| Untracked 
|  42|0x0000000082a00000, 0x0000000082b00000, 0x0000000082b00000|100%| O|  |TAMS 0x0000000082b00000, 0x0000000082a00000| Complete 
|  43|0x0000000082b00000, 0x0000000082c00000, 0x0000000082c00000|100%| O|  |TAMS 0x0000000082c00000, 0x0000000082b00000| Complete 
|  44|0x0000000082c00000, 0x0000000082d00000, 0x0000000082d00000|100%| O|  |TAMS 0x0000000082d00000, 0x0000000082c00000| Untracked 
|  45|0x0000000082d00000, 0x0000000082e00000, 0x0000000082e00000|100%| O|  |TAMS 0x0000000082e00000, 0x0000000082d00000| Complete 
|  46|0x0000000082e00000, 0x0000000082f00000, 0x0000000082f00000|100%| O|  |TAMS 0x0000000082f00000, 0x0000000082e00000| Untracked 
|  47|0x0000000082f00000, 0x0000000083000000, 0x0000000083000000|100%| O|  |TAMS 0x0000000083000000, 0x0000000082f00000| Untracked 
|  48|0x0000000083000000, 0x0000000083100000, 0x0000000083100000|100%| O|  |TAMS 0x0000000083100000, 0x0000000083000000| Untracked 
|  49|0x0000000083100000, 0x0000000083200000, 0x0000000083200000|100%| O|  |TAMS 0x0000000083200000, 0x0000000083100000| Complete 
|  50|0x0000000083200000, 0x0000000083300000, 0x0000000083300000|100%| O|  |TAMS 0x0000000083300000, 0x0000000083200000| Untracked 
|  51|0x0000000083300000, 0x0000000083400000, 0x0000000083400000|100%| O|  |TAMS 0x0000000083400000, 0x0000000083300000| Untracked 
|  52|0x0000000083400000, 0x0000000083500000, 0x0000000083500000|100%| O|  |TAMS 0x0000000083500000, 0x0000000083400000| Untracked 
|  53|0x0000000083500000, 0x0000000083600000, 0x0000000083600000|100%| O|  |TAMS 0x0000000083600000, 0x0000000083500000| Untracked 
|  54|0x0000000083600000, 0x0000000083700000, 0x0000000083700000|100%| O|  |TAMS 0x0000000083700000, 0x0000000083600000| Complete 
|  55|0x0000000083700000, 0x0000000083800000, 0x0000000083800000|100%| O|  |TAMS 0x0000000083800000, 0x0000000083700000| Untracked 
|  56|0x0000000083800000, 0x0000000083900000, 0x0000000083900000|100%| O|  |TAMS 0x0000000083900000, 0x0000000083800000| Untracked 
|  57|0x0000000083900000, 0x0000000083a00000, 0x0000000083a00000|100%| O|  |TAMS 0x0000000083a00000, 0x0000000083900000| Untracked 
|  58|0x0000000083a00000, 0x0000000083b00000, 0x0000000083b00000|100%| O|  |TAMS 0x0000000083b00000, 0x0000000083a00000| Untracked 
|  59|0x0000000083b00000, 0x0000000083c00000, 0x0000000083c00000|100%| O|  |TAMS 0x0000000083c00000, 0x0000000083b00000| Untracked 
|  60|0x0000000083c00000, 0x0000000083d00000, 0x0000000083d00000|100%| O|  |TAMS 0x0000000083d00000, 0x0000000083c00000| Untracked 
|  61|0x0000000083d00000, 0x0000000083e00000, 0x0000000083e00000|100%| O|  |TAMS 0x0000000083e00000, 0x0000000083d00000| Untracked 
|  62|0x0000000083e00000, 0x0000000083f00000, 0x0000000083f00000|100%| O|  |TAMS 0x0000000083f00000, 0x0000000083e00000| Untracked 
|  63|0x0000000083f00000, 0x0000000084000000, 0x0000000084000000|100%| O|  |TAMS 0x0000000084000000, 0x0000000083f00000| Complete 
|  64|0x0000000084000000, 0x0000000084100000, 0x0000000084100000|100%| O|  |TAMS 0x0000000084100000, 0x0000000084000000| Complete 
|  65|0x0000000084100000, 0x0000000084200000, 0x0000000084200000|100%| O|  |TAMS 0x0000000084200000, 0x0000000084100000| Complete 
|  66|0x0000000084200000, 0x0000000084300000, 0x0000000084300000|100%| O|  |TAMS 0x0000000084300000, 0x0000000084200000| Untracked 
|  67|0x0000000084300000, 0x0000000084400000, 0x0000000084400000|100%| O|  |TAMS 0x0000000084400000, 0x0000000084300000| Untracked 
|  68|0x0000000084400000, 0x0000000084500000, 0x0000000084500000|100%| O|  |TAMS 0x0000000084500000, 0x0000000084400000| Complete 
|  69|0x0000000084500000, 0x0000000084600000, 0x0000000084600000|100%| O|  |TAMS 0x0000000084600000, 0x0000000084500000| Complete 
|  70|0x0000000084600000, 0x0000000084700000, 0x0000000084700000|100%| O|  |TAMS 0x0000000084700000, 0x0000000084600000| Untracked 
|  71|0x0000000084700000, 0x0000000084800000, 0x0000000084800000|100%| O|  |TAMS 0x0000000084800000, 0x0000000084700000| Complete 
|  72|0x0000000084800000, 0x0000000084900000, 0x0000000084900000|100%| O|  |TAMS 0x0000000084900000, 0x0000000084800000| Complete 
|  73|0x0000000084900000, 0x0000000084900000, 0x0000000084a00000|  0%| F|  |TAMS 0x0000000084900000, 0x0000000084900000| Untracked 
|  74|0x0000000084a00000, 0x0000000084a00000, 0x0000000084b00000|  0%| F|  |TAMS 0x0000000084a00000, 0x0000000084a00000| Untracked 
|  75|0x0000000084b00000, 0x0000000084b00000, 0x0000000084c00000|  0%| F|  |TAMS 0x0000000084b00000, 0x0000000084b00000| Untracked 
|  76|0x0000000084c00000, 0x0000000084c00000, 0x0000000084d00000|  0%| F|  |TAMS 0x0000000084c00000, 0x0000000084c00000| Untracked 
|  77|0x0000000084d00000, 0x0000000084e00000, 0x0000000084e00000|100%| O|  |TAMS 0x0000000084e00000, 0x0000000084d00000| Complete 
|  78|0x0000000084e00000, 0x0000000084e00000, 0x0000000084f00000|  0%| F|  |TAMS 0x0000000084e00000, 0x0000000084e00000| Untracked 
|  79|0x0000000084f00000, 0x0000000085000000, 0x0000000085000000|100%| O|  |TAMS 0x0000000085000000, 0x0000000084f00000| Complete 
|  80|0x0000000085000000, 0x0000000085100000, 0x0000000085100000|100%| O|  |TAMS 0x0000000085100000, 0x0000000085000000| Complete 
|  81|0x0000000085100000, 0x0000000085200000, 0x0000000085200000|100%| O|  |TAMS 0x0000000085200000, 0x0000000085100000| Complete 
|  82|0x0000000085200000, 0x0000000085300000, 0x0000000085300000|100%| O|  |TAMS 0x0000000085300000, 0x0000000085200000| Complete 
|  83|0x0000000085300000, 0x0000000085400000, 0x0000000085400000|100%| O|  |TAMS 0x0000000085400000, 0x0000000085300000| Complete 
|  84|0x0000000085400000, 0x0000000085500000, 0x0000000085500000|100%| O|  |TAMS 0x0000000085500000, 0x0000000085400000| Complete 
|  85|0x0000000085500000, 0x0000000085600000, 0x0000000085600000|100%| O|  |TAMS 0x0000000085600000, 0x0000000085500000| Complete 
|  86|0x0000000085600000, 0x0000000085700000, 0x0000000085700000|100%| O|  |TAMS 0x0000000085700000, 0x0000000085600000| Untracked 
|  87|0x0000000085700000, 0x0000000085800000, 0x0000000085800000|100%| O|  |TAMS 0x0000000085800000, 0x0000000085700000| Complete 
|  88|0x0000000085800000, 0x0000000085900000, 0x0000000085900000|100%| O|  |TAMS 0x0000000085900000, 0x0000000085800000| Complete 
|  89|0x0000000085900000, 0x0000000085a00000, 0x0000000085a00000|100%|HS|  |TAMS 0x0000000085900000, 0x0000000085900000| Complete 
|  90|0x0000000085a00000, 0x0000000085b00000, 0x0000000085b00000|100%|HC|  |TAMS 0x0000000085a00000, 0x0000000085a00000| Complete 
|  91|0x0000000085b00000, 0x0000000085c00000, 0x0000000085c00000|100%|HC|  |TAMS 0x0000000085b00000, 0x0000000085b00000| Complete 
|  92|0x0000000085c00000, 0x0000000085d00000, 0x0000000085d00000|100%|HC|  |TAMS 0x0000000085c00000, 0x0000000085c00000| Complete 
|  93|0x0000000085d00000, 0x0000000085e00000, 0x0000000085e00000|100%|HC|  |TAMS 0x0000000085d00000, 0x0000000085d00000| Complete 
|  94|0x0000000085e00000, 0x0000000085f00000, 0x0000000085f00000|100%|HC|  |TAMS 0x0000000085e00000, 0x0000000085e00000| Complete 
|  95|0x0000000085f00000, 0x0000000086000000, 0x0000000086000000|100%|HC|  |TAMS 0x0000000085f00000, 0x0000000085f00000| Complete 
|  96|0x0000000086000000, 0x0000000086100000, 0x0000000086100000|100%|HC|  |TAMS 0x0000000086000000, 0x0000000086000000| Complete 
|  97|0x0000000086100000, 0x0000000086200000, 0x0000000086200000|100%|HC|  |TAMS 0x0000000086100000, 0x0000000086100000| Complete 
|  98|0x0000000086200000, 0x0000000086300000, 0x0000000086300000|100%|HC|  |TAMS 0x0000000086200000, 0x0000000086200000| Complete 
|  99|0x0000000086300000, 0x0000000086400000, 0x0000000086400000|100%|HS|  |TAMS 0x0000000086300000, 0x0000000086300000| Complete 
| 100|0x0000000086400000, 0x0000000086500000, 0x0000000086500000|100%|HC|  |TAMS 0x0000000086400000, 0x0000000086400000| Complete 
| 101|0x0000000086500000, 0x0000000086600000, 0x0000000086600000|100%|HC|  |TAMS 0x0000000086500000, 0x0000000086500000| Complete 
| 102|0x0000000086600000, 0x0000000086700000, 0x0000000086700000|100%|HC|  |TAMS 0x0000000086600000, 0x0000000086600000| Complete 
| 103|0x0000000086700000, 0x0000000086800000, 0x0000000086800000|100%|HC|  |TAMS 0x0000000086700000, 0x0000000086700000| Complete 
| 104|0x0000000086800000, 0x0000000086900000, 0x0000000086900000|100%|HC|  |TAMS 0x0000000086800000, 0x0000000086800000| Complete 
| 105|0x0000000086900000, 0x0000000086a00000, 0x0000000086a00000|100%|HC|  |TAMS 0x0000000086900000, 0x0000000086900000| Complete 
| 106|0x0000000086a00000, 0x0000000086b00000, 0x0000000086b00000|100%|HC|  |TAMS 0x0000000086a00000, 0x0000000086a00000| Complete 
| 107|0x0000000086b00000, 0x0000000086c00000, 0x0000000086c00000|100%|HC|  |TAMS 0x0000000086b00000, 0x0000000086b00000| Complete 
| 108|0x0000000086c00000, 0x0000000086d00000, 0x0000000086d00000|100%|HC|  |TAMS 0x0000000086c00000, 0x0000000086c00000| Complete 
| 109|0x0000000086d00000, 0x0000000086d00000, 0x0000000086e00000|  0%| F|  |TAMS 0x0000000086d00000, 0x0000000086d00000| Untracked 
| 110|0x0000000086e00000, 0x0000000086e00000, 0x0000000086f00000|  0%| F|  |TAMS 0x0000000086e00000, 0x0000000086e00000| Untracked 
| 111|0x0000000086f00000, 0x0000000087000000, 0x0000000087000000|100%| O|  |TAMS 0x0000000087000000, 0x0000000086f00000| Untracked 
| 112|0x0000000087000000, 0x0000000087100000, 0x0000000087100000|100%| O|  |TAMS 0x0000000087100000, 0x0000000087000000| Untracked 
| 113|0x0000000087100000, 0x0000000087200000, 0x0000000087200000|100%|HS|  |TAMS 0x0000000087100000, 0x0000000087100000| Complete 
| 114|0x0000000087200000, 0x0000000087300000, 0x0000000087300000|100%|HC|  |TAMS 0x0000000087200000, 0x0000000087200000| Complete 
| 115|0x0000000087300000, 0x0000000087400000, 0x0000000087400000|100%|HC|  |TAMS 0x0000000087300000, 0x0000000087300000| Complete 
| 116|0x0000000087400000, 0x0000000087500000, 0x0000000087500000|100%|HC|  |TAMS 0x0000000087400000, 0x0000000087400000| Complete 
| 117|0x0000000087500000, 0x0000000087600000, 0x0000000087600000|100%|HC|  |TAMS 0x0000000087500000, 0x0000000087500000| Complete 
| 118|0x0000000087600000, 0x0000000087700000, 0x0000000087700000|100%|HC|  |TAMS 0x0000000087600000, 0x0000000087600000| Complete 
| 119|0x0000000087700000, 0x0000000087800000, 0x0000000087800000|100%|HC|  |TAMS 0x0000000087700000, 0x0000000087700000| Complete 
| 120|0x0000000087800000, 0x0000000087900000, 0x0000000087900000|100%|HC|  |TAMS 0x0000000087800000, 0x0000000087800000| Complete 
| 121|0x0000000087900000, 0x0000000087a00000, 0x0000000087a00000|100%|HC|  |TAMS 0x0000000087900000, 0x0000000087900000| Complete 
| 122|0x0000000087a00000, 0x0000000087b00000, 0x0000000087b00000|100%|HC|  |TAMS 0x0000000087a00000, 0x0000000087a00000| Complete 
| 123|0x0000000087b00000, 0x0000000087c00000, 0x0000000087c00000|100%|HC|  |TAMS 0x0000000087b00000, 0x0000000087b00000| Complete 
| 124|0x0000000087c00000, 0x0000000087d00000, 0x0000000087d00000|100%|HC|  |TAMS 0x0000000087c00000, 0x0000000087c00000| Complete 
| 125|0x0000000087d00000, 0x0000000087e00000, 0x0000000087e00000|100%|HC|  |TAMS 0x0000000087d00000, 0x0000000087d00000| Complete 
| 126|0x0000000087e00000, 0x0000000087f00000, 0x0000000087f00000|100%|HC|  |TAMS 0x0000000087e00000, 0x0000000087e00000| Complete 
| 127|0x0000000087f00000, 0x0000000088000000, 0x0000000088000000|100%|HC|  |TAMS 0x0000000087f00000, 0x0000000087f00000| Complete 
| 128|0x0000000088000000, 0x0000000088100000, 0x0000000088100000|100%|HC|  |TAMS 0x0000000088000000, 0x0000000088000000| Complete 
| 129|0x0000000088100000, 0x0000000088200000, 0x0000000088200000|100%|HC|  |TAMS 0x0000000088100000, 0x0000000088100000| Complete 
| 130|0x0000000088200000, 0x0000000088300000, 0x0000000088300000|100%|HC|  |TAMS 0x0000000088200000, 0x0000000088200000| Complete 
| 131|0x0000000088300000, 0x0000000088400000, 0x0000000088400000|100%|HC|  |TAMS 0x0000000088300000, 0x0000000088300000| Complete 
| 132|0x0000000088400000, 0x0000000088500000, 0x0000000088500000|100%|HC|  |TAMS 0x0000000088400000, 0x0000000088400000| Complete 
| 133|0x0000000088500000, 0x0000000088600000, 0x0000000088600000|100%|HC|  |TAMS 0x0000000088500000, 0x0000000088500000| Complete 
| 134|0x0000000088600000, 0x0000000088700000, 0x0000000088700000|100%|HC|  |TAMS 0x0000000088600000, 0x0000000088600000| Complete 
| 135|0x0000000088700000, 0x0000000088800000, 0x0000000088800000|100%|HC|  |TAMS 0x0000000088700000, 0x0000000088700000| Complete 
| 136|0x0000000088800000, 0x0000000088900000, 0x0000000088900000|100%|HC|  |TAMS 0x0000000088800000, 0x0000000088800000| Complete 
| 137|0x0000000088900000, 0x0000000088a00000, 0x0000000088a00000|100%|HC|  |TAMS 0x0000000088900000, 0x0000000088900000| Complete 
| 138|0x0000000088a00000, 0x0000000088b00000, 0x0000000088b00000|100%|HC|  |TAMS 0x0000000088a00000, 0x0000000088a00000| Complete 
| 139|0x0000000088b00000, 0x0000000088c00000, 0x0000000088c00000|100%|HC|  |TAMS 0x0000000088b00000, 0x0000000088b00000| Complete 
| 140|0x0000000088c00000, 0x0000000088d00000, 0x0000000088d00000|100%|HS|  |TAMS 0x0000000088c00000, 0x0000000088c00000| Complete 
| 141|0x0000000088d00000, 0x0000000088e00000, 0x0000000088e00000|100%|HC|  |TAMS 0x0000000088d00000, 0x0000000088d00000| Complete 
| 142|0x0000000088e00000, 0x0000000088f00000, 0x0000000088f00000|100%|HC|  |TAMS 0x0000000088e00000, 0x0000000088e00000| Complete 
| 143|0x0000000088f00000, 0x0000000089000000, 0x0000000089000000|100%|HC|  |TAMS 0x0000000088f00000, 0x0000000088f00000| Complete 
| 144|0x0000000089000000, 0x0000000089100000, 0x0000000089100000|100%|HC|  |TAMS 0x0000000089000000, 0x0000000089000000| Complete 
| 145|0x0000000089100000, 0x0000000089200000, 0x0000000089200000|100%|HC|  |TAMS 0x0000000089100000, 0x0000000089100000| Complete 
| 146|0x0000000089200000, 0x0000000089300000, 0x0000000089300000|100%|HC|  |TAMS 0x0000000089200000, 0x0000000089200000| Complete 
| 147|0x0000000089300000, 0x0000000089400000, 0x0000000089400000|100%|HC|  |TAMS 0x0000000089300000, 0x0000000089300000| Complete 
| 148|0x0000000089400000, 0x0000000089500000, 0x0000000089500000|100%|HC|  |TAMS 0x0000000089400000, 0x0000000089400000| Complete 
| 149|0x0000000089500000, 0x0000000089600000, 0x0000000089600000|100%|HC|  |TAMS 0x0000000089500000, 0x0000000089500000| Complete 
| 150|0x0000000089600000, 0x0000000089700000, 0x0000000089700000|100%|HC|  |TAMS 0x0000000089600000, 0x0000000089600000| Complete 
| 151|0x0000000089700000, 0x0000000089800000, 0x0000000089800000|100%|HC|  |TAMS 0x0000000089700000, 0x0000000089700000| Complete 
| 152|0x0000000089800000, 0x0000000089900000, 0x0000000089900000|100%|HC|  |TAMS 0x0000000089800000, 0x0000000089800000| Complete 
| 153|0x0000000089900000, 0x0000000089a00000, 0x0000000089a00000|100%|HC|  |TAMS 0x0000000089900000, 0x0000000089900000| Complete 
| 154|0x0000000089a00000, 0x0000000089b00000, 0x0000000089b00000|100%|HC|  |TAMS 0x0000000089a00000, 0x0000000089a00000| Complete 
| 155|0x0000000089b00000, 0x0000000089c00000, 0x0000000089c00000|100%|HC|  |TAMS 0x0000000089b00000, 0x0000000089b00000| Complete 
| 156|0x0000000089c00000, 0x0000000089d00000, 0x0000000089d00000|100%|HC|  |TAMS 0x0000000089c00000, 0x0000000089c00000| Complete 
| 157|0x0000000089d00000, 0x0000000089e00000, 0x0000000089e00000|100%|HC|  |TAMS 0x0000000089d00000, 0x0000000089d00000| Complete 
| 158|0x0000000089e00000, 0x0000000089f00000, 0x0000000089f00000|100%|HC|  |TAMS 0x0000000089e00000, 0x0000000089e00000| Complete 
| 159|0x0000000089f00000, 0x000000008a000000, 0x000000008a000000|100%|HC|  |TAMS 0x0000000089f00000, 0x0000000089f00000| Complete 
| 160|0x000000008a000000, 0x000000008a100000, 0x000000008a100000|100%|HC|  |TAMS 0x000000008a000000, 0x000000008a000000| Complete 
| 161|0x000000008a100000, 0x000000008a200000, 0x000000008a200000|100%|HC|  |TAMS 0x000000008a100000, 0x000000008a100000| Complete 
| 162|0x000000008a200000, 0x000000008a300000, 0x000000008a300000|100%|HC|  |TAMS 0x000000008a200000, 0x000000008a200000| Complete 
| 163|0x000000008a300000, 0x000000008a400000, 0x000000008a400000|100%|HS|  |TAMS 0x000000008a300000, 0x000000008a300000| Complete 
| 164|0x000000008a400000, 0x000000008a500000, 0x000000008a500000|100%|HC|  |TAMS 0x000000008a400000, 0x000000008a400000| Complete 
| 165|0x000000008a500000, 0x000000008a600000, 0x000000008a600000|100%|HC|  |TAMS 0x000000008a500000, 0x000000008a500000| Complete 
| 166|0x000000008a600000, 0x000000008a700000, 0x000000008a700000|100%|HC|  |TAMS 0x000000008a600000, 0x000000008a600000| Complete 
| 167|0x000000008a700000, 0x000000008a800000, 0x000000008a800000|100%|HC|  |TAMS 0x000000008a700000, 0x000000008a700000| Complete 
| 168|0x000000008a800000, 0x000000008a900000, 0x000000008a900000|100%|HS|  |TAMS 0x000000008a800000, 0x000000008a800000| Complete 
| 169|0x000000008a900000, 0x000000008aa00000, 0x000000008aa00000|100%|HC|  |TAMS 0x000000008a900000, 0x000000008a900000| Complete 
| 170|0x000000008aa00000, 0x000000008ab00000, 0x000000008ab00000|100%|HC|  |TAMS 0x000000008aa00000, 0x000000008aa00000| Complete 
| 171|0x000000008ab00000, 0x000000008ac00000, 0x000000008ac00000|100%|HC|  |TAMS 0x000000008ab00000, 0x000000008ab00000| Complete 
| 172|0x000000008ac00000, 0x000000008ad00000, 0x000000008ad00000|100%|HC|  |TAMS 0x000000008ac00000, 0x000000008ac00000| Complete 
| 173|0x000000008ad00000, 0x000000008ae00000, 0x000000008ae00000|100%|HC|  |TAMS 0x000000008ad00000, 0x000000008ad00000| Complete 
| 174|0x000000008ae00000, 0x000000008af00000, 0x000000008af00000|100%|HC|  |TAMS 0x000000008ae00000, 0x000000008ae00000| Complete 
| 175|0x000000008af00000, 0x000000008b000000, 0x000000008b000000|100%|HC|  |TAMS 0x000000008af00000, 0x000000008af00000| Complete 
| 176|0x000000008b000000, 0x000000008b100000, 0x000000008b100000|100%|HC|  |TAMS 0x000000008b000000, 0x000000008b000000| Complete 
| 177|0x000000008b100000, 0x000000008b200000, 0x000000008b200000|100%|HC|  |TAMS 0x000000008b100000, 0x000000008b100000| Complete 
| 178|0x000000008b200000, 0x000000008b300000, 0x000000008b300000|100%|HC|  |TAMS 0x000000008b200000, 0x000000008b200000| Complete 
| 179|0x000000008b300000, 0x000000008b400000, 0x000000008b400000|100%|HC|  |TAMS 0x000000008b300000, 0x000000008b300000| Complete 
| 180|0x000000008b400000, 0x000000008b500000, 0x000000008b500000|100%|HC|  |TAMS 0x000000008b400000, 0x000000008b400000| Complete 
| 181|0x000000008b500000, 0x000000008b600000, 0x000000008b600000|100%|HC|  |TAMS 0x000000008b500000, 0x000000008b500000| Complete 
| 182|0x000000008b600000, 0x000000008b700000, 0x000000008b700000|100%|HC|  |TAMS 0x000000008b600000, 0x000000008b600000| Complete 
| 183|0x000000008b700000, 0x000000008b800000, 0x000000008b800000|100%|HC|  |TAMS 0x000000008b700000, 0x000000008b700000| Complete 
| 184|0x000000008b800000, 0x000000008b900000, 0x000000008b900000|100%|HC|  |TAMS 0x000000008b800000, 0x000000008b800000| Complete 
| 185|0x000000008b900000, 0x000000008ba00000, 0x000000008ba00000|100%|HC|  |TAMS 0x000000008b900000, 0x000000008b900000| Complete 
| 186|0x000000008ba00000, 0x000000008bb00000, 0x000000008bb00000|100%|HC|  |TAMS 0x000000008ba00000, 0x000000008ba00000| Complete 
| 187|0x000000008bb00000, 0x000000008bc00000, 0x000000008bc00000|100%|HC|  |TAMS 0x000000008bb00000, 0x000000008bb00000| Complete 
| 188|0x000000008bc00000, 0x000000008bd00000, 0x000000008bd00000|100%|HC|  |TAMS 0x000000008bc00000, 0x000000008bc00000| Complete 
| 189|0x000000008bd00000, 0x000000008bd00000, 0x000000008be00000|  0%| F|  |TAMS 0x000000008bd00000, 0x000000008bd00000| Untracked 
| 190|0x000000008be00000, 0x000000008be00000, 0x000000008bf00000|  0%| F|  |TAMS 0x000000008be00000, 0x000000008be00000| Untracked 
| 191|0x000000008bf00000, 0x000000008bf00000, 0x000000008c000000|  0%| F|  |TAMS 0x000000008bf00000, 0x000000008bf00000| Untracked 
| 192|0x000000008c000000, 0x000000008c0fe568, 0x000000008c100000| 99%| S|CS|TAMS 0x000000008c000000, 0x000000008c000000| Complete 
| 193|0x000000008c100000, 0x000000008c200000, 0x000000008c200000|100%| S|CS|TAMS 0x000000008c100000, 0x000000008c100000| Complete 
| 194|0x000000008c200000, 0x000000008c300000, 0x000000008c300000|100%| S|CS|TAMS 0x000000008c200000, 0x000000008c200000| Complete 
| 195|0x000000008c300000, 0x000000008c400000, 0x000000008c400000|100%| S|CS|TAMS 0x000000008c300000, 0x000000008c300000| Complete 
| 196|0x000000008c400000, 0x000000008c500000, 0x000000008c500000|100%|HS|  |TAMS 0x000000008c400000, 0x000000008c400000| Complete 
| 197|0x000000008c500000, 0x000000008c600000, 0x000000008c600000|100%|HC|  |TAMS 0x000000008c500000, 0x000000008c500000| Complete 
| 198|0x000000008c600000, 0x000000008c700000, 0x000000008c700000|100%|HC|  |TAMS 0x000000008c600000, 0x000000008c600000| Complete 
| 199|0x000000008c700000, 0x000000008c800000, 0x000000008c800000|100%|HC|  |TAMS 0x000000008c700000, 0x000000008c700000| Complete 
| 200|0x000000008c800000, 0x000000008c900000, 0x000000008c900000|100%|HC|  |TAMS 0x000000008c800000, 0x000000008c800000| Complete 
| 201|0x000000008c900000, 0x000000008c900000, 0x000000008ca00000|  0%| F|  |TAMS 0x000000008c900000, 0x000000008c900000| Untracked 
| 202|0x000000008ca00000, 0x000000008ca31fd0, 0x000000008cb00000| 19%| E|  |TAMS 0x000000008ca00000, 0x000000008ca00000| Complete 
| 203|0x000000008cb00000, 0x000000008cc00000, 0x000000008cc00000|100%| E|CS|TAMS 0x000000008cb00000, 0x000000008cb00000| Complete 
| 204|0x000000008cc00000, 0x000000008ccffc08, 0x000000008cd00000| 99%| E|  |TAMS 0x000000008cc00000, 0x000000008cc00000| Complete 
| 205|0x000000008cd00000, 0x000000008ce00000, 0x000000008ce00000|100%| E|CS|TAMS 0x000000008cd00000, 0x000000008cd00000| Complete 
| 206|0x000000008ce00000, 0x000000008cf00000, 0x000000008cf00000|100%| E|CS|TAMS 0x000000008ce00000, 0x000000008ce00000| Complete 
| 207|0x000000008cf00000, 0x000000008d000000, 0x000000008d000000|100%| E|CS|TAMS 0x000000008cf00000, 0x000000008cf00000| Complete 
| 208|0x000000008d000000, 0x000000008d100000, 0x000000008d100000|100%| E|CS|TAMS 0x000000008d000000, 0x000000008d000000| Complete 
| 209|0x000000008d100000, 0x000000008d200000, 0x000000008d200000|100%| E|CS|TAMS 0x000000008d100000, 0x000000008d100000| Complete 
| 210|0x000000008d200000, 0x000000008d300000, 0x000000008d300000|100%| E|CS|TAMS 0x000000008d200000, 0x000000008d200000| Complete 
| 211|0x000000008d300000, 0x000000008d400000, 0x000000008d400000|100%| E|CS|TAMS 0x000000008d300000, 0x000000008d300000| Complete 
| 212|0x000000008d400000, 0x000000008d500000, 0x000000008d500000|100%| E|CS|TAMS 0x000000008d400000, 0x000000008d400000| Complete 
| 213|0x000000008d500000, 0x000000008d600000, 0x000000008d600000|100%| E|CS|TAMS 0x000000008d500000, 0x000000008d500000| Complete 
| 214|0x000000008d600000, 0x000000008d700000, 0x000000008d700000|100%| E|CS|TAMS 0x000000008d600000, 0x000000008d600000| Complete 
| 215|0x000000008d700000, 0x000000008d800000, 0x000000008d800000|100%|HS|  |TAMS 0x000000008d700000, 0x000000008d700000| Complete 
| 216|0x000000008d800000, 0x000000008d900000, 0x000000008d900000|100%|HC|  |TAMS 0x000000008d800000, 0x000000008d800000| Complete 
| 217|0x000000008d900000, 0x000000008da00000, 0x000000008da00000|100%|HC|  |TAMS 0x000000008d900000, 0x000000008d900000| Complete 
| 218|0x000000008da00000, 0x000000008db00000, 0x000000008db00000|100%|HC|  |TAMS 0x000000008da00000, 0x000000008da00000| Complete 
| 219|0x000000008db00000, 0x000000008dc00000, 0x000000008dc00000|100%|HC|  |TAMS 0x000000008db00000, 0x000000008db00000| Complete 
| 220|0x000000008dc00000, 0x000000008dd00000, 0x000000008dd00000|100%|HC|  |TAMS 0x000000008dc00000, 0x000000008dc00000| Complete 
| 221|0x000000008dd00000, 0x000000008de00000, 0x000000008de00000|100%|HC|  |TAMS 0x000000008dd00000, 0x000000008dd00000| Complete 
| 222|0x000000008de00000, 0x000000008df00000, 0x000000008df00000|100%|HC|  |TAMS 0x000000008de00000, 0x000000008de00000| Complete 
| 223|0x000000008df00000, 0x000000008e000000, 0x000000008e000000|100%|HC|  |TAMS 0x000000008df00000, 0x000000008df00000| Complete 
| 224|0x000000008e000000, 0x000000008e100000, 0x000000008e100000|100%|HC|  |TAMS 0x000000008e000000, 0x000000008e000000| Complete 
| 225|0x000000008e100000, 0x000000008e200000, 0x000000008e200000|100%|HC|  |TAMS 0x000000008e100000, 0x000000008e100000| Complete 
| 226|0x000000008e200000, 0x000000008e300000, 0x000000008e300000|100%|HC|  |TAMS 0x000000008e200000, 0x000000008e200000| Complete 
| 227|0x000000008e300000, 0x000000008e400000, 0x000000008e400000|100%|HC|  |TAMS 0x000000008e300000, 0x000000008e300000| Complete 

Card table byte_map: [0x000002625e410000,0x000002625e810000] _byte_map_base: 0x000002625e010000

Marking Bits (Prev, Next): (CMBitMap*) 0x000002624b20ccc8, (CMBitMap*) 0x000002624b20cd00
 Prev Bits: [0x000002625ec10000, 0x0000026260c10000)
 Next Bits: [0x0000026260c10000, 0x0000026262c10000)

Polling page: 0x00000262491f0000

Metaspace:

Usage:
  Non-class:     82.37 MB capacity,    80.93 MB ( 98%) used,     1.19 MB (  1%) free+waste,   256.00 KB ( <1%) overhead. 
      Class:     12.44 MB capacity,    11.62 MB ( 93%) used,   718.55 KB (  6%) free+waste,   116.13 KB ( <1%) overhead. 
       Both:     94.80 MB capacity,    92.55 MB ( 98%) used,     1.89 MB (  2%) free+waste,   372.13 KB ( <1%) overhead. 

Virtual space:
  Non-class space:       84.00 MB reserved,      82.75 MB ( 99%) committed 
      Class space:        1.00 GB reserved,      12.62 MB (  1%) committed 
             Both:        1.08 GB reserved,      95.37 MB (  9%) committed 

Chunk freelists:
   Non-Class:  391.00 KB
       Class:  162.00 KB
        Both:  553.00 KB

MaxMetaspaceSize: 17179869184.00 GB
CompressedClassSpaceSize: 1.00 GB
Initial GC threshold: 20.80 MB
Current GC threshold: 158.95 MB
CDS: off

CodeHeap 'non-profiled nmethods': size=120000Kb used=7180Kb max_used=7180Kb free=112819Kb
 bounds [0x00000262567b0000, 0x0000026256ec0000, 0x000002625dce0000]
CodeHeap 'profiled nmethods': size=120000Kb used=24619Kb max_used=24619Kb free=95380Kb
 bounds [0x000002624f280000, 0x0000026250a90000, 0x00000262567b0000]
CodeHeap 'non-nmethods': size=5760Kb used=2494Kb max_used=2517Kb free=3265Kb
 bounds [0x000002624ece0000, 0x000002624ef60000, 0x000002624f280000]
 total_blobs=12316 nmethods=11312 adapters=914
 compilation: enabled
              stopped_count=0, restarted_count=0
 full_count=0

Compilation events (20 events):
Event: 10.503 Thread 0x0000026265688800 11441       2       com.android.aapt.Resources$XmlAttribute$Builder::buildPartial (120 bytes)
Event: 10.504 Thread 0x0000026265688800 nmethod 11441 0x0000026250a87610 code [0x0000026250a87820, 0x0000026250a87f38]
Event: 10.504 Thread 0x0000026265688800 11442       1       com.ctc.wstx.sr.ElemAttrs::getFirstDefaultOffset (5 bytes)
Event: 10.504 Thread 0x0000026265688800 nmethod 11442 0x0000026256ea1290 code [0x0000026256ea1440, 0x0000026256ea14f8]
Event: 10.530 Thread 0x0000026265688800 11443       2       kotlin.text.StringsKt__StringsKt::substringAfterLast (81 bytes)
Event: 10.531 Thread 0x0000026265688800 nmethod 11443 0x0000026250a88110 code [0x0000026250a88400, 0x0000026250a88c28]
Event: 10.531 Thread 0x0000026265688800 11444       2       com.android.aaptcompiler.Source::<init> (26 bytes)
Event: 10.532 Thread 0x0000026265688800 nmethod 11444 0x0000026250a89290 code [0x0000026250a89480, 0x0000026250a89898]
Event: 10.532 Thread 0x0000026265688800 11445       2       com.android.aaptcompiler.LocaleValue::<init> (29 bytes)
Event: 10.532 Thread 0x0000026265688800 nmethod 11445 0x0000026250a89a90 code [0x0000026250a89c60, 0x0000026250a89f18]
Event: 10.552 Thread 0x0000026265687800 nmethod 9905% 0x0000026256ea1590 code [0x0000026256ea19e0, 0x0000026256eab460]
Event: 10.552 Thread 0x0000026265687800 11323       4       java.io.ObjectInputStream$BlockDataInputStream::readUTFBody (192 bytes)
Event: 10.574 Thread 0x0000026265687800 nmethod 11323 0x0000026256eb0810 code [0x0000026256eb0a20, 0x0000026256eb1978]
Event: 10.574 Thread 0x0000026265687800 11321       4       java.io.ObjectStreamClass$FieldReflector::setObjFieldValues (259 bytes)
Event: 10.586 Thread 0x0000026265687800 nmethod 11321 0x0000026256eb1f90 code [0x0000026256eb2140, 0x0000026256eb27d8]
Event: 10.587 Thread 0x0000026265687800 11370       4       com.google.protobuf.CodedOutputStream$AbstractBufferedEncoder::bufferUInt32NoTag (183 bytes)
Event: 10.588 Thread 0x0000026265688800 11446       2       org.gradle.cache.internal.btree.CachingBlockStore::read (56 bytes)
Event: 10.589 Thread 0x0000026265687800 nmethod 11370 0x0000026256eb2c10 code [0x0000026256eb2da0, 0x0000026256eb2ef8]
Event: 10.590 Thread 0x0000026265688800 nmethod 11446 0x0000026250a89f90 code [0x0000026250a8a200, 0x0000026250a8a828]
Event: 10.590 Thread 0x0000026265687800 11316       4       java.io.ObjectInputStream::defaultReadFields (188 bytes)

GC Heap History (20 events):
Event: 5.569 GC heap before
{Heap before GC invocations=10 (full 0):
 garbage-first heap   total 152576K, used 85902K [0x0000000080000000, 0x0000000100000000)
  region size 1024K, 54 young (55296K), 12 survivors (12288K)
 Metaspace       used 58378K, capacity 59832K, committed 59904K, reserved 1101824K
  class space    used 7389K, capacity 7919K, committed 7936K, reserved 1048576K
}
Event: 5.580 GC heap after
{Heap after GC invocations=11 (full 0):
 garbage-first heap   total 152576K, used 46970K [0x0000000080000000, 0x0000000100000000)
  region size 1024K, 3 young (3072K), 3 survivors (3072K)
 Metaspace       used 58378K, capacity 59832K, committed 59904K, reserved 1101824K
  class space    used 7389K, capacity 7919K, committed 7936K, reserved 1048576K
}
Event: 6.152 GC heap before
{Heap before GC invocations=12 (full 0):
 garbage-first heap   total 152576K, used 104314K [0x0000000080000000, 0x0000000100000000)
  region size 1024K, 60 young (61440K), 3 survivors (3072K)
 Metaspace       used 64387K, capacity 66084K, committed 66168K, reserved 1105920K
  class space    used 8151K, capacity 8761K, committed 8824K, reserved 1048576K
}
Event: 6.160 GC heap after
{Heap after GC invocations=13 (full 0):
 garbage-first heap   total 183296K, used 50822K [0x0000000080000000, 0x0000000100000000)
  region size 1024K, 7 young (7168K), 7 survivors (7168K)
 Metaspace       used 64387K, capacity 66084K, committed 66168K, reserved 1105920K
  class space    used 8151K, capacity 8761K, committed 8824K, reserved 1048576K
}
Event: 6.741 GC heap before
{Heap before GC invocations=13 (full 0):
 garbage-first heap   total 183296K, used 124550K [0x0000000080000000, 0x0000000100000000)
  region size 1024K, 78 young (79872K), 7 survivors (7168K)
 Metaspace       used 68863K, capacity 70615K, committed 70648K, reserved 1110016K
  class space    used 8799K, capacity 9431K, committed 9464K, reserved 1048576K
}
Event: 6.749 GC heap after
{Heap after GC invocations=14 (full 0):
 garbage-first heap   total 183296K, used 55942K [0x0000000080000000, 0x0000000100000000)
  region size 1024K, 10 young (10240K), 10 survivors (10240K)
 Metaspace       used 68863K, capacity 70615K, committed 70648K, reserved 1110016K
  class space    used 8799K, capacity 9431K, committed 9464K, reserved 1048576K
}
Event: 7.485 GC heap before
{Heap before GC invocations=14 (full 0):
 garbage-first heap   total 183296K, used 129670K [0x0000000080000000, 0x0000000100000000)
  region size 1024K, 82 young (83968K), 10 survivors (10240K)
 Metaspace       used 76331K, capacity 78290K, committed 78584K, reserved 1118208K
  class space    used 10007K, capacity 10679K, committed 10744K, reserved 1048576K
}
Event: 7.493 GC heap after
{Heap after GC invocations=15 (full 0):
 garbage-first heap   total 183296K, used 60308K [0x0000000080000000, 0x0000000100000000)
  region size 1024K, 10 young (10240K), 10 survivors (10240K)
 Metaspace       used 76331K, capacity 78290K, committed 78584K, reserved 1118208K
  class space    used 10007K, capacity 10679K, committed 10744K, reserved 1048576K
}
Event: 8.173 GC heap before
{Heap before GC invocations=15 (full 0):
 garbage-first heap   total 183296K, used 133012K [0x0000000080000000, 0x0000000100000000)
  region size 1024K, 82 young (83968K), 10 survivors (10240K)
 Metaspace       used 83496K, capacity 85670K, committed 86008K, reserved 1124352K
  class space    used 10891K, capacity 11679K, committed 11768K, reserved 1048576K
}
Event: 8.190 GC heap after
{Heap after GC invocations=16 (full 0):
 garbage-first heap   total 183296K, used 67131K [0x0000000080000000, 0x0000000100000000)
  region size 1024K, 11 young (11264K), 11 survivors (11264K)
 Metaspace       used 83496K, capacity 85670K, committed 86008K, reserved 1124352K
  class space    used 10891K, capacity 11679K, committed 11768K, reserved 1048576K
}
Event: 8.836 GC heap before
{Heap before GC invocations=16 (full 0):
 garbage-first heap   total 183296K, used 137787K [0x0000000080000000, 0x0000000100000000)
  region size 1024K, 81 young (82944K), 11 survivors (11264K)
 Metaspace       used 85664K, capacity 88041K, committed 88184K, reserved 1126400K
  class space    used 11177K, capacity 12060K, committed 12152K, reserved 1048576K
}
Event: 8.854 GC heap after
{Heap after GC invocations=17 (full 0):
 garbage-first heap   total 183296K, used 75116K [0x0000000080000000, 0x0000000100000000)
  region size 1024K, 9 young (9216K), 9 survivors (9216K)
 Metaspace       used 85664K, capacity 88041K, committed 88184K, reserved 1126400K
  class space    used 11177K, capacity 12060K, committed 12152K, reserved 1048576K
}
Event: 9.428 GC heap before
{Heap before GC invocations=17 (full 0):
 garbage-first heap   total 183296K, used 142700K [0x0000000080000000, 0x0000000100000000)
  region size 1024K, 72 young (73728K), 9 survivors (9216K)
 Metaspace       used 90314K, capacity 92839K, committed 93048K, reserved 1130496K
  class space    used 11632K, capacity 12561K, committed 12664K, reserved 1048576K
}
Event: 9.439 GC heap after
{Heap after GC invocations=18 (full 0):
 garbage-first heap   total 183296K, used 87483K [0x0000000080000000, 0x0000000100000000)
  region size 1024K, 9 young (9216K), 9 survivors (9216K)
 Metaspace       used 90314K, capacity 92839K, committed 93048K, reserved 1130496K
  class space    used 11632K, capacity 12561K, committed 12664K, reserved 1048576K
}
Event: 9.664 GC heap before
{Heap before GC invocations=18 (full 0):
 garbage-first heap   total 183296K, used 111035K [0x0000000080000000, 0x0000000100000000)
  region size 1024K, 31 young (31744K), 9 survivors (9216K)
 Metaspace       used 90453K, capacity 92978K, committed 93304K, reserved 1130496K
  class space    used 11637K, capacity 12564K, committed 12664K, reserved 1048576K
}
Event: 9.673 GC heap after
{Heap after GC invocations=19 (full 0):
 garbage-first heap   total 220160K, used 93110K [0x0000000080000000, 0x0000000100000000)
  region size 1024K, 5 young (5120K), 5 survivors (5120K)
 Metaspace       used 90453K, capacity 92978K, committed 93304K, reserved 1130496K
  class space    used 11637K, capacity 12564K, committed 12664K, reserved 1048576K
}
Event: 10.077 GC heap before
{Heap before GC invocations=20 (full 0):
 garbage-first heap   total 220160K, used 145334K [0x0000000080000000, 0x0000000100000000)
  region size 1024K, 53 young (54272K), 5 survivors (5120K)
 Metaspace       used 93590K, capacity 95984K, committed 96632K, reserved 1132544K
  class space    used 11816K, capacity 12668K, committed 12920K, reserved 1048576K
}
Event: 10.086 GC heap after
{Heap after GC invocations=21 (full 0):
 garbage-first heap   total 220160K, used 93806K [0x0000000080000000, 0x0000000100000000)
  region size 1024K, 7 young (7168K), 7 survivors (7168K)
 Metaspace       used 93590K, capacity 95984K, committed 96632K, reserved 1132544K
  class space    used 11816K, capacity 12668K, committed 12920K, reserved 1048576K
}
Event: 10.270 GC heap before
{Heap before GC invocations=22 (full 0):
 garbage-first heap   total 220160K, used 133742K [0x0000000080000000, 0x0000000100000000)
  region size 1024K, 26 young (26624K), 7 survivors (7168K)
 Metaspace       used 94622K, capacity 96951K, committed 97656K, reserved 1134592K
  class space    used 11899K, capacity 12734K, committed 12920K, reserved 1048576K
}
Event: 10.280 GC heap after
{Heap after GC invocations=23 (full 0):
 garbage-first heap   total 220160K, used 97273K [0x0000000080000000, 0x0000000100000000)
  region size 1024K, 4 young (4096K), 4 survivors (4096K)
 Metaspace       used 94622K, capacity 96951K, committed 97656K, reserved 1134592K
  class space    used 11899K, capacity 12734K, committed 12920K, reserved 1048576K
}

Deoptimization events (20 events):
Event: 10.372 Thread 0x000002627196a800 DEOPT PACKING pc=0x00000262509964c0 sp=0x000000db277fd130
Event: 10.372 Thread 0x000002627196a800 DEOPT UNPACKING pc=0x000002624ed29d0e sp=0x000000db277fc638 mode 0
Event: 10.389 Thread 0x000002627196a800 DEOPT PACKING pc=0x00000262509964c0 sp=0x000000db277fcd60
Event: 10.389 Thread 0x000002627196a800 DEOPT UNPACKING pc=0x000002624ed29d0e sp=0x000000db277fc268 mode 0
Event: 10.400 Thread 0x000002626ba16000 DEOPT PACKING pc=0x00000262509964c0 sp=0x000000db271fd6c0
Event: 10.400 Thread 0x000002626ba16000 DEOPT UNPACKING pc=0x000002624ed29d0e sp=0x000000db271fcbc8 mode 0
Event: 10.417 Thread 0x000002627196a800 DEOPT PACKING pc=0x00000262509964c0 sp=0x000000db277fd6b0
Event: 10.417 Thread 0x000002627196a800 DEOPT UNPACKING pc=0x000002624ed29d0e sp=0x000000db277fcbb8 mode 0
Event: 10.428 Thread 0x000002627196a800 DEOPT PACKING pc=0x00000262509964c0 sp=0x000000db277fd6b0
Event: 10.428 Thread 0x000002626ba16000 DEOPT PACKING pc=0x00000262509964c0 sp=0x000000db271fd6c0
Event: 10.428 Thread 0x000002627196a800 DEOPT UNPACKING pc=0x000002624ed29d0e sp=0x000000db277fcbb8 mode 0
Event: 10.428 Thread 0x000002626ba16000 DEOPT UNPACKING pc=0x000002624ed29d0e sp=0x000000db271fcbc8 mode 0
Event: 10.439 Thread 0x000002627196a800 DEOPT PACKING pc=0x00000262509964c0 sp=0x000000db277fd6b0
Event: 10.439 Thread 0x000002627196a800 DEOPT UNPACKING pc=0x000002624ed29d0e sp=0x000000db277fcbb8 mode 0
Event: 10.446 Thread 0x000002627196a800 DEOPT PACKING pc=0x00000262509964c0 sp=0x000000db277fd6b0
Event: 10.446 Thread 0x000002627196a800 DEOPT UNPACKING pc=0x000002624ed29d0e sp=0x000000db277fcbb8 mode 0
Event: 10.455 Thread 0x000002627196a800 DEOPT PACKING pc=0x00000262509964c0 sp=0x000000db277fd6b0
Event: 10.455 Thread 0x000002627196a800 DEOPT UNPACKING pc=0x000002624ed29d0e sp=0x000000db277fcbb8 mode 0
Event: 10.500 Thread 0x000002626ba16000 DEOPT PACKING pc=0x00000262509964c0 sp=0x000000db271fd700
Event: 10.500 Thread 0x000002626ba16000 DEOPT UNPACKING pc=0x000002624ed29d0e sp=0x000000db271fcc08 mode 0

Classes redefined (0 events):
No events

Internal exceptions (20 events):
Event: 10.009 Thread 0x000002626ba15800 Exception <a 'sun/nio/fs/WindowsException'{0x000000008b0030f0}> (0x000000008b0030f0) thrown at [./src/hotspot/share/prims/jni.cpp, line 615]
Event: 10.011 Thread 0x000002626ba15800 Exception <a 'sun/nio/fs/WindowsException'{0x000000008b004570}> (0x000000008b004570) thrown at [./src/hotspot/share/prims/jni.cpp, line 615]
Event: 10.016 Thread 0x000002626ba15800 Exception <a 'sun/nio/fs/WindowsException'{0x000000008b005958}> (0x000000008b005958) thrown at [./src/hotspot/share/prims/jni.cpp, line 615]
Event: 10.016 Thread 0x000002626ba15800 Exception <a 'sun/nio/fs/WindowsException'{0x000000008b006cf0}> (0x000000008b006cf0) thrown at [./src/hotspot/share/prims/jni.cpp, line 615]
Event: 10.045 Thread 0x000002626ba15800 Exception <a 'sun/nio/fs/WindowsException'{0x000000008ab98c88}> (0x000000008ab98c88) thrown at [./src/hotspot/share/prims/jni.cpp, line 615]
Event: 10.046 Thread 0x000002626ba15800 Exception <a 'sun/nio/fs/WindowsException'{0x000000008ab9a0a8}> (0x000000008ab9a0a8) thrown at [./src/hotspot/share/prims/jni.cpp, line 615]
Event: 10.064 Thread 0x000002626ba15800 Exception <a 'sun/nio/fs/WindowsException'{0x000000008ab9b458}> (0x000000008ab9b458) thrown at [./src/hotspot/share/prims/jni.cpp, line 615]
Event: 10.072 Thread 0x000002626ba15800 Exception <a 'sun/nio/fs/WindowsException'{0x000000008ab9c8a8}> (0x000000008ab9c8a8) thrown at [./src/hotspot/share/prims/jni.cpp, line 615]
Event: 10.087 Thread 0x000002626ba15800 Exception <a 'sun/nio/fs/WindowsException'{0x000000008d618aa8}> (0x000000008d618aa8) thrown at [./src/hotspot/share/prims/jni.cpp, line 615]
Event: 10.090 Thread 0x000002626ba15800 Exception <a 'sun/nio/fs/WindowsException'{0x000000008d619d90}> (0x000000008d619d90) thrown at [./src/hotspot/share/prims/jni.cpp, line 615]
Event: 10.158 Thread 0x000002626ba15800 Exception <a 'sun/nio/fs/WindowsException'{0x000000008d61b110}> (0x000000008d61b110) thrown at [./src/hotspot/share/prims/jni.cpp, line 615]
Event: 10.160 Thread 0x000002626ba15800 Exception <a 'sun/nio/fs/WindowsException'{0x000000008d61c4b8}> (0x000000008d61c4b8) thrown at [./src/hotspot/share/prims/jni.cpp, line 615]
Event: 10.160 Thread 0x000002626ba15800 Exception <a 'sun/nio/fs/WindowsException'{0x000000008d61d7f8}> (0x000000008d61d7f8) thrown at [./src/hotspot/share/prims/jni.cpp, line 615]
Event: 10.162 Thread 0x000002626ba15800 Exception <a 'sun/nio/fs/WindowsException'{0x000000008d61eb08}> (0x000000008d61eb08) thrown at [./src/hotspot/share/prims/jni.cpp, line 615]
Event: 10.163 Thread 0x000002626ba15800 Exception <a 'sun/nio/fs/WindowsException'{0x000000008cfbc990}> (0x000000008cfbc990) thrown at [./src/hotspot/share/prims/jni.cpp, line 615]
Event: 10.165 Thread 0x000002626ba15800 Exception <a 'sun/nio/fs/WindowsException'{0x000000008cfbdd40}> (0x000000008cfbdd40) thrown at [./src/hotspot/share/prims/jni.cpp, line 615]
Event: 10.166 Thread 0x000002626ba15800 Exception <a 'sun/nio/fs/WindowsException'{0x000000008cfbf1d8}> (0x000000008cfbf1d8) thrown at [./src/hotspot/share/prims/jni.cpp, line 615]
Event: 10.168 Thread 0x000002626ba15800 Exception <a 'sun/nio/fs/WindowsException'{0x000000008cfc05a8}> (0x000000008cfc05a8) thrown at [./src/hotspot/share/prims/jni.cpp, line 615]
Event: 10.173 Thread 0x000002626ba15800 Exception <a 'sun/nio/fs/WindowsException'{0x000000008cfc1908}> (0x000000008cfc1908) thrown at [./src/hotspot/share/prims/jni.cpp, line 615]
Event: 10.209 Thread 0x000002626ba15800 Exception <a 'sun/nio/fs/WindowsException'{0x000000008cfc2c90}> (0x000000008cfc2c90) thrown at [./src/hotspot/share/prims/jni.cpp, line 615]

Events (20 events):
Event: 10.258 loading class com/android/aapt/Resources$Primitive$EmptyType$Builder
Event: 10.258 loading class com/android/aapt/Resources$Primitive$EmptyType$Builder done
Event: 10.262 loading class com/android/aapt/Resources$Styleable$1
Event: 10.262 loading class com/android/aapt/Resources$Styleable$1 done
Event: 10.263 loading class com/android/aapt/Resources$Styleable$Builder
Event: 10.263 loading class com/android/aapt/Resources$Styleable$Builder done
Event: 10.264 loading class com/android/aapt/Resources$Styleable$Entry
Event: 10.264 loading class com/android/aapt/Resources$Styleable$Entry done
Event: 10.266 loading class com/android/aapt/Resources$Styleable$EntryOrBuilder
Event: 10.266 loading class com/android/aapt/Resources$Styleable$EntryOrBuilder done
Event: 10.268 loading class com/android/aapt/Resources$Styleable$Entry$1
Event: 10.268 loading class com/android/aapt/Resources$Styleable$Entry$1 done
Event: 10.268 loading class com/android/aapt/Resources$Styleable$Entry$Builder
Event: 10.268 loading class com/android/aapt/Resources$Styleable$Entry$Builder done
Event: 10.270 Executing VM operation: G1CollectForAllocation
Event: 10.280 Executing VM operation: G1CollectForAllocation done
Event: 10.374 Executing VM operation: CGC_Operation
Event: 10.383 Executing VM operation: CGC_Operation done
Event: 10.425 Executing VM operation: CGC_Operation
Event: 10.425 Executing VM operation: CGC_Operation done


Dynamic libraries:
0x00007ff742380000 - 0x00007ff74238a000 	C:\Program Files\Android\Android Studio\jre\bin\java.exe
0x00007ffd55c50000 - 0x00007ffd55e45000 	C:\Windows\SYSTEM32\ntdll.dll
0x00007ffd54cd0000 - 0x00007ffd54d8d000 	C:\Windows\System32\KERNEL32.DLL
0x00007ffd53460000 - 0x00007ffd5372d000 	C:\Windows\System32\KERNELBASE.dll
0x00007ffd53360000 - 0x00007ffd53460000 	C:\Windows\System32\ucrtbase.dll
0x00007ffd4ebd0000 - 0x00007ffd4ebe9000 	C:\Program Files\Android\Android Studio\jre\bin\jli.dll
0x00007ffd4ebb0000 - 0x00007ffd4ebc7000 	C:\Program Files\Android\Android Studio\jre\bin\VCRUNTIME140.dll
0x00007ffd54ec0000 - 0x00007ffd55060000 	C:\Windows\System32\USER32.dll
0x00007ffd41cf0000 - 0x00007ffd41f8a000 	C:\Windows\WinSxS\amd64_microsoft.windows.common-controls_6595b64144ccf1df_6.0.19041.1110_none_60b5254171f9507e\COMCTL32.dll
0x00007ffd53b20000 - 0x00007ffd53b42000 	C:\Windows\System32\win32u.dll
0x00007ffd55840000 - 0x00007ffd558de000 	C:\Windows\System32\msvcrt.dll
0x00007ffd54ca0000 - 0x00007ffd54cca000 	C:\Windows\System32\GDI32.dll
0x00007ffd53950000 - 0x00007ffd53a5b000 	C:\Windows\System32\gdi32full.dll
0x00007ffd53b50000 - 0x00007ffd53bed000 	C:\Windows\System32\msvcp_win.dll
0x00007ffd544d0000 - 0x00007ffd54500000 	C:\Windows\System32\IMM32.DLL
0x00007ffd4cb80000 - 0x00007ffd4cc1d000 	C:\Program Files\Android\Android Studio\jre\bin\msvcp140.dll
0x00007ffccb810000 - 0x00007ffccc2f5000 	C:\Program Files\Android\Android Studio\jre\bin\server\jvm.dll
0x00007ffd545d0000 - 0x00007ffd5467e000 	C:\Windows\System32\ADVAPI32.dll
0x00007ffd55b70000 - 0x00007ffd55c0c000 	C:\Windows\System32\sechost.dll
0x00007ffd543a0000 - 0x00007ffd544c5000 	C:\Windows\System32\RPCRT4.dll
0x00007ffd54390000 - 0x00007ffd54398000 	C:\Windows\System32\PSAPI.DLL
0x00007ffd4ce40000 - 0x00007ffd4ce4a000 	C:\Windows\SYSTEM32\VERSION.dll
0x00007ffd4dd50000 - 0x00007ffd4dd59000 	C:\Windows\SYSTEM32\WSOCK32.dll
0x00007ffd394c0000 - 0x00007ffd394e7000 	C:\Windows\SYSTEM32\WINMM.dll
0x00007ffd548d0000 - 0x00007ffd5493b000 	C:\Windows\System32\WS2_32.dll
0x00007ffd51bf0000 - 0x00007ffd51c02000 	C:\Windows\SYSTEM32\kernel.appcore.dll
0x00007ffd49050000 - 0x00007ffd49061000 	C:\Program Files\Android\Android Studio\jre\bin\verify.dll
0x00007ffd517d0000 - 0x00007ffd519b4000 	C:\Windows\SYSTEM32\DBGHELP.DLL
0x00007ffd3aee0000 - 0x00007ffd3af0c000 	C:\Windows\SYSTEM32\dbgcore.DLL
0x00007ffd538c0000 - 0x00007ffd53942000 	C:\Windows\System32\bcryptPrimitives.dll
0x00007ffd49020000 - 0x00007ffd49049000 	C:\Program Files\Android\Android Studio\jre\bin\java.dll
0x00007ffd4d7c0000 - 0x00007ffd4d7cb000 	C:\Program Files\Android\Android Studio\jre\bin\jimage.dll
0x00007ffd3cce0000 - 0x00007ffd3ccf8000 	C:\Program Files\Android\Android Studio\jre\bin\zip.dll
0x00007ffd550f0000 - 0x00007ffd55834000 	C:\Windows\System32\SHELL32.dll
0x00007ffd50f70000 - 0x00007ffd51704000 	C:\Windows\SYSTEM32\windows.storage.dll
0x00007ffd54940000 - 0x00007ffd54c94000 	C:\Windows\System32\combase.dll
0x00007ffd52dc0000 - 0x00007ffd52dec000 	C:\Windows\SYSTEM32\Wldp.dll
0x00007ffd54e10000 - 0x00007ffd54ebd000 	C:\Windows\System32\SHCORE.dll
0x00007ffd54560000 - 0x00007ffd545b5000 	C:\Windows\System32\shlwapi.dll
0x00007ffd532a0000 - 0x00007ffd532bf000 	C:\Windows\SYSTEM32\profapi.dll
0x00007ffd3ccc0000 - 0x00007ffd3ccda000 	C:\Program Files\Android\Android Studio\jre\bin\net.dll
0x00007ffd4e310000 - 0x00007ffd4e41a000 	C:\Windows\SYSTEM32\WINHTTP.dll
0x00007ffd52b20000 - 0x00007ffd52b8a000 	C:\Windows\system32\mswsock.dll
0x00007ffd391d0000 - 0x00007ffd391e4000 	C:\Program Files\Android\Android Studio\jre\bin\nio.dll
0x00007ffd27900000 - 0x00007ffd27927000 	C:\Users\ASUS\.gradle\native\e1d6ef7f7dcc3fd88c89a11ec53ec762bb8ba0a96d01ffa2cd45eb1d1d8dd5c5\windows-amd64\native-platform.dll
0x00007ffd258f0000 - 0x00007ffd25a34000 	C:\Users\ASUS\.gradle\native\5664cfc778a61ccfe75a443a1ab52a65af34e5dc3c78e0209fed803814484fcb\windows-amd64\native-platform-file-events.dll
0x00007ffd391c0000 - 0x00007ffd391ca000 	C:\Program Files\Android\Android Studio\jre\bin\management.dll
0x00007ffd391b0000 - 0x00007ffd391bd000 	C:\Program Files\Android\Android Studio\jre\bin\management_ext.dll
0x00007ffd52d10000 - 0x00007ffd52d28000 	C:\Windows\SYSTEM32\CRYPTSP.dll
0x00007ffd52430000 - 0x00007ffd52464000 	C:\Windows\system32\rsaenh.dll
0x00007ffd53730000 - 0x00007ffd53757000 	C:\Windows\System32\bcrypt.dll
0x00007ffd53260000 - 0x00007ffd5328e000 	C:\Windows\SYSTEM32\USERENV.dll
0x00007ffd52d30000 - 0x00007ffd52d3c000 	C:\Windows\SYSTEM32\CRYPTBASE.dll
0x00007ffd527c0000 - 0x00007ffd527fb000 	C:\Windows\SYSTEM32\IPHLPAPI.DLL
0x00007ffd54380000 - 0x00007ffd54388000 	C:\Windows\System32\NSI.dll
0x00007ffd48ea0000 - 0x00007ffd48eb7000 	C:\Windows\SYSTEM32\dhcpcsvc6.DLL
0x00007ffd4c100000 - 0x00007ffd4c11d000 	C:\Windows\SYSTEM32\dhcpcsvc.DLL
0x00007ffd52810000 - 0x00007ffd528db000 	C:\Windows\SYSTEM32\DNSAPI.dll
0x00007ffd26260000 - 0x00007ffd26405000 	C:\Program Files\Android\Android Studio\jre\bin\awt.dll
0x00007ffd547a0000 - 0x00007ffd5486d000 	C:\Windows\System32\OLEAUT32.dll
0x00007ffd50980000 - 0x00007ffd509af000 	C:\Windows\SYSTEM32\dwmapi.dll
0x00007ffd506b0000 - 0x00007ffd50740000 	C:\Windows\SYSTEM32\apphelp.dll
0x00007ffd507a0000 - 0x00007ffd5083e000 	C:\Windows\system32\uxtheme.dll
0x00007ffd52060000 - 0x00007ffd52093000 	C:\Windows\SYSTEM32\ntmarta.dll

dbghelp: loaded successfully - version: 4.0.5 - missing functions: none
symbol engine: initialized successfully - sym options: 0x614 - pdb path: .;C:\Program Files\Android\Android Studio\jre\bin;C:\Windows\SYSTEM32;C:\Windows\WinSxS\amd64_microsoft.windows.common-controls_6595b64144ccf1df_6.0.19041.1110_none_60b5254171f9507e;C:\Program Files\Android\Android Studio\jre\bin\server;C:\Users\ASUS\.gradle\native\e1d6ef7f7dcc3fd88c89a11ec53ec762bb8ba0a96d01ffa2cd45eb1d1d8dd5c5\windows-amd64;C:\Users\ASUS\.gradle\native\5664cfc778a61ccfe75a443a1ab52a65af34e5dc3c78e0209fed803814484fcb\windows-amd64

VM Arguments:
jvm_args: --add-opens=java.base/java.util=ALL-UNNAMED --add-opens=java.base/java.lang=ALL-UNNAMED --add-opens=java.base/java.lang.invoke=ALL-UNNAMED --add-opens=java.base/java.util=ALL-UNNAMED --add-opens=java.prefs/java.util.prefs=ALL-UNNAMED --add-opens=java.prefs/java.util.prefs=ALL-UNNAMED --add-opens=java.base/java.nio.charset=ALL-UNNAMED --add-opens=java.base/java.net=ALL-UNNAMED --add-opens=java.base/java.util.concurrent.atomic=ALL-UNNAMED -Xmx2048m -Dfile.encoding=UTF-8 -Duser.country=ID -Duser.language=en -Duser.variant 
java_command: org.gradle.launcher.daemon.bootstrap.GradleDaemon 7.3.3
java_class_path (initial): C:\Users\ASUS\.gradle\wrapper\dists\gradle-7.3.3-bin\6a41zxkdtcxs8rphpq6y0069z\gradle-7.3.3\lib\gradle-launcher-7.3.3.jar
Launcher Type: SUN_STANDARD

[Global flags]
     intx CICompilerCount                          = 4                                         {product} {ergonomic}
     uint ConcGCThreads                            = 2                                         {product} {ergonomic}
     uint G1ConcRefinementThreads                  = 8                                         {product} {ergonomic}
   size_t G1HeapRegionSize                         = 1048576                                   {product} {ergonomic}
    uintx GCDrainStackTargetSize                   = 64                                        {product} {ergonomic}
   size_t InitialHeapSize                          = 130023424                                 {product} {ergonomic}
   size_t MarkStackSize                            = 4194304                                   {product} {ergonomic}
   size_t MaxHeapSize                              = 2147483648                                {product} {command line}
   size_t MaxNewSize                               = 1287651328                                {product} {ergonomic}
   size_t MinHeapDeltaBytes                        = 1048576                                   {product} {ergonomic}
    uintx NonNMethodCodeHeapSize                   = 5836300                                {pd product} {ergonomic}
    uintx NonProfiledCodeHeapSize                  = 122910970                              {pd product} {ergonomic}
    uintx ProfiledCodeHeapSize                     = 122910970                              {pd product} {ergonomic}
    uintx ReservedCodeCacheSize                    = 251658240                              {pd product} {ergonomic}
     bool SegmentedCodeCache                       = true                                      {product} {ergonomic}
     bool UseCompressedClassPointers               = true                                 {lp64_product} {ergonomic}
     bool UseCompressedOops                        = true                                 {lp64_product} {ergonomic}
     bool UseG1GC                                  = true                                      {product} {ergonomic}
     bool UseLargePagesIndividualAllocation        = false                                  {pd product} {ergonomic}

Logging:
Log output configuration:
 #0: stdout all=warning uptime,level,tags
 #1: stderr all=off uptime,level,tags

Environment Variables:
JAVA_HOME=C:\Program Files\jdk-11.0.15.1
PATH=C:\Program Files\Common Files\Oracle\Java\javapath;C:\Windows\system32;C:\Windows;C:\Windows\System32\Wbem;C:\Windows\System32\WindowsPowerShell\v1.0\;C:\Windows\System32\OpenSSH\;C:\Program Files (x86)\NVIDIA Corporation\PhysX\Common;C:\Program Files\NVIDIA Corporation\NVIDIA NvDLISR;C:\Program Files\Git\cmd;C:\Program Files\Java\jdk-17.0.2\bin;C:\Program Files\Java\jdk-17.0.2;D:\Android\Android Studio\bin;D:\flutter\bin;C:\xampp\php;C:\xampp\php;C:\ProgramData\ComposerSetup\bin;C:\Program Files\jdk-11.0.15.1\bin;C:\Users\ASUS\AppData\Local\Microsoft\WindowsApps;C:\Users\ASUS\AppData\Local\Programs\Microsoft VS Code\bin;C:\Users\ASUS\AppData\Roaming\Composer\vendor\bin
USERNAME=ASUS
OS=Windows_NT
PROCESSOR_IDENTIFIER=Intel64 Family 6 Model 140 Stepping 1, GenuineIntel



---------------  S Y S T E M  ---------------

OS: Windows 10 , 64 bit Build 19041 (10.0.19041.1706)
OS uptime: 0 days 0:29 hours

CPU:total 8 (initial active 8) (4 cores per cpu, 2 threads per core) family 6 model 140 stepping 1 microcode 0x86, cmov, cx8, fxsr, mmx, sse, sse2, sse3, ssse3, sse4.1, sse4.2, popcnt, avx, avx2, aes, clmul, erms, 3dnowpref, lzcnt, ht, tsc, tscinvbit, bmi1, bmi2, adx, evex, sha, fma

Memory: 4k page, system-wide physical 7886M (592M free)
TotalPageFile size 7886M (AvailPageFile size 9M)
current process WorkingSet (physical memory assigned to process): 530M, peak: 534M
current process commit charge ("private bytes"): 568M, peak: 579M

vm_info: OpenJDK 64-Bit Server VM (11.0.12+7-b1504.28-7817840) for windows-amd64 JRE (11.0.12+7-b1504.28-7817840), built on Oct 13 2021 22:12:33 by "builder" with MS VC++ 14.0 (VS2015)

END.
