#
# There is insufficient memory for the Java Runtime Environment to continue.
# Native memory allocation (malloc) failed to allocate 1114416 bytes for Chunk::new
# Possible reasons:
#   The system is out of physical RAM or swap space
#   The process is running with CompressedOops enabled, and the Java Heap may be blocking the growth of the native heap
# Possible solutions:
#   Reduce memory load on the system
#   Increase physical memory or swap space
#   Check if swap backing store is full
#   Decrease Java heap size (-Xmx/-Xms)
#   Decrease number of Java threads
#   Decrease Java thread stack sizes (-Xss)
#   Set larger code cache with -XX:ReservedCodeCacheSize=
#   JVM is running with Unscaled Compressed Oops mode in which the Java heap is
#     placed in the first 4GB address space. The Java Heap base address is the
#     maximum limit for the native heap growth. Please use -XX:HeapBaseMinAddress
#     to set the Java Heap base and to place the Java Heap above 4GB virtual address.
# This output file may be truncated or incomplete.
#
#  Out of Memory Error (./src/hotspot/share/memory/arena.cpp:197), pid=3324, tid=7428
#
# JRE version: OpenJDK Runtime Environment (11.0.12+7) (build 11.0.12+7-b1504.28-7817840)
# Java VM: OpenJDK 64-Bit Server VM (11.0.12+7-b1504.28-7817840, mixed mode, tiered, compressed oops, g1 gc, windows-amd64)
# No core dump will be written. Minidumps are not enabled by default on client versions of Windows
#

---------------  S U M M A R Y ------------

Command Line: --add-opens=java.base/java.util=ALL-UNNAMED --add-opens=java.base/java.lang=ALL-UNNAMED --add-opens=java.base/java.lang.invoke=ALL-UNNAMED --add-opens=java.base/java.util=ALL-UNNAMED --add-opens=java.prefs/java.util.prefs=ALL-UNNAMED --add-opens=java.prefs/java.util.prefs=ALL-UNNAMED --add-opens=java.base/java.nio.charset=ALL-UNNAMED --add-opens=java.base/java.net=ALL-UNNAMED --add-opens=java.base/java.util.concurrent.atomic=ALL-UNNAMED -Xmx2048m -Dfile.encoding=UTF-8 -Duser.country=ID -Duser.language=en -Duser.variant org.gradle.launcher.daemon.bootstrap.GradleDaemon 7.3.3

Host: 11th Gen Intel(R) Core(TM) i5-1135G7 @ 2.40GHz, 8 cores, 7G,  Windows 10 , 64 bit Build 19041 (10.0.19041.1706)
Time: Thu Jun 16 12:08:05 2022 SE Asia Standard Time elapsed time: 12.945714 seconds (0d 0h 0m 12s)

---------------  T H R E A D  ---------------

Current thread (0x00000158da7a6800):  JavaThread "C2 CompilerThread1" daemon [_thread_in_native, id=7428, stack(0x0000003312e00000,0x0000003312f00000)]


Current CompileTask:
C2:  12945 6548       4       com.sun.beans.TypeResolver::resolve (37 bytes)

Stack: [0x0000003312e00000,0x0000003312f00000]
Native frames: (J=compiled Java code, j=interpreted, Vv=VM code, C=native code)
V  [jvm.dll+0x5fbcea]
V  [jvm.dll+0x731905]
V  [jvm.dll+0x732f1d]
V  [jvm.dll+0x7335d3]
V  [jvm.dll+0x247bf8]
V  [jvm.dll+0xc018c]
V  [jvm.dll+0xc06cc]
V  [jvm.dll+0x2bcc04]
V  [jvm.dll+0x5113a8]
V  [jvm.dll+0x208303]
V  [jvm.dll+0x201fe0]
V  [jvm.dll+0x1ff71f]
V  [jvm.dll+0x18868c]
V  [jvm.dll+0x20e0d7]
V  [jvm.dll+0x20c901]
V  [jvm.dll+0x6f9b7f]
V  [jvm.dll+0x6f26a5]
V  [jvm.dll+0x5fabf6]
C  [ucrtbase.dll+0x21bb2]
C  [KERNEL32.DLL+0x17034]
C  [ntdll.dll+0x52651]


---------------  P R O C E S S  ---------------

Threads class SMR info:
_java_thread_list=0x00000158dd68cdb0, length=124, elements={
0x00000158bc9ab000, 0x00000158d7631800, 0x00000158d7632800, 0x00000158d764f000,
0x00000158d7651800, 0x00000158d7652800, 0x00000158d7657000, 0x00000158d7658000,
0x00000158d7659000, 0x00000158d8122800, 0x00000158d9238800, 0x00000158d9319800,
0x00000158d93f7000, 0x00000158d98be800, 0x00000158da796000, 0x00000158d9137000,
0x00000158d8d4d800, 0x00000158da455800, 0x00000158da629000, 0x00000158da86f000,
0x00000158d88e3800, 0x00000158d88e2800, 0x00000158d88e1800, 0x00000158d88e4000,
0x00000158d88e7800, 0x00000158d88e5000, 0x00000158d88e8000, 0x00000158d88e6000,
0x00000158d88e6800, 0x00000158da96e800, 0x00000158da96f000, 0x00000158da96b000,
0x00000158da971800, 0x00000158da973000, 0x00000158da96d800, 0x00000158da979800,
0x00000158da976800, 0x00000158da975000, 0x00000158da975800, 0x00000158da977800,
0x00000158da978000, 0x00000158da979000, 0x00000158da974000, 0x00000158dd9bb800,
0x00000158dd9be000, 0x00000158dd9bc000, 0x00000158dd9be800, 0x00000158dd9bf800,
0x00000158dd9c0800, 0x00000158dd9bd000, 0x00000158dd9ba800, 0x00000158dd9c3800,
0x00000158dd9c4800, 0x00000158dd9c6000, 0x00000158dd9c5000, 0x00000158dd9c7000,
0x00000158dd9c1000, 0x00000158dd9c3000, 0x00000158dd9c7800, 0x00000158dd9c2000,
0x00000158dd9c8800, 0x00000158dd9c9800, 0x00000158ddacc800, 0x00000158ddac9000,
0x00000158ddaca000, 0x00000158ddacd000, 0x00000158ddaca800, 0x00000158ddacb800,
0x00000158ddace000, 0x00000158ddac8800, 0x00000158ddacf000, 0x00000158d94e2000,
0x00000158d94df800, 0x00000158d94e0800, 0x00000158d94df000, 0x00000158d94e3000,
0x00000158d94e3800, 0x00000158d94e1800, 0x00000158d94de000, 0x00000158d94e8800,
0x00000158d94e9800, 0x00000158d94ea800, 0x00000158d94e4800, 0x00000158d94eb000,
0x00000158d94e6000, 0x00000158d94e5800, 0x00000158d94e7000, 0x00000158d94ec000,
0x00000158d94ec800, 0x00000158d94e8000, 0x00000158d8c56000, 0x00000158d8c57000,
0x00000158d8c53800, 0x00000158d8c54800, 0x00000158d8c55800, 0x00000158d8c57800,
0x00000158d8c58800, 0x00000158d8c53000, 0x00000158d8c5c800, 0x00000158d8c5e800,
0x00000158d8c59800, 0x00000158d8c5c000, 0x00000158d8c5b000, 0x00000158d8c5f000,
0x00000158d8c60000, 0x00000158d8c5d800, 0x00000158d8c5a000, 0x00000158d8c60800,
0x00000158d8c61800, 0x00000158da79c800, 0x00000158da79d800, 0x00000158da79e000,
0x00000158da79f000, 0x00000158da799800, 0x00000158da7a0000, 0x00000158da79a000,
0x00000158da79b800, 0x00000158da7a0800, 0x00000158da79b000, 0x00000158da7a4800,
0x00000158da7a5800, 0x00000158da7a6800, 0x00000158da7a3000, 0x00000158da7a7000
}

Java Threads: ( => current thread )
  0x00000158bc9ab000 JavaThread "main" [_thread_blocked, id=15540, stack(0x0000003311d00000,0x0000003311e00000)]
  0x00000158d7631800 JavaThread "Reference Handler" daemon [_thread_blocked, id=5524, stack(0x0000003312400000,0x0000003312500000)]
  0x00000158d7632800 JavaThread "Finalizer" daemon [_thread_blocked, id=1428, stack(0x0000003312500000,0x0000003312600000)]
  0x00000158d764f000 JavaThread "Signal Dispatcher" daemon [_thread_blocked, id=13948, stack(0x0000003312600000,0x0000003312700000)]
  0x00000158d7651800 JavaThread "Attach Listener" daemon [_thread_blocked, id=6540, stack(0x0000003312700000,0x0000003312800000)]
  0x00000158d7652800 JavaThread "Service Thread" daemon [_thread_blocked, id=5432, stack(0x0000003312800000,0x0000003312900000)]
  0x00000158d7657000 JavaThread "C2 CompilerThread0" daemon [_thread_in_native, id=864, stack(0x0000003312900000,0x0000003312a00000)]
  0x00000158d7658000 JavaThread "C1 CompilerThread0" daemon [_thread_blocked, id=15332, stack(0x0000003312a00000,0x0000003312b00000)]
  0x00000158d7659000 JavaThread "Sweeper thread" daemon [_thread_blocked, id=2800, stack(0x0000003312b00000,0x0000003312c00000)]
  0x00000158d8122800 JavaThread "Common-Cleaner" daemon [_thread_blocked, id=564, stack(0x0000003312c00000,0x0000003312d00000)]
  0x00000158d9238800 JavaThread "Daemon health stats" [_thread_blocked, id=6168, stack(0x0000003313100000,0x0000003313200000)]
  0x00000158d9319800 JavaThread "Incoming local TCP Connector on port 63606" [_thread_in_native, id=9620, stack(0x0000003313200000,0x0000003313300000)]
  0x00000158d93f7000 JavaThread "Daemon periodic checks" [_thread_blocked, id=14372, stack(0x0000003313300000,0x0000003313400000)]
  0x00000158d98be800 JavaThread "Daemon" [_thread_blocked, id=16356, stack(0x0000003313400000,0x0000003313500000)]
  0x00000158da796000 JavaThread "Handler for socket connection from /127.0.0.1:63606 to /127.0.0.1:63607" [_thread_in_native, id=8048, stack(0x0000003313500000,0x0000003313600000)]
  0x00000158d9137000 JavaThread "Cancel handler" [_thread_blocked, id=3048, stack(0x0000003313600000,0x0000003313700000)]
  0x00000158d8d4d800 JavaThread "Daemon worker" [_thread_in_vm, id=7472, stack(0x0000003313700000,0x0000003313800000)]
  0x00000158da455800 JavaThread "Asynchronous log dispatcher for DefaultDaemonConnection: socket connection from /127.0.0.1:63606 to /127.0.0.1:63607" [_thread_blocked, id=12256, stack(0x0000003313800000,0x0000003313900000)]
  0x00000158da629000 JavaThread "Stdin handler" [_thread_blocked, id=12268, stack(0x0000003313900000,0x0000003313a00000)]
  0x00000158da86f000 JavaThread "Daemon client event forwarder" [_thread_blocked, id=7028, stack(0x0000003313a00000,0x0000003313b00000)]
  0x00000158d88e3800 JavaThread "Cache worker for journal cache (C:\Users\ASUS\.gradle\caches\journal-1)" [_thread_blocked, id=16028, stack(0x0000003314100000,0x0000003314200000)]
  0x00000158d88e2800 JavaThread "File lock request listener" [_thread_in_native, id=6936, stack(0x0000003314200000,0x0000003314300000)]
  0x00000158d88e1800 JavaThread "Cache worker for file hash cache (C:\Users\ASUS\.gradle\caches\7.3.3\fileHashes)" [_thread_blocked, id=1700, stack(0x0000003314300000,0x0000003314400000)]
  0x00000158d88e4000 JavaThread "Cache worker for file hash cache (E:\MyApplication\Mobile Programming\MobileHotelGroup2\.gradle\7.3.3\fileHashes)" [_thread_blocked, id=15864, stack(0x0000003314500000,0x0000003314600000)]
  0x00000158d88e7800 JavaThread "File watcher server" daemon [_thread_in_native, id=10888, stack(0x0000003314600000,0x0000003314700000)]
  0x00000158d88e5000 JavaThread "File watcher consumer" daemon [_thread_blocked, id=5868, stack(0x0000003314700000,0x0000003314800000)]
  0x00000158d88e8000 JavaThread "Cache worker for checksums cache (E:\MyApplication\Mobile Programming\MobileHotelGroup2\.gradle\7.3.3\checksums)" [_thread_blocked, id=15808, stack(0x0000003312f00000,0x0000003313000000)]
  0x00000158d88e6000 JavaThread "Cache worker for cache directory md-supplier (C:\Users\ASUS\.gradle\caches\7.3.3\md-supplier)" [_thread_blocked, id=3388, stack(0x0000003314800000,0x0000003314900000)]
  0x00000158d88e6800 JavaThread "Cache worker for cache directory md-rule (C:\Users\ASUS\.gradle\caches\7.3.3\md-rule)" [_thread_blocked, id=15316, stack(0x0000003314900000,0x0000003314a00000)]
  0x00000158da96e800 JavaThread "Cache worker for execution history cache (C:\Users\ASUS\.gradle\caches\7.3.3\executionHistory)" [_thread_blocked, id=1940, stack(0x0000003314a00000,0x0000003314b00000)]
  0x00000158da96f000 JavaThread "jar transforms" [_thread_blocked, id=4156, stack(0x0000003314c00000,0x0000003314d00000)]
  0x00000158da96b000 JavaThread "jar transforms Thread 2" [_thread_blocked, id=11460, stack(0x0000003314d00000,0x0000003314e00000)]
  0x00000158da971800 JavaThread "Cache worker for file content cache (C:\Users\ASUS\.gradle\caches\7.3.3\fileContent)" [_thread_blocked, id=10576, stack(0x0000003314e00000,0x0000003314f00000)]
  0x00000158da973000 JavaThread "Cache worker for dependencies-accessors (E:\MyApplication\Mobile Programming\MobileHotelGroup2\.gradle\7.3.3\dependencies-accessors)" [_thread_blocked, id=1448, stack(0x0000003314f00000,0x0000003315000000)]
  0x00000158da96d800 JavaThread "jar transforms Thread 3" [_thread_blocked, id=5068, stack(0x0000003315000000,0x0000003315100000)]
  0x00000158da979800 JavaThread "Cache worker for Build Output Cleanup Cache (E:\MyApplication\Mobile Programming\MobileHotelGroup2\.gradle\buildOutputCleanup)" [_thread_blocked, id=5128, stack(0x0000003315100000,0x0000003315200000)]
  0x00000158da976800 JavaThread "Unconstrained build operations" [_thread_blocked, id=4512, stack(0x0000003315200000,0x0000003315300000)]
  0x00000158da975000 JavaThread "Unconstrained build operations Thread 2" [_thread_blocked, id=3680, stack(0x0000003315300000,0x0000003315400000)]
  0x00000158da975800 JavaThread "Unconstrained build operations Thread 3" [_thread_blocked, id=13632, stack(0x0000003315400000,0x0000003315500000)]
  0x00000158da977800 JavaThread "Unconstrained build operations Thread 4" [_thread_blocked, id=10204, stack(0x0000003315500000,0x0000003315600000)]
  0x00000158da978000 JavaThread "Unconstrained build operations Thread 5" [_thread_blocked, id=1584, stack(0x0000003315600000,0x0000003315700000)]
  0x00000158da979000 JavaThread "Unconstrained build operations Thread 6" [_thread_blocked, id=13688, stack(0x0000003315700000,0x0000003315800000)]
  0x00000158da974000 JavaThread "Unconstrained build operations Thread 7" [_thread_blocked, id=6332, stack(0x0000003315800000,0x0000003315900000)]
  0x00000158dd9bb800 JavaThread "Unconstrained build operations Thread 8" [_thread_blocked, id=15912, stack(0x0000003315900000,0x0000003315a00000)]
  0x00000158dd9be000 JavaThread "Unconstrained build operations Thread 9" [_thread_blocked, id=6880, stack(0x0000003315a00000,0x0000003315b00000)]
  0x00000158dd9bc000 JavaThread "Unconstrained build operations Thread 10" [_thread_blocked, id=1416, stack(0x0000003315b00000,0x0000003315c00000)]
  0x00000158dd9be800 JavaThread "Unconstrained build operations Thread 11" [_thread_blocked, id=4352, stack(0x0000003315c00000,0x0000003315d00000)]
  0x00000158dd9bf800 JavaThread "Unconstrained build operations Thread 12" [_thread_blocked, id=6508, stack(0x0000003315d00000,0x0000003315e00000)]
  0x00000158dd9c0800 JavaThread "Unconstrained build operations Thread 13" [_thread_blocked, id=6352, stack(0x0000003315e00000,0x0000003315f00000)]
  0x00000158dd9bd000 JavaThread "Unconstrained build operations Thread 14" [_thread_blocked, id=11220, stack(0x0000003315f00000,0x0000003316000000)]
  0x00000158dd9ba800 JavaThread "Unconstrained build operations Thread 15" [_thread_blocked, id=16256, stack(0x0000003316000000,0x0000003316100000)]
  0x00000158dd9c3800 JavaThread "Unconstrained build operations Thread 16" [_thread_blocked, id=5072, stack(0x0000003316100000,0x0000003316200000)]
  0x00000158dd9c4800 JavaThread "Unconstrained build operations Thread 17" [_thread_blocked, id=8060, stack(0x0000003316200000,0x0000003316300000)]
  0x00000158dd9c6000 JavaThread "Unconstrained build operations Thread 18" [_thread_blocked, id=8688, stack(0x0000003316300000,0x0000003316400000)]
  0x00000158dd9c5000 JavaThread "Unconstrained build operations Thread 19" [_thread_blocked, id=15152, stack(0x0000003316400000,0x0000003316500000)]
  0x00000158dd9c7000 JavaThread "Unconstrained build operations Thread 20" [_thread_blocked, id=3016, stack(0x0000003316500000,0x0000003316600000)]
  0x00000158dd9c1000 JavaThread "Unconstrained build operations Thread 21" [_thread_blocked, id=8400, stack(0x0000003316600000,0x0000003316700000)]
  0x00000158dd9c3000 JavaThread "Unconstrained build operations Thread 22" [_thread_blocked, id=14544, stack(0x0000003316700000,0x0000003316800000)]
  0x00000158dd9c7800 JavaThread "Unconstrained build operations Thread 23" [_thread_blocked, id=7796, stack(0x0000003316800000,0x0000003316900000)]
  0x00000158dd9c2000 JavaThread "Unconstrained build operations Thread 24" [_thread_blocked, id=1080, stack(0x0000003316900000,0x0000003316a00000)]
  0x00000158dd9c8800 JavaThread "Unconstrained build operations Thread 25" [_thread_blocked, id=15136, stack(0x0000003316a00000,0x0000003316b00000)]
  0x00000158dd9c9800 JavaThread "Unconstrained build operations Thread 26" [_thread_blocked, id=13412, stack(0x0000003316b00000,0x0000003316c00000)]
  0x00000158ddacc800 JavaThread "Unconstrained build operations Thread 27" [_thread_blocked, id=10260, stack(0x0000003316c00000,0x0000003316d00000)]
  0x00000158ddac9000 JavaThread "Unconstrained build operations Thread 28" [_thread_blocked, id=4024, stack(0x0000003316d00000,0x0000003316e00000)]
  0x00000158ddaca000 JavaThread "Unconstrained build operations Thread 29" [_thread_blocked, id=2556, stack(0x0000003316e00000,0x0000003316f00000)]
  0x00000158ddacd000 JavaThread "Unconstrained build operations Thread 30" [_thread_blocked, id=11232, stack(0x0000003316f00000,0x0000003317000000)]
  0x00000158ddaca800 JavaThread "Unconstrained build operations Thread 31" [_thread_blocked, id=16308, stack(0x0000003317000000,0x0000003317100000)]
  0x00000158ddacb800 JavaThread "Unconstrained build operations Thread 32" [_thread_blocked, id=4056, stack(0x0000003317100000,0x0000003317200000)]
  0x00000158ddace000 JavaThread "Unconstrained build operations Thread 33" [_thread_blocked, id=10800, stack(0x0000003317200000,0x0000003317300000)]
  0x00000158ddac8800 JavaThread "Unconstrained build operations Thread 34" [_thread_blocked, id=10444, stack(0x0000003317300000,0x0000003317400000)]
  0x00000158ddacf000 JavaThread "Unconstrained build operations Thread 35" [_thread_blocked, id=5168, stack(0x0000003317400000,0x0000003317500000)]
  0x00000158d94e2000 JavaThread "Unconstrained build operations Thread 36" [_thread_blocked, id=15528, stack(0x0000003317500000,0x0000003317600000)]
  0x00000158d94df800 JavaThread "Unconstrained build operations Thread 37" [_thread_blocked, id=9584, stack(0x0000003317600000,0x0000003317700000)]
  0x00000158d94e0800 JavaThread "Unconstrained build operations Thread 38" [_thread_blocked, id=16136, stack(0x0000003317700000,0x0000003317800000)]
  0x00000158d94df000 JavaThread "Unconstrained build operations Thread 39" [_thread_blocked, id=11052, stack(0x0000003317800000,0x0000003317900000)]
  0x00000158d94e3000 JavaThread "Unconstrained build operations Thread 40" [_thread_blocked, id=12180, stack(0x0000003317900000,0x0000003317a00000)]
  0x00000158d94e3800 JavaThread "Unconstrained build operations Thread 41" [_thread_blocked, id=10176, stack(0x0000003317a00000,0x0000003317b00000)]
  0x00000158d94e1800 JavaThread "Unconstrained build operations Thread 42" [_thread_blocked, id=5428, stack(0x0000003317b00000,0x0000003317c00000)]
  0x00000158d94de000 JavaThread "Unconstrained build operations Thread 43" [_thread_blocked, id=8988, stack(0x0000003317c00000,0x0000003317d00000)]
  0x00000158d94e8800 JavaThread "Unconstrained build operations Thread 44" [_thread_blocked, id=5504, stack(0x0000003317d00000,0x0000003317e00000)]
  0x00000158d94e9800 JavaThread "Unconstrained build operations Thread 45" [_thread_blocked, id=5492, stack(0x0000003317e00000,0x0000003317f00000)]
  0x00000158d94ea800 JavaThread "Unconstrained build operations Thread 46" [_thread_blocked, id=7012, stack(0x0000003317f00000,0x0000003318000000)]
  0x00000158d94e4800 JavaThread "Unconstrained build operations Thread 47" [_thread_blocked, id=5828, stack(0x0000003318000000,0x0000003318100000)]
  0x00000158d94eb000 JavaThread "Unconstrained build operations Thread 48" [_thread_blocked, id=13664, stack(0x0000003318100000,0x0000003318200000)]
  0x00000158d94e6000 JavaThread "Unconstrained build operations Thread 49" [_thread_blocked, id=7980, stack(0x0000003318200000,0x0000003318300000)]
  0x00000158d94e5800 JavaThread "Unconstrained build operations Thread 50" [_thread_blocked, id=8532, stack(0x0000003318300000,0x0000003318400000)]
  0x00000158d94e7000 JavaThread "Unconstrained build operations Thread 51" [_thread_blocked, id=12704, stack(0x0000003318400000,0x0000003318500000)]
  0x00000158d94ec000 JavaThread "Unconstrained build operations Thread 52" [_thread_blocked, id=11280, stack(0x0000003318500000,0x0000003318600000)]
  0x00000158d94ec800 JavaThread "Unconstrained build operations Thread 53" [_thread_blocked, id=3144, stack(0x0000003318600000,0x0000003318700000)]
  0x00000158d94e8000 JavaThread "Unconstrained build operations Thread 54" [_thread_blocked, id=6760, stack(0x0000003318700000,0x0000003318800000)]
  0x00000158d8c56000 JavaThread "Unconstrained build operations Thread 55" [_thread_blocked, id=14424, stack(0x0000003318800000,0x0000003318900000)]
  0x00000158d8c57000 JavaThread "Unconstrained build operations Thread 56" [_thread_blocked, id=11308, stack(0x0000003318900000,0x0000003318a00000)]
  0x00000158d8c53800 JavaThread "Unconstrained build operations Thread 57" [_thread_blocked, id=9556, stack(0x0000003318a00000,0x0000003318b00000)]
  0x00000158d8c54800 JavaThread "Unconstrained build operations Thread 58" [_thread_blocked, id=15760, stack(0x0000003318b00000,0x0000003318c00000)]
  0x00000158d8c55800 JavaThread "Unconstrained build operations Thread 59" [_thread_blocked, id=7904, stack(0x0000003318c00000,0x0000003318d00000)]
  0x00000158d8c57800 JavaThread "Unconstrained build operations Thread 60" [_thread_blocked, id=2168, stack(0x0000003318d00000,0x0000003318e00000)]
  0x00000158d8c58800 JavaThread "Unconstrained build operations Thread 61" [_thread_blocked, id=14068, stack(0x0000003318e00000,0x0000003318f00000)]
  0x00000158d8c53000 JavaThread "Unconstrained build operations Thread 62" [_thread_blocked, id=13656, stack(0x0000003318f00000,0x0000003319000000)]
  0x00000158d8c5c800 JavaThread "Unconstrained build operations Thread 63" [_thread_blocked, id=3080, stack(0x0000003319000000,0x0000003319100000)]
  0x00000158d8c5e800 JavaThread "Unconstrained build operations Thread 64" [_thread_blocked, id=12916, stack(0x0000003319100000,0x0000003319200000)]
  0x00000158d8c59800 JavaThread "Unconstrained build operations Thread 65" [_thread_blocked, id=10232, stack(0x0000003319200000,0x0000003319300000)]
  0x00000158d8c5c000 JavaThread "Unconstrained build operations Thread 66" [_thread_blocked, id=4192, stack(0x0000003319300000,0x0000003319400000)]
  0x00000158d8c5b000 JavaThread "Unconstrained build operations Thread 67" [_thread_blocked, id=2768, stack(0x0000003319400000,0x0000003319500000)]
  0x00000158d8c5f000 JavaThread "Unconstrained build operations Thread 68" [_thread_blocked, id=15984, stack(0x0000003319500000,0x0000003319600000)]
  0x00000158d8c60000 JavaThread "Unconstrained build operations Thread 69" [_thread_blocked, id=4308, stack(0x0000003319600000,0x0000003319700000)]
  0x00000158d8c5d800 JavaThread "Unconstrained build operations Thread 70" [_thread_blocked, id=14536, stack(0x0000003319700000,0x0000003319800000)]
  0x00000158d8c5a000 JavaThread "Unconstrained build operations Thread 71" [_thread_blocked, id=10804, stack(0x0000003319800000,0x0000003319900000)]
  0x00000158d8c60800 JavaThread "Unconstrained build operations Thread 72" [_thread_blocked, id=8004, stack(0x0000003319900000,0x0000003319a00000)]
  0x00000158d8c61800 JavaThread "Unconstrained build operations Thread 73" [_thread_blocked, id=2820, stack(0x0000003319a00000,0x0000003319b00000)]
  0x00000158da79c800 JavaThread "Unconstrained build operations Thread 74" [_thread_blocked, id=3116, stack(0x0000003319b00000,0x0000003319c00000)]
  0x00000158da79d800 JavaThread "Unconstrained build operations Thread 75" [_thread_blocked, id=10016, stack(0x0000003319c00000,0x0000003319d00000)]
  0x00000158da79e000 JavaThread "Unconstrained build operations Thread 76" [_thread_blocked, id=8468, stack(0x0000003319d00000,0x0000003319e00000)]
  0x00000158da79f000 JavaThread "Unconstrained build operations Thread 77" [_thread_blocked, id=12548, stack(0x0000003319e00000,0x0000003319f00000)]
  0x00000158da799800 JavaThread "Unconstrained build operations Thread 78" [_thread_blocked, id=4688, stack(0x0000003319f00000,0x000000331a000000)]
  0x00000158da7a0000 JavaThread "Unconstrained build operations Thread 79" [_thread_blocked, id=14596, stack(0x000000331a000000,0x000000331a100000)]
  0x00000158da79a000 JavaThread "Unconstrained build operations Thread 80" [_thread_blocked, id=16160, stack(0x000000331a100000,0x000000331a200000)]
  0x00000158da79b800 JavaThread "jar transforms Thread 4" [_thread_blocked, id=9964, stack(0x000000331a200000,0x000000331a300000)]
  0x00000158da7a0800 JavaThread "jar transforms Thread 5" [_thread_blocked, id=2152, stack(0x000000331a300000,0x000000331a400000)]
  0x00000158da79b000 JavaThread "jar transforms Thread 6" [_thread_blocked, id=4892, stack(0x000000331a400000,0x000000331a500000)]
  0x00000158da7a4800 JavaThread "jar transforms Thread 7" [_thread_blocked, id=6740, stack(0x000000331a500000,0x000000331a600000)]
  0x00000158da7a5800 JavaThread "jar transforms Thread 8" [_thread_blocked, id=4312, stack(0x000000331a600000,0x000000331a700000)]
=>0x00000158da7a6800 JavaThread "C2 CompilerThread1" daemon [_thread_in_native, id=7428, stack(0x0000003312e00000,0x0000003312f00000)]
  0x00000158da7a3000 JavaThread "Memory manager" [_thread_blocked, id=2008, stack(0x0000003314b00000,0x0000003314c00000)]
  0x00000158da7a7000 JavaThread "C2 CompilerThread2" daemon [_thread_in_native, id=764, stack(0x000000331a700000,0x000000331a800000)]

Other Threads:
  0x00000158d762e800 VMThread "VM Thread" [stack: 0x0000003312300000,0x0000003312400000] [id=4876]
  0x00000158d8148000 WatcherThread [stack: 0x0000003312d00000,0x0000003312e00000] [id=1364]
  0x00000158bc9c3800 GCTaskThread "GC Thread#0" [stack: 0x0000003311e00000,0x0000003311f00000] [id=6188]
  0x00000158d8891800 GCTaskThread "GC Thread#1" [stack: 0x0000003313000000,0x0000003313100000] [id=12048]
  0x00000158da7ef800 GCTaskThread "GC Thread#2" [stack: 0x0000003313b00000,0x0000003313c00000] [id=13340]
  0x00000158da02b000 GCTaskThread "GC Thread#3" [stack: 0x0000003313c00000,0x0000003313d00000] [id=4372]
  0x00000158d9577000 GCTaskThread "GC Thread#4" [stack: 0x0000003313d00000,0x0000003313e00000] [id=14844]
  0x00000158da2da800 GCTaskThread "GC Thread#5" [stack: 0x0000003313e00000,0x0000003313f00000] [id=15800]
  0x00000158d96fe800 GCTaskThread "GC Thread#6" [stack: 0x0000003313f00000,0x0000003314000000] [id=14964]
  0x00000158d96ff000 GCTaskThread "GC Thread#7" [stack: 0x0000003314000000,0x0000003314100000] [id=10352]
  0x00000158bc9f4800 ConcurrentGCThread "G1 Main Marker" [stack: 0x0000003311f00000,0x0000003312000000] [id=15816]
  0x00000158bc9f6000 ConcurrentGCThread "G1 Conc#0" [stack: 0x0000003312000000,0x0000003312100000] [id=15940]
  0x00000158da51e800 ConcurrentGCThread "G1 Conc#1" [stack: 0x0000003314400000,0x0000003314500000] [id=10588]
  0x00000158d7480800 ConcurrentGCThread "G1 Refine#0" [stack: 0x0000003312100000,0x0000003312200000] [id=10772]
  0x00000158d7481000 ConcurrentGCThread "G1 Young RemSet Sampling" [stack: 0x0000003312200000,0x0000003312300000] [id=12640]

Threads with active compile tasks:
C2 CompilerThread1  12963 6548       4       com.sun.beans.TypeResolver::resolve (37 bytes)
C2 CompilerThread2  12963 6542       4       java.beans.Introspector::addMethod (196 bytes)

VM state:not at safepoint (normal execution)

VM Mutex/Monitor currently owned by a thread: None

Heap address: 0x0000000080000000, size: 2048 MB, Compressed Oops mode: 32-bit
Narrow klass base: 0x0000000000000000, Narrow klass shift: 3
Compressed class space size: 1073741824 Address: 0x0000000100000000

Heap:
 garbage-first heap   total 187392K, used 105928K [0x0000000080000000, 0x0000000100000000)
  region size 1024K, 62 young (63488K), 8 survivors (8192K)
 Metaspace       used 67163K, capacity 68985K, committed 69120K, reserved 1110016K
  class space    used 8530K, capacity 9187K, committed 9216K, reserved 1048576K
Heap Regions: E=young(eden), S=young(survivor), O=old, HS=humongous(starts), HC=humongous(continues), CS=collection set, F=free, A=archive, TAMS=top-at-mark-start (previous, next)
|   0|0x0000000080000000, 0x0000000080100000, 0x0000000080100000|100%| O|  |TAMS 0x0000000080100000, 0x0000000080000000| Untracked 
|   1|0x0000000080100000, 0x0000000080200000, 0x0000000080200000|100%| O|  |TAMS 0x0000000080200000, 0x0000000080100000| Untracked 
|   2|0x0000000080200000, 0x0000000080300000, 0x0000000080300000|100%| O|  |TAMS 0x0000000080300000, 0x0000000080200000| Untracked 
|   3|0x0000000080300000, 0x0000000080400000, 0x0000000080400000|100%|HS|  |TAMS 0x0000000080400000, 0x0000000080300000| Complete 
|   4|0x0000000080400000, 0x0000000080500000, 0x0000000080500000|100%|HC|  |TAMS 0x0000000080500000, 0x0000000080400000| Complete 
|   5|0x0000000080500000, 0x0000000080600000, 0x0000000080600000|100%|HC|  |TAMS 0x0000000080600000, 0x0000000080500000| Complete 
|   6|0x0000000080600000, 0x0000000080700000, 0x0000000080700000|100%| O|  |TAMS 0x0000000080700000, 0x0000000080600000| Untracked 
|   7|0x0000000080700000, 0x0000000080800000, 0x0000000080800000|100%| O|  |TAMS 0x0000000080800000, 0x0000000080700000| Untracked 
|   8|0x0000000080800000, 0x0000000080900000, 0x0000000080900000|100%| O|  |TAMS 0x0000000080900000, 0x0000000080800000| Untracked 
|   9|0x0000000080900000, 0x0000000080a00000, 0x0000000080a00000|100%| O|  |TAMS 0x0000000080a00000, 0x0000000080900000| Untracked 
|  10|0x0000000080a00000, 0x0000000080b00000, 0x0000000080b00000|100%| O|  |TAMS 0x0000000080b00000, 0x0000000080a00000| Untracked 
|  11|0x0000000080b00000, 0x0000000080c00000, 0x0000000080c00000|100%| O|  |TAMS 0x0000000080c00000, 0x0000000080b00000| Untracked 
|  12|0x0000000080c00000, 0x0000000080d00000, 0x0000000080d00000|100%| O|  |TAMS 0x0000000080d00000, 0x0000000080c00000| Untracked 
|  13|0x0000000080d00000, 0x0000000080e00000, 0x0000000080e00000|100%| O|  |TAMS 0x0000000080e00000, 0x0000000080d00000| Untracked 
|  14|0x0000000080e00000, 0x0000000080f00000, 0x0000000080f00000|100%| O|  |TAMS 0x0000000080f00000, 0x0000000080e00000| Untracked 
|  15|0x0000000080f00000, 0x0000000081000000, 0x0000000081000000|100%| O|  |TAMS 0x0000000081000000, 0x0000000080f00000| Untracked 
|  16|0x0000000081000000, 0x0000000081100000, 0x0000000081100000|100%| O|  |TAMS 0x0000000081100000, 0x0000000081000000| Untracked 
|  17|0x0000000081100000, 0x0000000081200000, 0x0000000081200000|100%| O|  |TAMS 0x0000000081200000, 0x0000000081100000| Untracked 
|  18|0x0000000081200000, 0x0000000081300000, 0x0000000081300000|100%| O|  |TAMS 0x0000000081300000, 0x0000000081200000| Untracked 
|  19|0x0000000081300000, 0x0000000081400000, 0x0000000081400000|100%| O|  |TAMS 0x000000008133b000, 0x0000000081300000| Untracked 
|  20|0x0000000081400000, 0x0000000081500000, 0x0000000081500000|100%| O|  |TAMS 0x0000000081500000, 0x0000000081400000| Untracked 
|  21|0x0000000081500000, 0x0000000081600000, 0x0000000081600000|100%| O|  |TAMS 0x0000000081600000, 0x0000000081500000| Untracked 
|  22|0x0000000081600000, 0x0000000081700000, 0x0000000081700000|100%| O|  |TAMS 0x0000000081700000, 0x0000000081600000| Untracked 
|  23|0x0000000081700000, 0x0000000081800000, 0x0000000081800000|100%|HS|  |TAMS 0x0000000081700000, 0x0000000081700000| Complete 
|  24|0x0000000081800000, 0x0000000081900000, 0x0000000081900000|100%|HS|  |TAMS 0x0000000081800000, 0x0000000081800000| Complete 
|  25|0x0000000081900000, 0x0000000081a00000, 0x0000000081a00000|100%|HS|  |TAMS 0x0000000081900000, 0x0000000081900000| Complete 
|  26|0x0000000081a00000, 0x0000000081b00000, 0x0000000081b00000|100%|HC|  |TAMS 0x0000000081a00000, 0x0000000081a00000| Complete 
|  27|0x0000000081b00000, 0x0000000081c00000, 0x0000000081c00000|100%| O|  |TAMS 0x0000000081b00000, 0x0000000081b00000| Untracked 
|  28|0x0000000081c00000, 0x0000000081d00000, 0x0000000081d00000|100%| O|  |TAMS 0x0000000081c00000, 0x0000000081c00000| Untracked 
|  29|0x0000000081d00000, 0x0000000081e00000, 0x0000000081e00000|100%| O|  |TAMS 0x0000000081d00000, 0x0000000081d00000| Untracked 
|  30|0x0000000081e00000, 0x0000000081f00000, 0x0000000081f00000|100%| O|  |TAMS 0x0000000081e00000, 0x0000000081e00000| Untracked 
|  31|0x0000000081f00000, 0x0000000082000000, 0x0000000082000000|100%| O|  |TAMS 0x0000000081f00000, 0x0000000081f00000| Untracked 
|  32|0x0000000082000000, 0x0000000082100000, 0x0000000082100000|100%| O|  |TAMS 0x0000000082000000, 0x0000000082000000| Untracked 
|  33|0x0000000082100000, 0x0000000082200000, 0x0000000082200000|100%| O|  |TAMS 0x0000000082100000, 0x0000000082100000| Untracked 
|  34|0x0000000082200000, 0x0000000082300000, 0x0000000082300000|100%| O|  |TAMS 0x0000000082200000, 0x0000000082200000| Untracked 
|  35|0x0000000082300000, 0x0000000082400000, 0x0000000082400000|100%| O|  |TAMS 0x0000000082300000, 0x0000000082300000| Untracked 
|  36|0x0000000082400000, 0x0000000082500000, 0x0000000082500000|100%| O|  |TAMS 0x0000000082400000, 0x0000000082400000| Untracked 
|  37|0x0000000082500000, 0x0000000082600000, 0x0000000082600000|100%| O|  |TAMS 0x0000000082500000, 0x0000000082500000| Untracked 
|  38|0x0000000082600000, 0x0000000082700000, 0x0000000082700000|100%| O|  |TAMS 0x0000000082600000, 0x0000000082600000| Untracked 
|  39|0x0000000082700000, 0x0000000082800000, 0x0000000082800000|100%| O|  |TAMS 0x0000000082700000, 0x0000000082700000| Untracked 
|  40|0x0000000082800000, 0x0000000082900000, 0x0000000082900000|100%| O|  |TAMS 0x0000000082800000, 0x0000000082800000| Untracked 
|  41|0x0000000082900000, 0x0000000082972000, 0x0000000082a00000| 44%| O|  |TAMS 0x0000000082900000, 0x0000000082900000| Untracked 
|  42|0x0000000082a00000, 0x0000000082b00000, 0x0000000082b00000|100%|HS|  |TAMS 0x0000000082a00000, 0x0000000082a00000| Complete 
|  43|0x0000000082b00000, 0x0000000082b00000, 0x0000000082c00000|  0%| F|  |TAMS 0x0000000082b00000, 0x0000000082b00000| Untracked 
|  44|0x0000000082c00000, 0x0000000082c00000, 0x0000000082d00000|  0%| F|  |TAMS 0x0000000082c00000, 0x0000000082c00000| Untracked 
|  45|0x0000000082d00000, 0x0000000082d00000, 0x0000000082e00000|  0%| F|  |TAMS 0x0000000082d00000, 0x0000000082d00000| Untracked 
|  46|0x0000000082e00000, 0x0000000082e00000, 0x0000000082f00000|  0%| F|  |TAMS 0x0000000082e00000, 0x0000000082e00000| Untracked 
|  47|0x0000000082f00000, 0x0000000082f00000, 0x0000000083000000|  0%| F|  |TAMS 0x0000000082f00000, 0x0000000082f00000| Untracked 
|  48|0x0000000083000000, 0x0000000083000000, 0x0000000083100000|  0%| F|  |TAMS 0x0000000083000000, 0x0000000083000000| Untracked 
|  49|0x0000000083100000, 0x0000000083100000, 0x0000000083200000|  0%| F|  |TAMS 0x0000000083100000, 0x0000000083100000| Untracked 
|  50|0x0000000083200000, 0x0000000083200000, 0x0000000083300000|  0%| F|  |TAMS 0x0000000083200000, 0x0000000083200000| Untracked 
|  51|0x0000000083300000, 0x0000000083300000, 0x0000000083400000|  0%| F|  |TAMS 0x0000000083300000, 0x0000000083300000| Untracked 
|  52|0x0000000083400000, 0x0000000083400000, 0x0000000083500000|  0%| F|  |TAMS 0x0000000083400000, 0x0000000083400000| Untracked 
|  53|0x0000000083500000, 0x0000000083500000, 0x0000000083600000|  0%| F|  |TAMS 0x0000000083500000, 0x0000000083500000| Untracked 
|  54|0x0000000083600000, 0x0000000083600000, 0x0000000083700000|  0%| F|  |TAMS 0x0000000083600000, 0x0000000083600000| Untracked 
|  55|0x0000000083700000, 0x0000000083700000, 0x0000000083800000|  0%| F|  |TAMS 0x0000000083700000, 0x0000000083700000| Untracked 
|  56|0x0000000083800000, 0x0000000083800000, 0x0000000083900000|  0%| F|  |TAMS 0x0000000083800000, 0x0000000083800000| Untracked 
|  57|0x0000000083900000, 0x0000000083900000, 0x0000000083a00000|  0%| F|  |TAMS 0x0000000083900000, 0x0000000083900000| Untracked 
|  58|0x0000000083a00000, 0x0000000083a00000, 0x0000000083b00000|  0%| F|  |TAMS 0x0000000083a00000, 0x0000000083a00000| Untracked 
|  59|0x0000000083b00000, 0x0000000083b00000, 0x0000000083c00000|  0%| F|  |TAMS 0x0000000083b00000, 0x0000000083b00000| Untracked 
|  60|0x0000000083c00000, 0x0000000083c00000, 0x0000000083d00000|  0%| F|  |TAMS 0x0000000083c00000, 0x0000000083c00000| Untracked 
|  61|0x0000000083d00000, 0x0000000083d00000, 0x0000000083e00000|  0%| F|  |TAMS 0x0000000083d00000, 0x0000000083d00000| Untracked 
|  62|0x0000000083e00000, 0x0000000083e00000, 0x0000000083f00000|  0%| F|  |TAMS 0x0000000083e00000, 0x0000000083e00000| Untracked 
|  63|0x0000000083f00000, 0x0000000083f00000, 0x0000000084000000|  0%| F|  |TAMS 0x0000000083f00000, 0x0000000083f00000| Untracked 
|  64|0x0000000084000000, 0x0000000084000000, 0x0000000084100000|  0%| F|  |TAMS 0x0000000084000000, 0x0000000084000000| Untracked 
|  65|0x0000000084100000, 0x0000000084100000, 0x0000000084200000|  0%| F|  |TAMS 0x0000000084100000, 0x0000000084100000| Untracked 
|  66|0x0000000084200000, 0x0000000084200000, 0x0000000084300000|  0%| F|  |TAMS 0x0000000084200000, 0x0000000084200000| Untracked 
|  67|0x0000000084300000, 0x0000000084300000, 0x0000000084400000|  0%| F|  |TAMS 0x0000000084300000, 0x0000000084300000| Untracked 
|  68|0x0000000084400000, 0x0000000084400000, 0x0000000084500000|  0%| F|  |TAMS 0x0000000084400000, 0x0000000084400000| Untracked 
|  69|0x0000000084500000, 0x0000000084500000, 0x0000000084600000|  0%| F|  |TAMS 0x0000000084500000, 0x0000000084500000| Untracked 
|  70|0x0000000084600000, 0x0000000084600000, 0x0000000084700000|  0%| F|  |TAMS 0x0000000084600000, 0x0000000084600000| Untracked 
|  71|0x0000000084700000, 0x0000000084800000, 0x0000000084800000|100%| S|CS|TAMS 0x0000000084700000, 0x0000000084700000| Complete 
|  72|0x0000000084800000, 0x0000000084900000, 0x0000000084900000|100%| S|CS|TAMS 0x0000000084800000, 0x0000000084800000| Complete 
|  73|0x0000000084900000, 0x0000000084a00000, 0x0000000084a00000|100%| S|CS|TAMS 0x0000000084900000, 0x0000000084900000| Complete 
|  74|0x0000000084a00000, 0x0000000084b00000, 0x0000000084b00000|100%| S|CS|TAMS 0x0000000084a00000, 0x0000000084a00000| Complete 
|  75|0x0000000084b00000, 0x0000000084c00000, 0x0000000084c00000|100%| S|CS|TAMS 0x0000000084b00000, 0x0000000084b00000| Complete 
|  76|0x0000000084c00000, 0x0000000084d00000, 0x0000000084d00000|100%| S|CS|TAMS 0x0000000084c00000, 0x0000000084c00000| Complete 
|  77|0x0000000084d00000, 0x0000000084e00000, 0x0000000084e00000|100%| S|CS|TAMS 0x0000000084d00000, 0x0000000084d00000| Complete 
|  78|0x0000000084e00000, 0x0000000084f00000, 0x0000000084f00000|100%| S|CS|TAMS 0x0000000084e00000, 0x0000000084e00000| Complete 
|  79|0x0000000084f00000, 0x0000000084f00000, 0x0000000085000000|  0%| F|  |TAMS 0x0000000084f00000, 0x0000000084f00000| Untracked 
|  80|0x0000000085000000, 0x0000000085000000, 0x0000000085100000|  0%| F|  |TAMS 0x0000000085000000, 0x0000000085000000| Untracked 
|  81|0x0000000085100000, 0x0000000085100000, 0x0000000085200000|  0%| F|  |TAMS 0x0000000085100000, 0x0000000085100000| Untracked 
|  82|0x0000000085200000, 0x0000000085200000, 0x0000000085300000|  0%| F|  |TAMS 0x0000000085200000, 0x0000000085200000| Untracked 
|  83|0x0000000085300000, 0x0000000085300000, 0x0000000085400000|  0%| F|  |TAMS 0x0000000085300000, 0x0000000085300000| Untracked 
|  84|0x0000000085400000, 0x0000000085400000, 0x0000000085500000|  0%| F|  |TAMS 0x0000000085400000, 0x0000000085400000| Untracked 
|  85|0x0000000085500000, 0x0000000085500000, 0x0000000085600000|  0%| F|  |TAMS 0x0000000085500000, 0x0000000085500000| Untracked 
|  86|0x0000000085600000, 0x0000000085600000, 0x0000000085700000|  0%| F|  |TAMS 0x0000000085600000, 0x0000000085600000| Untracked 
|  87|0x0000000085700000, 0x0000000085700000, 0x0000000085800000|  0%| F|  |TAMS 0x0000000085700000, 0x0000000085700000| Untracked 
|  88|0x0000000085800000, 0x0000000085800000, 0x0000000085900000|  0%| F|  |TAMS 0x0000000085800000, 0x0000000085800000| Untracked 
|  89|0x0000000085900000, 0x0000000085900000, 0x0000000085a00000|  0%| F|  |TAMS 0x0000000085900000, 0x0000000085900000| Untracked 
|  90|0x0000000085a00000, 0x0000000085a00000, 0x0000000085b00000|  0%| F|  |TAMS 0x0000000085a00000, 0x0000000085a00000| Untracked 
|  91|0x0000000085b00000, 0x0000000085b00000, 0x0000000085c00000|  0%| F|  |TAMS 0x0000000085b00000, 0x0000000085b00000| Untracked 
|  92|0x0000000085c00000, 0x0000000085c00000, 0x0000000085d00000|  0%| F|  |TAMS 0x0000000085c00000, 0x0000000085c00000| Untracked 
|  93|0x0000000085d00000, 0x0000000085d00000, 0x0000000085e00000|  0%| F|  |TAMS 0x0000000085d00000, 0x0000000085d00000| Untracked 
|  94|0x0000000085e00000, 0x0000000085e00000, 0x0000000085f00000|  0%| F|  |TAMS 0x0000000085e00000, 0x0000000085e00000| Untracked 
|  95|0x0000000085f00000, 0x0000000085f00000, 0x0000000086000000|  0%| F|  |TAMS 0x0000000085f00000, 0x0000000085f00000| Untracked 
|  96|0x0000000086000000, 0x0000000086000000, 0x0000000086100000|  0%| F|  |TAMS 0x0000000086000000, 0x0000000086000000| Untracked 
|  97|0x0000000086100000, 0x0000000086100000, 0x0000000086200000|  0%| F|  |TAMS 0x0000000086100000, 0x0000000086100000| Untracked 
|  98|0x0000000086200000, 0x0000000086200000, 0x0000000086300000|  0%| F|  |TAMS 0x0000000086200000, 0x0000000086200000| Untracked 
|  99|0x0000000086300000, 0x0000000086300000, 0x0000000086400000|  0%| F|  |TAMS 0x0000000086300000, 0x0000000086300000| Untracked 
| 100|0x0000000086400000, 0x0000000086400000, 0x0000000086500000|  0%| F|  |TAMS 0x0000000086400000, 0x0000000086400000| Untracked 
| 101|0x0000000086500000, 0x0000000086500000, 0x0000000086600000|  0%| F|  |TAMS 0x0000000086500000, 0x0000000086500000| Untracked 
| 102|0x0000000086600000, 0x0000000086600000, 0x0000000086700000|  0%| F|  |TAMS 0x0000000086600000, 0x0000000086600000| Untracked 
| 103|0x0000000086700000, 0x0000000086700000, 0x0000000086800000|  0%| F|  |TAMS 0x0000000086700000, 0x0000000086700000| Untracked 
| 104|0x0000000086800000, 0x0000000086800000, 0x0000000086900000|  0%| F|  |TAMS 0x0000000086800000, 0x0000000086800000| Untracked 
| 105|0x0000000086900000, 0x0000000086900000, 0x0000000086a00000|  0%| F|  |TAMS 0x0000000086900000, 0x0000000086900000| Untracked 
| 106|0x0000000086a00000, 0x0000000086a00000, 0x0000000086b00000|  0%| F|  |TAMS 0x0000000086a00000, 0x0000000086a00000| Untracked 
| 107|0x0000000086b00000, 0x0000000086b00000, 0x0000000086c00000|  0%| F|  |TAMS 0x0000000086b00000, 0x0000000086b00000| Untracked 
| 108|0x0000000086c00000, 0x0000000086c00000, 0x0000000086d00000|  0%| F|  |TAMS 0x0000000086c00000, 0x0000000086c00000| Untracked 
| 109|0x0000000086d00000, 0x0000000086d00000, 0x0000000086e00000|  0%| F|  |TAMS 0x0000000086d00000, 0x0000000086d00000| Untracked 
| 110|0x0000000086e00000, 0x0000000086e00000, 0x0000000086f00000|  0%| F|  |TAMS 0x0000000086e00000, 0x0000000086e00000| Untracked 
| 111|0x0000000086f00000, 0x0000000086f00000, 0x0000000087000000|  0%| F|  |TAMS 0x0000000086f00000, 0x0000000086f00000| Untracked 
| 112|0x0000000087000000, 0x0000000087000000, 0x0000000087100000|  0%| F|  |TAMS 0x0000000087000000, 0x0000000087000000| Untracked 
| 113|0x0000000087100000, 0x0000000087100000, 0x0000000087200000|  0%| F|  |TAMS 0x0000000087100000, 0x0000000087100000| Untracked 
| 114|0x0000000087200000, 0x0000000087200000, 0x0000000087300000|  0%| F|  |TAMS 0x0000000087200000, 0x0000000087200000| Untracked 
| 115|0x0000000087300000, 0x0000000087300000, 0x0000000087400000|  0%| F|  |TAMS 0x0000000087300000, 0x0000000087300000| Untracked 
| 116|0x0000000087400000, 0x0000000087400000, 0x0000000087500000|  0%| F|  |TAMS 0x0000000087400000, 0x0000000087400000| Untracked 
| 117|0x0000000087500000, 0x0000000087500000, 0x0000000087600000|  0%| F|  |TAMS 0x0000000087500000, 0x0000000087500000| Untracked 
| 118|0x0000000087600000, 0x0000000087600000, 0x0000000087700000|  0%| F|  |TAMS 0x0000000087600000, 0x0000000087600000| Untracked 
| 119|0x0000000087700000, 0x0000000087700000, 0x0000000087800000|  0%| F|  |TAMS 0x0000000087700000, 0x0000000087700000| Untracked 
| 120|0x0000000087800000, 0x0000000087800000, 0x0000000087900000|  0%| F|  |TAMS 0x0000000087800000, 0x0000000087800000| Untracked 
| 121|0x0000000087900000, 0x0000000087900000, 0x0000000087a00000|  0%| F|  |TAMS 0x0000000087900000, 0x0000000087900000| Untracked 
| 122|0x0000000087a00000, 0x0000000087a00000, 0x0000000087b00000|  0%| F|  |TAMS 0x0000000087a00000, 0x0000000087a00000| Untracked 
| 123|0x0000000087b00000, 0x0000000087b00000, 0x0000000087c00000|  0%| F|  |TAMS 0x0000000087b00000, 0x0000000087b00000| Untracked 
| 124|0x0000000087c00000, 0x0000000087c00000, 0x0000000087d00000|  0%| F|  |TAMS 0x0000000087c00000, 0x0000000087c00000| Untracked 
| 125|0x0000000087d00000, 0x0000000087d00000, 0x0000000087e00000|  0%| F|  |TAMS 0x0000000087d00000, 0x0000000087d00000| Untracked 
| 126|0x0000000087e00000, 0x0000000087e00000, 0x0000000087f00000|  0%| F|  |TAMS 0x0000000087e00000, 0x0000000087e00000| Untracked 
| 127|0x0000000087f00000, 0x0000000087f00000, 0x0000000088000000|  0%| F|  |TAMS 0x0000000087f00000, 0x0000000087f00000| Untracked 
| 128|0x0000000088000000, 0x0000000088000000, 0x0000000088100000|  0%| F|  |TAMS 0x0000000088000000, 0x0000000088000000| Untracked 
| 129|0x0000000088100000, 0x0000000088200000, 0x0000000088200000|100%| E|  |TAMS 0x0000000088100000, 0x0000000088100000| Complete 
| 130|0x0000000088200000, 0x0000000088300000, 0x0000000088300000|100%| E|CS|TAMS 0x0000000088200000, 0x0000000088200000| Complete 
| 131|0x0000000088300000, 0x0000000088400000, 0x0000000088400000|100%| E|CS|TAMS 0x0000000088300000, 0x0000000088300000| Complete 
| 132|0x0000000088400000, 0x0000000088500000, 0x0000000088500000|100%| E|CS|TAMS 0x0000000088400000, 0x0000000088400000| Complete 
| 133|0x0000000088500000, 0x0000000088600000, 0x0000000088600000|100%| E|CS|TAMS 0x0000000088500000, 0x0000000088500000| Complete 
| 134|0x0000000088600000, 0x0000000088700000, 0x0000000088700000|100%| E|CS|TAMS 0x0000000088600000, 0x0000000088600000| Complete 
| 135|0x0000000088700000, 0x0000000088800000, 0x0000000088800000|100%| E|CS|TAMS 0x0000000088700000, 0x0000000088700000| Complete 
| 136|0x0000000088800000, 0x0000000088900000, 0x0000000088900000|100%| E|CS|TAMS 0x0000000088800000, 0x0000000088800000| Complete 
| 137|0x0000000088900000, 0x0000000088a00000, 0x0000000088a00000|100%| E|CS|TAMS 0x0000000088900000, 0x0000000088900000| Complete 
| 138|0x0000000088a00000, 0x0000000088b00000, 0x0000000088b00000|100%| E|CS|TAMS 0x0000000088a00000, 0x0000000088a00000| Complete 
| 139|0x0000000088b00000, 0x0000000088c00000, 0x0000000088c00000|100%| E|CS|TAMS 0x0000000088b00000, 0x0000000088b00000| Complete 
| 140|0x0000000088c00000, 0x0000000088d00000, 0x0000000088d00000|100%| E|CS|TAMS 0x0000000088c00000, 0x0000000088c00000| Complete 
| 141|0x0000000088d00000, 0x0000000088e00000, 0x0000000088e00000|100%| E|CS|TAMS 0x0000000088d00000, 0x0000000088d00000| Complete 
| 142|0x0000000088e00000, 0x0000000088f00000, 0x0000000088f00000|100%| E|CS|TAMS 0x0000000088e00000, 0x0000000088e00000| Complete 
| 143|0x0000000088f00000, 0x0000000089000000, 0x0000000089000000|100%| E|CS|TAMS 0x0000000088f00000, 0x0000000088f00000| Complete 
| 144|0x0000000089000000, 0x0000000089100000, 0x0000000089100000|100%| E|CS|TAMS 0x0000000089000000, 0x0000000089000000| Complete 
| 145|0x0000000089100000, 0x0000000089200000, 0x0000000089200000|100%| E|CS|TAMS 0x0000000089100000, 0x0000000089100000| Complete 
| 146|0x0000000089200000, 0x0000000089300000, 0x0000000089300000|100%| E|CS|TAMS 0x0000000089200000, 0x0000000089200000| Complete 
| 147|0x0000000089300000, 0x0000000089400000, 0x0000000089400000|100%| E|CS|TAMS 0x0000000089300000, 0x0000000089300000| Complete 
| 148|0x0000000089400000, 0x0000000089500000, 0x0000000089500000|100%| E|CS|TAMS 0x0000000089400000, 0x0000000089400000| Complete 
| 149|0x0000000089500000, 0x0000000089600000, 0x0000000089600000|100%| E|CS|TAMS 0x0000000089500000, 0x0000000089500000| Complete 
| 150|0x0000000089600000, 0x0000000089700000, 0x0000000089700000|100%| E|CS|TAMS 0x0000000089600000, 0x0000000089600000| Complete 
| 151|0x0000000089700000, 0x0000000089800000, 0x0000000089800000|100%| E|CS|TAMS 0x0000000089700000, 0x0000000089700000| Complete 
| 152|0x0000000089800000, 0x0000000089900000, 0x0000000089900000|100%| E|CS|TAMS 0x0000000089800000, 0x0000000089800000| Complete 
| 153|0x0000000089900000, 0x0000000089a00000, 0x0000000089a00000|100%| E|CS|TAMS 0x0000000089900000, 0x0000000089900000| Complete 
| 154|0x0000000089a00000, 0x0000000089b00000, 0x0000000089b00000|100%| E|CS|TAMS 0x0000000089a00000, 0x0000000089a00000| Complete 
| 155|0x0000000089b00000, 0x0000000089c00000, 0x0000000089c00000|100%| E|CS|TAMS 0x0000000089b00000, 0x0000000089b00000| Complete 
| 156|0x0000000089c00000, 0x0000000089d00000, 0x0000000089d00000|100%| E|CS|TAMS 0x0000000089c00000, 0x0000000089c00000| Complete 
| 157|0x0000000089d00000, 0x0000000089e00000, 0x0000000089e00000|100%| E|CS|TAMS 0x0000000089d00000, 0x0000000089d00000| Complete 
| 158|0x0000000089e00000, 0x0000000089f00000, 0x0000000089f00000|100%| E|CS|TAMS 0x0000000089e00000, 0x0000000089e00000| Complete 
| 159|0x0000000089f00000, 0x000000008a000000, 0x000000008a000000|100%| E|CS|TAMS 0x0000000089f00000, 0x0000000089f00000| Complete 
| 160|0x000000008a000000, 0x000000008a100000, 0x000000008a100000|100%| E|CS|TAMS 0x000000008a000000, 0x000000008a000000| Complete 
| 161|0x000000008a100000, 0x000000008a200000, 0x000000008a200000|100%| E|CS|TAMS 0x000000008a100000, 0x000000008a100000| Complete 
| 162|0x000000008a200000, 0x000000008a300000, 0x000000008a300000|100%| E|CS|TAMS 0x000000008a200000, 0x000000008a200000| Complete 
| 163|0x000000008a300000, 0x000000008a400000, 0x000000008a400000|100%| E|CS|TAMS 0x000000008a300000, 0x000000008a300000| Complete 
| 164|0x000000008a400000, 0x000000008a500000, 0x000000008a500000|100%| E|CS|TAMS 0x000000008a400000, 0x000000008a400000| Complete 
| 165|0x000000008a500000, 0x000000008a600000, 0x000000008a600000|100%| E|CS|TAMS 0x000000008a500000, 0x000000008a500000| Complete 
| 166|0x000000008a600000, 0x000000008a700000, 0x000000008a700000|100%| E|CS|TAMS 0x000000008a600000, 0x000000008a600000| Complete 
| 167|0x000000008a700000, 0x000000008a800000, 0x000000008a800000|100%| E|CS|TAMS 0x000000008a700000, 0x000000008a700000| Complete 
| 168|0x000000008a800000, 0x000000008a900000, 0x000000008a900000|100%| E|CS|TAMS 0x000000008a800000, 0x000000008a800000| Complete 
| 169|0x000000008a900000, 0x000000008aa00000, 0x000000008aa00000|100%| E|CS|TAMS 0x000000008a900000, 0x000000008a900000| Complete 
| 170|0x000000008aa00000, 0x000000008ab00000, 0x000000008ab00000|100%| E|CS|TAMS 0x000000008aa00000, 0x000000008aa00000| Complete 
| 171|0x000000008ab00000, 0x000000008ac00000, 0x000000008ac00000|100%| E|CS|TAMS 0x000000008ab00000, 0x000000008ab00000| Complete 
| 172|0x000000008ac00000, 0x000000008ad00000, 0x000000008ad00000|100%| E|CS|TAMS 0x000000008ac00000, 0x000000008ac00000| Complete 
| 173|0x000000008ad00000, 0x000000008ae00000, 0x000000008ae00000|100%| E|CS|TAMS 0x000000008ad00000, 0x000000008ad00000| Complete 
| 174|0x000000008ae00000, 0x000000008af00000, 0x000000008af00000|100%| E|CS|TAMS 0x000000008ae00000, 0x000000008ae00000| Complete 
| 175|0x000000008af00000, 0x000000008b000000, 0x000000008b000000|100%| E|CS|TAMS 0x000000008af00000, 0x000000008af00000| Complete 
| 176|0x000000008b000000, 0x000000008b100000, 0x000000008b100000|100%| E|CS|TAMS 0x000000008b000000, 0x000000008b000000| Complete 
| 177|0x000000008b100000, 0x000000008b200000, 0x000000008b200000|100%| E|CS|TAMS 0x000000008b100000, 0x000000008b100000| Complete 
| 178|0x000000008b200000, 0x000000008b300000, 0x000000008b300000|100%| E|CS|TAMS 0x000000008b200000, 0x000000008b200000| Complete 
| 179|0x000000008b300000, 0x000000008b400000, 0x000000008b400000|100%| E|CS|TAMS 0x000000008b300000, 0x000000008b300000| Complete 
| 180|0x000000008b400000, 0x000000008b500000, 0x000000008b500000|100%| E|CS|TAMS 0x000000008b400000, 0x000000008b400000| Complete 
| 181|0x000000008b500000, 0x000000008b600000, 0x000000008b600000|100%| E|CS|TAMS 0x000000008b500000, 0x000000008b500000| Complete 
| 182|0x000000008b600000, 0x000000008b700000, 0x000000008b700000|100%| E|CS|TAMS 0x000000008b600000, 0x000000008b600000| Complete 

Card table byte_map: [0x00000158d0360000,0x00000158d0760000] _byte_map_base: 0x00000158cff60000

Marking Bits (Prev, Next): (CMBitMap*) 0x00000158bc9eba10, (CMBitMap*) 0x00000158bc9eb9d8
 Prev Bits: [0x00000158d2b60000, 0x00000158d4b60000)
 Next Bits: [0x00000158d0b60000, 0x00000158d2b60000)

Polling page: 0x00000158bca90000

Metaspace:

Usage:
  Non-class:     58.40 MB capacity,    57.29 MB ( 98%) used,   963.45 KB (  2%) free+waste,   172.25 KB ( <1%) overhead. 
      Class:      8.97 MB capacity,     8.33 MB ( 93%) used,   571.85 KB (  6%) free+waste,    80.44 KB ( <1%) overhead. 
       Both:     67.37 MB capacity,    65.62 MB ( 97%) used,     1.50 MB (  2%) free+waste,   252.69 KB ( <1%) overhead. 

Virtual space:
  Non-class space:       60.00 MB reserved,      58.50 MB ( 98%) committed 
      Class space:        1.00 GB reserved,       9.00 MB ( <1%) committed 
             Both:        1.06 GB reserved,      67.50 MB (  6%) committed 

Chunk freelists:
   Non-Class:  42.00 KB
       Class:  29.00 KB
        Both:  71.00 KB

MaxMetaspaceSize: 17179869184.00 GB
CompressedClassSpaceSize: 1.00 GB
Initial GC threshold: 20.80 MB
Current GC threshold: 76.11 MB
CDS: off

CodeHeap 'non-profiled nmethods': size=120000Kb used=4183Kb max_used=4183Kb free=115816Kb
 bounds [0x00000158c7fb0000, 0x00000158c83d0000, 0x00000158cf4e0000]
CodeHeap 'profiled nmethods': size=120000Kb used=13910Kb max_used=13910Kb free=106089Kb
 bounds [0x00000158c0a80000, 0x00000158c1820000, 0x00000158c7fb0000]
CodeHeap 'non-nmethods': size=5760Kb used=2361Kb max_used=2405Kb free=3398Kb
 bounds [0x00000158c04e0000, 0x00000158c0750000, 0x00000158c0a80000]
 total_blobs=7414 nmethods=6557 adapters=769
 compilation: enabled
              stopped_count=0, restarted_count=0
 full_count=0

Compilation events (20 events):
Event: 12.878 Thread 0x00000158d7658000 6565       1       org.codehaus.groovy.runtime.callsite.AbstractCallSite::getArray (5 bytes)
Event: 12.878 Thread 0x00000158d7658000 nmethod 6565 0x00000158c83bc810 code [0x00000158c83bc9c0, 0x00000158c83bca78]
Event: 12.878 Thread 0x00000158d7658000 6566       1       org.gradle.api.internal.collections.AbstractIterationOrderRetainingElementSource$ValuePointer::getElement (5 bytes)
Event: 12.878 Thread 0x00000158d7658000 nmethod 6566 0x00000158c83bcb10 code [0x00000158c83bccc0, 0x00000158c83bcd78]
Event: 12.878 Thread 0x00000158d7658000 6567       1       org.gradle.api.internal.collections.AbstractIterationOrderRetainingElementSource$ValuePointer::getIndex (5 bytes)
Event: 12.878 Thread 0x00000158d7658000 nmethod 6567 0x00000158c83bce10 code [0x00000158c83bcfc0, 0x00000158c83bd078]
Event: 12.906 Thread 0x00000158d7658000 6568       2       jdk.internal.loader.BuiltinClassLoader::hasClassPath (13 bytes)
Event: 12.906 Thread 0x00000158d7658000 nmethod 6568 0x00000158c1814c90 code [0x00000158c1814e40, 0x00000158c1814f58]
Event: 12.907 Thread 0x00000158d7658000 6569       3       jdk.internal.loader.URLClassPath::findResource (38 bytes)
Event: 12.907 Thread 0x00000158d7658000 nmethod 6569 0x00000158c1815010 code [0x00000158c18151e0, 0x00000158c18154f8]
Event: 12.909 Thread 0x00000158d7658000 6570       3       java.lang.String::contains (19 bytes)
Event: 12.910 Thread 0x00000158d7658000 nmethod 6570 0x00000158c1815610 code [0x00000158c18157e0, 0x00000158c1815a38]
Event: 12.926 Thread 0x00000158d7657000 nmethod 6549 0x00000158c83bd110 code [0x00000158c83bd460, 0x00000158c83c0778]
Event: 12.926 Thread 0x00000158d7657000 6553       4       com.sun.beans.introspect.MethodInfo$MethodOrder::compare (167 bytes)
Event: 12.936 Thread 0x00000158d7657000 nmethod 6553 0x00000158c83c1d90 code [0x00000158c83c1fa0, 0x00000158c83c2ae0]
Event: 12.936 Thread 0x00000158d7657000 6552       4       com.sun.beans.introspect.MethodInfo$MethodOrder::compare (13 bytes)
Event: 12.937 Thread 0x00000158d7657000 nmethod 6552 0x00000158c83c3110 code [0x00000158c83c32c0, 0x00000158c83c33a8]
Event: 12.937 Thread 0x00000158d7657000 6554       4       java.util.Hashtable$Enumerator::hasMoreElements (53 bytes)
Event: 12.941 Thread 0x00000158d7657000 nmethod 6554 0x00000158c83c3510 code [0x00000158c83c36a0, 0x00000158c83c38b8]
Event: 12.941 Thread 0x00000158d7657000 6555       4       java.util.Hashtable$Enumerator::hasNext (5 bytes)

GC Heap History (20 events):
Event: 0.724 GC heap before
{Heap before GC invocations=0 (full 0):
 garbage-first heap   total 126976K, used 29696K [0x0000000080000000, 0x0000000100000000)
  region size 1024K, 24 young (24576K), 0 survivors (0K)
 Metaspace       used 10216K, capacity 10424K, committed 10624K, reserved 1058816K
  class space    used 1069K, capacity 1140K, committed 1152K, reserved 1048576K
}
Event: 0.729 GC heap after
{Heap after GC invocations=1 (full 0):
 garbage-first heap   total 126976K, used 9316K [0x0000000080000000, 0x0000000100000000)
  region size 1024K, 3 young (3072K), 3 survivors (3072K)
 Metaspace       used 10216K, capacity 10424K, committed 10624K, reserved 1058816K
  class space    used 1069K, capacity 1140K, committed 1152K, reserved 1048576K
}
Event: 1.760 GC heap before
{Heap before GC invocations=1 (full 0):
 garbage-first heap   total 126976K, used 82020K [0x0000000080000000, 0x0000000100000000)
  region size 1024K, 74 young (75776K), 3 survivors (3072K)
 Metaspace       used 17492K, capacity 17874K, committed 18176K, reserved 1064960K
  class space    used 2060K, capacity 2178K, committed 2304K, reserved 1048576K
}
Event: 1.765 GC heap after
{Heap after GC invocations=2 (full 0):
 garbage-first heap   total 126976K, used 15968K [0x0000000080000000, 0x0000000100000000)
  region size 1024K, 10 young (10240K), 10 survivors (10240K)
 Metaspace       used 17492K, capacity 17874K, committed 18176K, reserved 1064960K
  class space    used 2060K, capacity 2178K, committed 2304K, reserved 1048576K
}
Event: 2.023 GC heap before
{Heap before GC invocations=2 (full 0):
 garbage-first heap   total 126976K, used 47712K [0x0000000080000000, 0x0000000100000000)
  region size 1024K, 42 young (43008K), 10 survivors (10240K)
 Metaspace       used 20783K, capacity 21152K, committed 21296K, reserved 1069056K
  class space    used 2562K, capacity 2717K, committed 2816K, reserved 1048576K
}
Event: 2.029 GC heap after
{Heap after GC invocations=3 (full 0):
 garbage-first heap   total 126976K, used 16914K [0x0000000080000000, 0x0000000100000000)
  region size 1024K, 2 young (2048K), 2 survivors (2048K)
 Metaspace       used 20783K, capacity 21152K, committed 21296K, reserved 1069056K
  class space    used 2562K, capacity 2717K, committed 2816K, reserved 1048576K
}
Event: 2.623 GC heap before
{Heap before GC invocations=4 (full 0):
 garbage-first heap   total 126976K, used 76306K [0x0000000080000000, 0x0000000100000000)
  region size 1024K, 60 young (61440K), 2 survivors (2048K)
 Metaspace       used 26987K, capacity 27625K, committed 27904K, reserved 1073152K
  class space    used 3526K, capacity 3736K, committed 3840K, reserved 1048576K
}
Event: 2.631 GC heap after
{Heap after GC invocations=5 (full 0):
 garbage-first heap   total 126976K, used 18905K [0x0000000080000000, 0x0000000100000000)
  region size 1024K, 4 young (4096K), 4 survivors (4096K)
 Metaspace       used 26987K, capacity 27625K, committed 27904K, reserved 1073152K
  class space    used 3526K, capacity 3736K, committed 3840K, reserved 1048576K
}
Event: 3.516 GC heap before
{Heap before GC invocations=6 (full 0):
 garbage-first heap   total 126976K, used 82393K [0x0000000080000000, 0x0000000100000000)
  region size 1024K, 67 young (68608K), 4 survivors (4096K)
 Metaspace       used 36962K, capacity 37794K, committed 37888K, reserved 1081344K
  class space    used 4765K, capacity 5084K, committed 5120K, reserved 1048576K
}
Event: 3.523 GC heap after
{Heap after GC invocations=7 (full 0):
 garbage-first heap   total 126976K, used 23378K [0x0000000080000000, 0x0000000100000000)
  region size 1024K, 8 young (8192K), 8 survivors (8192K)
 Metaspace       used 36962K, capacity 37794K, committed 37888K, reserved 1081344K
  class space    used 4765K, capacity 5084K, committed 5120K, reserved 1048576K
}
Event: 4.152 GC heap before
{Heap before GC invocations=7 (full 0):
 garbage-first heap   total 126976K, used 91986K [0x0000000080000000, 0x0000000100000000)
  region size 1024K, 71 young (72704K), 8 survivors (8192K)
 Metaspace       used 42752K, capacity 43774K, committed 44032K, reserved 1087488K
  class space    used 5441K, capacity 5806K, committed 5888K, reserved 1048576K
}
Event: 4.160 GC heap after
{Heap after GC invocations=8 (full 0):
 garbage-first heap   total 152576K, used 26780K [0x0000000080000000, 0x0000000100000000)
  region size 1024K, 8 young (8192K), 8 survivors (8192K)
 Metaspace       used 42752K, capacity 43774K, committed 44032K, reserved 1087488K
  class space    used 5441K, capacity 5806K, committed 5888K, reserved 1048576K
}
Event: 4.577 GC heap before
{Heap before GC invocations=8 (full 0):
 garbage-first heap   total 152576K, used 70812K [0x0000000080000000, 0x0000000100000000)
  region size 1024K, 52 young (53248K), 8 survivors (8192K)
 Metaspace       used 45358K, capacity 46425K, committed 46508K, reserved 1089536K
  class space    used 5827K, capacity 6224K, committed 6272K, reserved 1048576K
}
Event: 4.591 GC heap after
{Heap after GC invocations=9 (full 0):
 garbage-first heap   total 152576K, used 29084K [0x0000000080000000, 0x0000000100000000)
  region size 1024K, 7 young (7168K), 7 survivors (7168K)
 Metaspace       used 45358K, capacity 46425K, committed 46508K, reserved 1089536K
  class space    used 5827K, capacity 6224K, committed 6272K, reserved 1048576K
}
Event: 6.204 GC heap before
{Heap before GC invocations=10 (full 0):
 garbage-first heap   total 152576K, used 107932K [0x0000000080000000, 0x0000000100000000)
  region size 1024K, 81 young (82944K), 7 survivors (7168K)
 Metaspace       used 48297K, capacity 49672K, committed 49792K, reserved 1091584K
  class space    used 6200K, capacity 6703K, committed 6784K, reserved 1048576K
}
Event: 6.237 GC heap after
{Heap after GC invocations=11 (full 0):
 garbage-first heap   total 152576K, used 42243K [0x0000000080000000, 0x0000000100000000)
  region size 1024K, 11 young (11264K), 11 survivors (11264K)
 Metaspace       used 48297K, capacity 49672K, committed 49792K, reserved 1091584K
  class space    used 6200K, capacity 6703K, committed 6784K, reserved 1048576K
}
Event: 11.283 GC heap before
{Heap before GC invocations=11 (full 0):
 garbage-first heap   total 152576K, used 109827K [0x0000000080000000, 0x0000000100000000)
  region size 1024K, 77 young (78848K), 11 survivors (11264K)
 Metaspace       used 57369K, capacity 58839K, committed 59136K, reserved 1099776K
  class space    used 7287K, capacity 7850K, committed 7936K, reserved 1048576K
}
Event: 11.314 GC heap after
{Heap after GC invocations=12 (full 0):
 garbage-first heap   total 152576K, used 45695K [0x0000000080000000, 0x0000000100000000)
  region size 1024K, 4 young (4096K), 4 survivors (4096K)
 Metaspace       used 57369K, capacity 58839K, committed 59136K, reserved 1099776K
  class space    used 7287K, capacity 7850K, committed 7936K, reserved 1048576K
}
Event: 12.349 GC heap before
{Heap before GC invocations=12 (full 0):
 garbage-first heap   total 152576K, used 112255K [0x0000000080000000, 0x0000000100000000)
  region size 1024K, 70 young (71680K), 4 survivors (4096K)
 Metaspace       used 64798K, capacity 66531K, committed 66816K, reserved 1107968K
  class space    used 8203K, capacity 8846K, committed 8960K, reserved 1048576K
}
Event: 12.357 GC heap after
{Heap after GC invocations=13 (full 0):
 garbage-first heap   total 187392K, used 50632K [0x0000000080000000, 0x0000000100000000)
  region size 1024K, 8 young (8192K), 8 survivors (8192K)
 Metaspace       used 64798K, capacity 66531K, committed 66816K, reserved 1107968K
  class space    used 8203K, capacity 8846K, committed 8960K, reserved 1048576K
}

Deoptimization events (20 events):
Event: 12.688 Thread 0x00000158d8d4d800 Uncommon trap: trap_request=0xffffff4d fr.pc=0x00000158c8165380 relative=0x0000000000000340
Event: 12.688 Thread 0x00000158d8d4d800 Uncommon trap: reason=unstable_if action=reinterpret pc=0x00000158c8165380 method=java.util.StringJoiner.add(Ljava/lang/CharSequence;)Ljava/util/StringJoiner; @ 33 c2
Event: 12.688 Thread 0x00000158d8d4d800 DEOPT PACKING pc=0x00000158c8165380 sp=0x00000033137f5ad0
Event: 12.688 Thread 0x00000158d8d4d800 DEOPT UNPACKING pc=0x00000158c04e85af sp=0x00000033137f5a80 mode 2
Event: 12.768 Thread 0x00000158d8d4d800 Uncommon trap: trap_request=0xfffffff4 fr.pc=0x00000158c83a53b0 relative=0x0000000000000a10
Event: 12.768 Thread 0x00000158d8d4d800 Uncommon trap: reason=null_check action=make_not_entrant pc=0x00000158c83a53b0 method=com.sun.beans.introspect.MethodInfo$MethodOrder.compare(Ljava/lang/reflect/Method;Ljava/lang/reflect/Method;)I @ 133 c2
Event: 12.768 Thread 0x00000158d8d4d800 DEOPT PACKING pc=0x00000158c83a53b0 sp=0x00000033137f3a70
Event: 12.768 Thread 0x00000158d8d4d800 DEOPT UNPACKING pc=0x00000158c04e85af sp=0x00000033137f39a0 mode 2
Event: 12.792 Thread 0x00000158d8d4d800 Uncommon trap: trap_request=0xffffffdc fr.pc=0x00000158c83b83ec relative=0x00000000000002ac
Event: 12.792 Thread 0x00000158d8d4d800 Uncommon trap: reason=class_check action=make_not_entrant pc=0x00000158c83b83ec method=java.util.ArrayList.toArray([Ljava/lang/Object;)[Ljava/lang/Object; @ 21 c2
Event: 12.792 Thread 0x00000158d8d4d800 DEOPT PACKING pc=0x00000158c83b83ec sp=0x00000033137f5d10
Event: 12.792 Thread 0x00000158d8d4d800 DEOPT UNPACKING pc=0x00000158c04e85af sp=0x00000033137f5cd0 mode 2
Event: 12.841 Thread 0x00000158d8d4d800 Uncommon trap: trap_request=0xfffffff4 fr.pc=0x00000158c83b0870 relative=0x0000000000000b30
Event: 12.841 Thread 0x00000158d8d4d800 Uncommon trap: reason=null_check action=make_not_entrant pc=0x00000158c83b0870 method=com.sun.beans.introspect.MethodInfo$MethodOrder.compare(Ljava/lang/reflect/Method;Ljava/lang/reflect/Method;)I @ 145 c2
Event: 12.841 Thread 0x00000158d8d4d800 DEOPT PACKING pc=0x00000158c83b0870 sp=0x00000033137f2750
Event: 12.841 Thread 0x00000158d8d4d800 DEOPT UNPACKING pc=0x00000158c04e85af sp=0x00000033137f2680 mode 2
Event: 12.841 Thread 0x00000158d8d4d800 Uncommon trap: trap_request=0xfffffff4 fr.pc=0x00000158c83b1bd0 relative=0x00000000000009b0
Event: 12.841 Thread 0x00000158d8d4d800 Uncommon trap: reason=null_check action=make_not_entrant pc=0x00000158c83b1bd0 method=com.sun.beans.introspect.MethodInfo$MethodOrder.compare(Ljava/lang/reflect/Method;Ljava/lang/reflect/Method;)I @ 145 c2
Event: 12.841 Thread 0x00000158d8d4d800 DEOPT PACKING pc=0x00000158c83b1bd0 sp=0x00000033137f26c0
Event: 12.841 Thread 0x00000158d8d4d800 DEOPT UNPACKING pc=0x00000158c04e85af sp=0x00000033137f2678 mode 2

Classes redefined (0 events):
No events

Internal exceptions (20 events):
Event: 12.840 Thread 0x00000158d8d4d800 Exception <a 'java/lang/ClassNotFoundException'{0x0000000088bfbab8}: com/android/builder/core/AbstractBuildTypeBeanInfo> (0x0000000088bfbab8) thrown at [./src/hotspot/share/classfile/systemDictionary.cpp, line 231]
Event: 12.841 Thread 0x00000158d8d4d800 Exception <a 'java/lang/ClassNotFoundException'{0x0000000088a16700}: com/android/builder/core/AbstractBuildTypeCustomizer> (0x0000000088a16700) thrown at [./src/hotspot/share/classfile/systemDictionary.cpp, line 231]
Event: 12.841 Thread 0x00000158d8d4d800 Implicit null exception at 0x00000158c83b03fb to 0x00000158c83b085c
Event: 12.842 Thread 0x00000158d8d4d800 Exception <a 'java/lang/ClassNotFoundException'{0x0000000088a4cd40}: com/android/build/gradle/internal/dsl/BuildTypeCustomizer> (0x0000000088a4cd40) thrown at [./src/hotspot/share/classfile/systemDictionary.cpp, line 231]
Event: 12.847 Thread 0x00000158d8d4d800 Exception <a 'java/lang/ClassNotFoundException'{0x0000000088ae3a68}: com/android/build/gradle/internal/dsl/BuildType$AgpDecoratedCustomizer> (0x0000000088ae3a68) thrown at [./src/hotspot/share/classfile/systemDictionary.cpp, line 231]
Event: 12.849 Thread 0x00000158d8d4d800 Exception <a 'java/lang/ClassNotFoundException'{0x0000000088935128}: com/android/build/gradle/internal/dsl/BuildType$AgpDecorated_DecoratedCustomizer> (0x0000000088935128) thrown at [./src/hotspot/share/classfile/systemDictionary.cpp, line 231]
Event: 12.855 Thread 0x00000158d8d4d800 Exception <a 'java/lang/ClassNotFoundException'{0x0000000088801968}: build_91oca4ycd2wupeu6fin9hv87b$_run_closure1$_closure4BeanInfo> (0x0000000088801968) thrown at [./src/hotspot/share/classfile/systemDictionary.cpp, line 231]
Event: 12.856 Thread 0x00000158d8d4d800 Exception <a 'java/lang/ClassNotFoundException'{0x0000000088812d90}: build_91oca4ycd2wupeu6fin9hv87b$_run_closure1$_closure4Customizer> (0x0000000088812d90) thrown at [./src/hotspot/share/classfile/systemDictionary.cpp, line 231]
Event: 12.859 Thread 0x00000158d8d4d800 Exception <a 'java/lang/ClassNotFoundException'{0x000000008883f1f0}: build_91oca4ycd2wupeu6fin9hv87b$_run_closure1BeanInfo> (0x000000008883f1f0) thrown at [./src/hotspot/share/classfile/systemDictionary.cpp, line 231]
Event: 12.860 Thread 0x00000158d8d4d800 Exception <a 'java/lang/ClassNotFoundException'{0x000000008884fbb0}: build_91oca4ycd2wupeu6fin9hv87b$_run_closure1Customizer> (0x000000008884fbb0) thrown at [./src/hotspot/share/classfile/systemDictionary.cpp, line 231]
Event: 12.866 Thread 0x00000158d8d4d800 Exception <a 'java/lang/ClassNotFoundException'{0x00000000888b5fd8}: org/gradle/api/JavaVersionBeanInfo> (0x00000000888b5fd8) thrown at [./src/hotspot/share/classfile/systemDictionary.cpp, line 231]
Event: 12.866 Thread 0x00000158d8d4d800 Exception <a 'java/lang/ClassNotFoundException'{0x00000000888c1db0}: java/lang/EnumBeanInfo> (0x00000000888c1db0) thrown at [./src/hotspot/share/classfile/systemDictionary.cpp, line 231]
Event: 12.867 Thread 0x00000158d8d4d800 Exception <a 'java/lang/ClassNotFoundException'{0x00000000888cdbf8}: java/lang/EnumCustomizer> (0x00000000888cdbf8) thrown at [./src/hotspot/share/classfile/systemDictionary.cpp, line 231]
Event: 12.868 Thread 0x00000158d8d4d800 Exception <a 'java/lang/ClassNotFoundException'{0x00000000888fefa8}: org/gradle/api/JavaVersionCustomizer> (0x00000000888fefa8) thrown at [./src/hotspot/share/classfile/systemDictionary.cpp, line 231]
Event: 12.871 Thread 0x00000158d8d4d800 Exception <a 'java/lang/ClassNotFoundException'{0x00000000887672e8}: com/android/build/gradle/internal/CompileOptions$AgpDecorated_DecoratedBeanInfo> (0x00000000887672e8) thrown at [./src/hotspot/share/classfile/systemDictionary.cpp, line 231]
Event: 12.871 Thread 0x00000158d8d4d800 Exception <a 'java/lang/ClassNotFoundException'{0x0000000088782f28}: com/android/build/gradle/internal/CompileOptions$AgpDecoratedBeanInfo> (0x0000000088782f28) thrown at [./src/hotspot/share/classfile/systemDictionary.cpp, line 231]
Event: 12.872 Thread 0x00000158d8d4d800 Exception <a 'java/lang/ClassNotFoundException'{0x000000008879cad8}: com/android/build/gradle/internal/CompileOptionsBeanInfo> (0x000000008879cad8) thrown at [./src/hotspot/share/classfile/systemDictionary.cpp, line 231]
Event: 12.872 Thread 0x00000158d8d4d800 Exception <a 'java/lang/ClassNotFoundException'{0x00000000887b6c78}: com/android/build/gradle/internal/CompileOptionsCustomizer> (0x00000000887b6c78) thrown at [./src/hotspot/share/classfile/systemDictionary.cpp, line 231]
Event: 12.873 Thread 0x00000158d8d4d800 Exception <a 'java/lang/ClassNotFoundException'{0x00000000887de360}: com/android/build/gradle/internal/CompileOptions$AgpDecoratedCustomizer> (0x00000000887de360) thrown at [./src/hotspot/share/classfile/systemDictionary.cpp, line 231]
Event: 12.874 Thread 0x00000158d8d4d800 Exception <a 'java/lang/ClassNotFoundException'{0x0000000088609448}: com/android/build/gradle/internal/CompileOptions$AgpDecorated_DecoratedCustomizer> (0x0000000088609448) thrown at [./src/hotspot/share/classfile/systemDictionary.cpp, line 231]

Events (20 events):
Event: 12.939 loading class com/android/build/gradle/internal/core/VariantDslInfoImpl$initApplicationId$appIdFromFlavors$1
Event: 12.939 loading class com/android/build/gradle/internal/core/VariantDslInfoImpl$initApplicationId$appIdFromFlavors$1 done
Event: 12.939 loading class kotlin/sequences/Sequence
Event: 12.939 loading class kotlin/sequences/Sequence done
Event: 12.939 loading class kotlin/sequences/FilteringSequence$iterator$1
Event: 12.939 loading class kotlin/sequences/FilteringSequence$iterator$1 done
Event: 12.940 loading class com/android/build/gradle/internal/core/VariantDslInfoImpl$initApplicationId$4
Event: 12.940 loading class com/android/build/gradle/internal/core/VariantDslInfoImpl$initApplicationId$4 done
Event: 12.940 loading class org/gradle/api/provider/HasConfigurableValue
Event: 12.940 loading class org/gradle/api/provider/HasConfigurableValue done
Event: 12.941 loading class com/android/build/gradle/internal/core/MergedFlavor
Event: 12.941 loading class com/android/build/gradle/internal/core/MergedFlavor done
Event: 12.941 loading class com/android/build/gradle/internal/core/InternalBaseVariant$MergedFlavor
Event: 12.941 loading class com/android/build/gradle/internal/core/InternalBaseVariant$MergedFlavor done
Event: 12.942 loading class com/android/build/gradle/internal/core/MergedFlavor$Companion
Event: 12.942 loading class com/android/build/gradle/internal/core/MergedFlavor$Companion done
Event: 12.943 loading class kotlin/jvm/internal/TypeIntrinsics
Event: 12.943 loading class kotlin/jvm/internal/TypeIntrinsics done
Event: 12.943 loading class kotlin/jvm/internal/TypeIntrinsics
Event: 12.943 loading class kotlin/jvm/internal/TypeIntrinsics done


Dynamic libraries:
0x00007ff6b35f0000 - 0x00007ff6b35fa000 	C:\Program Files\Android\Android Studio\jre\bin\java.exe
0x00007ffbd01f0000 - 0x00007ffbd03e5000 	C:\Windows\SYSTEM32\ntdll.dll
0x00007ffbce490000 - 0x00007ffbce54d000 	C:\Windows\System32\KERNEL32.DLL
0x00007ffbcdb40000 - 0x00007ffbcde0d000 	C:\Windows\System32\KERNELBASE.dll
0x00007ffbce110000 - 0x00007ffbce210000 	C:\Windows\System32\ucrtbase.dll
0x00007ffbc6250000 - 0x00007ffbc6269000 	C:\Program Files\Android\Android Studio\jre\bin\jli.dll
0x00007ffbc5cb0000 - 0x00007ffbc5cc7000 	C:\Program Files\Android\Android Studio\jre\bin\VCRUNTIME140.dll
0x00007ffbcf4e0000 - 0x00007ffbcf680000 	C:\Windows\System32\USER32.dll
0x00007ffbb5b40000 - 0x00007ffbb5dda000 	C:\Windows\WinSxS\amd64_microsoft.windows.common-controls_6595b64144ccf1df_6.0.19041.1110_none_60b5254171f9507e\COMCTL32.dll
0x00007ffbce210000 - 0x00007ffbce232000 	C:\Windows\System32\win32u.dll
0x00007ffbce330000 - 0x00007ffbce3ce000 	C:\Windows\System32\msvcrt.dll
0x00007ffbcf4b0000 - 0x00007ffbcf4da000 	C:\Windows\System32\GDI32.dll
0x00007ffbce000000 - 0x00007ffbce10b000 	C:\Windows\System32\gdi32full.dll
0x00007ffbcd9b0000 - 0x00007ffbcda4d000 	C:\Windows\System32\msvcp_win.dll
0x00007ffbcf680000 - 0x00007ffbcf6b0000 	C:\Windows\System32\IMM32.DLL
0x00007ffba4b50000 - 0x00007ffba4bed000 	C:\Program Files\Android\Android Studio\jre\bin\msvcp140.dll
0x00007ffb6f8f0000 - 0x00007ffb703d5000 	C:\Program Files\Android\Android Studio\jre\bin\server\jvm.dll
0x00007ffbce3e0000 - 0x00007ffbce48e000 	C:\Windows\System32\ADVAPI32.dll
0x00007ffbce690000 - 0x00007ffbce72c000 	C:\Windows\System32\sechost.dll
0x00007ffbcf1d0000 - 0x00007ffbcf2f5000 	C:\Windows\System32\RPCRT4.dll
0x00007ffbce3d0000 - 0x00007ffbce3d8000 	C:\Windows\System32\PSAPI.DLL
0x00007ffbc5d80000 - 0x00007ffbc5d8a000 	C:\Windows\SYSTEM32\VERSION.dll
0x00007ffbc8bf0000 - 0x00007ffbc8bf9000 	C:\Windows\SYSTEM32\WSOCK32.dll
0x00007ffbce860000 - 0x00007ffbce8cb000 	C:\Windows\System32\WS2_32.dll
0x00007ffbb7760000 - 0x00007ffbb7787000 	C:\Windows\SYSTEM32\WINMM.dll
0x00007ffbcc190000 - 0x00007ffbcc1a2000 	C:\Windows\SYSTEM32\kernel.appcore.dll
0x00007ffbc8b80000 - 0x00007ffbc8b91000 	C:\Program Files\Android\Android Studio\jre\bin\verify.dll
0x00007ffbcb5d0000 - 0x00007ffbcb7b4000 	C:\Windows\SYSTEM32\DBGHELP.DLL
0x00007ffbb9520000 - 0x00007ffbb954c000 	C:\Windows\SYSTEM32\dbgcore.DLL
0x00007ffbcdf70000 - 0x00007ffbcdff2000 	C:\Windows\System32\bcryptPrimitives.dll
0x00007ffbc6410000 - 0x00007ffbc6439000 	C:\Program Files\Android\Android Studio\jre\bin\java.dll
0x00007ffbc8be0000 - 0x00007ffbc8beb000 	C:\Program Files\Android\Android Studio\jre\bin\jimage.dll
0x00007ffbc8780000 - 0x00007ffbc8798000 	C:\Program Files\Android\Android Studio\jre\bin\zip.dll
0x00007ffbce8d0000 - 0x00007ffbcf014000 	C:\Windows\System32\SHELL32.dll
0x00007ffbcb7c0000 - 0x00007ffbcbf54000 	C:\Windows\SYSTEM32\windows.storage.dll
0x00007ffbcf7f0000 - 0x00007ffbcfb44000 	C:\Windows\System32\combase.dll
0x00007ffbcd360000 - 0x00007ffbcd38c000 	C:\Windows\SYSTEM32\Wldp.dll
0x00007ffbcf6b0000 - 0x00007ffbcf75d000 	C:\Windows\System32\SHCORE.dll
0x00007ffbce270000 - 0x00007ffbce2c5000 	C:\Windows\System32\shlwapi.dll
0x00007ffbcd840000 - 0x00007ffbcd85f000 	C:\Windows\SYSTEM32\profapi.dll
0x00007ffbc84c0000 - 0x00007ffbc84da000 	C:\Program Files\Android\Android Studio\jre\bin\net.dll
0x00007ffbc8c80000 - 0x00007ffbc8d8a000 	C:\Windows\SYSTEM32\WINHTTP.dll
0x00007ffbcd0c0000 - 0x00007ffbcd12a000 	C:\Windows\system32\mswsock.dll
0x00007ffbc63f0000 - 0x00007ffbc6404000 	C:\Program Files\Android\Android Studio\jre\bin\nio.dll
0x00007ffbc6210000 - 0x00007ffbc6237000 	C:\Users\ASUS\.gradle\native\e1d6ef7f7dcc3fd88c89a11ec53ec762bb8ba0a96d01ffa2cd45eb1d1d8dd5c5\windows-amd64\native-platform.dll
0x00007ffb71500000 - 0x00007ffb71644000 	C:\Users\ASUS\.gradle\native\5664cfc778a61ccfe75a443a1ab52a65af34e5dc3c78e0209fed803814484fcb\windows-amd64\native-platform-file-events.dll
0x00007ffbc7fd0000 - 0x00007ffbc7fda000 	C:\Program Files\Android\Android Studio\jre\bin\management.dll
0x00007ffbc65f0000 - 0x00007ffbc65fd000 	C:\Program Files\Android\Android Studio\jre\bin\management_ext.dll
0x00007ffbcd2b0000 - 0x00007ffbcd2c8000 	C:\Windows\SYSTEM32\CRYPTSP.dll
0x00007ffbcc9d0000 - 0x00007ffbcca04000 	C:\Windows\system32\rsaenh.dll
0x00007ffbcdb10000 - 0x00007ffbcdb37000 	C:\Windows\System32\bcrypt.dll
0x00007ffbcd7c0000 - 0x00007ffbcd7ee000 	C:\Windows\SYSTEM32\USERENV.dll
0x00007ffbcd2d0000 - 0x00007ffbcd2dc000 	C:\Windows\SYSTEM32\CRYPTBASE.dll
0x00007ffbccd60000 - 0x00007ffbccd9b000 	C:\Windows\SYSTEM32\IPHLPAPI.DLL
0x00007ffbce240000 - 0x00007ffbce248000 	C:\Windows\System32\NSI.dll
0x00007ffbc5310000 - 0x00007ffbc5327000 	C:\Windows\SYSTEM32\dhcpcsvc6.DLL
0x00007ffbc69a0000 - 0x00007ffbc69bd000 	C:\Windows\SYSTEM32\dhcpcsvc.DLL
0x00007ffbccda0000 - 0x00007ffbcce6b000 	C:\Windows\SYSTEM32\DNSAPI.dll

dbghelp: loaded successfully - version: 4.0.5 - missing functions: none
symbol engine: initialized successfully - sym options: 0x614 - pdb path: .;C:\Program Files\Android\Android Studio\jre\bin;C:\Windows\SYSTEM32;C:\Windows\WinSxS\amd64_microsoft.windows.common-controls_6595b64144ccf1df_6.0.19041.1110_none_60b5254171f9507e;C:\Program Files\Android\Android Studio\jre\bin\server;C:\Users\ASUS\.gradle\native\e1d6ef7f7dcc3fd88c89a11ec53ec762bb8ba0a96d01ffa2cd45eb1d1d8dd5c5\windows-amd64;C:\Users\ASUS\.gradle\native\5664cfc778a61ccfe75a443a1ab52a65af34e5dc3c78e0209fed803814484fcb\windows-amd64

VM Arguments:
jvm_args: --add-opens=java.base/java.util=ALL-UNNAMED --add-opens=java.base/java.lang=ALL-UNNAMED --add-opens=java.base/java.lang.invoke=ALL-UNNAMED --add-opens=java.base/java.util=ALL-UNNAMED --add-opens=java.prefs/java.util.prefs=ALL-UNNAMED --add-opens=java.prefs/java.util.prefs=ALL-UNNAMED --add-opens=java.base/java.nio.charset=ALL-UNNAMED --add-opens=java.base/java.net=ALL-UNNAMED --add-opens=java.base/java.util.concurrent.atomic=ALL-UNNAMED -Xmx2048m -Dfile.encoding=UTF-8 -Duser.country=ID -Duser.language=en -Duser.variant 
java_command: org.gradle.launcher.daemon.bootstrap.GradleDaemon 7.3.3
java_class_path (initial): C:\Users\ASUS\.gradle\wrapper\dists\gradle-7.3.3-bin\6a41zxkdtcxs8rphpq6y0069z\gradle-7.3.3\lib\gradle-launcher-7.3.3.jar
Launcher Type: SUN_STANDARD

[Global flags]
     intx CICompilerCount                          = 4                                         {product} {ergonomic}
     uint ConcGCThreads                            = 2                                         {product} {ergonomic}
     uint G1ConcRefinementThreads                  = 8                                         {product} {ergonomic}
   size_t G1HeapRegionSize                         = 1048576                                   {product} {ergonomic}
    uintx GCDrainStackTargetSize                   = 64                                        {product} {ergonomic}
   size_t InitialHeapSize                          = 130023424                                 {product} {ergonomic}
   size_t MarkStackSize                            = 4194304                                   {product} {ergonomic}
   size_t MaxHeapSize                              = 2147483648                                {product} {command line}
   size_t MaxNewSize                               = 1287651328                                {product} {ergonomic}
   size_t MinHeapDeltaBytes                        = 1048576                                   {product} {ergonomic}
    uintx NonNMethodCodeHeapSize                   = 5836300                                {pd product} {ergonomic}
    uintx NonProfiledCodeHeapSize                  = 122910970                              {pd product} {ergonomic}
    uintx ProfiledCodeHeapSize                     = 122910970                              {pd product} {ergonomic}
    uintx ReservedCodeCacheSize                    = 251658240                              {pd product} {ergonomic}
     bool SegmentedCodeCache                       = true                                      {product} {ergonomic}
     bool UseCompressedClassPointers               = true                                 {lp64_product} {ergonomic}
     bool UseCompressedOops                        = true                                 {lp64_product} {ergonomic}
     bool UseG1GC                                  = true                                      {product} {ergonomic}
     bool UseLargePagesIndividualAllocation        = false                                  {pd product} {ergonomic}

Logging:
Log output configuration:
 #0: stdout all=warning uptime,level,tags
 #1: stderr all=off uptime,level,tags

Environment Variables:
JAVA_HOME=C:\Program Files\jdk-11.0.15.1
PATH=C:\Windows\system32;C:\Windows;C:\Windows\System32\Wbem;C:\Windows\System32\WindowsPowerShell\v1.0\;C:\Windows\System32\OpenSSH\;C:\Program Files (x86)\NVIDIA Corporation\PhysX\Common;C:\Program Files\NVIDIA Corporation\NVIDIA NvDLISR;C:\Program Files\Git\cmd;D:\flutter\bin;C:\xampp\php;C:\xampp\php;C:\ProgramData\ComposerSetup\bin;C:\Program Files\jdk-11.0.15.1;C:\Program Files\jdk-11.0.15.1\bin;C:\Program Files\Android\Android Studio\bin;C:\Program Files\flutter\bin;C:\Users\ASUS\AppData\Local\Microsoft\WindowsApps;C:\Users\ASUS\AppData\Local\Programs\Microsoft VS Code\bin;C:\Users\ASUS\AppData\Roaming\Composer\vendor\bin
USERNAME=ASUS
OS=Windows_NT
PROCESSOR_IDENTIFIER=Intel64 Family 6 Model 140 Stepping 1, GenuineIntel



---------------  S Y S T E M  ---------------

OS: Windows 10 , 64 bit Build 19041 (10.0.19041.1706)
OS uptime: 0 days 0:09 hours

CPU:total 8 (initial active 8) (4 cores per cpu, 2 threads per core) family 6 model 140 stepping 1 microcode 0x86, cmov, cx8, fxsr, mmx, sse, sse2, sse3, ssse3, sse4.1, sse4.2, popcnt, avx, avx2, aes, clmul, erms, 3dnowpref, lzcnt, ht, tsc, tscinvbit, bmi1, bmi2, adx, evex, sha, fma

Memory: 4k page, system-wide physical 7886M (982M free)
TotalPageFile size 7886M (AvailPageFile size 2M)
current process WorkingSet (physical memory assigned to process): 398M, peak: 398M
current process commit charge ("private bytes"): 435M, peak: 436M

vm_info: OpenJDK 64-Bit Server VM (11.0.12+7-b1504.28-7817840) for windows-amd64 JRE (11.0.12+7-b1504.28-7817840), built on Oct 13 2021 22:12:33 by "builder" with MS VC++ 14.0 (VS2015)

END.
