#
# There is insufficient memory for the Java Runtime Environment to continue.
# Native memory allocation (malloc) failed to allocate 642256 bytes for Chunk::new
# Possible reasons:
#   The system is out of physical RAM or swap space
#   The process is running with CompressedOops enabled, and the Java Heap may be blocking the growth of the native heap
# Possible solutions:
#   Reduce memory load on the system
#   Increase physical memory or swap space
#   Check if swap backing store is full
#   Decrease Java heap size (-Xmx/-Xms)
#   Decrease number of Java threads
#   Decrease Java thread stack sizes (-Xss)
#   Set larger code cache with -XX:ReservedCodeCacheSize=
#   JVM is running with Unscaled Compressed Oops mode in which the Java heap is
#     placed in the first 4GB address space. The Java Heap base address is the
#     maximum limit for the native heap growth. Please use -XX:HeapBaseMinAddress
#     to set the Java Heap base and to place the Java Heap above 4GB virtual address.
# This output file may be truncated or incomplete.
#
#  Out of Memory Error (./src/hotspot/share/memory/arena.cpp:197), pid=15256, tid=2452
#
# JRE version: OpenJDK Runtime Environment (11.0.12+7) (build 11.0.12+7-b1504.28-7817840)
# Java VM: OpenJDK 64-Bit Server VM (11.0.12+7-b1504.28-7817840, mixed mode, tiered, compressed oops, g1 gc, windows-amd64)
# No core dump will be written. Minidumps are not enabled by default on client versions of Windows
#

---------------  S U M M A R Y ------------

Command Line: --add-opens=java.base/java.util=ALL-UNNAMED --add-opens=java.base/java.lang=ALL-UNNAMED --add-opens=java.base/java.lang.invoke=ALL-UNNAMED --add-opens=java.base/java.util=ALL-UNNAMED --add-opens=java.prefs/java.util.prefs=ALL-UNNAMED --add-opens=java.prefs/java.util.prefs=ALL-UNNAMED --add-opens=java.base/java.nio.charset=ALL-UNNAMED --add-opens=java.base/java.net=ALL-UNNAMED --add-opens=java.base/java.util.concurrent.atomic=ALL-UNNAMED -Xmx2048m -Dfile.encoding=UTF-8 -Duser.country=ID -Duser.language=en -Duser.variant org.gradle.launcher.daemon.bootstrap.GradleDaemon 7.3.3

Host: 11th Gen Intel(R) Core(TM) i5-1135G7 @ 2.40GHz, 8 cores, 7G,  Windows 10 , 64 bit Build 19041 (10.0.19041.1706)
Time: Thu Jun 16 12:08:43 2022 SE Asia Standard Time elapsed time: 5.852336 seconds (0d 0h 0m 5s)

---------------  T H R E A D  ---------------

Current thread (0x000002199da33000):  JavaThread "C2 CompilerThread0" daemon [_thread_in_native, id=2452, stack(0x0000002495500000,0x0000002495600000)]


Current CompileTask:
C2:   5852 5167       4       java.util.zip.ZipFile$Source::initCEN (697 bytes)

Stack: [0x0000002495500000,0x0000002495600000]
Native frames: (J=compiled Java code, j=interpreted, Vv=VM code, C=native code)
V  [jvm.dll+0x5fbcea]
V  [jvm.dll+0x731905]
V  [jvm.dll+0x732f1d]
V  [jvm.dll+0x7335d3]
V  [jvm.dll+0x247bf8]
V  [jvm.dll+0xc018c]
V  [jvm.dll+0xc06cc]
V  [jvm.dll+0x35b31d]
V  [jvm.dll+0x328803]
V  [jvm.dll+0x327cfa]
V  [jvm.dll+0x200602]
V  [jvm.dll+0x1ff794]
V  [jvm.dll+0x18868c]
V  [jvm.dll+0x20e0d7]
V  [jvm.dll+0x20c901]
V  [jvm.dll+0x6f9b7f]
V  [jvm.dll+0x6f26a5]
V  [jvm.dll+0x5fabf6]
C  [ucrtbase.dll+0x21bb2]
C  [KERNEL32.DLL+0x17034]
C  [ntdll.dll+0x52651]


---------------  P R O C E S S  ---------------

Threads class SMR info:
_java_thread_list=0x00000219a1762af0, length=123, elements={
0x0000021982d9c800, 0x000002199da10000, 0x000002199da13800, 0x000002199da2d000,
0x000002199da2f800, 0x000002199da30800, 0x000002199da33000, 0x000002199da36000,
0x000002199da37000, 0x000002199e4fd000, 0x000002199e60b800, 0x000002199fa03000,
0x000002199f803000, 0x000002199feea800, 0x00000219a10fe000, 0x000002199f67b000,
0x000002199fd6c800, 0x000002199ff00000, 0x000002199ff00800, 0x000002199f969800,
0x00000219a0328800, 0x00000219a16fc000, 0x00000219a16fd800, 0x00000219a1700000,
0x00000219a16fa000, 0x00000219a1700800, 0x00000219a16fe000, 0x00000219a16fb000,
0x00000219a16ff000, 0x00000219a16fc800, 0x00000219a3dea800, 0x00000219a3df1000,
0x00000219a3dee800, 0x00000219a3def800, 0x00000219a3ded000, 0x00000219a3dec000,
0x00000219a3df5000, 0x00000219a3df0800, 0x00000219a3df7000, 0x00000219a3df3000,
0x00000219a3df4800, 0x00000219a3df3800, 0x00000219a3df2000, 0x00000219a3df9800,
0x00000219a3df7800, 0x00000219a3df6000, 0x00000219a3df8800, 0x00000219a0cfd800,
0x00000219a0cfa800, 0x00000219a0d00000, 0x00000219a0cfc000, 0x00000219a0d01000,
0x00000219a0cff800, 0x00000219a0cfd000, 0x00000219a0cfb000, 0x00000219a0d04000,
0x00000219a0d02000, 0x00000219a0d03800, 0x00000219a0cfe800, 0x00000219a0d02800,
0x00000219a0d06800, 0x00000219a0d05000, 0x00000219a0d07800, 0x00000219a0d09000,
0x00000219a0d06000, 0x00000219a0d08800, 0x00000219a0546800, 0x00000219a0541800,
0x00000219a0544000, 0x00000219a0544800, 0x00000219a0545800, 0x00000219a0547000,
0x00000219a0548000, 0x00000219a0543000, 0x00000219a0542800, 0x00000219a0f93000,
0x00000219a0f96800, 0x00000219a0f94000, 0x00000219a0f95000, 0x00000219a0f95800,
0x00000219a0f92800, 0x00000219a0f91000, 0x00000219a0f97800, 0x00000219a0f91800,
0x00000219a0f9c000, 0x00000219a0f98000, 0x00000219a0f9d000, 0x00000219a0f9e000,
0x00000219a0f9e800, 0x00000219a0f9b800, 0x00000219a0f99000, 0x00000219a0f9f800,
0x00000219a0f9a000, 0x00000219a0f9a800, 0x000002199ec67000, 0x000002199ec69000,
0x000002199ec6b800, 0x000002199ec69800, 0x000002199ec6a800, 0x000002199ec6c000,
0x000002199ec68000, 0x000002199ec72000, 0x000002199ec6f800, 0x000002199ec71000,
0x000002199ec6e000, 0x000002199ec72800, 0x000002199ec6e800, 0x000002199ec70000,
0x000002199ec6d000, 0x000002199ec74800, 0x000002199ec73800, 0x000002199ec75000,
0x000002199ec76000, 0x000002199e885800, 0x000002199e886800, 0x000002199e887000,
0x000002199e884000, 0x000002199e888000, 0x000002199e889000, 0x000002199e889800,
0x000002199e88a800, 0x000002199e884800, 0x000002199e891000
}

Java Threads: ( => current thread )
  0x0000021982d9c800 JavaThread "main" [_thread_blocked, id=12272, stack(0x0000002494900000,0x0000002494a00000)]
  0x000002199da10000 JavaThread "Reference Handler" daemon [_thread_blocked, id=14768, stack(0x0000002495000000,0x0000002495100000)]
  0x000002199da13800 JavaThread "Finalizer" daemon [_thread_blocked, id=8856, stack(0x0000002495100000,0x0000002495200000)]
  0x000002199da2d000 JavaThread "Signal Dispatcher" daemon [_thread_blocked, id=14096, stack(0x0000002495200000,0x0000002495300000)]
  0x000002199da2f800 JavaThread "Attach Listener" daemon [_thread_blocked, id=2560, stack(0x0000002495300000,0x0000002495400000)]
  0x000002199da30800 JavaThread "Service Thread" daemon [_thread_blocked, id=1848, stack(0x0000002495400000,0x0000002495500000)]
=>0x000002199da33000 JavaThread "C2 CompilerThread0" daemon [_thread_in_native, id=2452, stack(0x0000002495500000,0x0000002495600000)]
  0x000002199da36000 JavaThread "C1 CompilerThread0" daemon [_thread_in_native, id=2328, stack(0x0000002495600000,0x0000002495700000)]
  0x000002199da37000 JavaThread "Sweeper thread" daemon [_thread_blocked, id=2220, stack(0x0000002495700000,0x0000002495800000)]
  0x000002199e4fd000 JavaThread "Common-Cleaner" daemon [_thread_blocked, id=16316, stack(0x0000002495800000,0x0000002495900000)]
  0x000002199e60b800 JavaThread "C2 CompilerThread1" daemon [_thread_blocked, id=1876, stack(0x0000002495a00000,0x0000002495b00000)]
  0x000002199fa03000 JavaThread "C2 CompilerThread2" daemon [_thread_blocked, id=14828, stack(0x0000002495c00000,0x0000002495d00000)]
  0x000002199f803000 JavaThread "Daemon health stats" [_thread_blocked, id=14284, stack(0x0000002495d00000,0x0000002495e00000)]
  0x000002199feea800 JavaThread "Incoming local TCP Connector on port 63686" [_thread_in_native, id=2412, stack(0x0000002495e00000,0x0000002495f00000)]
  0x00000219a10fe000 JavaThread "Daemon periodic checks" [_thread_blocked, id=4012, stack(0x0000002495f00000,0x0000002496000000)]
  0x000002199f67b000 JavaThread "Daemon" [_thread_blocked, id=9056, stack(0x0000002496000000,0x0000002496100000)]
  0x000002199fd6c800 JavaThread "Handler for socket connection from /127.0.0.1:63686 to /127.0.0.1:63687" [_thread_in_native, id=14368, stack(0x0000002496100000,0x0000002496200000)]
  0x000002199ff00000 JavaThread "Cancel handler" [_thread_blocked, id=12212, stack(0x0000002496200000,0x0000002496300000)]
  0x000002199ff00800 JavaThread "Daemon worker" [_thread_in_native, id=8624, stack(0x0000002496300000,0x0000002496400000)]
  0x000002199f969800 JavaThread "Asynchronous log dispatcher for DefaultDaemonConnection: socket connection from /127.0.0.1:63686 to /127.0.0.1:63687" [_thread_blocked, id=13552, stack(0x0000002496400000,0x0000002496500000)]
  0x00000219a0328800 JavaThread "Stdin handler" [_thread_blocked, id=13792, stack(0x0000002496500000,0x0000002496600000)]
  0x00000219a16fc000 JavaThread "Daemon client event forwarder" [_thread_blocked, id=14552, stack(0x0000002496600000,0x0000002496700000)]
  0x00000219a16fd800 JavaThread "Cache worker for journal cache (C:\Users\ASUS\.gradle\caches\journal-1)" [_thread_blocked, id=15252, stack(0x0000002496d00000,0x0000002496e00000)]
  0x00000219a1700000 JavaThread "File lock request listener" [_thread_in_native, id=15376, stack(0x0000002496e00000,0x0000002496f00000)]
  0x00000219a16fa000 JavaThread "Cache worker for file hash cache (C:\Users\ASUS\.gradle\caches\7.3.3\fileHashes)" [_thread_blocked, id=16280, stack(0x0000002496f00000,0x0000002497000000)]
  0x00000219a1700800 JavaThread "Cache worker for file hash cache (E:\MyApplication\Mobile Programming\MobileHotelGroup2\.gradle\7.3.3\fileHashes)" [_thread_blocked, id=8676, stack(0x0000002497100000,0x0000002497200000)]
  0x00000219a16fe000 JavaThread "File watcher server" daemon [_thread_in_native, id=9088, stack(0x0000002497200000,0x0000002497300000)]
  0x00000219a16fb000 JavaThread "File watcher consumer" daemon [_thread_blocked, id=7580, stack(0x0000002497300000,0x0000002497400000)]
  0x00000219a16ff000 JavaThread "Cache worker for checksums cache (E:\MyApplication\Mobile Programming\MobileHotelGroup2\.gradle\7.3.3\checksums)" [_thread_blocked, id=8632, stack(0x0000002497400000,0x0000002497500000)]
  0x00000219a16fc800 JavaThread "Cache worker for cache directory md-supplier (C:\Users\ASUS\.gradle\caches\7.3.3\md-supplier)" [_thread_blocked, id=9344, stack(0x0000002497500000,0x0000002497600000)]
  0x00000219a3dea800 JavaThread "Cache worker for cache directory md-rule (C:\Users\ASUS\.gradle\caches\7.3.3\md-rule)" [_thread_blocked, id=8444, stack(0x0000002497600000,0x0000002497700000)]
  0x00000219a3df1000 JavaThread "Cache worker for execution history cache (C:\Users\ASUS\.gradle\caches\7.3.3\executionHistory)" [_thread_blocked, id=5084, stack(0x0000002497700000,0x0000002497800000)]
  0x00000219a3dee800 JavaThread "jar transforms" [_thread_blocked, id=3720, stack(0x0000002497800000,0x0000002497900000)]
  0x00000219a3def800 JavaThread "jar transforms Thread 2" [_thread_blocked, id=12104, stack(0x0000002497900000,0x0000002497a00000)]
  0x00000219a3ded000 JavaThread "Cache worker for file content cache (C:\Users\ASUS\.gradle\caches\7.3.3\fileContent)" [_thread_blocked, id=11392, stack(0x0000002497a00000,0x0000002497b00000)]
  0x00000219a3dec000 JavaThread "Cache worker for dependencies-accessors (E:\MyApplication\Mobile Programming\MobileHotelGroup2\.gradle\7.3.3\dependencies-accessors)" [_thread_blocked, id=15928, stack(0x0000002497b00000,0x0000002497c00000)]
  0x00000219a3df5000 JavaThread "jar transforms Thread 3" [_thread_blocked, id=5448, stack(0x0000002497c00000,0x0000002497d00000)]
  0x00000219a3df0800 JavaThread "Cache worker for Build Output Cleanup Cache (E:\MyApplication\Mobile Programming\MobileHotelGroup2\.gradle\buildOutputCleanup)" [_thread_blocked, id=1508, stack(0x0000002497d00000,0x0000002497e00000)]
  0x00000219a3df7000 JavaThread "Unconstrained build operations" [_thread_blocked, id=11224, stack(0x0000002497e00000,0x0000002497f00000)]
  0x00000219a3df3000 JavaThread "Unconstrained build operations Thread 2" [_thread_blocked, id=9600, stack(0x0000002497f00000,0x0000002498000000)]
  0x00000219a3df4800 JavaThread "Unconstrained build operations Thread 3" [_thread_blocked, id=14084, stack(0x0000002498000000,0x0000002498100000)]
  0x00000219a3df3800 JavaThread "Unconstrained build operations Thread 4" [_thread_blocked, id=13408, stack(0x0000002498100000,0x0000002498200000)]
  0x00000219a3df2000 JavaThread "Unconstrained build operations Thread 5" [_thread_blocked, id=8072, stack(0x0000002498200000,0x0000002498300000)]
  0x00000219a3df9800 JavaThread "Unconstrained build operations Thread 6" [_thread_blocked, id=16024, stack(0x0000002498300000,0x0000002498400000)]
  0x00000219a3df7800 JavaThread "Unconstrained build operations Thread 7" [_thread_blocked, id=2456, stack(0x0000002498400000,0x0000002498500000)]
  0x00000219a3df6000 JavaThread "Unconstrained build operations Thread 8" [_thread_blocked, id=12724, stack(0x0000002498500000,0x0000002498600000)]
  0x00000219a3df8800 JavaThread "Unconstrained build operations Thread 9" [_thread_blocked, id=9772, stack(0x0000002498600000,0x0000002498700000)]
  0x00000219a0cfd800 JavaThread "Unconstrained build operations Thread 10" [_thread_blocked, id=3140, stack(0x0000002498700000,0x0000002498800000)]
  0x00000219a0cfa800 JavaThread "Unconstrained build operations Thread 11" [_thread_blocked, id=4828, stack(0x0000002498800000,0x0000002498900000)]
  0x00000219a0d00000 JavaThread "Unconstrained build operations Thread 12" [_thread_blocked, id=2720, stack(0x0000002498900000,0x0000002498a00000)]
  0x00000219a0cfc000 JavaThread "Unconstrained build operations Thread 13" [_thread_blocked, id=12188, stack(0x0000002498a00000,0x0000002498b00000)]
  0x00000219a0d01000 JavaThread "Unconstrained build operations Thread 14" [_thread_blocked, id=10688, stack(0x0000002498b00000,0x0000002498c00000)]
  0x00000219a0cff800 JavaThread "Unconstrained build operations Thread 15" [_thread_blocked, id=2608, stack(0x0000002498c00000,0x0000002498d00000)]
  0x00000219a0cfd000 JavaThread "Unconstrained build operations Thread 16" [_thread_blocked, id=12756, stack(0x0000002498d00000,0x0000002498e00000)]
  0x00000219a0cfb000 JavaThread "Unconstrained build operations Thread 17" [_thread_blocked, id=11672, stack(0x0000002498e00000,0x0000002498f00000)]
  0x00000219a0d04000 JavaThread "Unconstrained build operations Thread 18" [_thread_blocked, id=1152, stack(0x0000002498f00000,0x0000002499000000)]
  0x00000219a0d02000 JavaThread "Unconstrained build operations Thread 19" [_thread_blocked, id=13028, stack(0x0000002499000000,0x0000002499100000)]
  0x00000219a0d03800 JavaThread "Unconstrained build operations Thread 20" [_thread_blocked, id=3904, stack(0x0000002499100000,0x0000002499200000)]
  0x00000219a0cfe800 JavaThread "Unconstrained build operations Thread 21" [_thread_blocked, id=3160, stack(0x0000002499200000,0x0000002499300000)]
  0x00000219a0d02800 JavaThread "Unconstrained build operations Thread 22" [_thread_blocked, id=6976, stack(0x0000002499300000,0x0000002499400000)]
  0x00000219a0d06800 JavaThread "Unconstrained build operations Thread 23" [_thread_blocked, id=4536, stack(0x0000002499400000,0x0000002499500000)]
  0x00000219a0d05000 JavaThread "Unconstrained build operations Thread 24" [_thread_blocked, id=9152, stack(0x0000002499500000,0x0000002499600000)]
  0x00000219a0d07800 JavaThread "Unconstrained build operations Thread 25" [_thread_blocked, id=16116, stack(0x0000002499600000,0x0000002499700000)]
  0x00000219a0d09000 JavaThread "Unconstrained build operations Thread 26" [_thread_blocked, id=2280, stack(0x0000002499700000,0x0000002499800000)]
  0x00000219a0d06000 JavaThread "Unconstrained build operations Thread 27" [_thread_blocked, id=2252, stack(0x0000002499800000,0x0000002499900000)]
  0x00000219a0d08800 JavaThread "Unconstrained build operations Thread 28" [_thread_blocked, id=4864, stack(0x0000002499900000,0x0000002499a00000)]
  0x00000219a0546800 JavaThread "Unconstrained build operations Thread 29" [_thread_blocked, id=3444, stack(0x0000002499a00000,0x0000002499b00000)]
  0x00000219a0541800 JavaThread "Unconstrained build operations Thread 30" [_thread_blocked, id=3416, stack(0x0000002499b00000,0x0000002499c00000)]
  0x00000219a0544000 JavaThread "Unconstrained build operations Thread 31" [_thread_blocked, id=15896, stack(0x0000002499c00000,0x0000002499d00000)]
  0x00000219a0544800 JavaThread "Unconstrained build operations Thread 32" [_thread_blocked, id=3708, stack(0x0000002499d00000,0x0000002499e00000)]
  0x00000219a0545800 JavaThread "Unconstrained build operations Thread 33" [_thread_blocked, id=6924, stack(0x0000002499e00000,0x0000002499f00000)]
  0x00000219a0547000 JavaThread "Unconstrained build operations Thread 34" [_thread_blocked, id=5412, stack(0x0000002499f00000,0x000000249a000000)]
  0x00000219a0548000 JavaThread "Unconstrained build operations Thread 35" [_thread_blocked, id=5592, stack(0x000000249a000000,0x000000249a100000)]
  0x00000219a0543000 JavaThread "Unconstrained build operations Thread 36" [_thread_blocked, id=9992, stack(0x000000249a100000,0x000000249a200000)]
  0x00000219a0542800 JavaThread "Unconstrained build operations Thread 37" [_thread_blocked, id=9932, stack(0x000000249a200000,0x000000249a300000)]
  0x00000219a0f93000 JavaThread "Unconstrained build operations Thread 38" [_thread_blocked, id=8708, stack(0x000000249a300000,0x000000249a400000)]
  0x00000219a0f96800 JavaThread "Unconstrained build operations Thread 39" [_thread_blocked, id=8280, stack(0x000000249a400000,0x000000249a500000)]
  0x00000219a0f94000 JavaThread "Unconstrained build operations Thread 40" [_thread_blocked, id=1496, stack(0x000000249a500000,0x000000249a600000)]
  0x00000219a0f95000 JavaThread "Unconstrained build operations Thread 41" [_thread_blocked, id=9108, stack(0x000000249a600000,0x000000249a700000)]
  0x00000219a0f95800 JavaThread "Unconstrained build operations Thread 42" [_thread_blocked, id=13608, stack(0x000000249a700000,0x000000249a800000)]
  0x00000219a0f92800 JavaThread "Unconstrained build operations Thread 43" [_thread_blocked, id=11716, stack(0x000000249a800000,0x000000249a900000)]
  0x00000219a0f91000 JavaThread "Unconstrained build operations Thread 44" [_thread_blocked, id=14996, stack(0x000000249a900000,0x000000249aa00000)]
  0x00000219a0f97800 JavaThread "Unconstrained build operations Thread 45" [_thread_blocked, id=12080, stack(0x000000249aa00000,0x000000249ab00000)]
  0x00000219a0f91800 JavaThread "Unconstrained build operations Thread 46" [_thread_blocked, id=4116, stack(0x000000249ab00000,0x000000249ac00000)]
  0x00000219a0f9c000 JavaThread "Unconstrained build operations Thread 47" [_thread_blocked, id=2432, stack(0x000000249ac00000,0x000000249ad00000)]
  0x00000219a0f98000 JavaThread "Unconstrained build operations Thread 48" [_thread_blocked, id=4664, stack(0x000000249ad00000,0x000000249ae00000)]
  0x00000219a0f9d000 JavaThread "Unconstrained build operations Thread 49" [_thread_blocked, id=2520, stack(0x000000249ae00000,0x000000249af00000)]
  0x00000219a0f9e000 JavaThread "Unconstrained build operations Thread 50" [_thread_blocked, id=2808, stack(0x000000249af00000,0x000000249b000000)]
  0x00000219a0f9e800 JavaThread "Unconstrained build operations Thread 51" [_thread_blocked, id=6536, stack(0x000000249b000000,0x000000249b100000)]
  0x00000219a0f9b800 JavaThread "Unconstrained build operations Thread 52" [_thread_blocked, id=14676, stack(0x000000249b100000,0x000000249b200000)]
  0x00000219a0f99000 JavaThread "Unconstrained build operations Thread 53" [_thread_blocked, id=12248, stack(0x000000249b200000,0x000000249b300000)]
  0x00000219a0f9f800 JavaThread "Unconstrained build operations Thread 54" [_thread_blocked, id=4016, stack(0x000000249b300000,0x000000249b400000)]
  0x00000219a0f9a000 JavaThread "Unconstrained build operations Thread 55" [_thread_blocked, id=12276, stack(0x000000249b400000,0x000000249b500000)]
  0x00000219a0f9a800 JavaThread "Unconstrained build operations Thread 56" [_thread_blocked, id=7596, stack(0x000000249b500000,0x000000249b600000)]
  0x000002199ec67000 JavaThread "Unconstrained build operations Thread 57" [_thread_blocked, id=12480, stack(0x000000249b600000,0x000000249b700000)]
  0x000002199ec69000 JavaThread "Unconstrained build operations Thread 58" [_thread_blocked, id=2368, stack(0x000000249b700000,0x000000249b800000)]
  0x000002199ec6b800 JavaThread "Unconstrained build operations Thread 59" [_thread_blocked, id=5368, stack(0x000000249b800000,0x000000249b900000)]
  0x000002199ec69800 JavaThread "Unconstrained build operations Thread 60" [_thread_blocked, id=13464, stack(0x000000249b900000,0x000000249ba00000)]
  0x000002199ec6a800 JavaThread "Unconstrained build operations Thread 61" [_thread_blocked, id=8148, stack(0x000000249ba00000,0x000000249bb00000)]
  0x000002199ec6c000 JavaThread "Unconstrained build operations Thread 62" [_thread_blocked, id=6468, stack(0x000000249bb00000,0x000000249bc00000)]
  0x000002199ec68000 JavaThread "Unconstrained build operations Thread 63" [_thread_blocked, id=5892, stack(0x000000249bc00000,0x000000249bd00000)]
  0x000002199ec72000 JavaThread "Unconstrained build operations Thread 64" [_thread_blocked, id=5532, stack(0x000000249bd00000,0x000000249be00000)]
  0x000002199ec6f800 JavaThread "Unconstrained build operations Thread 65" [_thread_blocked, id=11704, stack(0x000000249be00000,0x000000249bf00000)]
  0x000002199ec71000 JavaThread "Unconstrained build operations Thread 66" [_thread_blocked, id=11700, stack(0x000000249bf00000,0x000000249c000000)]
  0x000002199ec6e000 JavaThread "Unconstrained build operations Thread 67" [_thread_blocked, id=12484, stack(0x000000249c000000,0x000000249c100000)]
  0x000002199ec72800 JavaThread "Unconstrained build operations Thread 68" [_thread_blocked, id=13504, stack(0x000000249c100000,0x000000249c200000)]
  0x000002199ec6e800 JavaThread "Unconstrained build operations Thread 69" [_thread_blocked, id=5972, stack(0x000000249c200000,0x000000249c300000)]
  0x000002199ec70000 JavaThread "Unconstrained build operations Thread 70" [_thread_blocked, id=7216, stack(0x000000249c300000,0x000000249c400000)]
  0x000002199ec6d000 JavaThread "Unconstrained build operations Thread 71" [_thread_blocked, id=15192, stack(0x000000249c400000,0x000000249c500000)]
  0x000002199ec74800 JavaThread "Unconstrained build operations Thread 72" [_thread_blocked, id=12280, stack(0x000000249c500000,0x000000249c600000)]
  0x000002199ec73800 JavaThread "Unconstrained build operations Thread 73" [_thread_blocked, id=5340, stack(0x000000249c600000,0x000000249c700000)]
  0x000002199ec75000 JavaThread "Unconstrained build operations Thread 74" [_thread_blocked, id=10372, stack(0x000000249c700000,0x000000249c800000)]
  0x000002199ec76000 JavaThread "Unconstrained build operations Thread 75" [_thread_blocked, id=4680, stack(0x000000249c800000,0x000000249c900000)]
  0x000002199e885800 JavaThread "Unconstrained build operations Thread 76" [_thread_blocked, id=10228, stack(0x000000249c900000,0x000000249ca00000)]
  0x000002199e886800 JavaThread "Unconstrained build operations Thread 77" [_thread_blocked, id=3612, stack(0x000000249ca00000,0x000000249cb00000)]
  0x000002199e887000 JavaThread "Unconstrained build operations Thread 78" [_thread_blocked, id=10720, stack(0x000000249cb00000,0x000000249cc00000)]
  0x000002199e884000 JavaThread "Unconstrained build operations Thread 79" [_thread_blocked, id=12652, stack(0x000000249cc00000,0x000000249cd00000)]
  0x000002199e888000 JavaThread "Unconstrained build operations Thread 80" [_thread_blocked, id=9048, stack(0x000000249cd00000,0x000000249ce00000)]
  0x000002199e889000 JavaThread "jar transforms Thread 4" [_thread_blocked, id=1540, stack(0x000000249ce00000,0x000000249cf00000)]
  0x000002199e889800 JavaThread "jar transforms Thread 5" [_thread_blocked, id=11004, stack(0x000000249cf00000,0x000000249d000000)]
  0x000002199e88a800 JavaThread "jar transforms Thread 6" [_thread_blocked, id=9920, stack(0x000000249d000000,0x000000249d100000)]
  0x000002199e884800 JavaThread "jar transforms Thread 7" [_thread_blocked, id=15812, stack(0x000000249d100000,0x000000249d200000)]
  0x000002199e891000 JavaThread "jar transforms Thread 8" [_thread_blocked, id=16324, stack(0x000000249d200000,0x000000249d300000)]

Other Threads:
  0x000002199da0c000 VMThread "VM Thread" [stack: 0x0000002494f00000,0x0000002495000000] [id=10064]
  0x000002199e520800 WatcherThread [stack: 0x0000002495900000,0x0000002495a00000] [id=7336]
  0x0000021982db7000 GCTaskThread "GC Thread#0" [stack: 0x0000002494a00000,0x0000002494b00000] [id=7552]
  0x000002199e433800 GCTaskThread "GC Thread#1" [stack: 0x0000002495b00000,0x0000002495c00000] [id=5272]
  0x000002199e435000 GCTaskThread "GC Thread#2" [stack: 0x0000002496700000,0x0000002496800000] [id=3036]
  0x000002199e433000 GCTaskThread "GC Thread#3" [stack: 0x0000002496800000,0x0000002496900000] [id=3972]
  0x000002199e434800 GCTaskThread "GC Thread#4" [stack: 0x0000002496900000,0x0000002496a00000] [id=5088]
  0x000002199e432000 GCTaskThread "GC Thread#5" [stack: 0x0000002496a00000,0x0000002496b00000] [id=4792]
  0x000002199e436000 GCTaskThread "GC Thread#6" [stack: 0x0000002496b00000,0x0000002496c00000] [id=11408]
  0x000002199e438800 GCTaskThread "GC Thread#7" [stack: 0x0000002496c00000,0x0000002496d00000] [id=14292]
  0x0000021982de6800 ConcurrentGCThread "G1 Main Marker" [stack: 0x0000002494b00000,0x0000002494c00000] [id=14648]
  0x0000021982de8800 ConcurrentGCThread "G1 Conc#0" [stack: 0x0000002494c00000,0x0000002494d00000] [id=13968]
  0x000002199e438000 ConcurrentGCThread "G1 Conc#1" [stack: 0x0000002497000000,0x0000002497100000] [id=2524]
  0x000002199d860800 ConcurrentGCThread "G1 Refine#0" [stack: 0x0000002494d00000,0x0000002494e00000] [id=13604]
  0x000002199d861800 ConcurrentGCThread "G1 Young RemSet Sampling" [stack: 0x0000002494e00000,0x0000002494f00000] [id=16108]

Threads with active compile tasks:
C2 CompilerThread0   5943 5167       4       java.util.zip.ZipFile$Source::initCEN (697 bytes)
C1 CompilerThread0   5943 5211       3       java.lang.reflect.Proxy::<init> (15 bytes)

VM state:not at safepoint (normal execution)

VM Mutex/Monitor currently owned by a thread: None

Heap address: 0x0000000080000000, size: 2048 MB, Compressed Oops mode: 32-bit
Narrow klass base: 0x0000000000000000, Narrow klass shift: 3
Compressed class space size: 1073741824 Address: 0x0000000100000000

Heap:
 garbage-first heap   total 152576K, used 49039K [0x0000000080000000, 0x0000000100000000)
  region size 1024K, 21 young (21504K), 7 survivors (7168K)
 Metaspace       used 48471K, capacity 49880K, committed 50048K, reserved 1093632K
  class space    used 6207K, capacity 6708K, committed 6784K, reserved 1048576K
Heap Regions: E=young(eden), S=young(survivor), O=old, HS=humongous(starts), HC=humongous(continues), CS=collection set, F=free, A=archive, TAMS=top-at-mark-start (previous, next)
|   0|0x0000000080000000, 0x0000000080100000, 0x0000000080100000|100%| O|  |TAMS 0x0000000080100000, 0x0000000080000000| Untracked 
|   1|0x0000000080100000, 0x0000000080200000, 0x0000000080200000|100%| O|  |TAMS 0x0000000080200000, 0x0000000080100000| Untracked 
|   2|0x0000000080200000, 0x0000000080300000, 0x0000000080300000|100%| O|  |TAMS 0x0000000080300000, 0x0000000080200000| Untracked 
|   3|0x0000000080300000, 0x0000000080400000, 0x0000000080400000|100%|HS|  |TAMS 0x0000000080400000, 0x0000000080300000| Complete 
|   4|0x0000000080400000, 0x0000000080500000, 0x0000000080500000|100%|HC|  |TAMS 0x0000000080500000, 0x0000000080400000| Complete 
|   5|0x0000000080500000, 0x0000000080600000, 0x0000000080600000|100%|HC|  |TAMS 0x0000000080600000, 0x0000000080500000| Complete 
|   6|0x0000000080600000, 0x0000000080700000, 0x0000000080700000|100%| O|  |TAMS 0x0000000080700000, 0x0000000080600000| Untracked 
|   7|0x0000000080700000, 0x0000000080800000, 0x0000000080800000|100%| O|  |TAMS 0x0000000080800000, 0x0000000080700000| Untracked 
|   8|0x0000000080800000, 0x0000000080900000, 0x0000000080900000|100%| O|  |TAMS 0x0000000080900000, 0x0000000080800000| Untracked 
|   9|0x0000000080900000, 0x0000000080a00000, 0x0000000080a00000|100%| O|  |TAMS 0x0000000080a00000, 0x0000000080900000| Untracked 
|  10|0x0000000080a00000, 0x0000000080b00000, 0x0000000080b00000|100%| O|  |TAMS 0x0000000080b00000, 0x0000000080a00000| Untracked 
|  11|0x0000000080b00000, 0x0000000080c00000, 0x0000000080c00000|100%| O|  |TAMS 0x0000000080c00000, 0x0000000080b00000| Untracked 
|  12|0x0000000080c00000, 0x0000000080d00000, 0x0000000080d00000|100%| O|  |TAMS 0x0000000080d00000, 0x0000000080c00000| Untracked 
|  13|0x0000000080d00000, 0x0000000080e00000, 0x0000000080e00000|100%| O|  |TAMS 0x0000000080e00000, 0x0000000080d00000| Untracked 
|  14|0x0000000080e00000, 0x0000000080f00000, 0x0000000080f00000|100%| O|  |TAMS 0x0000000080f00000, 0x0000000080e00000| Untracked 
|  15|0x0000000080f00000, 0x0000000081000000, 0x0000000081000000|100%| O|  |TAMS 0x0000000080fd6000, 0x0000000080f00000| Untracked 
|  16|0x0000000081000000, 0x0000000081100000, 0x0000000081100000|100%| O|  |TAMS 0x0000000081000000, 0x0000000081000000| Untracked 
|  17|0x0000000081100000, 0x0000000081200000, 0x0000000081200000|100%| O|  |TAMS 0x0000000081100000, 0x0000000081100000| Untracked 
|  18|0x0000000081200000, 0x0000000081300000, 0x0000000081300000|100%| O|  |TAMS 0x0000000081200000, 0x0000000081200000| Untracked 
|  19|0x0000000081300000, 0x0000000081400000, 0x0000000081400000|100%| O|  |TAMS 0x0000000081300000, 0x0000000081300000| Untracked 
|  20|0x0000000081400000, 0x0000000081500000, 0x0000000081500000|100%| O|  |TAMS 0x0000000081400000, 0x0000000081400000| Untracked 
|  21|0x0000000081500000, 0x0000000081600000, 0x0000000081600000|100%| O|  |TAMS 0x0000000081500000, 0x0000000081500000| Untracked 
|  22|0x0000000081600000, 0x0000000081700000, 0x0000000081700000|100%| O|  |TAMS 0x0000000081600000, 0x0000000081600000| Untracked 
|  23|0x0000000081700000, 0x0000000081800000, 0x0000000081800000|100%| O|  |TAMS 0x0000000081700000, 0x0000000081700000| Untracked 
|  24|0x0000000081800000, 0x0000000081900000, 0x0000000081900000|100%| O|  |TAMS 0x0000000081800000, 0x0000000081800000| Untracked 
|  25|0x0000000081900000, 0x0000000081967400, 0x0000000081a00000| 40%| O|  |TAMS 0x0000000081900000, 0x0000000081900000| Untracked 
|  26|0x0000000081a00000, 0x0000000081b00000, 0x0000000081b00000|100%|HS|  |TAMS 0x0000000081a00000, 0x0000000081a00000| Complete 
|  27|0x0000000081b00000, 0x0000000081c00000, 0x0000000081c00000|100%|HS|  |TAMS 0x0000000081b00000, 0x0000000081b00000| Complete 
|  28|0x0000000081c00000, 0x0000000081d00000, 0x0000000081d00000|100%|HS|  |TAMS 0x0000000081c00000, 0x0000000081c00000| Complete 
|  29|0x0000000081d00000, 0x0000000081e00000, 0x0000000081e00000|100%|HC|  |TAMS 0x0000000081d00000, 0x0000000081d00000| Complete 
|  30|0x0000000081e00000, 0x0000000081e00000, 0x0000000081f00000|  0%| F|  |TAMS 0x0000000081e00000, 0x0000000081e00000| Untracked 
|  31|0x0000000081f00000, 0x0000000081f00000, 0x0000000082000000|  0%| F|  |TAMS 0x0000000081f00000, 0x0000000081f00000| Untracked 
|  32|0x0000000082000000, 0x0000000082000000, 0x0000000082100000|  0%| F|  |TAMS 0x0000000082000000, 0x0000000082000000| Untracked 
|  33|0x0000000082100000, 0x0000000082100000, 0x0000000082200000|  0%| F|  |TAMS 0x0000000082100000, 0x0000000082100000| Untracked 
|  34|0x0000000082200000, 0x0000000082200000, 0x0000000082300000|  0%| F|  |TAMS 0x0000000082200000, 0x0000000082200000| Untracked 
|  35|0x0000000082300000, 0x0000000082300000, 0x0000000082400000|  0%| F|  |TAMS 0x0000000082300000, 0x0000000082300000| Untracked 
|  36|0x0000000082400000, 0x0000000082400000, 0x0000000082500000|  0%| F|  |TAMS 0x0000000082400000, 0x0000000082400000| Untracked 
|  37|0x0000000082500000, 0x0000000082500000, 0x0000000082600000|  0%| F|  |TAMS 0x0000000082500000, 0x0000000082500000| Untracked 
|  38|0x0000000082600000, 0x0000000082600000, 0x0000000082700000|  0%| F|  |TAMS 0x0000000082600000, 0x0000000082600000| Untracked 
|  39|0x0000000082700000, 0x0000000082700000, 0x0000000082800000|  0%| F|  |TAMS 0x0000000082700000, 0x0000000082700000| Untracked 
|  40|0x0000000082800000, 0x0000000082800000, 0x0000000082900000|  0%| F|  |TAMS 0x0000000082800000, 0x0000000082800000| Untracked 
|  41|0x0000000082900000, 0x0000000082900000, 0x0000000082a00000|  0%| F|  |TAMS 0x0000000082900000, 0x0000000082900000| Untracked 
|  42|0x0000000082a00000, 0x0000000082a00000, 0x0000000082b00000|  0%| F|  |TAMS 0x0000000082a00000, 0x0000000082a00000| Untracked 
|  43|0x0000000082b00000, 0x0000000082b00000, 0x0000000082c00000|  0%| F|  |TAMS 0x0000000082b00000, 0x0000000082b00000| Untracked 
|  44|0x0000000082c00000, 0x0000000082c00000, 0x0000000082d00000|  0%| F|  |TAMS 0x0000000082c00000, 0x0000000082c00000| Untracked 
|  45|0x0000000082d00000, 0x0000000082d00000, 0x0000000082e00000|  0%| F|  |TAMS 0x0000000082d00000, 0x0000000082d00000| Untracked 
|  46|0x0000000082e00000, 0x0000000082e00000, 0x0000000082f00000|  0%| F|  |TAMS 0x0000000082e00000, 0x0000000082e00000| Untracked 
|  47|0x0000000082f00000, 0x0000000082f00000, 0x0000000083000000|  0%| F|  |TAMS 0x0000000082f00000, 0x0000000082f00000| Untracked 
|  48|0x0000000083000000, 0x0000000083000000, 0x0000000083100000|  0%| F|  |TAMS 0x0000000083000000, 0x0000000083000000| Untracked 
|  49|0x0000000083100000, 0x0000000083100000, 0x0000000083200000|  0%| F|  |TAMS 0x0000000083100000, 0x0000000083100000| Untracked 
|  50|0x0000000083200000, 0x0000000083200000, 0x0000000083300000|  0%| F|  |TAMS 0x0000000083200000, 0x0000000083200000| Untracked 
|  51|0x0000000083300000, 0x0000000083300000, 0x0000000083400000|  0%| F|  |TAMS 0x0000000083300000, 0x0000000083300000| Untracked 
|  52|0x0000000083400000, 0x0000000083400000, 0x0000000083500000|  0%| F|  |TAMS 0x0000000083400000, 0x0000000083400000| Untracked 
|  53|0x0000000083500000, 0x0000000083500000, 0x0000000083600000|  0%| F|  |TAMS 0x0000000083500000, 0x0000000083500000| Untracked 
|  54|0x0000000083600000, 0x0000000083600000, 0x0000000083700000|  0%| F|  |TAMS 0x0000000083600000, 0x0000000083600000| Untracked 
|  55|0x0000000083700000, 0x0000000083700000, 0x0000000083800000|  0%| F|  |TAMS 0x0000000083700000, 0x0000000083700000| Untracked 
|  56|0x0000000083800000, 0x0000000083800000, 0x0000000083900000|  0%| F|  |TAMS 0x0000000083800000, 0x0000000083800000| Untracked 
|  57|0x0000000083900000, 0x0000000083900000, 0x0000000083a00000|  0%| F|  |TAMS 0x0000000083900000, 0x0000000083900000| Untracked 
|  58|0x0000000083a00000, 0x0000000083a00000, 0x0000000083b00000|  0%| F|  |TAMS 0x0000000083a00000, 0x0000000083a00000| Untracked 
|  59|0x0000000083b00000, 0x0000000083b00000, 0x0000000083c00000|  0%| F|  |TAMS 0x0000000083b00000, 0x0000000083b00000| Untracked 
|  60|0x0000000083c00000, 0x0000000083c00000, 0x0000000083d00000|  0%| F|  |TAMS 0x0000000083c00000, 0x0000000083c00000| Untracked 
|  61|0x0000000083d00000, 0x0000000083d00000, 0x0000000083e00000|  0%| F|  |TAMS 0x0000000083d00000, 0x0000000083d00000| Untracked 
|  62|0x0000000083e00000, 0x0000000083e00000, 0x0000000083f00000|  0%| F|  |TAMS 0x0000000083e00000, 0x0000000083e00000| Untracked 
|  63|0x0000000083f00000, 0x0000000083f00000, 0x0000000084000000|  0%| F|  |TAMS 0x0000000083f00000, 0x0000000083f00000| Untracked 
|  64|0x0000000084000000, 0x0000000084000000, 0x0000000084100000|  0%| F|  |TAMS 0x0000000084000000, 0x0000000084000000| Untracked 
|  65|0x0000000084100000, 0x0000000084100000, 0x0000000084200000|  0%| F|  |TAMS 0x0000000084100000, 0x0000000084100000| Untracked 
|  66|0x0000000084200000, 0x0000000084200000, 0x0000000084300000|  0%| F|  |TAMS 0x0000000084200000, 0x0000000084200000| Untracked 
|  67|0x0000000084300000, 0x000000008437ca28, 0x0000000084400000| 48%| S|CS|TAMS 0x0000000084300000, 0x0000000084300000| Complete 
|  68|0x0000000084400000, 0x0000000084500000, 0x0000000084500000|100%| S|CS|TAMS 0x0000000084400000, 0x0000000084400000| Complete 
|  69|0x0000000084500000, 0x0000000084600000, 0x0000000084600000|100%| S|CS|TAMS 0x0000000084500000, 0x0000000084500000| Complete 
|  70|0x0000000084600000, 0x0000000084700000, 0x0000000084700000|100%| S|CS|TAMS 0x0000000084600000, 0x0000000084600000| Complete 
|  71|0x0000000084700000, 0x0000000084800000, 0x0000000084800000|100%| S|CS|TAMS 0x0000000084700000, 0x0000000084700000| Complete 
|  72|0x0000000084800000, 0x0000000084900000, 0x0000000084900000|100%| S|CS|TAMS 0x0000000084800000, 0x0000000084800000| Complete 
|  73|0x0000000084900000, 0x0000000084a00000, 0x0000000084a00000|100%| S|CS|TAMS 0x0000000084900000, 0x0000000084900000| Complete 
|  74|0x0000000084a00000, 0x0000000084a00000, 0x0000000084b00000|  0%| F|  |TAMS 0x0000000084a00000, 0x0000000084a00000| Untracked 
|  75|0x0000000084b00000, 0x0000000084b00000, 0x0000000084c00000|  0%| F|  |TAMS 0x0000000084b00000, 0x0000000084b00000| Untracked 
|  76|0x0000000084c00000, 0x0000000084c00000, 0x0000000084d00000|  0%| F|  |TAMS 0x0000000084c00000, 0x0000000084c00000| Untracked 
|  77|0x0000000084d00000, 0x0000000084d00000, 0x0000000084e00000|  0%| F|  |TAMS 0x0000000084d00000, 0x0000000084d00000| Untracked 
|  78|0x0000000084e00000, 0x0000000084e00000, 0x0000000084f00000|  0%| F|  |TAMS 0x0000000084e00000, 0x0000000084e00000| Untracked 
|  79|0x0000000084f00000, 0x0000000084f00000, 0x0000000085000000|  0%| F|  |TAMS 0x0000000084f00000, 0x0000000084f00000| Untracked 
|  80|0x0000000085000000, 0x0000000085000000, 0x0000000085100000|  0%| F|  |TAMS 0x0000000085000000, 0x0000000085000000| Untracked 
|  81|0x0000000085100000, 0x0000000085100000, 0x0000000085200000|  0%| F|  |TAMS 0x0000000085100000, 0x0000000085100000| Untracked 
|  82|0x0000000085200000, 0x0000000085200000, 0x0000000085300000|  0%| F|  |TAMS 0x0000000085200000, 0x0000000085200000| Untracked 
|  83|0x0000000085300000, 0x0000000085300000, 0x0000000085400000|  0%| F|  |TAMS 0x0000000085300000, 0x0000000085300000| Untracked 
|  84|0x0000000085400000, 0x0000000085400000, 0x0000000085500000|  0%| F|  |TAMS 0x0000000085400000, 0x0000000085400000| Untracked 
|  85|0x0000000085500000, 0x0000000085500000, 0x0000000085600000|  0%| F|  |TAMS 0x0000000085500000, 0x0000000085500000| Untracked 
|  86|0x0000000085600000, 0x0000000085600000, 0x0000000085700000|  0%| F|  |TAMS 0x0000000085600000, 0x0000000085600000| Untracked 
|  87|0x0000000085700000, 0x0000000085700000, 0x0000000085800000|  0%| F|  |TAMS 0x0000000085700000, 0x0000000085700000| Untracked 
|  88|0x0000000085800000, 0x0000000085800000, 0x0000000085900000|  0%| F|  |TAMS 0x0000000085800000, 0x0000000085800000| Untracked 
|  89|0x0000000085900000, 0x0000000085900000, 0x0000000085a00000|  0%| F|  |TAMS 0x0000000085900000, 0x0000000085900000| Untracked 
|  90|0x0000000085a00000, 0x0000000085a00000, 0x0000000085b00000|  0%| F|  |TAMS 0x0000000085a00000, 0x0000000085a00000| Untracked 
|  91|0x0000000085b00000, 0x0000000085b00000, 0x0000000085c00000|  0%| F|  |TAMS 0x0000000085b00000, 0x0000000085b00000| Untracked 
|  92|0x0000000085c00000, 0x0000000085c00000, 0x0000000085d00000|  0%| F|  |TAMS 0x0000000085c00000, 0x0000000085c00000| Untracked 
|  93|0x0000000085d00000, 0x0000000085d00000, 0x0000000085e00000|  0%| F|  |TAMS 0x0000000085d00000, 0x0000000085d00000| Untracked 
|  94|0x0000000085e00000, 0x0000000085e00000, 0x0000000085f00000|  0%| F|  |TAMS 0x0000000085e00000, 0x0000000085e00000| Untracked 
|  95|0x0000000085f00000, 0x0000000085f00000, 0x0000000086000000|  0%| F|  |TAMS 0x0000000085f00000, 0x0000000085f00000| Untracked 
|  96|0x0000000086000000, 0x0000000086000000, 0x0000000086100000|  0%| F|  |TAMS 0x0000000086000000, 0x0000000086000000| Untracked 
|  97|0x0000000086100000, 0x0000000086100000, 0x0000000086200000|  0%| F|  |TAMS 0x0000000086100000, 0x0000000086100000| Untracked 
|  98|0x0000000086200000, 0x0000000086200000, 0x0000000086300000|  0%| F|  |TAMS 0x0000000086200000, 0x0000000086200000| Untracked 
|  99|0x0000000086300000, 0x0000000086300000, 0x0000000086400000|  0%| F|  |TAMS 0x0000000086300000, 0x0000000086300000| Untracked 
| 100|0x0000000086400000, 0x0000000086400000, 0x0000000086500000|  0%| F|  |TAMS 0x0000000086400000, 0x0000000086400000| Untracked 
| 101|0x0000000086500000, 0x0000000086500000, 0x0000000086600000|  0%| F|  |TAMS 0x0000000086500000, 0x0000000086500000| Untracked 
| 102|0x0000000086600000, 0x0000000086600000, 0x0000000086700000|  0%| F|  |TAMS 0x0000000086600000, 0x0000000086600000| Untracked 
| 103|0x0000000086700000, 0x0000000086700000, 0x0000000086800000|  0%| F|  |TAMS 0x0000000086700000, 0x0000000086700000| Untracked 
| 104|0x0000000086800000, 0x0000000086800000, 0x0000000086900000|  0%| F|  |TAMS 0x0000000086800000, 0x0000000086800000| Untracked 
| 105|0x0000000086900000, 0x0000000086900000, 0x0000000086a00000|  0%| F|  |TAMS 0x0000000086900000, 0x0000000086900000| Untracked 
| 106|0x0000000086a00000, 0x0000000086a00000, 0x0000000086b00000|  0%| F|  |TAMS 0x0000000086a00000, 0x0000000086a00000| Untracked 
| 107|0x0000000086b00000, 0x0000000086b00000, 0x0000000086c00000|  0%| F|  |TAMS 0x0000000086b00000, 0x0000000086b00000| Untracked 
| 108|0x0000000086c00000, 0x0000000086c00000, 0x0000000086d00000|  0%| F|  |TAMS 0x0000000086c00000, 0x0000000086c00000| Untracked 
| 109|0x0000000086d00000, 0x0000000086d00000, 0x0000000086e00000|  0%| F|  |TAMS 0x0000000086d00000, 0x0000000086d00000| Untracked 
| 110|0x0000000086e00000, 0x0000000086e00000, 0x0000000086f00000|  0%| F|  |TAMS 0x0000000086e00000, 0x0000000086e00000| Untracked 
| 111|0x0000000086f00000, 0x0000000086f00000, 0x0000000087000000|  0%| F|  |TAMS 0x0000000086f00000, 0x0000000086f00000| Untracked 
| 112|0x0000000087000000, 0x0000000087000000, 0x0000000087100000|  0%| F|  |TAMS 0x0000000087000000, 0x0000000087000000| Untracked 
| 113|0x0000000087100000, 0x0000000087100000, 0x0000000087200000|  0%| F|  |TAMS 0x0000000087100000, 0x0000000087100000| Untracked 
| 114|0x0000000087200000, 0x0000000087200000, 0x0000000087300000|  0%| F|  |TAMS 0x0000000087200000, 0x0000000087200000| Untracked 
| 115|0x0000000087300000, 0x0000000087300000, 0x0000000087400000|  0%| F|  |TAMS 0x0000000087300000, 0x0000000087300000| Untracked 
| 116|0x0000000087400000, 0x0000000087400000, 0x0000000087500000|  0%| F|  |TAMS 0x0000000087400000, 0x0000000087400000| Untracked 
| 117|0x0000000087500000, 0x0000000087500000, 0x0000000087600000|  0%| F|  |TAMS 0x0000000087500000, 0x0000000087500000| Untracked 
| 118|0x0000000087600000, 0x0000000087600000, 0x0000000087700000|  0%| F|  |TAMS 0x0000000087600000, 0x0000000087600000| Untracked 
| 119|0x0000000087700000, 0x0000000087700000, 0x0000000087800000|  0%| F|  |TAMS 0x0000000087700000, 0x0000000087700000| Untracked 
| 120|0x0000000087800000, 0x0000000087800000, 0x0000000087900000|  0%| F|  |TAMS 0x0000000087800000, 0x0000000087800000| Untracked 
| 121|0x0000000087900000, 0x0000000087900000, 0x0000000087a00000|  0%| F|  |TAMS 0x0000000087900000, 0x0000000087900000| Untracked 
| 122|0x0000000087a00000, 0x0000000087a00000, 0x0000000087b00000|  0%| F|  |TAMS 0x0000000087a00000, 0x0000000087a00000| Untracked 
| 123|0x0000000087b00000, 0x0000000087b00000, 0x0000000087c00000|  0%| F|  |TAMS 0x0000000087b00000, 0x0000000087b00000| Untracked 
| 124|0x0000000087c00000, 0x0000000087c00000, 0x0000000087d00000|  0%| F|  |TAMS 0x0000000087c00000, 0x0000000087c00000| Untracked 
| 125|0x0000000087d00000, 0x0000000087d00000, 0x0000000087e00000|  0%| F|  |TAMS 0x0000000087d00000, 0x0000000087d00000| Untracked 
| 126|0x0000000087e00000, 0x0000000087e00000, 0x0000000087f00000|  0%| F|  |TAMS 0x0000000087e00000, 0x0000000087e00000| Untracked 
| 127|0x0000000087f00000, 0x0000000087f00000, 0x0000000088000000|  0%| F|  |TAMS 0x0000000087f00000, 0x0000000087f00000| Untracked 
| 128|0x0000000088000000, 0x0000000088000000, 0x0000000088100000|  0%| F|  |TAMS 0x0000000088000000, 0x0000000088000000| Untracked 
| 129|0x0000000088100000, 0x0000000088100000, 0x0000000088200000|  0%| F|  |TAMS 0x0000000088100000, 0x0000000088100000| Untracked 
| 130|0x0000000088200000, 0x0000000088200000, 0x0000000088300000|  0%| F|  |TAMS 0x0000000088200000, 0x0000000088200000| Untracked 
| 131|0x0000000088300000, 0x0000000088300000, 0x0000000088400000|  0%| F|  |TAMS 0x0000000088300000, 0x0000000088300000| Untracked 
| 132|0x0000000088400000, 0x0000000088400000, 0x0000000088500000|  0%| F|  |TAMS 0x0000000088400000, 0x0000000088400000| Untracked 
| 133|0x0000000088500000, 0x0000000088500000, 0x0000000088600000|  0%| F|  |TAMS 0x0000000088500000, 0x0000000088500000| Untracked 
| 134|0x0000000088600000, 0x0000000088600000, 0x0000000088700000|  0%| F|  |TAMS 0x0000000088600000, 0x0000000088600000| Untracked 
| 135|0x0000000088700000, 0x0000000088783218, 0x0000000088800000| 51%| E|  |TAMS 0x0000000088700000, 0x0000000088700000| Complete 
| 136|0x0000000088800000, 0x0000000088900000, 0x0000000088900000|100%| E|CS|TAMS 0x0000000088800000, 0x0000000088800000| Complete 
| 137|0x0000000088900000, 0x0000000088a00000, 0x0000000088a00000|100%| E|CS|TAMS 0x0000000088900000, 0x0000000088900000| Complete 
| 138|0x0000000088a00000, 0x0000000088b00000, 0x0000000088b00000|100%| E|CS|TAMS 0x0000000088a00000, 0x0000000088a00000| Complete 
| 139|0x0000000088b00000, 0x0000000088c00000, 0x0000000088c00000|100%| E|CS|TAMS 0x0000000088b00000, 0x0000000088b00000| Complete 
| 140|0x0000000088c00000, 0x0000000088d00000, 0x0000000088d00000|100%| E|CS|TAMS 0x0000000088c00000, 0x0000000088c00000| Complete 
| 141|0x0000000088d00000, 0x0000000088e00000, 0x0000000088e00000|100%| E|CS|TAMS 0x0000000088d00000, 0x0000000088d00000| Complete 
| 142|0x0000000088e00000, 0x0000000088f00000, 0x0000000088f00000|100%| E|CS|TAMS 0x0000000088e00000, 0x0000000088e00000| Complete 
| 143|0x0000000088f00000, 0x0000000089000000, 0x0000000089000000|100%| E|  |TAMS 0x0000000088f00000, 0x0000000088f00000| Complete 
| 144|0x0000000089000000, 0x0000000089100000, 0x0000000089100000|100%| E|CS|TAMS 0x0000000089000000, 0x0000000089000000| Complete 
| 145|0x0000000089100000, 0x0000000089200000, 0x0000000089200000|100%| E|CS|TAMS 0x0000000089100000, 0x0000000089100000| Complete 
| 146|0x0000000089200000, 0x0000000089300000, 0x0000000089300000|100%| E|CS|TAMS 0x0000000089200000, 0x0000000089200000| Complete 
| 147|0x0000000089300000, 0x0000000089400000, 0x0000000089400000|100%| E|CS|TAMS 0x0000000089300000, 0x0000000089300000| Complete 
| 148|0x0000000089400000, 0x0000000089500000, 0x0000000089500000|100%| E|CS|TAMS 0x0000000089400000, 0x0000000089400000| Complete 

Card table byte_map: [0x0000021996740000,0x0000021996b40000] _byte_map_base: 0x0000021996340000

Marking Bits (Prev, Next): (CMBitMap*) 0x0000021982dddb38, (CMBitMap*) 0x0000021982dddb70
 Prev Bits: [0x0000021996f40000, 0x0000021998f40000)
 Next Bits: [0x0000021998f40000, 0x000002199af40000)

Polling page: 0x0000021982e80000

Metaspace:

Usage:
  Non-class:     42.16 MB capacity,    41.31 MB ( 98%) used,   745.30 KB (  2%) free+waste,   125.94 KB ( <1%) overhead. 
      Class:      6.55 MB capacity,     6.07 MB ( 93%) used,   434.13 KB (  6%) free+waste,    59.94 KB ( <1%) overhead. 
       Both:     48.71 MB capacity,    47.38 MB ( 97%) used,     1.15 MB (  2%) free+waste,   185.88 KB ( <1%) overhead. 

Virtual space:
  Non-class space:       44.00 MB reserved,      42.25 MB ( 96%) committed 
      Class space:        1.00 GB reserved,       6.63 MB ( <1%) committed 
             Both:        1.04 GB reserved,      48.88 MB (  5%) committed 

Chunk freelists:
   Non-Class:  28.00 KB
       Class:  12.00 KB
        Both:  40.00 KB

MaxMetaspaceSize: 17179869184.00 GB
CompressedClassSpaceSize: 1.00 GB
Initial GC threshold: 20.80 MB
Current GC threshold: 58.54 MB
CDS: off

CodeHeap 'non-profiled nmethods': size=120000Kb used=2943Kb max_used=2943Kb free=117056Kb
 bounds [0x000002198e3a0000, 0x000002198e680000, 0x00000219958d0000]
CodeHeap 'profiled nmethods': size=120000Kb used=10606Kb max_used=10606Kb free=109393Kb
 bounds [0x0000021986e70000, 0x00000219878d0000, 0x000002198e3a0000]
CodeHeap 'non-nmethods': size=5760Kb used=2304Kb max_used=2359Kb free=3455Kb
 bounds [0x00000219868d0000, 0x0000021986b40000, 0x0000021986e70000]
 total_blobs=5997 nmethods=5209 adapters=700
 compilation: enabled
              stopped_count=0, restarted_count=0
 full_count=0

Compilation events (20 events):
Event: 5.783 Thread 0x000002199da36000 5196       3       org.codehaus.groovy.util.ComplexKeyHashMap::getEntrySetIterator (9 bytes)
Event: 5.784 Thread 0x000002199da36000 nmethod 5196 0x00000219878b1710 code [0x00000219878b18c0, 0x00000219878b1a48]
Event: 5.784 Thread 0x000002199da36000 5194       3       org.codehaus.groovy.runtime.GroovyCategorySupport::getCategoryMethods (21 bytes)
Event: 5.786 Thread 0x000002199da36000 nmethod 5194 0x00000219878b1b10 code [0x00000219878b1d20, 0x00000219878b22c8]
Event: 5.787 Thread 0x000002199da36000 5195       3       org.codehaus.groovy.runtime.GroovyCategorySupport$MyThreadLocal::getInfoNullable (24 bytes)
Event: 5.788 Thread 0x000002199da36000 nmethod 5195 0x00000219878b2490 code [0x00000219878b2680, 0x00000219878b2b58]
Event: 5.806 Thread 0x000002199da36000 5198       3       java.util.Locale::hasExtensions (13 bytes)
Event: 5.807 Thread 0x000002199da36000 nmethod 5198 0x00000219878b2c90 code [0x00000219878b2e40, 0x00000219878b2f98]
Event: 5.807 Thread 0x000002199da36000 5199       3       java.util.regex.Pattern$GroupTail::match (111 bytes)
Event: 5.809 Thread 0x000002199da36000 nmethod 5199 0x00000219878b3010 code [0x00000219878b31e0, 0x00000219878b3568]
Event: 5.809 Thread 0x000002199da36000 5200   !   3       java.util.concurrent.LinkedBlockingQueue::poll (128 bytes)
Event: 5.817 Thread 0x000002199da36000 nmethod 5200 0x00000219878b3790 code [0x00000219878b3b40, 0x00000219878b53a8]
Event: 5.817 Thread 0x000002199da36000 5202       3       org.gradle.cache.internal.DefaultCrossBuildInMemoryCacheFactory$AbstractCrossBuildInMemoryCache::getIfPresentWithoutLock (43 bytes)
Event: 5.818 Thread 0x000002199da36000 nmethod 5202 0x00000219878b6010 code [0x00000219878b6200, 0x00000219878b6608]
Event: 5.818 Thread 0x000002199da36000 5201       1       org.gradle.internal.instantiation.generator.DefaultInstantiationScheme::instantiator (5 bytes)
Event: 5.819 Thread 0x000002199da36000 nmethod 5201 0x000002198e67c590 code [0x000002198e67c740, 0x000002198e67c7f8]
Event: 5.825 Thread 0x000002199da36000 5203       3       org.gradle.launcher.daemon.server.exec.DaemonConnectionBackedEventConsumer$ForwardEvents::moreMessagesToSend (35 bytes)
Event: 5.827 Thread 0x000002199da36000 nmethod 5203 0x00000219878b6710 code [0x00000219878b68e0, 0x00000219878b6b88]
Event: 5.827 Thread 0x000002199da36000 5204   !   3       org.gradle.launcher.daemon.server.exec.DaemonConnectionBackedEventConsumer$ForwardEvents::getNextEvent (27 bytes)
Event: 5.828 Thread 0x000002199da36000 nmethod 5204 0x00000219878b6c90 code [0x00000219878b6e60, 0x00000219878b70a8]

GC Heap History (20 events):
Event: 0.686 GC heap before
{Heap before GC invocations=0 (full 0):
 garbage-first heap   total 126976K, used 30720K [0x0000000080000000, 0x0000000100000000)
  region size 1024K, 24 young (24576K), 0 survivors (0K)
 Metaspace       used 10188K, capacity 10424K, committed 10624K, reserved 1058816K
  class space    used 1070K, capacity 1140K, committed 1152K, reserved 1048576K
}
Event: 0.692 GC heap after
{Heap after GC invocations=1 (full 0):
 garbage-first heap   total 126976K, used 9215K [0x0000000080000000, 0x0000000100000000)
  region size 1024K, 3 young (3072K), 3 survivors (3072K)
 Metaspace       used 10188K, capacity 10424K, committed 10624K, reserved 1058816K
  class space    used 1070K, capacity 1140K, committed 1152K, reserved 1048576K
}
Event: 1.059 GC heap before
{Heap before GC invocations=1 (full 0):
 garbage-first heap   total 126976K, used 52223K [0x0000000080000000, 0x0000000100000000)
  region size 1024K, 45 young (46080K), 3 survivors (3072K)
 Metaspace       used 11325K, capacity 11627K, committed 11904K, reserved 1060864K
  class space    used 1198K, capacity 1285K, committed 1408K, reserved 1048576K
}
Event: 1.066 GC heap after
{Heap after GC invocations=2 (full 0):
 garbage-first heap   total 126976K, used 13908K [0x0000000080000000, 0x0000000100000000)
  region size 1024K, 6 young (6144K), 6 survivors (6144K)
 Metaspace       used 11325K, capacity 11627K, committed 11904K, reserved 1060864K
  class space    used 1198K, capacity 1285K, committed 1408K, reserved 1048576K
}
Event: 1.917 GC heap before
{Heap before GC invocations=2 (full 0):
 garbage-first heap   total 126976K, used 64084K [0x0000000080000000, 0x0000000100000000)
  region size 1024K, 55 young (56320K), 6 survivors (6144K)
 Metaspace       used 19461K, capacity 19814K, committed 19968K, reserved 1067008K
  class space    used 2387K, capacity 2505K, committed 2560K, reserved 1048576K
}
Event: 1.923 GC heap after
{Heap after GC invocations=3 (full 0):
 garbage-first heap   total 126976K, used 16674K [0x0000000080000000, 0x0000000100000000)
  region size 1024K, 3 young (3072K), 3 survivors (3072K)
 Metaspace       used 19461K, capacity 19814K, committed 19968K, reserved 1067008K
  class space    used 2387K, capacity 2505K, committed 2560K, reserved 1048576K
}
Event: 2.037 GC heap before
{Heap before GC invocations=3 (full 0):
 garbage-first heap   total 126976K, used 26914K [0x0000000080000000, 0x0000000100000000)
  region size 1024K, 14 young (14336K), 3 survivors (3072K)
 Metaspace       used 20705K, capacity 21137K, committed 21248K, reserved 1067008K
  class space    used 2550K, capacity 2712K, committed 2816K, reserved 1048576K
}
Event: 2.041 GC heap after
{Heap after GC invocations=4 (full 0):
 garbage-first heap   total 126976K, used 17001K [0x0000000080000000, 0x0000000100000000)
  region size 1024K, 4 young (4096K), 4 survivors (4096K)
 Metaspace       used 20705K, capacity 21137K, committed 21248K, reserved 1067008K
  class space    used 2550K, capacity 2712K, committed 2816K, reserved 1048576K
}
Event: 2.497 GC heap before
{Heap before GC invocations=5 (full 0):
 garbage-first heap   total 126976K, used 66153K [0x0000000080000000, 0x0000000100000000)
  region size 1024K, 53 young (54272K), 4 survivors (4096K)
 Metaspace       used 25839K, capacity 26386K, committed 26624K, reserved 1073152K
  class space    used 3346K, capacity 3552K, committed 3584K, reserved 1048576K
}
Event: 2.501 GC heap after
{Heap after GC invocations=6 (full 0):
 garbage-first heap   total 126976K, used 18675K [0x0000000080000000, 0x0000000100000000)
  region size 1024K, 5 young (5120K), 5 survivors (5120K)
 Metaspace       used 25839K, capacity 26386K, committed 26624K, reserved 1073152K
  class space    used 3346K, capacity 3552K, committed 3584K, reserved 1048576K
}
Event: 3.087 GC heap before
{Heap before GC invocations=6 (full 0):
 garbage-first heap   total 126976K, used 71923K [0x0000000080000000, 0x0000000100000000)
  region size 1024K, 57 young (58368K), 5 survivors (5120K)
 Metaspace       used 31223K, capacity 31909K, committed 32128K, reserved 1077248K
  class space    used 4179K, capacity 4442K, committed 4480K, reserved 1048576K
}
Event: 3.094 GC heap after
{Heap after GC invocations=7 (full 0):
 garbage-first heap   total 126976K, used 20248K [0x0000000080000000, 0x0000000100000000)
  region size 1024K, 4 young (4096K), 4 survivors (4096K)
 Metaspace       used 31223K, capacity 31909K, committed 32128K, reserved 1077248K
  class space    used 4179K, capacity 4442K, committed 4480K, reserved 1048576K
}
Event: 3.307 GC heap before
{Heap before GC invocations=7 (full 0):
 garbage-first heap   total 126976K, used 29464K [0x0000000080000000, 0x0000000100000000)
  region size 1024K, 14 young (14336K), 4 survivors (4096K)
 Metaspace       used 34902K, capacity 35721K, committed 35840K, reserved 1081344K
  class space    used 4533K, capacity 4840K, committed 4864K, reserved 1048576K
}
Event: 3.316 GC heap after
{Heap after GC invocations=8 (full 0):
 garbage-first heap   total 152576K, used 22059K [0x0000000080000000, 0x0000000100000000)
  region size 1024K, 6 young (6144K), 6 survivors (6144K)
 Metaspace       used 34902K, capacity 35721K, committed 35840K, reserved 1081344K
  class space    used 4533K, capacity 4840K, committed 4864K, reserved 1048576K
}
Event: 4.084 GC heap before
{Heap before GC invocations=9 (full 0):
 garbage-first heap   total 152576K, used 80427K [0x0000000080000000, 0x0000000100000000)
  region size 1024K, 61 young (62464K), 6 survivors (6144K)
 Metaspace       used 40499K, capacity 41472K, committed 41728K, reserved 1085440K
  class space    used 5196K, capacity 5555K, committed 5632K, reserved 1048576K
}
Event: 4.093 GC heap after
{Heap after GC invocations=10 (full 0):
 garbage-first heap   total 152576K, used 26392K [0x0000000080000000, 0x0000000100000000)
  region size 1024K, 8 young (8192K), 8 survivors (8192K)
 Metaspace       used 40499K, capacity 41472K, committed 41728K, reserved 1085440K
  class space    used 5196K, capacity 5555K, committed 5632K, reserved 1048576K
}
Event: 4.715 GC heap before
{Heap before GC invocations=10 (full 0):
 garbage-first heap   total 152576K, used 85784K [0x0000000080000000, 0x0000000100000000)
  region size 1024K, 66 young (67584K), 8 survivors (8192K)
 Metaspace       used 44871K, capacity 45994K, committed 46208K, reserved 1089536K
  class space    used 5759K, capacity 6184K, committed 6272K, reserved 1048576K
}
Event: 4.724 GC heap after
{Heap after GC invocations=11 (full 0):
 garbage-first heap   total 152576K, used 29207K [0x0000000080000000, 0x0000000100000000)
  region size 1024K, 8 young (8192K), 8 survivors (8192K)
 Metaspace       used 44871K, capacity 45994K, committed 46208K, reserved 1089536K
  class space    used 5759K, capacity 6184K, committed 6272K, reserved 1048576K
}
Event: 5.546 GC heap before
{Heap before GC invocations=11 (full 0):
 garbage-first heap   total 152576K, used 96791K [0x0000000080000000, 0x0000000100000000)
  region size 1024K, 75 young (76800K), 8 survivors (8192K)
 Metaspace       used 48112K, capacity 49395K, committed 49664K, reserved 1091584K
  class space    used 6157K, capacity 6633K, committed 6656K, reserved 1048576K
}
Event: 5.557 GC heap after
{Heap after GC invocations=12 (full 0):
 garbage-first heap   total 152576K, used 32655K [0x0000000080000000, 0x0000000100000000)
  region size 1024K, 7 young (7168K), 7 survivors (7168K)
 Metaspace       used 48112K, capacity 49395K, committed 49664K, reserved 1091584K
  class space    used 6157K, capacity 6633K, committed 6656K, reserved 1048576K
}

Deoptimization events (20 events):
Event: 5.565 Thread 0x000002199ff00800 DEOPT PACKING pc=0x0000021987678b71 sp=0x00000024963f9a00
Event: 5.565 Thread 0x000002199ff00800 DEOPT UNPACKING pc=0x0000021986919d0e sp=0x00000024963f8ef8 mode 0
Event: 5.593 Thread 0x000002199ff00800 DEOPT PACKING pc=0x0000021987882784 sp=0x00000024963f1c90
Event: 5.593 Thread 0x000002199ff00800 DEOPT UNPACKING pc=0x0000021986919d0e sp=0x00000024963f1280 mode 0
Event: 5.605 Thread 0x000002199ff00800 DEOPT PACKING pc=0x0000021986f3152e sp=0x00000024963f21f0
Event: 5.605 Thread 0x000002199ff00800 DEOPT UNPACKING pc=0x0000021986919d0e sp=0x00000024963f1660 mode 0
Event: 5.610 Thread 0x000002199ff00800 DEOPT PACKING pc=0x0000021987882784 sp=0x00000024963f1c00
Event: 5.610 Thread 0x000002199ff00800 DEOPT UNPACKING pc=0x0000021986919d0e sp=0x00000024963f11d8 mode 0
Event: 5.619 Thread 0x000002199ff00800 DEOPT PACKING pc=0x0000021987882784 sp=0x00000024963f1c00
Event: 5.619 Thread 0x000002199ff00800 DEOPT UNPACKING pc=0x0000021986919d0e sp=0x00000024963f11d8 mode 0
Event: 5.625 Thread 0x000002199ff00800 DEOPT PACKING pc=0x0000021987882784 sp=0x00000024963f1a80
Event: 5.625 Thread 0x000002199ff00800 DEOPT UNPACKING pc=0x0000021986919d0e sp=0x00000024963f1058 mode 0
Event: 5.628 Thread 0x000002199ff00800 DEOPT PACKING pc=0x00000219870eeb17 sp=0x00000024963f1bd0
Event: 5.628 Thread 0x000002199ff00800 DEOPT UNPACKING pc=0x0000021986919d0e sp=0x00000024963f1158 mode 0
Event: 5.633 Thread 0x000002199ff00800 DEOPT PACKING pc=0x0000021987882784 sp=0x00000024963f1a80
Event: 5.633 Thread 0x000002199ff00800 DEOPT UNPACKING pc=0x0000021986919d0e sp=0x00000024963f1058 mode 0
Event: 5.787 Thread 0x000002199ff00800 Uncommon trap: trap_request=0xffffffc6 fr.pc=0x000002198e5a9f00 relative=0x0000000000003c60
Event: 5.787 Thread 0x000002199ff00800 Uncommon trap: reason=bimorphic_or_optimized_type_check action=maybe_recompile pc=0x000002198e5a9f00 method=java.util.AbstractCollection.addAll(Ljava/util/Collection;)Z @ 29 c2
Event: 5.788 Thread 0x000002199ff00800 DEOPT PACKING pc=0x000002198e5a9f00 sp=0x00000024963f9300
Event: 5.788 Thread 0x000002199ff00800 DEOPT UNPACKING pc=0x00000219868d85af sp=0x00000024963f9300 mode 2

Classes redefined (0 events):
No events

Internal exceptions (20 events):
Event: 5.596 Thread 0x000002199ff00800 Exception <a 'java/security/PrivilegedActionException'{0x00000000891ada08}> (0x00000000891ada08) thrown at [./src/hotspot/share/prims/jvm.cpp, line 1306]
Event: 5.596 Thread 0x000002199ff00800 Exception <a 'java/security/PrivilegedActionException'{0x00000000891aecc8}> (0x00000000891aecc8) thrown at [./src/hotspot/share/prims/jvm.cpp, line 1306]
Event: 5.596 Thread 0x000002199ff00800 Exception <a 'java/security/PrivilegedActionException'{0x00000000891b18f0}> (0x00000000891b18f0) thrown at [./src/hotspot/share/prims/jvm.cpp, line 1306]
Event: 5.596 Thread 0x000002199ff00800 Exception <a 'java/security/PrivilegedActionException'{0x00000000891b2bb0}> (0x00000000891b2bb0) thrown at [./src/hotspot/share/prims/jvm.cpp, line 1306]
Event: 5.606 Thread 0x000002199ff00800 Exception <a 'java/security/PrivilegedActionException'{0x00000000890972c0}> (0x00000000890972c0) thrown at [./src/hotspot/share/prims/jvm.cpp, line 1306]
Event: 5.606 Thread 0x000002199ff00800 Exception <a 'java/security/PrivilegedActionException'{0x0000000089098580}> (0x0000000089098580) thrown at [./src/hotspot/share/prims/jvm.cpp, line 1306]
Event: 5.606 Thread 0x000002199ff00800 Exception <a 'java/security/PrivilegedActionException'{0x000000008909b1a8}> (0x000000008909b1a8) thrown at [./src/hotspot/share/prims/jvm.cpp, line 1306]
Event: 5.606 Thread 0x000002199ff00800 Exception <a 'java/security/PrivilegedActionException'{0x000000008909c468}> (0x000000008909c468) thrown at [./src/hotspot/share/prims/jvm.cpp, line 1306]
Event: 5.607 Thread 0x000002199ff00800 Exception <a 'java/security/PrivilegedActionException'{0x000000008909f140}> (0x000000008909f140) thrown at [./src/hotspot/share/prims/jvm.cpp, line 1306]
Event: 5.607 Thread 0x000002199ff00800 Exception <a 'java/security/PrivilegedActionException'{0x00000000890a0400}> (0x00000000890a0400) thrown at [./src/hotspot/share/prims/jvm.cpp, line 1306]
Event: 5.607 Thread 0x000002199ff00800 Exception <a 'java/security/PrivilegedActionException'{0x00000000890a3030}> (0x00000000890a3030) thrown at [./src/hotspot/share/prims/jvm.cpp, line 1306]
Event: 5.607 Thread 0x000002199ff00800 Exception <a 'java/security/PrivilegedActionException'{0x00000000890a42f0}> (0x00000000890a42f0) thrown at [./src/hotspot/share/prims/jvm.cpp, line 1306]
Event: 5.607 Thread 0x000002199ff00800 Exception <a 'java/security/PrivilegedActionException'{0x00000000890a6f70}> (0x00000000890a6f70) thrown at [./src/hotspot/share/prims/jvm.cpp, line 1306]
Event: 5.607 Thread 0x000002199ff00800 Exception <a 'java/security/PrivilegedActionException'{0x00000000890a8230}> (0x00000000890a8230) thrown at [./src/hotspot/share/prims/jvm.cpp, line 1306]
Event: 5.607 Thread 0x000002199ff00800 Exception <a 'java/security/PrivilegedActionException'{0x00000000890aaf08}> (0x00000000890aaf08) thrown at [./src/hotspot/share/prims/jvm.cpp, line 1306]
Event: 5.607 Thread 0x000002199ff00800 Exception <a 'java/security/PrivilegedActionException'{0x00000000890ac1c8}> (0x00000000890ac1c8) thrown at [./src/hotspot/share/prims/jvm.cpp, line 1306]
Event: 5.662 Thread 0x000002199ff00800 Exception <a 'java/lang/ClassNotFoundException'{0x0000000088bc7ad0}: org/gradle/api/internal/project/DefaultProject_DecoratedBeanInfo> (0x0000000088bc7ad0) thrown at [./src/hotspot/share/classfile/systemDictionary.cpp, line 231]
Event: 5.668 Thread 0x000002199ff00800 Exception <a 'java/lang/ClassNotFoundException'{0x0000000088bf58c8}: org/gradle/api/internal/project/DefaultProjectBeanInfo> (0x0000000088bf58c8) thrown at [./src/hotspot/share/classfile/systemDictionary.cpp, line 231]
Event: 5.675 Thread 0x000002199ff00800 Exception <a 'java/lang/ClassNotFoundException'{0x0000000088a23a48}: org/gradle/api/internal/project/DefaultProjectCustomizer> (0x0000000088a23a48) thrown at [./src/hotspot/share/classfile/systemDictionary.cpp, line 231]
Event: 5.720 Thread 0x000002199ff00800 Exception <a 'java/lang/ClassNotFoundException'{0x0000000088ae6c18}: org/gradle/api/internal/project/DefaultProject_DecoratedCustomizer> (0x0000000088ae6c18) thrown at [./src/hotspot/share/classfile/systemDictionary.cpp, line 231]

Events (20 events):
Event: 5.833 loading class org/gradle/api/tasks/TaskInstantiationException
Event: 5.833 loading class org/gradle/api/tasks/TaskInstantiationException done
Event: 5.835 loading class org/gradle/api/tasks/TaskState
Event: 5.835 loading class org/gradle/api/tasks/TaskState done
Event: 5.836 loading class org/gradle/api/tasks/TaskOutputs
Event: 5.836 loading class org/gradle/api/tasks/TaskOutputs done
Event: 5.837 loading class org/gradle/api/tasks/TaskInputs
Event: 5.837 loading class org/gradle/api/tasks/TaskInputs done
Event: 5.839 loading class org/gradle/internal/logging/slf4j/ContextAwareTaskLogger
Event: 5.839 loading class org/gradle/internal/logging/slf4j/ContextAwareTaskLogger done
Event: 5.840 loading class org/gradle/api/internal/TaskInputsInternal
Event: 5.840 loading class org/gradle/api/internal/TaskInputsInternal done
Event: 5.841 loading class org/gradle/api/internal/TaskOutputsInternal
Event: 5.841 loading class org/gradle/api/internal/TaskOutputsInternal done
Event: 5.843 loading class org/gradle/api/tasks/TaskDestroyables
Event: 5.843 loading class org/gradle/api/tasks/TaskDestroyables done
Event: 5.843 loading class org/gradle/api/internal/tasks/TaskLocalStateInternal
Event: 5.843 loading class org/gradle/api/internal/tasks/TaskLocalStateInternal done
Event: 5.844 loading class org/gradle/api/tasks/TaskLocalState
Event: 5.844 loading class org/gradle/api/tasks/TaskLocalState done


Dynamic libraries:
0x00007ff6b35f0000 - 0x00007ff6b35fa000 	C:\Program Files\Android\Android Studio\jre\bin\java.exe
0x00007ffbd01f0000 - 0x00007ffbd03e5000 	C:\Windows\SYSTEM32\ntdll.dll
0x00007ffbce490000 - 0x00007ffbce54d000 	C:\Windows\System32\KERNEL32.DLL
0x00007ffbcdb40000 - 0x00007ffbcde0d000 	C:\Windows\System32\KERNELBASE.dll
0x00007ffbce110000 - 0x00007ffbce210000 	C:\Windows\System32\ucrtbase.dll
0x00007ffbb2c10000 - 0x00007ffbb2c27000 	C:\Program Files\Android\Android Studio\jre\bin\VCRUNTIME140.dll
0x00007ffbb2bf0000 - 0x00007ffbb2c09000 	C:\Program Files\Android\Android Studio\jre\bin\jli.dll
0x00007ffbcf4e0000 - 0x00007ffbcf680000 	C:\Windows\System32\USER32.dll
0x00007ffbb5b40000 - 0x00007ffbb5dda000 	C:\Windows\WinSxS\amd64_microsoft.windows.common-controls_6595b64144ccf1df_6.0.19041.1110_none_60b5254171f9507e\COMCTL32.dll
0x00007ffbce210000 - 0x00007ffbce232000 	C:\Windows\System32\win32u.dll
0x00007ffbce330000 - 0x00007ffbce3ce000 	C:\Windows\System32\msvcrt.dll
0x00007ffbcf4b0000 - 0x00007ffbcf4da000 	C:\Windows\System32\GDI32.dll
0x00007ffbce000000 - 0x00007ffbce10b000 	C:\Windows\System32\gdi32full.dll
0x00007ffbcd9b0000 - 0x00007ffbcda4d000 	C:\Windows\System32\msvcp_win.dll
0x00007ffbcf680000 - 0x00007ffbcf6b0000 	C:\Windows\System32\IMM32.DLL
0x00007ffb975b0000 - 0x00007ffb9764d000 	C:\Program Files\Android\Android Studio\jre\bin\msvcp140.dll
0x00007ffb6f8f0000 - 0x00007ffb703d5000 	C:\Program Files\Android\Android Studio\jre\bin\server\jvm.dll
0x00007ffbce3e0000 - 0x00007ffbce48e000 	C:\Windows\System32\ADVAPI32.dll
0x00007ffbce690000 - 0x00007ffbce72c000 	C:\Windows\System32\sechost.dll
0x00007ffbcf1d0000 - 0x00007ffbcf2f5000 	C:\Windows\System32\RPCRT4.dll
0x00007ffbce3d0000 - 0x00007ffbce3d8000 	C:\Windows\System32\PSAPI.DLL
0x00007ffbc5d80000 - 0x00007ffbc5d8a000 	C:\Windows\SYSTEM32\VERSION.dll
0x00007ffbb7760000 - 0x00007ffbb7787000 	C:\Windows\SYSTEM32\WINMM.dll
0x00007ffbc8bf0000 - 0x00007ffbc8bf9000 	C:\Windows\SYSTEM32\WSOCK32.dll
0x00007ffbce860000 - 0x00007ffbce8cb000 	C:\Windows\System32\WS2_32.dll
0x00007ffbcc190000 - 0x00007ffbcc1a2000 	C:\Windows\SYSTEM32\kernel.appcore.dll
0x00007ffbc8b80000 - 0x00007ffbc8b91000 	C:\Program Files\Android\Android Studio\jre\bin\verify.dll
0x00007ffbcb5d0000 - 0x00007ffbcb7b4000 	C:\Windows\SYSTEM32\DBGHELP.DLL
0x00007ffbb9520000 - 0x00007ffbb954c000 	C:\Windows\SYSTEM32\dbgcore.DLL
0x00007ffbcdf70000 - 0x00007ffbcdff2000 	C:\Windows\System32\bcryptPrimitives.dll
0x00007ffbc6410000 - 0x00007ffbc6439000 	C:\Program Files\Android\Android Studio\jre\bin\java.dll
0x00007ffbc8be0000 - 0x00007ffbc8beb000 	C:\Program Files\Android\Android Studio\jre\bin\jimage.dll
0x00007ffbc8780000 - 0x00007ffbc8798000 	C:\Program Files\Android\Android Studio\jre\bin\zip.dll
0x00007ffbce8d0000 - 0x00007ffbcf014000 	C:\Windows\System32\SHELL32.dll
0x00007ffbcb7c0000 - 0x00007ffbcbf54000 	C:\Windows\SYSTEM32\windows.storage.dll
0x00007ffbcf7f0000 - 0x00007ffbcfb44000 	C:\Windows\System32\combase.dll
0x00007ffbcd360000 - 0x00007ffbcd38c000 	C:\Windows\SYSTEM32\Wldp.dll
0x00007ffbcf6b0000 - 0x00007ffbcf75d000 	C:\Windows\System32\SHCORE.dll
0x00007ffbce270000 - 0x00007ffbce2c5000 	C:\Windows\System32\shlwapi.dll
0x00007ffbcd840000 - 0x00007ffbcd85f000 	C:\Windows\SYSTEM32\profapi.dll
0x00007ffbc84c0000 - 0x00007ffbc84da000 	C:\Program Files\Android\Android Studio\jre\bin\net.dll
0x00007ffbc8c80000 - 0x00007ffbc8d8a000 	C:\Windows\SYSTEM32\WINHTTP.dll
0x00007ffbcd0c0000 - 0x00007ffbcd12a000 	C:\Windows\system32\mswsock.dll
0x00007ffbc63f0000 - 0x00007ffbc6404000 	C:\Program Files\Android\Android Studio\jre\bin\nio.dll
0x00007ffbc6210000 - 0x00007ffbc6237000 	C:\Users\ASUS\.gradle\native\e1d6ef7f7dcc3fd88c89a11ec53ec762bb8ba0a96d01ffa2cd45eb1d1d8dd5c5\windows-amd64\native-platform.dll
0x00007ffb71500000 - 0x00007ffb71644000 	C:\Users\ASUS\.gradle\native\5664cfc778a61ccfe75a443a1ab52a65af34e5dc3c78e0209fed803814484fcb\windows-amd64\native-platform-file-events.dll
0x00007ffbc7fd0000 - 0x00007ffbc7fda000 	C:\Program Files\Android\Android Studio\jre\bin\management.dll
0x00007ffbc65f0000 - 0x00007ffbc65fd000 	C:\Program Files\Android\Android Studio\jre\bin\management_ext.dll
0x00007ffbcd2b0000 - 0x00007ffbcd2c8000 	C:\Windows\SYSTEM32\CRYPTSP.dll
0x00007ffbcc9d0000 - 0x00007ffbcca04000 	C:\Windows\system32\rsaenh.dll
0x00007ffbcdb10000 - 0x00007ffbcdb37000 	C:\Windows\System32\bcrypt.dll
0x00007ffbcd7c0000 - 0x00007ffbcd7ee000 	C:\Windows\SYSTEM32\USERENV.dll
0x00007ffbcd2d0000 - 0x00007ffbcd2dc000 	C:\Windows\SYSTEM32\CRYPTBASE.dll
0x00007ffbccd60000 - 0x00007ffbccd9b000 	C:\Windows\SYSTEM32\IPHLPAPI.DLL
0x00007ffbce240000 - 0x00007ffbce248000 	C:\Windows\System32\NSI.dll
0x00007ffbc5310000 - 0x00007ffbc5327000 	C:\Windows\SYSTEM32\dhcpcsvc6.DLL
0x00007ffbc69a0000 - 0x00007ffbc69bd000 	C:\Windows\SYSTEM32\dhcpcsvc.DLL
0x00007ffbccda0000 - 0x00007ffbcce6b000 	C:\Windows\SYSTEM32\DNSAPI.dll

dbghelp: loaded successfully - version: 4.0.5 - missing functions: none
symbol engine: initialized successfully - sym options: 0x614 - pdb path: .;C:\Program Files\Android\Android Studio\jre\bin;C:\Windows\SYSTEM32;C:\Windows\WinSxS\amd64_microsoft.windows.common-controls_6595b64144ccf1df_6.0.19041.1110_none_60b5254171f9507e;C:\Program Files\Android\Android Studio\jre\bin\server;C:\Users\ASUS\.gradle\native\e1d6ef7f7dcc3fd88c89a11ec53ec762bb8ba0a96d01ffa2cd45eb1d1d8dd5c5\windows-amd64;C:\Users\ASUS\.gradle\native\5664cfc778a61ccfe75a443a1ab52a65af34e5dc3c78e0209fed803814484fcb\windows-amd64

VM Arguments:
jvm_args: --add-opens=java.base/java.util=ALL-UNNAMED --add-opens=java.base/java.lang=ALL-UNNAMED --add-opens=java.base/java.lang.invoke=ALL-UNNAMED --add-opens=java.base/java.util=ALL-UNNAMED --add-opens=java.prefs/java.util.prefs=ALL-UNNAMED --add-opens=java.prefs/java.util.prefs=ALL-UNNAMED --add-opens=java.base/java.nio.charset=ALL-UNNAMED --add-opens=java.base/java.net=ALL-UNNAMED --add-opens=java.base/java.util.concurrent.atomic=ALL-UNNAMED -Xmx2048m -Dfile.encoding=UTF-8 -Duser.country=ID -Duser.language=en -Duser.variant 
java_command: org.gradle.launcher.daemon.bootstrap.GradleDaemon 7.3.3
java_class_path (initial): C:\Users\ASUS\.gradle\wrapper\dists\gradle-7.3.3-bin\6a41zxkdtcxs8rphpq6y0069z\gradle-7.3.3\lib\gradle-launcher-7.3.3.jar
Launcher Type: SUN_STANDARD

[Global flags]
     intx CICompilerCount                          = 4                                         {product} {ergonomic}
     uint ConcGCThreads                            = 2                                         {product} {ergonomic}
     uint G1ConcRefinementThreads                  = 8                                         {product} {ergonomic}
   size_t G1HeapRegionSize                         = 1048576                                   {product} {ergonomic}
    uintx GCDrainStackTargetSize                   = 64                                        {product} {ergonomic}
   size_t InitialHeapSize                          = 130023424                                 {product} {ergonomic}
   size_t MarkStackSize                            = 4194304                                   {product} {ergonomic}
   size_t MaxHeapSize                              = 2147483648                                {product} {command line}
   size_t MaxNewSize                               = 1287651328                                {product} {ergonomic}
   size_t MinHeapDeltaBytes                        = 1048576                                   {product} {ergonomic}
    uintx NonNMethodCodeHeapSize                   = 5836300                                {pd product} {ergonomic}
    uintx NonProfiledCodeHeapSize                  = 122910970                              {pd product} {ergonomic}
    uintx ProfiledCodeHeapSize                     = 122910970                              {pd product} {ergonomic}
    uintx ReservedCodeCacheSize                    = 251658240                              {pd product} {ergonomic}
     bool SegmentedCodeCache                       = true                                      {product} {ergonomic}
     bool UseCompressedClassPointers               = true                                 {lp64_product} {ergonomic}
     bool UseCompressedOops                        = true                                 {lp64_product} {ergonomic}
     bool UseG1GC                                  = true                                      {product} {ergonomic}
     bool UseLargePagesIndividualAllocation        = false                                  {pd product} {ergonomic}

Logging:
Log output configuration:
 #0: stdout all=warning uptime,level,tags
 #1: stderr all=off uptime,level,tags

Environment Variables:
JAVA_HOME=C:\Program Files\jdk-11.0.15.1
PATH=C:\Windows\system32;C:\Windows;C:\Windows\System32\Wbem;C:\Windows\System32\WindowsPowerShell\v1.0\;C:\Windows\System32\OpenSSH\;C:\Program Files (x86)\NVIDIA Corporation\PhysX\Common;C:\Program Files\NVIDIA Corporation\NVIDIA NvDLISR;C:\Program Files\Git\cmd;D:\flutter\bin;C:\xampp\php;C:\xampp\php;C:\ProgramData\ComposerSetup\bin;C:\Program Files\jdk-11.0.15.1;C:\Program Files\jdk-11.0.15.1\bin;C:\Program Files\Android\Android Studio\bin;C:\Program Files\flutter\bin;C:\Users\ASUS\AppData\Local\Microsoft\WindowsApps;C:\Users\ASUS\AppData\Local\Programs\Microsoft VS Code\bin;C:\Users\ASUS\AppData\Roaming\Composer\vendor\bin
USERNAME=ASUS
OS=Windows_NT
PROCESSOR_IDENTIFIER=Intel64 Family 6 Model 140 Stepping 1, GenuineIntel



---------------  S Y S T E M  ---------------

OS: Windows 10 , 64 bit Build 19041 (10.0.19041.1706)
OS uptime: 0 days 0:10 hours

CPU:total 8 (initial active 8) (4 cores per cpu, 2 threads per core) family 6 model 140 stepping 1 microcode 0x86, cmov, cx8, fxsr, mmx, sse, sse2, sse3, ssse3, sse4.1, sse4.2, popcnt, avx, avx2, aes, clmul, erms, 3dnowpref, lzcnt, ht, tsc, tscinvbit, bmi1, bmi2, adx, evex, sha, fma

Memory: 4k page, system-wide physical 7886M (1106M free)
TotalPageFile size 7886M (AvailPageFile size 3M)
current process WorkingSet (physical memory assigned to process): 277M, peak: 288M
current process commit charge ("private bytes"): 353M, peak: 364M

vm_info: OpenJDK 64-Bit Server VM (11.0.12+7-b1504.28-7817840) for windows-amd64 JRE (11.0.12+7-b1504.28-7817840), built on Oct 13 2021 22:12:33 by "builder" with MS VC++ 14.0 (VS2015)

END.
