#
# There is insufficient memory for the Java Runtime Environment to continue.
# Native memory allocation (malloc) failed to allocate 111056 bytes for Chunk::new
# Possible reasons:
#   The system is out of physical RAM or swap space
#   The process is running with CompressedOops enabled, and the Java Heap may be blocking the growth of the native heap
# Possible solutions:
#   Reduce memory load on the system
#   Increase physical memory or swap space
#   Check if swap backing store is full
#   Decrease Java heap size (-Xmx/-Xms)
#   Decrease number of Java threads
#   Decrease Java thread stack sizes (-Xss)
#   Set larger code cache with -XX:ReservedCodeCacheSize=
#   JVM is running with Unscaled Compressed Oops mode in which the Java heap is
#     placed in the first 4GB address space. The Java Heap base address is the
#     maximum limit for the native heap growth. Please use -XX:HeapBaseMinAddress
#     to set the Java Heap base and to place the Java Heap above 4GB virtual address.
# This output file may be truncated or incomplete.
#
#  Out of Memory Error (./src/hotspot/share/memory/arena.cpp:197), pid=15768, tid=10824
#
# JRE version: OpenJDK Runtime Environment (11.0.12+7) (build 11.0.12+7-b1504.28-7817840)
# Java VM: OpenJDK 64-Bit Server VM (11.0.12+7-b1504.28-7817840, mixed mode, tiered, compressed oops, g1 gc, windows-amd64)
# No core dump will be written. Minidumps are not enabled by default on client versions of Windows
#

---------------  S U M M A R Y ------------

Command Line: --add-opens=java.base/java.util=ALL-UNNAMED --add-opens=java.base/java.lang=ALL-UNNAMED --add-opens=java.base/java.lang.invoke=ALL-UNNAMED --add-opens=java.base/java.util=ALL-UNNAMED --add-opens=java.prefs/java.util.prefs=ALL-UNNAMED --add-opens=java.prefs/java.util.prefs=ALL-UNNAMED --add-opens=java.base/java.nio.charset=ALL-UNNAMED --add-opens=java.base/java.net=ALL-UNNAMED --add-opens=java.base/java.util.concurrent.atomic=ALL-UNNAMED -Xmx2048m -Dfile.encoding=UTF-8 -Duser.country=ID -Duser.language=en -Duser.variant org.gradle.launcher.daemon.bootstrap.GradleDaemon 7.3.3

Host: 11th Gen Intel(R) Core(TM) i5-1135G7 @ 2.40GHz, 8 cores, 7G,  Windows 10 , 64 bit Build 19041 (10.0.19041.1706)
Time: Thu Jun 16 12:00:59 2022 SE Asia Standard Time elapsed time: 14.049927 seconds (0d 0h 0m 14s)

---------------  T H R E A D  ---------------

Current thread (0x000002511c408000):  JavaThread "C2 CompilerThread2" daemon [_thread_in_native, id=10824, stack(0x0000008645d00000,0x0000008645e00000)]


Current CompileTask:
C2:  14050 7640       4       java.util.regex.Pattern$NotBehind::match (137 bytes)

Stack: [0x0000008645d00000,0x0000008645e00000]
Native frames: (J=compiled Java code, j=interpreted, Vv=VM code, C=native code)
V  [jvm.dll+0x5fbcea]
V  [jvm.dll+0x731905]
V  [jvm.dll+0x732f1d]
V  [jvm.dll+0x7335d3]
V  [jvm.dll+0x247bf8]
V  [jvm.dll+0xc018c]
V  [jvm.dll+0xc06cc]
V  [jvm.dll+0x35b2db]
V  [jvm.dll+0x328803]
V  [jvm.dll+0x327cfa]
V  [jvm.dll+0x200602]
V  [jvm.dll+0x1ff794]
V  [jvm.dll+0x18868c]
V  [jvm.dll+0x20e0d7]
V  [jvm.dll+0x20c901]
V  [jvm.dll+0x6f9b7f]
V  [jvm.dll+0x6f26a5]
V  [jvm.dll+0x5fabf6]
C  [ucrtbase.dll+0x21bb2]
C  [KERNEL32.DLL+0x17034]
C  [ntdll.dll+0x52651]


---------------  P R O C E S S  ---------------

Threads class SMR info:
_java_thread_list=0x000002511e3b60e0, length=124, elements={
0x000002517df1b800, 0x000002517f9be800, 0x000002517f9c1800, 0x000002517f9c7800,
0x000002517f9e3800, 0x000002517f9e4800, 0x000002517f9e8800, 0x000002517f9e9800,
0x000002517f9ea800, 0x000002517fb8b800, 0x000002511bb71800, 0x000002511bb6e800,
0x000002511ad95800, 0x000002511b1c8800, 0x000002511b304800, 0x000002511a469000,
0x000002511ba30000, 0x000002511b242800, 0x000002511b13f800, 0x000002511b21a000,
0x000002511b217800, 0x000002511b21c800, 0x000002511b21a800, 0x000002511b219000,
0x000002511b216800, 0x000002511b21b800, 0x000002511b21d000, 0x000002511b218000,
0x000002511c262800, 0x000002511c263800, 0x000002511c264800, 0x000002511c262000,
0x000002511c266000, 0x000002511c260000, 0x000002511c26b800, 0x000002511c269000,
0x000002511c26c800, 0x000002511c267800, 0x000002511c266800, 0x000002511c268800,
0x000002511c26a000, 0x000002511c26d000, 0x000002511c26b000, 0x000002511c26e000,
0x000002511c26f000, 0x000002511e477000, 0x000002511e47d800, 0x000002511e47c000,
0x000002511e47d000, 0x000002511e479800, 0x000002511e478000, 0x000002511e479000,
0x000002511e47b800, 0x000002511e47a800, 0x000002511e184800, 0x000002511e184000,
0x000002511e188000, 0x000002511e185800, 0x000002511e186000, 0x000002511e182000,
0x000002511e187000, 0x000002511e188800, 0x000002511e183000, 0x000002511e18f000,
0x000002511e18e800, 0x000002511e189800, 0x000002511e18d000, 0x000002511e18a800,
0x000002511e18b000, 0x000002511e190000, 0x000002511e18d800, 0x000002511e191000,
0x000002511e18c000, 0x000002511cc37000, 0x000002511cc38000, 0x000002511cc32000,
0x000002511cc38800, 0x000002511cc33000, 0x000002511cc34000, 0x000002511cc39800,
0x000002511cc34800, 0x000002511cc3a800, 0x000002511cc3b000, 0x000002511cc35800,
0x000002511cc3c000, 0x000002511cc36800, 0x000002511cc3d000, 0x000002511cc3f800,
0x000002511cc3d800, 0x000002511cc40000, 0x000002511cc3e800, 0x000002511cc41000,
0x000002511dd1d000, 0x000002511dd1b800, 0x000002511dd1a800, 0x000002511dd1f000,
0x000002511dd1f800, 0x000002511dd1c800, 0x000002511dd1e000, 0x000002511dd1a000,
0x000002511dd25800, 0x000002511dd20800, 0x000002511dd27000, 0x000002511dd21800,
0x000002511dd22000, 0x000002511dd28800, 0x000002511dd23800, 0x000002511dd28000,
0x000002511dd24800, 0x000002511dd23000, 0x000002511dd26000, 0x000002511c402000,
0x000002511c401800, 0x000002511c3fc800, 0x000002511c3ff800, 0x000002511c3ff000,
0x000002511c3fe000, 0x000002511c3fd800, 0x000002511c403000, 0x000002511c404000,
0x000002511c400800, 0x000002511c406800, 0x000002511c407000, 0x000002511c408000
}

Java Threads: ( => current thread )
  0x000002517df1b800 JavaThread "main" [_thread_blocked, id=15728, stack(0x000000863d400000,0x000000863d500000)]
  0x000002517f9be800 JavaThread "Reference Handler" daemon [_thread_blocked, id=2288, stack(0x000000863db00000,0x000000863dc00000)]
  0x000002517f9c1800 JavaThread "Finalizer" daemon [_thread_blocked, id=11244, stack(0x000000863dc00000,0x000000863dd00000)]
  0x000002517f9c7800 JavaThread "Signal Dispatcher" daemon [_thread_blocked, id=13592, stack(0x000000863dd00000,0x000000863de00000)]
  0x000002517f9e3800 JavaThread "Attach Listener" daemon [_thread_blocked, id=8972, stack(0x000000863de00000,0x000000863df00000)]
  0x000002517f9e4800 JavaThread "Service Thread" daemon [_thread_blocked, id=7324, stack(0x000000863df00000,0x000000863e000000)]
  0x000002517f9e8800 JavaThread "C2 CompilerThread0" daemon [_thread_in_native, id=13848, stack(0x000000863e000000,0x000000863e100000)]
  0x000002517f9e9800 JavaThread "C1 CompilerThread0" daemon [_thread_blocked, id=13276, stack(0x000000863e100000,0x000000863e200000)]
  0x000002517f9ea800 JavaThread "Sweeper thread" daemon [_thread_blocked, id=16212, stack(0x000000863e200000,0x000000863e300000)]
  0x000002517fb8b800 JavaThread "Common-Cleaner" daemon [_thread_blocked, id=8204, stack(0x000000863e300000,0x000000863e400000)]
  0x000002511bb71800 JavaThread "Daemon health stats" [_thread_blocked, id=16084, stack(0x000000863e800000,0x000000863e900000)]
  0x000002511bb6e800 JavaThread "Incoming local TCP Connector on port 63183" [_thread_in_native, id=16124, stack(0x000000863e900000,0x000000863ea00000)]
  0x000002511ad95800 JavaThread "Daemon periodic checks" [_thread_blocked, id=16064, stack(0x000000863ea00000,0x000000863eb00000)]
  0x000002511b1c8800 JavaThread "Daemon" [_thread_blocked, id=15000, stack(0x000000863eb00000,0x000000863ec00000)]
  0x000002511b304800 JavaThread "Handler for socket connection from /127.0.0.1:63183 to /127.0.0.1:63184" [_thread_in_native, id=15008, stack(0x000000863ec00000,0x000000863ed00000)]
  0x000002511a469000 JavaThread "Cancel handler" [_thread_blocked, id=3400, stack(0x000000863ed00000,0x000000863ee00000)]
  0x000002511ba30000 JavaThread "Daemon worker" [_thread_in_vm, id=16056, stack(0x000000863ee00000,0x000000863ef00000)]
  0x000002511b242800 JavaThread "Asynchronous log dispatcher for DefaultDaemonConnection: socket connection from /127.0.0.1:63183 to /127.0.0.1:63184" [_thread_blocked, id=12880, stack(0x000000863ef00000,0x000000863f000000)]
  0x000002511b13f800 JavaThread "Stdin handler" [_thread_blocked, id=14868, stack(0x000000863f000000,0x000000863f100000)]
  0x000002511b21a000 JavaThread "Daemon client event forwarder" [_thread_blocked, id=16100, stack(0x000000863f100000,0x000000863f200000)]
  0x000002511b217800 JavaThread "Cache worker for journal cache (C:\Users\ASUS\.gradle\caches\journal-1)" [_thread_blocked, id=12432, stack(0x000000863f800000,0x000000863f900000)]
  0x000002511b21c800 JavaThread "File lock request listener" [_thread_in_native, id=16280, stack(0x000000863f900000,0x000000863fa00000)]
  0x000002511b21a800 JavaThread "Cache worker for file hash cache (C:\Users\ASUS\.gradle\caches\7.3.3\fileHashes)" [_thread_blocked, id=16096, stack(0x000000863fa00000,0x000000863fb00000)]
  0x000002511b219000 JavaThread "Cache worker for file hash cache (E:\MyApplication\Mobile Programming\MobileHotelGroup2\.gradle\7.3.3\fileHashes)" [_thread_blocked, id=13156, stack(0x000000863e600000,0x000000863e700000)]
  0x000002511b216800 JavaThread "File watcher server" daemon [_thread_in_native, id=15708, stack(0x000000863fc00000,0x000000863fd00000)]
  0x000002511b21b800 JavaThread "File watcher consumer" daemon [_thread_blocked, id=4084, stack(0x000000863fd00000,0x000000863fe00000)]
  0x000002511b21d000 JavaThread "Cache worker for checksums cache (E:\MyApplication\Mobile Programming\MobileHotelGroup2\.gradle\7.3.3\checksums)" [_thread_blocked, id=7128, stack(0x000000863e500000,0x000000863e600000)]
  0x000002511b218000 JavaThread "Cache worker for cache directory md-supplier (C:\Users\ASUS\.gradle\caches\7.3.3\md-supplier)" [_thread_blocked, id=15332, stack(0x000000863fe00000,0x000000863ff00000)]
  0x000002511c262800 JavaThread "Cache worker for cache directory md-rule (C:\Users\ASUS\.gradle\caches\7.3.3\md-rule)" [_thread_blocked, id=14736, stack(0x0000008640000000,0x0000008640100000)]
  0x000002511c263800 JavaThread "Cache worker for execution history cache (C:\Users\ASUS\.gradle\caches\7.3.3\executionHistory)" [_thread_blocked, id=14432, stack(0x0000008640100000,0x0000008640200000)]
  0x000002511c264800 JavaThread "jar transforms" [_thread_blocked, id=14460, stack(0x0000008640300000,0x0000008640400000)]
  0x000002511c262000 JavaThread "jar transforms Thread 2" [_thread_blocked, id=11644, stack(0x0000008640400000,0x0000008640500000)]
  0x000002511c266000 JavaThread "Cache worker for file content cache (C:\Users\ASUS\.gradle\caches\7.3.3\fileContent)" [_thread_blocked, id=9944, stack(0x0000008640500000,0x0000008640600000)]
  0x000002511c260000 JavaThread "Cache worker for dependencies-accessors (E:\MyApplication\Mobile Programming\MobileHotelGroup2\.gradle\7.3.3\dependencies-accessors)" [_thread_blocked, id=9992, stack(0x0000008640600000,0x0000008640700000)]
  0x000002511c26b800 JavaThread "jar transforms Thread 3" [_thread_blocked, id=15172, stack(0x0000008640700000,0x0000008640800000)]
  0x000002511c269000 JavaThread "Cache worker for Build Output Cleanup Cache (E:\MyApplication\Mobile Programming\MobileHotelGroup2\.gradle\buildOutputCleanup)" [_thread_blocked, id=11376, stack(0x0000008640800000,0x0000008640900000)]
  0x000002511c26c800 JavaThread "Unconstrained build operations" [_thread_blocked, id=9768, stack(0x0000008640200000,0x0000008640300000)]
  0x000002511c267800 JavaThread "Unconstrained build operations Thread 2" [_thread_blocked, id=11224, stack(0x0000008640900000,0x0000008640a00000)]
  0x000002511c266800 JavaThread "Unconstrained build operations Thread 3" [_thread_blocked, id=10972, stack(0x0000008640a00000,0x0000008640b00000)]
  0x000002511c268800 JavaThread "Unconstrained build operations Thread 4" [_thread_blocked, id=10904, stack(0x0000008640b00000,0x0000008640c00000)]
  0x000002511c26a000 JavaThread "Unconstrained build operations Thread 5" [_thread_blocked, id=10900, stack(0x0000008640c00000,0x0000008640d00000)]
  0x000002511c26d000 JavaThread "Unconstrained build operations Thread 6" [_thread_blocked, id=864, stack(0x0000008640d00000,0x0000008640e00000)]
  0x000002511c26b000 JavaThread "Unconstrained build operations Thread 7" [_thread_blocked, id=15228, stack(0x0000008640e00000,0x0000008640f00000)]
  0x000002511c26e000 JavaThread "Unconstrained build operations Thread 8" [_thread_blocked, id=808, stack(0x0000008640f00000,0x0000008641000000)]
  0x000002511c26f000 JavaThread "Unconstrained build operations Thread 9" [_thread_blocked, id=13672, stack(0x0000008641000000,0x0000008641100000)]
  0x000002511e477000 JavaThread "Unconstrained build operations Thread 10" [_thread_blocked, id=15204, stack(0x0000008641100000,0x0000008641200000)]
  0x000002511e47d800 JavaThread "Unconstrained build operations Thread 11" [_thread_blocked, id=15576, stack(0x0000008641200000,0x0000008641300000)]
  0x000002511e47c000 JavaThread "Unconstrained build operations Thread 12" [_thread_blocked, id=16248, stack(0x0000008641300000,0x0000008641400000)]
  0x000002511e47d000 JavaThread "Unconstrained build operations Thread 13" [_thread_blocked, id=4700, stack(0x0000008641400000,0x0000008641500000)]
  0x000002511e479800 JavaThread "Unconstrained build operations Thread 14" [_thread_blocked, id=2208, stack(0x0000008641500000,0x0000008641600000)]
  0x000002511e478000 JavaThread "Unconstrained build operations Thread 15" [_thread_blocked, id=13228, stack(0x0000008641600000,0x0000008641700000)]
  0x000002511e479000 JavaThread "Unconstrained build operations Thread 16" [_thread_blocked, id=212, stack(0x0000008641700000,0x0000008641800000)]
  0x000002511e47b800 JavaThread "Unconstrained build operations Thread 17" [_thread_blocked, id=3944, stack(0x0000008641800000,0x0000008641900000)]
  0x000002511e47a800 JavaThread "Unconstrained build operations Thread 18" [_thread_blocked, id=564, stack(0x0000008641900000,0x0000008641a00000)]
  0x000002511e184800 JavaThread "Unconstrained build operations Thread 19" [_thread_blocked, id=4664, stack(0x0000008641a00000,0x0000008641b00000)]
  0x000002511e184000 JavaThread "Unconstrained build operations Thread 20" [_thread_blocked, id=1364, stack(0x0000008641b00000,0x0000008641c00000)]
  0x000002511e188000 JavaThread "Unconstrained build operations Thread 21" [_thread_blocked, id=2432, stack(0x0000008641c00000,0x0000008641d00000)]
  0x000002511e185800 JavaThread "Unconstrained build operations Thread 22" [_thread_blocked, id=2520, stack(0x0000008641d00000,0x0000008641e00000)]
  0x000002511e186000 JavaThread "Unconstrained build operations Thread 23" [_thread_blocked, id=2808, stack(0x0000008641e00000,0x0000008641f00000)]
  0x000002511e182000 JavaThread "Unconstrained build operations Thread 24" [_thread_blocked, id=2800, stack(0x0000008641f00000,0x0000008642000000)]
  0x000002511e187000 JavaThread "Unconstrained build operations Thread 25" [_thread_blocked, id=2676, stack(0x0000008642000000,0x0000008642100000)]
  0x000002511e188800 JavaThread "Unconstrained build operations Thread 26" [_thread_blocked, id=2768, stack(0x0000008642100000,0x0000008642200000)]
  0x000002511e183000 JavaThread "Unconstrained build operations Thread 27" [_thread_blocked, id=2920, stack(0x0000008642200000,0x0000008642300000)]
  0x000002511e18f000 JavaThread "Unconstrained build operations Thread 28" [_thread_blocked, id=5356, stack(0x0000008642300000,0x0000008642400000)]
  0x000002511e18e800 JavaThread "Unconstrained build operations Thread 29" [_thread_blocked, id=3100, stack(0x0000008642400000,0x0000008642500000)]
  0x000002511e189800 JavaThread "Unconstrained build operations Thread 30" [_thread_blocked, id=2616, stack(0x0000008642500000,0x0000008642600000)]
  0x000002511e18d000 JavaThread "Unconstrained build operations Thread 31" [_thread_blocked, id=5800, stack(0x0000008642600000,0x0000008642700000)]
  0x000002511e18a800 JavaThread "Unconstrained build operations Thread 32" [_thread_blocked, id=1444, stack(0x0000008642700000,0x0000008642800000)]
  0x000002511e18b000 JavaThread "Unconstrained build operations Thread 33" [_thread_blocked, id=1360, stack(0x0000008642800000,0x0000008642900000)]
  0x000002511e190000 JavaThread "Unconstrained build operations Thread 34" [_thread_blocked, id=1428, stack(0x0000008642900000,0x0000008642a00000)]
  0x000002511e18d800 JavaThread "Unconstrained build operations Thread 35" [_thread_blocked, id=1440, stack(0x0000008642a00000,0x0000008642b00000)]
  0x000002511e191000 JavaThread "Unconstrained build operations Thread 36" [_thread_blocked, id=1496, stack(0x0000008642b00000,0x0000008642c00000)]
  0x000002511e18c000 JavaThread "Unconstrained build operations Thread 37" [_thread_blocked, id=1644, stack(0x0000008642c00000,0x0000008642d00000)]
  0x000002511cc37000 JavaThread "Unconstrained build operations Thread 38" [_thread_blocked, id=1752, stack(0x0000008642d00000,0x0000008642e00000)]
  0x000002511cc38000 JavaThread "Unconstrained build operations Thread 39" [_thread_blocked, id=1612, stack(0x0000008642e00000,0x0000008642f00000)]
  0x000002511cc32000 JavaThread "Unconstrained build operations Thread 40" [_thread_blocked, id=11588, stack(0x0000008642f00000,0x0000008643000000)]
  0x000002511cc38800 JavaThread "Unconstrained build operations Thread 41" [_thread_blocked, id=892, stack(0x0000008643000000,0x0000008643100000)]
  0x000002511cc33000 JavaThread "Unconstrained build operations Thread 42" [_thread_blocked, id=13304, stack(0x0000008643100000,0x0000008643200000)]
  0x000002511cc34000 JavaThread "Unconstrained build operations Thread 43" [_thread_blocked, id=13964, stack(0x0000008643200000,0x0000008643300000)]
  0x000002511cc39800 JavaThread "Unconstrained build operations Thread 44" [_thread_blocked, id=2000, stack(0x0000008643300000,0x0000008643400000)]
  0x000002511cc34800 JavaThread "Unconstrained build operations Thread 45" [_thread_blocked, id=1940, stack(0x0000008643400000,0x0000008643500000)]
  0x000002511cc3a800 JavaThread "Unconstrained build operations Thread 46" [_thread_blocked, id=14884, stack(0x0000008643500000,0x0000008643600000)]
  0x000002511cc3b000 JavaThread "Unconstrained build operations Thread 47" [_thread_blocked, id=1884, stack(0x0000008643600000,0x0000008643700000)]
  0x000002511cc35800 JavaThread "Unconstrained build operations Thread 48" [_thread_blocked, id=2344, stack(0x0000008643700000,0x0000008643800000)]
  0x000002511cc3c000 JavaThread "Unconstrained build operations Thread 49" [_thread_blocked, id=13944, stack(0x0000008643800000,0x0000008643900000)]
  0x000002511cc36800 JavaThread "Unconstrained build operations Thread 50" [_thread_blocked, id=2108, stack(0x0000008643900000,0x0000008643a00000)]
  0x000002511cc3d000 JavaThread "Unconstrained build operations Thread 51" [_thread_blocked, id=14904, stack(0x0000008643a00000,0x0000008643b00000)]
  0x000002511cc3f800 JavaThread "Unconstrained build operations Thread 52" [_thread_blocked, id=14284, stack(0x0000008643b00000,0x0000008643c00000)]
  0x000002511cc3d800 JavaThread "Unconstrained build operations Thread 53" [_thread_blocked, id=14180, stack(0x0000008643c00000,0x0000008643d00000)]
  0x000002511cc40000 JavaThread "Unconstrained build operations Thread 54" [_thread_blocked, id=3336, stack(0x0000008643d00000,0x0000008643e00000)]
  0x000002511cc3e800 JavaThread "Unconstrained build operations Thread 55" [_thread_blocked, id=3340, stack(0x0000008643e00000,0x0000008643f00000)]
  0x000002511cc41000 JavaThread "Unconstrained build operations Thread 56" [_thread_blocked, id=2528, stack(0x0000008643f00000,0x0000008644000000)]
  0x000002511dd1d000 JavaThread "Unconstrained build operations Thread 57" [_thread_blocked, id=14920, stack(0x0000008644000000,0x0000008644100000)]
  0x000002511dd1b800 JavaThread "Unconstrained build operations Thread 58" [_thread_blocked, id=4264, stack(0x0000008644100000,0x0000008644200000)]
  0x000002511dd1a800 JavaThread "Unconstrained build operations Thread 59" [_thread_blocked, id=3112, stack(0x0000008644200000,0x0000008644300000)]
  0x000002511dd1f000 JavaThread "Unconstrained build operations Thread 60" [_thread_blocked, id=3124, stack(0x0000008644300000,0x0000008644400000)]
  0x000002511dd1f800 JavaThread "Unconstrained build operations Thread 61" [_thread_blocked, id=1208, stack(0x0000008644400000,0x0000008644500000)]
  0x000002511dd1c800 JavaThread "Unconstrained build operations Thread 62" [_thread_blocked, id=6212, stack(0x0000008644500000,0x0000008644600000)]
  0x000002511dd1e000 JavaThread "Unconstrained build operations Thread 63" [_thread_blocked, id=2952, stack(0x0000008644600000,0x0000008644700000)]
  0x000002511dd1a000 JavaThread "Unconstrained build operations Thread 64" [_thread_blocked, id=2060, stack(0x0000008644700000,0x0000008644800000)]
  0x000002511dd25800 JavaThread "Unconstrained build operations Thread 65" [_thread_blocked, id=3168, stack(0x0000008644800000,0x0000008644900000)]
  0x000002511dd20800 JavaThread "Unconstrained build operations Thread 66" [_thread_blocked, id=1204, stack(0x0000008644900000,0x0000008644a00000)]
  0x000002511dd27000 JavaThread "Unconstrained build operations Thread 67" [_thread_blocked, id=2776, stack(0x0000008644a00000,0x0000008644b00000)]
  0x000002511dd21800 JavaThread "Unconstrained build operations Thread 68" [_thread_blocked, id=3260, stack(0x0000008644b00000,0x0000008644c00000)]
  0x000002511dd22000 JavaThread "Unconstrained build operations Thread 69" [_thread_blocked, id=1300, stack(0x0000008644c00000,0x0000008644d00000)]
  0x000002511dd28800 JavaThread "Unconstrained build operations Thread 70" [_thread_blocked, id=1096, stack(0x0000008644d00000,0x0000008644e00000)]
  0x000002511dd23800 JavaThread "Unconstrained build operations Thread 71" [_thread_blocked, id=1156, stack(0x0000008644e00000,0x0000008644f00000)]
  0x000002511dd28000 JavaThread "Unconstrained build operations Thread 72" [_thread_blocked, id=1092, stack(0x0000008644f00000,0x0000008645000000)]
  0x000002511dd24800 JavaThread "Unconstrained build operations Thread 73" [_thread_blocked, id=860, stack(0x0000008645000000,0x0000008645100000)]
  0x000002511dd23000 JavaThread "Unconstrained build operations Thread 74" [_thread_blocked, id=14852, stack(0x0000008645100000,0x0000008645200000)]
  0x000002511dd26000 JavaThread "Unconstrained build operations Thread 75" [_thread_blocked, id=13232, stack(0x0000008645200000,0x0000008645300000)]
  0x000002511c402000 JavaThread "Unconstrained build operations Thread 76" [_thread_blocked, id=14408, stack(0x0000008645300000,0x0000008645400000)]
  0x000002511c401800 JavaThread "Unconstrained build operations Thread 77" [_thread_blocked, id=2680, stack(0x0000008645400000,0x0000008645500000)]
  0x000002511c3fc800 JavaThread "Unconstrained build operations Thread 78" [_thread_blocked, id=11540, stack(0x0000008645500000,0x0000008645600000)]
  0x000002511c3ff800 JavaThread "Unconstrained build operations Thread 79" [_thread_blocked, id=14940, stack(0x0000008645600000,0x0000008645700000)]
  0x000002511c3ff000 JavaThread "Unconstrained build operations Thread 80" [_thread_blocked, id=4156, stack(0x0000008645700000,0x0000008645800000)]
  0x000002511c3fe000 JavaThread "jar transforms Thread 4" [_thread_blocked, id=11688, stack(0x0000008645800000,0x0000008645900000)]
  0x000002511c3fd800 JavaThread "jar transforms Thread 5" [_thread_blocked, id=7344, stack(0x0000008645900000,0x0000008645a00000)]
  0x000002511c403000 JavaThread "jar transforms Thread 6" [_thread_blocked, id=2324, stack(0x0000008645a00000,0x0000008645b00000)]
  0x000002511c404000 JavaThread "jar transforms Thread 7" [_thread_blocked, id=15232, stack(0x0000008645b00000,0x0000008645c00000)]
  0x000002511c400800 JavaThread "jar transforms Thread 8" [_thread_blocked, id=13840, stack(0x0000008645c00000,0x0000008645d00000)]
  0x000002511c406800 JavaThread "Memory manager" [_thread_blocked, id=11584, stack(0x0000008645e00000,0x0000008645f00000)]
  0x000002511c407000 JavaThread "C2 CompilerThread1" daemon [_thread_in_native, id=7968, stack(0x000000863ff00000,0x0000008640000000)]
=>0x000002511c408000 JavaThread "C2 CompilerThread2" daemon [_thread_in_native, id=10824, stack(0x0000008645d00000,0x0000008645e00000)]

Other Threads:
  0x000002517f9b9800 VMThread "VM Thread" [stack: 0x000000863da00000,0x000000863db00000] [id=2404]
  0x000002517fbb2800 WatcherThread [stack: 0x000000863e400000,0x000000863e500000] [id=3580]
  0x000002517df36800 GCTaskThread "GC Thread#0" [stack: 0x000000863d500000,0x000000863d600000] [id=15692]
  0x000002517fdc8800 GCTaskThread "GC Thread#1" [stack: 0x000000863e700000,0x000000863e800000] [id=11380]
  0x000002511a3e8800 GCTaskThread "GC Thread#2" [stack: 0x000000863f200000,0x000000863f300000] [id=16088]
  0x0000025119fbf800 GCTaskThread "GC Thread#3" [stack: 0x000000863f300000,0x000000863f400000] [id=16016]
  0x000002511b513000 GCTaskThread "GC Thread#4" [stack: 0x000000863f400000,0x000000863f500000] [id=11976]
  0x000002511b148800 GCTaskThread "GC Thread#5" [stack: 0x000000863f500000,0x000000863f600000] [id=4796]
  0x000002511bb1b800 GCTaskThread "GC Thread#6" [stack: 0x000000863f600000,0x000000863f700000] [id=10380]
  0x0000025119c78800 GCTaskThread "GC Thread#7" [stack: 0x000000863f700000,0x000000863f800000] [id=9128]
  0x000002517df66800 ConcurrentGCThread "G1 Main Marker" [stack: 0x000000863d600000,0x000000863d700000] [id=15736]
  0x000002517df68000 ConcurrentGCThread "G1 Conc#0" [stack: 0x000000863d700000,0x000000863d800000] [id=2412]
  0x0000025119f88800 ConcurrentGCThread "G1 Conc#1" [stack: 0x000000863fb00000,0x000000863fc00000] [id=12116]
  0x000002517f7e0800 ConcurrentGCThread "G1 Refine#0" [stack: 0x000000863d800000,0x000000863d900000] [id=14168]
  0x000002517f7e1800 ConcurrentGCThread "G1 Young RemSet Sampling" [stack: 0x000000863d900000,0x000000863da00000] [id=2392]

Threads with active compile tasks:
C2 CompilerThread0  14072 7665       4       java.util.regex.Matcher::find (69 bytes)
C2 CompilerThread1  14072 7660       4       java.lang.AbstractStringBuilder::append (54 bytes)
C2 CompilerThread2  14072 7640       4       java.util.regex.Pattern$NotBehind::match (137 bytes)

VM state:not at safepoint (normal execution)

VM Mutex/Monitor currently owned by a thread: None

Heap address: 0x0000000080000000, size: 2048 MB, Compressed Oops mode: 32-bit
Narrow klass base: 0x0000000000000000, Narrow klass shift: 3
Compressed class space size: 1073741824 Address: 0x0000000100000000

Heap:
 garbage-first heap   total 152576K, used 114117K [0x0000000080000000, 0x0000000100000000)
  region size 1024K, 63 young (64512K), 8 survivors (8192K)
 Metaspace       used 79162K, capacity 81068K, committed 81272K, reserved 1120256K
  class space    used 10328K, capacity 11022K, committed 11128K, reserved 1048576K
Heap Regions: E=young(eden), S=young(survivor), O=old, HS=humongous(starts), HC=humongous(continues), CS=collection set, F=free, A=archive, TAMS=top-at-mark-start (previous, next)
|   0|0x0000000080000000, 0x0000000080100000, 0x0000000080100000|100%| O|  |TAMS 0x0000000080100000, 0x0000000080000000| Untracked 
|   1|0x0000000080100000, 0x0000000080200000, 0x0000000080200000|100%| O|  |TAMS 0x0000000080200000, 0x0000000080100000| Untracked 
|   2|0x0000000080200000, 0x0000000080300000, 0x0000000080300000|100%| O|  |TAMS 0x0000000080300000, 0x0000000080200000| Untracked 
|   3|0x0000000080300000, 0x0000000080400000, 0x0000000080400000|100%|HS|  |TAMS 0x0000000080400000, 0x0000000080300000| Complete 
|   4|0x0000000080400000, 0x0000000080500000, 0x0000000080500000|100%|HC|  |TAMS 0x0000000080500000, 0x0000000080400000| Complete 
|   5|0x0000000080500000, 0x0000000080600000, 0x0000000080600000|100%|HC|  |TAMS 0x0000000080600000, 0x0000000080500000| Complete 
|   6|0x0000000080600000, 0x0000000080700000, 0x0000000080700000|100%| O|  |TAMS 0x0000000080700000, 0x0000000080600000| Untracked 
|   7|0x0000000080700000, 0x0000000080800000, 0x0000000080800000|100%| O|  |TAMS 0x0000000080800000, 0x0000000080700000| Untracked 
|   8|0x0000000080800000, 0x0000000080900000, 0x0000000080900000|100%| O|  |TAMS 0x0000000080900000, 0x0000000080800000| Untracked 
|   9|0x0000000080900000, 0x0000000080a00000, 0x0000000080a00000|100%| O|  |TAMS 0x0000000080a00000, 0x0000000080900000| Untracked 
|  10|0x0000000080a00000, 0x0000000080b00000, 0x0000000080b00000|100%| O|  |TAMS 0x0000000080b00000, 0x0000000080a00000| Untracked 
|  11|0x0000000080b00000, 0x0000000080c00000, 0x0000000080c00000|100%| O|  |TAMS 0x0000000080c00000, 0x0000000080b00000| Untracked 
|  12|0x0000000080c00000, 0x0000000080d00000, 0x0000000080d00000|100%| O|  |TAMS 0x0000000080d00000, 0x0000000080c00000| Untracked 
|  13|0x0000000080d00000, 0x0000000080e00000, 0x0000000080e00000|100%| O|  |TAMS 0x0000000080e00000, 0x0000000080d00000| Untracked 
|  14|0x0000000080e00000, 0x0000000080f00000, 0x0000000080f00000|100%| O|  |TAMS 0x0000000080f00000, 0x0000000080e00000| Untracked 
|  15|0x0000000080f00000, 0x0000000081000000, 0x0000000081000000|100%| O|  |TAMS 0x0000000081000000, 0x0000000080f00000| Untracked 
|  16|0x0000000081000000, 0x0000000081100000, 0x0000000081100000|100%| O|  |TAMS 0x0000000081100000, 0x0000000081000000| Untracked 
|  17|0x0000000081100000, 0x0000000081200000, 0x0000000081200000|100%|HS|  |TAMS 0x0000000081200000, 0x0000000081100000| Complete 
|  18|0x0000000081200000, 0x0000000081300000, 0x0000000081300000|100%| O|  |TAMS 0x0000000081300000, 0x0000000081200000| Untracked 
|  19|0x0000000081300000, 0x0000000081400000, 0x0000000081400000|100%| O|  |TAMS 0x0000000081400000, 0x0000000081300000| Untracked 
|  20|0x0000000081400000, 0x0000000081500000, 0x0000000081500000|100%| O|  |TAMS 0x0000000081500000, 0x0000000081400000| Untracked 
|  21|0x0000000081500000, 0x0000000081600000, 0x0000000081600000|100%| O|  |TAMS 0x0000000081600000, 0x0000000081500000| Untracked 
|  22|0x0000000081600000, 0x0000000081700000, 0x0000000081700000|100%| O|  |TAMS 0x0000000081700000, 0x0000000081600000| Untracked 
|  23|0x0000000081700000, 0x0000000081800000, 0x0000000081800000|100%| O|  |TAMS 0x0000000081800000, 0x0000000081700000| Untracked 
|  24|0x0000000081800000, 0x0000000081900000, 0x0000000081900000|100%|HS|  |TAMS 0x0000000081900000, 0x0000000081800000| Complete 
|  25|0x0000000081900000, 0x0000000081a00000, 0x0000000081a00000|100%|HS|  |TAMS 0x0000000081a00000, 0x0000000081900000| Complete 
|  26|0x0000000081a00000, 0x0000000081b00000, 0x0000000081b00000|100%|HC|  |TAMS 0x0000000081b00000, 0x0000000081a00000| Complete 
|  27|0x0000000081b00000, 0x0000000081c00000, 0x0000000081c00000|100%| O|  |TAMS 0x0000000081c00000, 0x0000000081b00000| Untracked 
|  28|0x0000000081c00000, 0x0000000081d00000, 0x0000000081d00000|100%| O|  |TAMS 0x0000000081d00000, 0x0000000081c00000| Untracked 
|  29|0x0000000081d00000, 0x0000000081e00000, 0x0000000081e00000|100%| O|  |TAMS 0x0000000081e00000, 0x0000000081d00000| Untracked 
|  30|0x0000000081e00000, 0x0000000081f00000, 0x0000000081f00000|100%| O|  |TAMS 0x0000000081f00000, 0x0000000081e00000| Untracked 
|  31|0x0000000081f00000, 0x0000000082000000, 0x0000000082000000|100%| O|  |TAMS 0x0000000082000000, 0x0000000081f00000| Untracked 
|  32|0x0000000082000000, 0x0000000082100000, 0x0000000082100000|100%| O|  |TAMS 0x0000000082100000, 0x0000000082000000| Untracked 
|  33|0x0000000082100000, 0x0000000082200000, 0x0000000082200000|100%| O|  |TAMS 0x0000000082200000, 0x0000000082100000| Untracked 
|  34|0x0000000082200000, 0x0000000082300000, 0x0000000082300000|100%| O|  |TAMS 0x0000000082300000, 0x0000000082200000| Untracked 
|  35|0x0000000082300000, 0x0000000082400000, 0x0000000082400000|100%| O|  |TAMS 0x0000000082400000, 0x0000000082300000| Untracked 
|  36|0x0000000082400000, 0x0000000082500000, 0x0000000082500000|100%| O|  |TAMS 0x0000000082500000, 0x0000000082400000| Untracked 
|  37|0x0000000082500000, 0x0000000082600000, 0x0000000082600000|100%| O|  |TAMS 0x0000000082600000, 0x0000000082500000| Untracked 
|  38|0x0000000082600000, 0x0000000082700000, 0x0000000082700000|100%| O|  |TAMS 0x0000000082700000, 0x0000000082600000| Untracked 
|  39|0x0000000082700000, 0x0000000082800000, 0x0000000082800000|100%| O|  |TAMS 0x0000000082800000, 0x0000000082700000| Untracked 
|  40|0x0000000082800000, 0x0000000082900000, 0x0000000082900000|100%| O|  |TAMS 0x0000000082900000, 0x0000000082800000| Untracked 
|  41|0x0000000082900000, 0x0000000082a00000, 0x0000000082a00000|100%| O|  |TAMS 0x0000000082a00000, 0x0000000082900000| Untracked 
|  42|0x0000000082a00000, 0x0000000082b00000, 0x0000000082b00000|100%| O|  |TAMS 0x0000000082b00000, 0x0000000082a00000| Untracked 
|  43|0x0000000082b00000, 0x0000000082c00000, 0x0000000082c00000|100%| O|  |TAMS 0x0000000082be8600, 0x0000000082b00000| Untracked 
|  44|0x0000000082c00000, 0x0000000082c00000, 0x0000000082d00000|  0%| F|  |TAMS 0x0000000082c00000, 0x0000000082c00000| Untracked 
|  45|0x0000000082d00000, 0x0000000082e00000, 0x0000000082e00000|100%| O|  |TAMS 0x0000000082d00000, 0x0000000082d00000| Untracked 
|  46|0x0000000082e00000, 0x0000000082f00000, 0x0000000082f00000|100%| O|  |TAMS 0x0000000082e00000, 0x0000000082e00000| Untracked 
|  47|0x0000000082f00000, 0x0000000083000000, 0x0000000083000000|100%| O|  |TAMS 0x0000000082f00000, 0x0000000082f00000| Untracked 
|  48|0x0000000083000000, 0x0000000083100000, 0x0000000083100000|100%| O|  |TAMS 0x0000000083000000, 0x0000000083000000| Untracked 
|  49|0x0000000083100000, 0x0000000083200000, 0x0000000083200000|100%| O|  |TAMS 0x0000000083100000, 0x0000000083100000| Untracked 
|  50|0x0000000083200000, 0x0000000083300000, 0x0000000083300000|100%| O|  |TAMS 0x0000000083200000, 0x0000000083200000| Untracked 
|  51|0x0000000083300000, 0x000000008333ca00, 0x0000000083400000| 23%| O|  |TAMS 0x0000000083300000, 0x0000000083300000| Untracked 
|  52|0x0000000083400000, 0x0000000083400000, 0x0000000083500000|  0%| F|  |TAMS 0x0000000083400000, 0x0000000083400000| Untracked 
|  53|0x0000000083500000, 0x0000000083500000, 0x0000000083600000|  0%| F|  |TAMS 0x0000000083500000, 0x0000000083500000| Untracked 
|  54|0x0000000083600000, 0x0000000083600000, 0x0000000083700000|  0%| F|  |TAMS 0x0000000083600000, 0x0000000083600000| Untracked 
|  55|0x0000000083700000, 0x0000000083700000, 0x0000000083800000|  0%| F|  |TAMS 0x0000000083700000, 0x0000000083700000| Untracked 
|  56|0x0000000083800000, 0x0000000083800000, 0x0000000083900000|  0%| F|  |TAMS 0x0000000083800000, 0x0000000083800000| Untracked 
|  57|0x0000000083900000, 0x0000000083900000, 0x0000000083a00000|  0%| F|  |TAMS 0x0000000083900000, 0x0000000083900000| Untracked 
|  58|0x0000000083a00000, 0x0000000083a00000, 0x0000000083b00000|  0%| F|  |TAMS 0x0000000083a00000, 0x0000000083a00000| Untracked 
|  59|0x0000000083b00000, 0x0000000083b00000, 0x0000000083c00000|  0%| F|  |TAMS 0x0000000083b00000, 0x0000000083b00000| Untracked 
|  60|0x0000000083c00000, 0x0000000083c00000, 0x0000000083d00000|  0%| F|  |TAMS 0x0000000083c00000, 0x0000000083c00000| Untracked 
|  61|0x0000000083d00000, 0x0000000083d00000, 0x0000000083e00000|  0%| F|  |TAMS 0x0000000083d00000, 0x0000000083d00000| Untracked 
|  62|0x0000000083e00000, 0x0000000083e00000, 0x0000000083f00000|  0%| F|  |TAMS 0x0000000083e00000, 0x0000000083e00000| Untracked 
|  63|0x0000000083f00000, 0x0000000083f00000, 0x0000000084000000|  0%| F|  |TAMS 0x0000000083f00000, 0x0000000083f00000| Untracked 
|  64|0x0000000084000000, 0x0000000084000000, 0x0000000084100000|  0%| F|  |TAMS 0x0000000084000000, 0x0000000084000000| Untracked 
|  65|0x0000000084100000, 0x0000000084100000, 0x0000000084200000|  0%| F|  |TAMS 0x0000000084100000, 0x0000000084100000| Untracked 
|  66|0x0000000084200000, 0x0000000084200000, 0x0000000084300000|  0%| F|  |TAMS 0x0000000084200000, 0x0000000084200000| Untracked 
|  67|0x0000000084300000, 0x0000000084300000, 0x0000000084400000|  0%| F|  |TAMS 0x0000000084300000, 0x0000000084300000| Untracked 
|  68|0x0000000084400000, 0x0000000084400000, 0x0000000084500000|  0%| F|  |TAMS 0x0000000084400000, 0x0000000084400000| Untracked 
|  69|0x0000000084500000, 0x0000000084500000, 0x0000000084600000|  0%| F|  |TAMS 0x0000000084500000, 0x0000000084500000| Untracked 
|  70|0x0000000084600000, 0x0000000084600000, 0x0000000084700000|  0%| F|  |TAMS 0x0000000084600000, 0x0000000084600000| Untracked 
|  71|0x0000000084700000, 0x0000000084700000, 0x0000000084800000|  0%| F|  |TAMS 0x0000000084700000, 0x0000000084700000| Untracked 
|  72|0x0000000084800000, 0x0000000084800000, 0x0000000084900000|  0%| F|  |TAMS 0x0000000084800000, 0x0000000084800000| Untracked 
|  73|0x0000000084900000, 0x0000000084900000, 0x0000000084a00000|  0%| F|  |TAMS 0x0000000084900000, 0x0000000084900000| Untracked 
|  74|0x0000000084a00000, 0x0000000084a00000, 0x0000000084b00000|  0%| F|  |TAMS 0x0000000084a00000, 0x0000000084a00000| Untracked 
|  75|0x0000000084b00000, 0x0000000084b00000, 0x0000000084c00000|  0%| F|  |TAMS 0x0000000084b00000, 0x0000000084b00000| Untracked 
|  76|0x0000000084c00000, 0x0000000084c00000, 0x0000000084d00000|  0%| F|  |TAMS 0x0000000084c00000, 0x0000000084c00000| Untracked 
|  77|0x0000000084d00000, 0x0000000084d00000, 0x0000000084e00000|  0%| F|  |TAMS 0x0000000084d00000, 0x0000000084d00000| Untracked 
|  78|0x0000000084e00000, 0x0000000084e00000, 0x0000000084f00000|  0%| F|  |TAMS 0x0000000084e00000, 0x0000000084e00000| Untracked 
|  79|0x0000000084f00000, 0x0000000084f00000, 0x0000000085000000|  0%| F|  |TAMS 0x0000000084f00000, 0x0000000084f00000| Untracked 
|  80|0x0000000085000000, 0x0000000085000000, 0x0000000085100000|  0%| F|  |TAMS 0x0000000085000000, 0x0000000085000000| Untracked 
|  81|0x0000000085100000, 0x0000000085100000, 0x0000000085200000|  0%| F|  |TAMS 0x0000000085100000, 0x0000000085100000| Untracked 
|  82|0x0000000085200000, 0x0000000085200000, 0x0000000085300000|  0%| F|  |TAMS 0x0000000085200000, 0x0000000085200000| Untracked 
|  83|0x0000000085300000, 0x0000000085334bf0, 0x0000000085400000| 20%| S|CS|TAMS 0x0000000085300000, 0x0000000085300000| Complete 
|  84|0x0000000085400000, 0x0000000085500000, 0x0000000085500000|100%| S|CS|TAMS 0x0000000085400000, 0x0000000085400000| Complete 
|  85|0x0000000085500000, 0x0000000085600000, 0x0000000085600000|100%| S|CS|TAMS 0x0000000085500000, 0x0000000085500000| Complete 
|  86|0x0000000085600000, 0x0000000085700000, 0x0000000085700000|100%| S|CS|TAMS 0x0000000085600000, 0x0000000085600000| Complete 
|  87|0x0000000085700000, 0x0000000085800000, 0x0000000085800000|100%| S|CS|TAMS 0x0000000085700000, 0x0000000085700000| Complete 
|  88|0x0000000085800000, 0x0000000085900000, 0x0000000085900000|100%| S|CS|TAMS 0x0000000085800000, 0x0000000085800000| Complete 
|  89|0x0000000085900000, 0x0000000085a00000, 0x0000000085a00000|100%| S|CS|TAMS 0x0000000085900000, 0x0000000085900000| Complete 
|  90|0x0000000085a00000, 0x0000000085a00000, 0x0000000085b00000|  0%| F|  |TAMS 0x0000000085a00000, 0x0000000085a00000| Untracked 
|  91|0x0000000085b00000, 0x0000000085b00000, 0x0000000085c00000|  0%| F|  |TAMS 0x0000000085b00000, 0x0000000085b00000| Untracked 
|  92|0x0000000085c00000, 0x0000000085c00000, 0x0000000085d00000|  0%| F|  |TAMS 0x0000000085c00000, 0x0000000085c00000| Untracked 
|  93|0x0000000085d00000, 0x0000000085e00000, 0x0000000085e00000|100%| S|CS|TAMS 0x0000000085d00000, 0x0000000085d00000| Complete 
|  94|0x0000000085e00000, 0x0000000085e80800, 0x0000000085f00000| 50%| E|  |TAMS 0x0000000085e00000, 0x0000000085e00000| Complete 
|  95|0x0000000085f00000, 0x0000000086000000, 0x0000000086000000|100%| E|CS|TAMS 0x0000000085f00000, 0x0000000085f00000| Complete 
|  96|0x0000000086000000, 0x0000000086100000, 0x0000000086100000|100%| E|CS|TAMS 0x0000000086000000, 0x0000000086000000| Complete 
|  97|0x0000000086100000, 0x0000000086200000, 0x0000000086200000|100%| E|CS|TAMS 0x0000000086100000, 0x0000000086100000| Complete 
|  98|0x0000000086200000, 0x0000000086300000, 0x0000000086300000|100%| E|CS|TAMS 0x0000000086200000, 0x0000000086200000| Complete 
|  99|0x0000000086300000, 0x0000000086400000, 0x0000000086400000|100%| E|CS|TAMS 0x0000000086300000, 0x0000000086300000| Complete 
| 100|0x0000000086400000, 0x0000000086500000, 0x0000000086500000|100%| E|CS|TAMS 0x0000000086400000, 0x0000000086400000| Complete 
| 101|0x0000000086500000, 0x0000000086600000, 0x0000000086600000|100%| E|CS|TAMS 0x0000000086500000, 0x0000000086500000| Complete 
| 102|0x0000000086600000, 0x0000000086700000, 0x0000000086700000|100%| E|CS|TAMS 0x0000000086600000, 0x0000000086600000| Complete 
| 103|0x0000000086700000, 0x0000000086800000, 0x0000000086800000|100%| E|CS|TAMS 0x0000000086700000, 0x0000000086700000| Complete 
| 104|0x0000000086800000, 0x0000000086900000, 0x0000000086900000|100%| E|CS|TAMS 0x0000000086800000, 0x0000000086800000| Complete 
| 105|0x0000000086900000, 0x0000000086a00000, 0x0000000086a00000|100%| E|CS|TAMS 0x0000000086900000, 0x0000000086900000| Complete 
| 106|0x0000000086a00000, 0x0000000086b00000, 0x0000000086b00000|100%| E|CS|TAMS 0x0000000086a00000, 0x0000000086a00000| Complete 
| 107|0x0000000086b00000, 0x0000000086c00000, 0x0000000086c00000|100%| E|CS|TAMS 0x0000000086b00000, 0x0000000086b00000| Complete 
| 108|0x0000000086c00000, 0x0000000086d00000, 0x0000000086d00000|100%| E|CS|TAMS 0x0000000086c00000, 0x0000000086c00000| Complete 
| 109|0x0000000086d00000, 0x0000000086e00000, 0x0000000086e00000|100%| E|CS|TAMS 0x0000000086d00000, 0x0000000086d00000| Complete 
| 110|0x0000000086e00000, 0x0000000086f00000, 0x0000000086f00000|100%| E|CS|TAMS 0x0000000086e00000, 0x0000000086e00000| Complete 
| 111|0x0000000086f00000, 0x0000000087000000, 0x0000000087000000|100%| E|CS|TAMS 0x0000000086f00000, 0x0000000086f00000| Complete 
| 112|0x0000000087000000, 0x0000000087100000, 0x0000000087100000|100%| E|CS|TAMS 0x0000000087000000, 0x0000000087000000| Complete 
| 113|0x0000000087100000, 0x0000000087200000, 0x0000000087200000|100%| E|CS|TAMS 0x0000000087100000, 0x0000000087100000| Complete 
| 114|0x0000000087200000, 0x0000000087300000, 0x0000000087300000|100%| E|CS|TAMS 0x0000000087200000, 0x0000000087200000| Complete 
| 115|0x0000000087300000, 0x0000000087400000, 0x0000000087400000|100%| E|CS|TAMS 0x0000000087300000, 0x0000000087300000| Complete 
| 116|0x0000000087400000, 0x0000000087500000, 0x0000000087500000|100%| E|CS|TAMS 0x0000000087400000, 0x0000000087400000| Complete 
| 117|0x0000000087500000, 0x0000000087600000, 0x0000000087600000|100%| E|CS|TAMS 0x0000000087500000, 0x0000000087500000| Complete 
| 118|0x0000000087600000, 0x0000000087700000, 0x0000000087700000|100%| E|CS|TAMS 0x0000000087600000, 0x0000000087600000| Complete 
| 119|0x0000000087700000, 0x0000000087800000, 0x0000000087800000|100%| E|CS|TAMS 0x0000000087700000, 0x0000000087700000| Complete 
| 120|0x0000000087800000, 0x0000000087900000, 0x0000000087900000|100%| E|CS|TAMS 0x0000000087800000, 0x0000000087800000| Complete 
| 121|0x0000000087900000, 0x0000000087a00000, 0x0000000087a00000|100%| E|CS|TAMS 0x0000000087900000, 0x0000000087900000| Complete 
| 122|0x0000000087a00000, 0x0000000087b00000, 0x0000000087b00000|100%| E|CS|TAMS 0x0000000087a00000, 0x0000000087a00000| Complete 
| 123|0x0000000087b00000, 0x0000000087c00000, 0x0000000087c00000|100%| E|CS|TAMS 0x0000000087b00000, 0x0000000087b00000| Complete 
| 124|0x0000000087c00000, 0x0000000087d00000, 0x0000000087d00000|100%| E|CS|TAMS 0x0000000087c00000, 0x0000000087c00000| Complete 
| 125|0x0000000087d00000, 0x0000000087e00000, 0x0000000087e00000|100%| E|CS|TAMS 0x0000000087d00000, 0x0000000087d00000| Complete 
| 126|0x0000000087e00000, 0x0000000087f00000, 0x0000000087f00000|100%| E|CS|TAMS 0x0000000087e00000, 0x0000000087e00000| Complete 
| 127|0x0000000087f00000, 0x0000000088000000, 0x0000000088000000|100%| E|CS|TAMS 0x0000000087f00000, 0x0000000087f00000| Complete 
| 128|0x0000000088000000, 0x0000000088100000, 0x0000000088100000|100%| E|CS|TAMS 0x0000000088000000, 0x0000000088000000| Complete 
| 129|0x0000000088100000, 0x0000000088200000, 0x0000000088200000|100%| E|CS|TAMS 0x0000000088100000, 0x0000000088100000| Complete 
| 130|0x0000000088200000, 0x0000000088300000, 0x0000000088300000|100%| E|CS|TAMS 0x0000000088200000, 0x0000000088200000| Complete 
| 131|0x0000000088300000, 0x0000000088400000, 0x0000000088400000|100%| E|CS|TAMS 0x0000000088300000, 0x0000000088300000| Complete 
| 132|0x0000000088400000, 0x0000000088500000, 0x0000000088500000|100%| E|CS|TAMS 0x0000000088400000, 0x0000000088400000| Complete 
| 133|0x0000000088500000, 0x0000000088600000, 0x0000000088600000|100%| E|CS|TAMS 0x0000000088500000, 0x0000000088500000| Complete 
| 134|0x0000000088600000, 0x0000000088700000, 0x0000000088700000|100%| E|CS|TAMS 0x0000000088600000, 0x0000000088600000| Complete 
| 135|0x0000000088700000, 0x0000000088800000, 0x0000000088800000|100%| E|CS|TAMS 0x0000000088700000, 0x0000000088700000| Complete 
| 136|0x0000000088800000, 0x0000000088900000, 0x0000000088900000|100%| E|CS|TAMS 0x0000000088800000, 0x0000000088800000| Complete 
| 137|0x0000000088900000, 0x0000000088a00000, 0x0000000088a00000|100%| E|CS|TAMS 0x0000000088900000, 0x0000000088900000| Complete 
| 138|0x0000000088a00000, 0x0000000088b00000, 0x0000000088b00000|100%| E|CS|TAMS 0x0000000088a00000, 0x0000000088a00000| Complete 
| 139|0x0000000088b00000, 0x0000000088c00000, 0x0000000088c00000|100%| E|CS|TAMS 0x0000000088b00000, 0x0000000088b00000| Complete 
| 140|0x0000000088c00000, 0x0000000088d00000, 0x0000000088d00000|100%| E|CS|TAMS 0x0000000088c00000, 0x0000000088c00000| Complete 
| 141|0x0000000088d00000, 0x0000000088e00000, 0x0000000088e00000|100%| E|CS|TAMS 0x0000000088d00000, 0x0000000088d00000| Complete 
| 142|0x0000000088e00000, 0x0000000088f00000, 0x0000000088f00000|100%| E|CS|TAMS 0x0000000088e00000, 0x0000000088e00000| Complete 
| 143|0x0000000088f00000, 0x0000000089000000, 0x0000000089000000|100%| E|CS|TAMS 0x0000000088f00000, 0x0000000088f00000| Complete 
| 144|0x0000000089000000, 0x0000000089100000, 0x0000000089100000|100%| E|CS|TAMS 0x0000000089000000, 0x0000000089000000| Complete 
| 145|0x0000000089100000, 0x0000000089200000, 0x0000000089200000|100%| E|CS|TAMS 0x0000000089100000, 0x0000000089100000| Complete 
| 146|0x0000000089200000, 0x0000000089300000, 0x0000000089300000|100%| E|CS|TAMS 0x0000000089200000, 0x0000000089200000| Complete 
| 147|0x0000000089300000, 0x0000000089400000, 0x0000000089400000|100%| E|CS|TAMS 0x0000000089300000, 0x0000000089300000| Complete 
| 148|0x0000000089400000, 0x0000000089500000, 0x0000000089500000|100%| E|CS|TAMS 0x0000000089400000, 0x0000000089400000| Complete 

Card table byte_map: [0x000002517e730000,0x000002517eb30000] _byte_map_base: 0x000002517e330000

Marking Bits (Prev, Next): (CMBitMap*) 0x000002517df5db80, (CMBitMap*) 0x000002517df5db48
 Prev Bits: [0x0000025114a30000, 0x0000025116a30000)
 Next Bits: [0x0000025112a30000, 0x0000025114a30000)

Polling page: 0x000002517d700000

Metaspace:

Usage:
  Non-class:     68.40 MB capacity,    67.24 MB ( 98%) used,  1000.30 KB (  1%) free+waste,   195.69 KB ( <1%) overhead. 
      Class:     10.76 MB capacity,    10.09 MB ( 94%) used,   599.46 KB (  5%) free+waste,    90.50 KB ( <1%) overhead. 
       Both:     79.17 MB capacity,    77.33 MB ( 98%) used,     1.56 MB (  2%) free+waste,   286.19 KB ( <1%) overhead. 

Virtual space:
  Non-class space:       70.00 MB reserved,      68.50 MB ( 98%) committed 
      Class space:        1.00 GB reserved,      10.87 MB (  1%) committed 
             Both:        1.07 GB reserved,      79.37 MB (  7%) committed 

Chunk freelists:
   Non-Class:  34.00 KB
       Class:  18.00 KB
        Both:  52.00 KB

MaxMetaspaceSize: 17179869184.00 GB
CompressedClassSpaceSize: 1.00 GB
Initial GC threshold: 20.80 MB
Current GC threshold: 98.11 MB
CDS: off

CodeHeap 'non-profiled nmethods': size=120000Kb used=4870Kb max_used=4870Kb free=115129Kb
 bounds [0x000002510b500000, 0x000002510b9d0000, 0x0000025112a30000]
CodeHeap 'profiled nmethods': size=120000Kb used=16351Kb max_used=16351Kb free=103648Kb
 bounds [0x0000025103fd0000, 0x0000025104fd0000, 0x000002510b500000]
CodeHeap 'non-nmethods': size=5760Kb used=2370Kb max_used=2437Kb free=3389Kb
 bounds [0x0000025103a30000, 0x0000025103ca0000, 0x0000025103fd0000]
 total_blobs=8525 nmethods=7653 adapters=784
 compilation: enabled
              stopped_count=0, restarted_count=0
 full_count=0

Compilation events (20 events):
Event: 14.032 Thread 0x000002517f9e9800 nmethod 7635 0x0000025104fb6790 code [0x0000025104fb6940, 0x0000025104fb6a98]
Event: 14.033 Thread 0x000002517f9e8800 nmethod 7636 0x000002510b9bb190 code [0x000002510b9bb340, 0x000002510b9bb478]
Event: 14.033 Thread 0x000002517f9e8800 7638       4       java.util.regex.Pattern$Behind::match (137 bytes)
Event: 14.040 Thread 0x000002517f9e9800 7644       3       com.sun.org.apache.xerces.internal.impl.XMLEntityScanner::checkEntityLimit (50 bytes)
Event: 14.041 Thread 0x000002517f9e9800 nmethod 7644 0x0000025104fb6b90 code [0x0000025104fb6d80, 0x0000025104fb7198]
Event: 14.041 Thread 0x000002517f9e9800 7646       3       java.lang.reflect.Field::setFieldAccessor (34 bytes)
Event: 14.041 Thread 0x000002511c407000 7639       4       java.lang.AbstractStringBuilder::append (43 bytes)
Event: 14.041 Thread 0x000002511c408000 7640       4       java.util.regex.Pattern$NotBehind::match (137 bytes)
Event: 14.041 Thread 0x000002517f9e9800 nmethod 7646 0x0000025104fb7310 code [0x0000025104fb7500, 0x0000025104fb7928]
Event: 14.041 Thread 0x000002517f9e9800 7645       1       java.lang.reflect.Field::getRoot (5 bytes)
Event: 14.041 Thread 0x000002517f9e9800 nmethod 7645 0x000002510b9bb610 code [0x000002510b9bb7c0, 0x000002510b9bb878]
Event: 14.041 Thread 0x000002517f9e9800 7647       3       jdk.internal.reflect.UnsafeObjectFieldAccessorImpl::set (56 bytes)
Event: 14.043 Thread 0x000002517f9e9800 nmethod 7647 0x0000025104fb7a10 code [0x0000025104fb7d20, 0x0000025104fb9008]
Event: 14.043 Thread 0x000002517f9e9800 7648       1       com.sun.org.apache.xerces.internal.impl.XMLDocumentFragmentScannerImpl::setScannerState (6 bytes)
Event: 14.043 Thread 0x000002517f9e9800 nmethod 7648 0x000002510b9bb910 code [0x000002510b9bbac0, 0x000002510b9bbb78]
Event: 14.043 Thread 0x000002517f9e9800 7649       3       java.util.logging.Logger::isLoggable (27 bytes)
Event: 14.043 Thread 0x000002517f9e9800 nmethod 7649 0x0000025104fb9610 code [0x0000025104fb97c0, 0x0000025104fb9978]
Event: 14.043 Thread 0x000002517f9e9800 7650       3       java.lang.Integer::parseInt (259 bytes)
Event: 14.047 Thread 0x000002517f9e9800 nmethod 7650 0x0000025104fb9a90 code [0x0000025104fba1c0, 0x0000025104fbd868]
Event: 14.047 Thread 0x000002517f9e9800 7651       3       sun.nio.fs.WindowsPathParser::normalize (233 bytes)

GC Heap History (20 events):
Event: 2.529 GC heap before
{Heap before GC invocations=2 (full 0):
 garbage-first heap   total 126976K, used 45921K [0x0000000080000000, 0x0000000100000000)
  region size 1024K, 40 young (40960K), 10 survivors (10240K)
 Metaspace       used 20716K, capacity 21137K, committed 21248K, reserved 1067008K
  class space    used 2551K, capacity 2712K, committed 2816K, reserved 1048576K
}
Event: 2.538 GC heap after
{Heap after GC invocations=3 (full 0):
 garbage-first heap   total 126976K, used 18169K [0x0000000080000000, 0x0000000100000000)
  region size 1024K, 2 young (2048K), 2 survivors (2048K)
 Metaspace       used 20716K, capacity 21137K, committed 21248K, reserved 1067008K
  class space    used 2551K, capacity 2712K, committed 2816K, reserved 1048576K
}
Event: 3.599 GC heap before
{Heap before GC invocations=4 (full 0):
 garbage-first heap   total 126976K, used 78585K [0x0000000080000000, 0x0000000100000000)
  region size 1024K, 62 young (63488K), 2 survivors (2048K)
 Metaspace       used 26972K, capacity 27561K, committed 27904K, reserved 1073152K
  class space    used 3525K, capacity 3736K, committed 3840K, reserved 1048576K
}
Event: 3.605 GC heap after
{Heap after GC invocations=5 (full 0):
 garbage-first heap   total 126976K, used 20140K [0x0000000080000000, 0x0000000100000000)
  region size 1024K, 4 young (4096K), 4 survivors (4096K)
 Metaspace       used 26972K, capacity 27561K, committed 27904K, reserved 1073152K
  class space    used 3525K, capacity 3736K, committed 3840K, reserved 1048576K
}
Event: 4.459 GC heap before
{Heap before GC invocations=5 (full 0):
 garbage-first heap   total 126976K, used 72364K [0x0000000080000000, 0x0000000100000000)
  region size 1024K, 56 young (57344K), 4 survivors (4096K)
 Metaspace       used 34881K, capacity 35657K, committed 35840K, reserved 1081344K
  class space    used 4527K, capacity 4840K, committed 4864K, reserved 1048576K
}
Event: 4.471 GC heap after
{Heap after GC invocations=6 (full 0):
 garbage-first heap   total 126976K, used 23065K [0x0000000080000000, 0x0000000100000000)
  region size 1024K, 7 young (7168K), 7 survivors (7168K)
 Metaspace       used 34881K, capacity 35657K, committed 35840K, reserved 1081344K
  class space    used 4527K, capacity 4840K, committed 4864K, reserved 1048576K
}
Event: 5.437 GC heap before
{Heap before GC invocations=7 (full 0):
 garbage-first heap   total 126976K, used 92697K [0x0000000080000000, 0x0000000100000000)
  region size 1024K, 73 young (74752K), 7 survivors (7168K)
 Metaspace       used 41520K, capacity 42503K, committed 42624K, reserved 1085440K
  class space    used 5360K, capacity 5725K, committed 5760K, reserved 1048576K
}
Event: 5.447 GC heap after
{Heap after GC invocations=8 (full 0):
 garbage-first heap   total 152576K, used 27765K [0x0000000080000000, 0x0000000100000000)
  region size 1024K, 10 young (10240K), 10 survivors (10240K)
 Metaspace       used 41520K, capacity 42503K, committed 42624K, reserved 1085440K
  class space    used 5360K, capacity 5725K, committed 5760K, reserved 1048576K
}
Event: 7.045 GC heap before
{Heap before GC invocations=8 (full 0):
 garbage-first heap   total 152576K, used 108661K [0x0000000080000000, 0x0000000100000000)
  region size 1024K, 88 young (90112K), 10 survivors (10240K)
 Metaspace       used 47069K, capacity 48225K, committed 48512K, reserved 1091584K
  class space    used 6056K, capacity 6482K, committed 6528K, reserved 1048576K
}
Event: 7.057 GC heap after
{Heap after GC invocations=9 (full 0):
 garbage-first heap   total 152576K, used 31467K [0x0000000080000000, 0x0000000100000000)
  region size 1024K, 9 young (9216K), 9 survivors (9216K)
 Metaspace       used 47069K, capacity 48225K, committed 48512K, reserved 1091584K
  class space    used 6056K, capacity 6482K, committed 6528K, reserved 1048576K
}
Event: 8.516 GC heap before
{Heap before GC invocations=9 (full 0):
 garbage-first heap   total 152576K, used 117483K [0x0000000080000000, 0x0000000100000000)
  region size 1024K, 89 young (91136K), 9 survivors (9216K)
 Metaspace       used 51914K, capacity 53347K, committed 53504K, reserved 1095680K
  class space    used 6639K, capacity 7150K, committed 7168K, reserved 1048576K
}
Event: 8.527 GC heap after
{Heap after GC invocations=10 (full 0):
 garbage-first heap   total 152576K, used 44406K [0x0000000080000000, 0x0000000100000000)
  region size 1024K, 12 young (12288K), 12 survivors (12288K)
 Metaspace       used 51914K, capacity 53347K, committed 53504K, reserved 1095680K
  class space    used 6639K, capacity 7150K, committed 7168K, reserved 1048576K
}
Event: 9.250 GC heap before
{Heap before GC invocations=10 (full 0):
 garbage-first heap   total 152576K, used 85366K [0x0000000080000000, 0x0000000100000000)
  region size 1024K, 53 young (54272K), 12 survivors (12288K)
 Metaspace       used 58359K, capacity 59851K, committed 59904K, reserved 1101824K
  class space    used 7372K, capacity 7906K, committed 7936K, reserved 1048576K
}
Event: 9.272 GC heap after
{Heap after GC invocations=11 (full 0):
 garbage-first heap   total 152576K, used 47943K [0x0000000080000000, 0x0000000100000000)
  region size 1024K, 3 young (3072K), 3 survivors (3072K)
 Metaspace       used 58359K, capacity 59851K, committed 59904K, reserved 1101824K
  class space    used 7372K, capacity 7906K, committed 7936K, reserved 1048576K
}
Event: 10.239 GC heap before
{Heap before GC invocations=12 (full 0):
 garbage-first heap   total 152576K, used 104263K [0x0000000080000000, 0x0000000100000000)
  region size 1024K, 59 young (60416K), 3 survivors (3072K)
 Metaspace       used 64292K, capacity 65945K, committed 66168K, reserved 1105920K
  class space    used 8133K, capacity 8716K, committed 8824K, reserved 1048576K
}
Event: 10.246 GC heap after
{Heap after GC invocations=13 (full 0):
 garbage-first heap   total 152576K, used 51636K [0x0000000080000000, 0x0000000100000000)
  region size 1024K, 7 young (7168K), 7 survivors (7168K)
 Metaspace       used 64292K, capacity 65945K, committed 66168K, reserved 1105920K
  class space    used 8133K, capacity 8716K, committed 8824K, reserved 1048576K
}
Event: 10.979 GC heap before
{Heap before GC invocations=13 (full 0):
 garbage-first heap   total 152576K, used 110004K [0x0000000080000000, 0x0000000100000000)
  region size 1024K, 63 young (64512K), 7 survivors (7168K)
 Metaspace       used 66878K, capacity 68556K, committed 68856K, reserved 1110016K
  class space    used 8494K, capacity 9130K, committed 9208K, reserved 1048576K
}
Event: 10.987 GC heap after
{Heap after GC invocations=14 (full 0):
 garbage-first heap   total 152576K, used 55677K [0x0000000080000000, 0x0000000100000000)
  region size 1024K, 5 young (5120K), 5 survivors (5120K)
 Metaspace       used 66878K, capacity 68556K, committed 68856K, reserved 1110016K
  class space    used 8494K, capacity 9130K, committed 9208K, reserved 1048576K
}
Event: 12.577 GC heap before
{Heap before GC invocations=14 (full 0):
 garbage-first heap   total 152576K, used 111997K [0x0000000080000000, 0x0000000100000000)
  region size 1024K, 60 young (61440K), 5 survivors (5120K)
 Metaspace       used 73248K, capacity 75072K, committed 75256K, reserved 1114112K
  class space    used 9512K, capacity 10178K, committed 10232K, reserved 1048576K
}
Event: 12.588 GC heap after
{Heap after GC invocations=15 (full 0):
 garbage-first heap   total 152576K, used 58821K [0x0000000080000000, 0x0000000100000000)
  region size 1024K, 8 young (8192K), 8 survivors (8192K)
 Metaspace       used 73248K, capacity 75072K, committed 75256K, reserved 1114112K
  class space    used 9512K, capacity 10178K, committed 10232K, reserved 1048576K
}

Deoptimization events (20 events):
Event: 14.022 Thread 0x000002511ba30000 DEOPT PACKING pc=0x0000025104ad8863 sp=0x000000863eef8e60
Event: 14.022 Thread 0x000002511ba30000 DEOPT UNPACKING pc=0x0000025103a79d0e sp=0x000000863eef8310 mode 0
Event: 14.022 Thread 0x000002511ba30000 DEOPT PACKING pc=0x0000025104ad8863 sp=0x000000863eef8e60
Event: 14.022 Thread 0x000002511ba30000 DEOPT UNPACKING pc=0x0000025103a79d0e sp=0x000000863eef8310 mode 0
Event: 14.022 Thread 0x000002511ba30000 DEOPT PACKING pc=0x0000025104ad8863 sp=0x000000863eef8e60
Event: 14.022 Thread 0x000002511ba30000 DEOPT UNPACKING pc=0x0000025103a79d0e sp=0x000000863eef8310 mode 0
Event: 14.022 Thread 0x000002511ba30000 DEOPT PACKING pc=0x0000025104ad8863 sp=0x000000863eef8e60
Event: 14.022 Thread 0x000002511ba30000 DEOPT UNPACKING pc=0x0000025103a79d0e sp=0x000000863eef8310 mode 0
Event: 14.028 Thread 0x000002511ba30000 Uncommon trap: trap_request=0xffffff4d fr.pc=0x000002510b8d78c8 relative=0x0000000000001748
Event: 14.028 Thread 0x000002511ba30000 Uncommon trap: reason=unstable_if action=reinterpret pc=0x000002510b8d78c8 method=java.util.regex.Pattern.atom()Ljava/util/regex/Pattern$Node; @ 14 c2
Event: 14.028 Thread 0x000002511ba30000 DEOPT PACKING pc=0x000002510b8d78c8 sp=0x000000863eef8d00
Event: 14.028 Thread 0x000002511ba30000 DEOPT UNPACKING pc=0x0000025103a385af sp=0x000000863eef8cd8 mode 2
Event: 14.030 Thread 0x000002511ba30000 Uncommon trap: trap_request=0xffffff4d fr.pc=0x000002510b7241b8 relative=0x0000000000000078
Event: 14.030 Thread 0x000002511ba30000 Uncommon trap: reason=unstable_if action=reinterpret pc=0x000002510b7241b8 method=java.util.regex.Matcher.find()Z @ 10 c2
Event: 14.030 Thread 0x000002511ba30000 DEOPT PACKING pc=0x000002510b7241b8 sp=0x000000863eef90d0
Event: 14.030 Thread 0x000002511ba30000 DEOPT UNPACKING pc=0x0000025103a385af sp=0x000000863eef9050 mode 2
Event: 14.040 Thread 0x000002511ba30000 Uncommon trap: trap_request=0xffffff4d fr.pc=0x000002510b872030 relative=0x0000000000000250
Event: 14.040 Thread 0x000002511ba30000 Uncommon trap: reason=unstable_if action=reinterpret pc=0x000002510b872030 method=java.lang.CharacterDataLatin1.digit(II)I @ 12 c2
Event: 14.040 Thread 0x000002511ba30000 DEOPT PACKING pc=0x000002510b872030 sp=0x000000863eef94a0
Event: 14.040 Thread 0x000002511ba30000 DEOPT UNPACKING pc=0x0000025103a385af sp=0x000000863eef92c0 mode 2

Classes redefined (0 events):
No events

Internal exceptions (20 events):
Event: 10.887 Thread 0x000002511ba30000 Exception <a 'java/lang/ClassNotFoundException'{0x00000000862cf220}: com/android/build/gradle/internal/CompileOptionsBeanInfo> (0x00000000862cf220) thrown at [./src/hotspot/share/classfile/systemDictionary.cpp, line 231]
Event: 10.887 Thread 0x000002511ba30000 Exception <a 'java/lang/ClassNotFoundException'{0x00000000862e93c0}: com/android/build/gradle/internal/CompileOptionsCustomizer> (0x00000000862e93c0) thrown at [./src/hotspot/share/classfile/systemDictionary.cpp, line 231]
Event: 10.889 Thread 0x000002511ba30000 Exception <a 'java/lang/ClassNotFoundException'{0x0000000086110f78}: com/android/build/gradle/internal/CompileOptions$AgpDecoratedCustomizer> (0x0000000086110f78) thrown at [./src/hotspot/share/classfile/systemDictionary.cpp, line 231]
Event: 10.890 Thread 0x000002511ba30000 Exception <a 'java/lang/ClassNotFoundException'{0x000000008613bb98}: com/android/build/gradle/internal/CompileOptions$AgpDecorated_DecoratedCustomizer> (0x000000008613bb98) thrown at [./src/hotspot/share/classfile/systemDictionary.cpp, line 231]
Event: 11.974 Thread 0x000002511ad95800 Implicit null exception at 0x000002510b537977 to 0x000002510b537e70
Event: 11.975 Thread 0x000002511ad95800 Implicit null exception at 0x000002510b8d2f74 to 0x000002510b8d35fc
Event: 12.227 Thread 0x000002511ba30000 Exception <a 'java/lang/ClassNotFoundException'{0x0000000086a5e2c0}: com/android/build/gradle/internal/api/ApkVariantOutputImpl_DecoratedBeanInfo> (0x0000000086a5e2c0) thrown at [./src/hotspot/share/classfile/systemDictionary.cpp, line 231]
Event: 12.227 Thread 0x000002511ba30000 Exception <a 'java/lang/ClassNotFoundException'{0x0000000086a78af0}: com/android/build/gradle/internal/api/ApkVariantOutputImplBeanInfo> (0x0000000086a78af0) thrown at [./src/hotspot/share/classfile/systemDictionary.cpp, line 231]
Event: 12.228 Thread 0x000002511ba30000 Exception <a 'java/lang/ClassNotFoundException'{0x0000000086a93de8}: com/android/build/gradle/internal/api/BaseVariantOutputImplBeanInfo> (0x0000000086a93de8) thrown at [./src/hotspot/share/classfile/systemDictionary.cpp, line 231]
Event: 12.229 Thread 0x000002511ba30000 Exception <a 'java/lang/ClassNotFoundException'{0x0000000086aaeec0}: com/android/build/gradle/internal/api/BaseVariantOutputImplCustomizer> (0x0000000086aaeec0) thrown at [./src/hotspot/share/classfile/systemDictionary.cpp, line 231]
Event: 12.231 Thread 0x000002511ba30000 Exception <a 'java/lang/ClassNotFoundException'{0x0000000086adc630}: com/android/build/gradle/internal/api/ApkVariantOutputImplCustomizer> (0x0000000086adc630) thrown at [./src/hotspot/share/classfile/systemDictionary.cpp, line 231]
Event: 12.233 Thread 0x000002511ba30000 Exception <a 'java/lang/ClassNotFoundException'{0x0000000086906768}: com/android/build/gradle/internal/api/ApkVariantOutputImpl_DecoratedCustomizer> (0x0000000086906768) thrown at [./src/hotspot/share/classfile/systemDictionary.cpp, line 231]
Event: 12.253 Thread 0x000002511ba30000 Exception <a 'java/lang/NoClassDefFoundError'{0x000000008686fc20}: org/jetbrains/kotlin/gradle/plugin/KotlinBasePluginWrapper> (0x000000008686fc20) thrown at [./src/hotspot/share/classfile/systemDictionary.cpp, line 220]
Event: 12.348 Thread 0x000002511ba30000 Implicit null exception at 0x000002510b7822af to 0x000002510b782a20
Event: 13.041 Thread 0x000002511ba30000 Exception <a 'java/lang/NoSuchMethodError'{0x000000008851b680}: 'java.lang.Object java.lang.invoke.Invokers$Holder.linkToTargetMethod(java.lang.Object, int, java.lang.Object)'> (0x000000008851b680) thrown at [./src/hotspot/share/interpreter/linkResolver.cpp, line 773]
Event: 13.423 Thread 0x000002511ba30000 Exception <a 'sun/nio/fs/WindowsException'{0x0000000087a67eb8}> (0x0000000087a67eb8) thrown at [./src/hotspot/share/prims/jni.cpp, line 615]
Event: 13.424 Thread 0x000002511ba30000 Exception <a 'sun/nio/fs/WindowsException'{0x0000000087a68280}> (0x0000000087a68280) thrown at [./src/hotspot/share/prims/jni.cpp, line 615]
Event: 13.624 Thread 0x000002511ba30000 Exception <a 'java/lang/NullPointerException'{0x0000000087022510}> (0x0000000087022510) thrown at [./src/hotspot/share/interpreter/linkResolver.cpp, line 1440]
Event: 13.805 Thread 0x000002511ba30000 Implicit null exception at 0x000002510b896c6b to 0x000002510b898680
Event: 13.969 Thread 0x000002511ba30000 Exception <a 'java/lang/NoSuchMethodError'{0x000000008603ddc0}: 'int java.lang.invoke.DirectMethodHandle$Holder.invokeStatic(java.lang.Object, java.lang.Object, int, java.lang.Object)'> (0x000000008603ddc0) thrown at [./src/hotspot/share/interpreter/linkResolver.cpp, line 773]

Events (20 events):
Event: 14.026 loading class org/xml/sax/helpers/AttributesImpl
Event: 14.026 loading class org/xml/sax/helpers/AttributesImpl done
Event: 14.027 loading class java/util/regex/Pattern$Behind
Event: 14.027 loading class java/util/regex/Pattern$Behind done
Event: 14.028 loading class java/util/regex/Pattern$Neg
Event: 14.028 loading class java/util/regex/Pattern$Neg done
Event: 14.037 loading class com/sun/xml/bind/DatatypeConverterImpl
Event: 14.037 loading class com/sun/xml/bind/DatatypeConverterImpl done
Event: 14.038 loading class javax/xml/bind/DatatypeConverterInterface
Event: 14.038 loading class javax/xml/bind/DatatypeConverterInterface done
Event: 14.039 loading class javax/xml/datatype/DatatypeConfigurationException
Event: 14.039 loading class javax/xml/datatype/DatatypeConfigurationException done
Event: 14.040 loading class com/sun/xml/bind/v2/runtime/unmarshaller/DefaultIDResolver$1
Event: 14.040 loading class com/sun/xml/bind/v2/runtime/unmarshaller/DefaultIDResolver$1 done
Event: 14.041 Thread 0x000002511c407000 Thread added: 0x000002511c407000
Event: 14.041 Thread 0x000002511c408000 Thread added: 0x000002511c408000
Event: 14.042 loading class com/sun/org/apache/xerces/internal/impl/io/MalformedByteSequenceException
Event: 14.042 loading class com/sun/org/apache/xerces/internal/impl/io/MalformedByteSequenceException done
Event: 14.043 loading class com/android/sdklib/BuildToolInfo$PathId
Event: 14.043 loading class com/android/sdklib/BuildToolInfo$PathId done


Dynamic libraries:
0x00007ff78e3f0000 - 0x00007ff78e3fa000 	C:\Program Files\Android\Android Studio\jre\bin\java.exe
0x00007ffbd01f0000 - 0x00007ffbd03e5000 	C:\Windows\SYSTEM32\ntdll.dll
0x00007ffbce490000 - 0x00007ffbce54d000 	C:\Windows\System32\KERNEL32.DLL
0x00007ffbcdb40000 - 0x00007ffbcde0d000 	C:\Windows\System32\KERNELBASE.dll
0x00007ffbce110000 - 0x00007ffbce210000 	C:\Windows\System32\ucrtbase.dll
0x00007ffb4e090000 - 0x00007ffb4e0a9000 	C:\Program Files\Android\Android Studio\jre\bin\jli.dll
0x00007ffbcf4e0000 - 0x00007ffbcf680000 	C:\Windows\System32\USER32.dll
0x00007ffbce210000 - 0x00007ffbce232000 	C:\Windows\System32\win32u.dll
0x00007ffbb5b40000 - 0x00007ffbb5dda000 	C:\Windows\WinSxS\amd64_microsoft.windows.common-controls_6595b64144ccf1df_6.0.19041.1110_none_60b5254171f9507e\COMCTL32.dll
0x00007ffb4e070000 - 0x00007ffb4e087000 	C:\Program Files\Android\Android Studio\jre\bin\VCRUNTIME140.dll
0x00007ffbcf4b0000 - 0x00007ffbcf4da000 	C:\Windows\System32\GDI32.dll
0x00007ffbce330000 - 0x00007ffbce3ce000 	C:\Windows\System32\msvcrt.dll
0x00007ffbce000000 - 0x00007ffbce10b000 	C:\Windows\System32\gdi32full.dll
0x00007ffbcd9b0000 - 0x00007ffbcda4d000 	C:\Windows\System32\msvcp_win.dll
0x00007ffbcf680000 - 0x00007ffbcf6b0000 	C:\Windows\System32\IMM32.DLL
0x00007ffb4dcd0000 - 0x00007ffb4dd6d000 	C:\Program Files\Android\Android Studio\jre\bin\msvcp140.dll
0x00007ffb49120000 - 0x00007ffb49c05000 	C:\Program Files\Android\Android Studio\jre\bin\server\jvm.dll
0x00007ffbce3e0000 - 0x00007ffbce48e000 	C:\Windows\System32\ADVAPI32.dll
0x00007ffbce690000 - 0x00007ffbce72c000 	C:\Windows\System32\sechost.dll
0x00007ffbcf1d0000 - 0x00007ffbcf2f5000 	C:\Windows\System32\RPCRT4.dll
0x00007ffbce3d0000 - 0x00007ffbce3d8000 	C:\Windows\System32\PSAPI.DLL
0x00007ffbb7760000 - 0x00007ffbb7787000 	C:\Windows\SYSTEM32\WINMM.dll
0x00007ffbb4180000 - 0x00007ffbb4189000 	C:\Windows\SYSTEM32\WSOCK32.dll
0x00007ffbce860000 - 0x00007ffbce8cb000 	C:\Windows\System32\WS2_32.dll
0x00007ffbc5d80000 - 0x00007ffbc5d8a000 	C:\Windows\SYSTEM32\VERSION.dll
0x00007ffbcc190000 - 0x00007ffbcc1a2000 	C:\Windows\SYSTEM32\kernel.appcore.dll
0x00007ffb4ca20000 - 0x00007ffb4ca31000 	C:\Program Files\Android\Android Studio\jre\bin\verify.dll
0x00007ffbcb5d0000 - 0x00007ffbcb7b4000 	C:\Windows\SYSTEM32\DBGHELP.DLL
0x00007ffbb9520000 - 0x00007ffbb954c000 	C:\Windows\SYSTEM32\dbgcore.DLL
0x00007ffbcdf70000 - 0x00007ffbcdff2000 	C:\Windows\System32\bcryptPrimitives.dll
0x00007ffb490f0000 - 0x00007ffb49119000 	C:\Program Files\Android\Android Studio\jre\bin\java.dll
0x00007ffb8c6e0000 - 0x00007ffb8c6eb000 	C:\Program Files\Android\Android Studio\jre\bin\jimage.dll
0x00007ffb4ca00000 - 0x00007ffb4ca18000 	C:\Program Files\Android\Android Studio\jre\bin\zip.dll
0x00007ffbce8d0000 - 0x00007ffbcf014000 	C:\Windows\System32\SHELL32.dll
0x00007ffbcb7c0000 - 0x00007ffbcbf54000 	C:\Windows\SYSTEM32\windows.storage.dll
0x00007ffbcf7f0000 - 0x00007ffbcfb44000 	C:\Windows\System32\combase.dll
0x00007ffbcd360000 - 0x00007ffbcd38c000 	C:\Windows\SYSTEM32\Wldp.dll
0x00007ffbcf6b0000 - 0x00007ffbcf75d000 	C:\Windows\System32\SHCORE.dll
0x00007ffbce270000 - 0x00007ffbce2c5000 	C:\Windows\System32\shlwapi.dll
0x00007ffbcd840000 - 0x00007ffbcd85f000 	C:\Windows\SYSTEM32\profapi.dll
0x00007ffb4c5e0000 - 0x00007ffb4c5fa000 	C:\Program Files\Android\Android Studio\jre\bin\net.dll
0x00007ffbc8c80000 - 0x00007ffbc8d8a000 	C:\Windows\SYSTEM32\WINHTTP.dll
0x00007ffbcd0c0000 - 0x00007ffbcd12a000 	C:\Windows\system32\mswsock.dll
0x00007ffb490d0000 - 0x00007ffb490e4000 	C:\Program Files\Android\Android Studio\jre\bin\nio.dll
0x00007ffb8cca0000 - 0x00007ffb8ccc7000 	C:\Users\ASUS\.gradle\native\e1d6ef7f7dcc3fd88c89a11ec53ec762bb8ba0a96d01ffa2cd45eb1d1d8dd5c5\windows-amd64\native-platform.dll
0x00007ffb43040000 - 0x00007ffb43184000 	C:\Users\ASUS\.gradle\native\5664cfc778a61ccfe75a443a1ab52a65af34e5dc3c78e0209fed803814484fcb\windows-amd64\native-platform-file-events.dll
0x00007ffb87360000 - 0x00007ffb8736a000 	C:\Program Files\Android\Android Studio\jre\bin\management.dll
0x00007ffb712c0000 - 0x00007ffb712cd000 	C:\Program Files\Android\Android Studio\jre\bin\management_ext.dll
0x00007ffbcd2b0000 - 0x00007ffbcd2c8000 	C:\Windows\SYSTEM32\CRYPTSP.dll
0x00007ffbcc9d0000 - 0x00007ffbcca04000 	C:\Windows\system32\rsaenh.dll
0x00007ffbcdb10000 - 0x00007ffbcdb37000 	C:\Windows\System32\bcrypt.dll
0x00007ffbcd7c0000 - 0x00007ffbcd7ee000 	C:\Windows\SYSTEM32\USERENV.dll
0x00007ffbcd2d0000 - 0x00007ffbcd2dc000 	C:\Windows\SYSTEM32\CRYPTBASE.dll
0x00007ffbccd60000 - 0x00007ffbccd9b000 	C:\Windows\SYSTEM32\IPHLPAPI.DLL
0x00007ffbce240000 - 0x00007ffbce248000 	C:\Windows\System32\NSI.dll
0x00007ffbc5310000 - 0x00007ffbc5327000 	C:\Windows\SYSTEM32\dhcpcsvc6.DLL
0x00007ffbc69a0000 - 0x00007ffbc69bd000 	C:\Windows\SYSTEM32\dhcpcsvc.DLL
0x00007ffbccda0000 - 0x00007ffbcce6b000 	C:\Windows\SYSTEM32\DNSAPI.dll

dbghelp: loaded successfully - version: 4.0.5 - missing functions: none
symbol engine: initialized successfully - sym options: 0x614 - pdb path: .;C:\Program Files\Android\Android Studio\jre\bin;C:\Windows\SYSTEM32;C:\Windows\WinSxS\amd64_microsoft.windows.common-controls_6595b64144ccf1df_6.0.19041.1110_none_60b5254171f9507e;C:\Program Files\Android\Android Studio\jre\bin\server;C:\Users\ASUS\.gradle\native\e1d6ef7f7dcc3fd88c89a11ec53ec762bb8ba0a96d01ffa2cd45eb1d1d8dd5c5\windows-amd64;C:\Users\ASUS\.gradle\native\5664cfc778a61ccfe75a443a1ab52a65af34e5dc3c78e0209fed803814484fcb\windows-amd64

VM Arguments:
jvm_args: --add-opens=java.base/java.util=ALL-UNNAMED --add-opens=java.base/java.lang=ALL-UNNAMED --add-opens=java.base/java.lang.invoke=ALL-UNNAMED --add-opens=java.base/java.util=ALL-UNNAMED --add-opens=java.prefs/java.util.prefs=ALL-UNNAMED --add-opens=java.prefs/java.util.prefs=ALL-UNNAMED --add-opens=java.base/java.nio.charset=ALL-UNNAMED --add-opens=java.base/java.net=ALL-UNNAMED --add-opens=java.base/java.util.concurrent.atomic=ALL-UNNAMED -Xmx2048m -Dfile.encoding=UTF-8 -Duser.country=ID -Duser.language=en -Duser.variant 
java_command: org.gradle.launcher.daemon.bootstrap.GradleDaemon 7.3.3
java_class_path (initial): C:\Users\ASUS\.gradle\wrapper\dists\gradle-7.3.3-bin\6a41zxkdtcxs8rphpq6y0069z\gradle-7.3.3\lib\gradle-launcher-7.3.3.jar
Launcher Type: SUN_STANDARD

[Global flags]
     intx CICompilerCount                          = 4                                         {product} {ergonomic}
     uint ConcGCThreads                            = 2                                         {product} {ergonomic}
     uint G1ConcRefinementThreads                  = 8                                         {product} {ergonomic}
   size_t G1HeapRegionSize                         = 1048576                                   {product} {ergonomic}
    uintx GCDrainStackTargetSize                   = 64                                        {product} {ergonomic}
   size_t InitialHeapSize                          = 130023424                                 {product} {ergonomic}
   size_t MarkStackSize                            = 4194304                                   {product} {ergonomic}
   size_t MaxHeapSize                              = 2147483648                                {product} {command line}
   size_t MaxNewSize                               = 1287651328                                {product} {ergonomic}
   size_t MinHeapDeltaBytes                        = 1048576                                   {product} {ergonomic}
    uintx NonNMethodCodeHeapSize                   = 5836300                                {pd product} {ergonomic}
    uintx NonProfiledCodeHeapSize                  = 122910970                              {pd product} {ergonomic}
    uintx ProfiledCodeHeapSize                     = 122910970                              {pd product} {ergonomic}
    uintx ReservedCodeCacheSize                    = 251658240                              {pd product} {ergonomic}
     bool SegmentedCodeCache                       = true                                      {product} {ergonomic}
     bool UseCompressedClassPointers               = true                                 {lp64_product} {ergonomic}
     bool UseCompressedOops                        = true                                 {lp64_product} {ergonomic}
     bool UseG1GC                                  = true                                      {product} {ergonomic}
     bool UseLargePagesIndividualAllocation        = false                                  {pd product} {ergonomic}

Logging:
Log output configuration:
 #0: stdout all=warning uptime,level,tags
 #1: stderr all=off uptime,level,tags

Environment Variables:
JAVA_HOME=C:\Program Files\jdk-11.0.15.1
PATH=C:\Windows\system32;C:\Windows;C:\Windows\System32\Wbem;C:\Windows\System32\WindowsPowerShell\v1.0\;C:\Windows\System32\OpenSSH\;C:\Program Files (x86)\NVIDIA Corporation\PhysX\Common;C:\Program Files\NVIDIA Corporation\NVIDIA NvDLISR;C:\Program Files\Git\cmd;D:\flutter\bin;C:\xampp\php;C:\xampp\php;C:\ProgramData\ComposerSetup\bin;C:\Program Files\jdk-11.0.15.1;C:\Program Files\jdk-11.0.15.1\bin;C:\Program Files\Android\Android Studio\bin;C:\Program Files\flutter\bin;C:\Users\ASUS\AppData\Local\Microsoft\WindowsApps;C:\Users\ASUS\AppData\Local\Programs\Microsoft VS Code\bin;C:\Users\ASUS\AppData\Roaming\Composer\vendor\bin
USERNAME=ASUS
OS=Windows_NT
PROCESSOR_IDENTIFIER=Intel64 Family 6 Model 140 Stepping 1, GenuineIntel



---------------  S Y S T E M  ---------------

OS: Windows 10 , 64 bit Build 19041 (10.0.19041.1706)
OS uptime: 0 days 0:02 hours

CPU:total 8 (initial active 8) (4 cores per cpu, 2 threads per core) family 6 model 140 stepping 1 microcode 0x86, cmov, cx8, fxsr, mmx, sse, sse2, sse3, ssse3, sse4.1, sse4.2, popcnt, avx, avx2, aes, clmul, erms, 3dnowpref, lzcnt, ht, tsc, tscinvbit, bmi1, bmi2, adx, evex, sha, fma

Memory: 4k page, system-wide physical 7886M (890M free)
TotalPageFile size 7886M (AvailPageFile size 0M)
current process WorkingSet (physical memory assigned to process): 386M, peak: 387M
current process commit charge ("private bytes"): 423M, peak: 425M

vm_info: OpenJDK 64-Bit Server VM (11.0.12+7-b1504.28-7817840) for windows-amd64 JRE (11.0.12+7-b1504.28-7817840), built on Oct 13 2021 22:12:33 by "builder" with MS VC++ 14.0 (VS2015)

END.
